#
# A fatal error has been detected by the Java Runtime Environment:
#
#  EXCEPTION_ACCESS_VIOLATION (0xc0000005) at pc=0x00007ffb38f03011, pid=11876, tid=10188
#
# JRE version: OpenJDK Runtime Environment (11.0.10) (build 11.0.10+0-b96-7249189)
# Java VM: OpenJDK 64-Bit Server VM (11.0.10+0-b96-7249189, mixed mode, tiered, compressed oops, g1 gc, windows-amd64)
# Problematic frame:
# V  [jvm.dll+0x353011]
#
# No core dump will be written. Minidumps are not enabled by default on client versions of Windows
#
# If you would like to submit a bug report, please visit:
#   https://bugreport.java.com/bugreport/crash.jsp
#

---------------  S U M M A R Y ------------

Command Line: --add-opens=java.base/java.util=ALL-UNNAMED --add-opens=java.base/java.lang=ALL-UNNAMED --add-opens=java.base/java.lang.invoke=ALL-UNNAMED --add-opens=java.base/java.util=ALL-UNNAMED --add-opens=java.prefs/java.util.prefs=ALL-UNNAMED --add-opens=java.prefs/java.util.prefs=ALL-UNNAMED --add-opens=java.base/java.nio.charset=ALL-UNNAMED --add-opens=java.base/java.net=ALL-UNNAMED --add-opens=java.base/java.util.concurrent.atomic=ALL-UNNAMED -Xmx2048m -Dfile.encoding=UTF-8 -Duser.country=US -Duser.language=en -Duser.variant org.gradle.launcher.daemon.bootstrap.GradleDaemon 7.0.2

Host: AMD Ryzen 5 3550H with Radeon Vega Mobile Gfx  , 8 cores, 13G,  Windows 10 , 64 bit Build 19041 (10.0.19041.1202)
Time: Sun Jan 23 03:47:56 2022 Pacific Standard Time elapsed time: 2.525825 seconds (0d 0h 0m 2s)

---------------  T H R E A D  ---------------

Current thread (0x000002351d82f800):  JavaThread "C2 CompilerThread0" daemon [_thread_in_native, id=10188, stack(0x0000006aa5000000,0x0000006aa5100000)]


Current CompileTask:
C2:   2525 1931   !   4       java.util.zip.InflaterInputStream::read (138 bytes)

Stack: [0x0000006aa5000000,0x0000006aa5100000],  sp=0x0000006aa50fbb90,  free space=1006k
Native frames: (J=compiled Java code, j=interpreted, Vv=VM code, C=native code)
V  [jvm.dll+0x353011]
V  [jvm.dll+0x351ae3]
V  [jvm.dll+0x198040]
V  [jvm.dll+0x1fb70e]
V  [jvm.dll+0x1fa7f4]
V  [jvm.dll+0x18354c]
V  [jvm.dll+0x208ee7]
V  [jvm.dll+0x207731]
V  [jvm.dll+0x6eb1cf]
V  [jvm.dll+0x6e3d45]
V  [jvm.dll+0x5ebe96]
C  [ucrtbase.dll+0x21bb2]
C  [KERNEL32.DLL+0x17034]
C  [ntdll.dll+0x52651]


siginfo: EXCEPTION_ACCESS_VIOLATION (0xc0000005), reading address 0x00007dfb395a7c38


Register to memory mapping:

RIP=0x00007ffb38f03011 jvm.dll
RAX=0x0000023520953f60 points into unknown readable memory: 0x00007ffb395a7c38 | 38 7c 5a 39 fb 7f 00 00
RBX=0x000000000000001c is an unknown value
RCX=0x000000000000001c is an unknown value
RDX=0x0000000010000000 is an unknown value
RSP=0x0000006aa50fbb90 is pointing into the stack for thread: 0x000002351d82f800
RBP=0x000000000000087e is an unknown value
RSI=0x0 is NULL
RDI=0x0000023520953f50 points into unknown readable memory: 0x3ea185d000000000 | 00 00 00 00 d0 85 a1 3e
R8 =0x00007dfb395a7c38 is an unknown value
R9 =0x0000006aa50fbbb0 is pointing into the stack for thread: 0x000002351d82f800
R10=0x00007ffb38bb0000 jvm.dll
R11=0x0000006aa50fbcb0 is pointing into the stack for thread: 0x000002351d82f800
R12=0x00007ffb38bb0000 jvm.dll
R13=0x00007ffb395a7c38 jvm.dll
R14=0x00000235209bb670 points into unknown readable memory: 0x3eef527397ea258e | 8e 25 ea 97 73 52 ef 3e
R15=0x0000006aa50fc260 is pointing into the stack for thread: 0x000002351d82f800


Registers:
RAX=0x0000023520953f60, RBX=0x000000000000001c, RCX=0x000000000000001c, RDX=0x0000000010000000
RSP=0x0000006aa50fbb90, RBP=0x000000000000087e, RSI=0x0000000000000000, RDI=0x0000023520953f50
R8 =0x00007dfb395a7c38, R9 =0x0000006aa50fbbb0, R10=0x00007ffb38bb0000, R11=0x0000006aa50fbcb0
R12=0x00007ffb38bb0000, R13=0x00007ffb395a7c38, R14=0x00000235209bb670, R15=0x0000006aa50fc260
RIP=0x00007ffb38f03011, EFLAGS=0x0000000000010216

Top of Stack: (sp=0x0000006aa50fbb90)
0x0000006aa50fbb90:   0000000000000003 000000000000087e
0x0000006aa50fbba0:   0000006aa50fc260 0000000000000000
0x0000006aa50fbbb0:   0000031e00000000 0000000000000001
0x0000006aa50fbbc0:   000002351ed90cc0 0000000000000004
0x0000006aa50fbbd0:   0000006aa50fbcc0 000000000000000b
0x0000006aa50fbbe0:   0000006aa50fbcb0 00007ffb390ca2c4
0x0000006aa50fbbf0:   0000000000000011 000002351fa781b0
0x0000006aa50fbc00:   0000000000000000 0000006aa50fbd20
0x0000006aa50fbc10:   00000235209bb670 00007ffb38f01ae3
0x0000006aa50fbc20:   0000006aa50fc260 0000000000000001
0x0000006aa50fbc30:   000002351e558f00 0000000000000000
0x0000006aa50fbc40:   0000006aa50fbc78 0000006a00000006
0x0000006aa50fbc50:   0000006a0000087e 0000001100000001
0x0000006aa50fbc60:   0000000d0000000c 0000000000000000
0x0000006aa50fbc70:   0000000c00000005 0000000f00000000
0x0000006aa50fbc80:   0000000e00000020 00007ffb00000000 

Instructions: (pc=0x00007ffb38f03011)
0x00007ffb38f02f11:   00 00 41 23 86 80 00 00 00 0b c8 8b 42 7c 41 23
0x00007ffb38f02f21:   46 7c 0b c8 8b 42 78 41 23 46 78 0b c8 8b 42 74
0x00007ffb38f02f31:   41 23 46 74 0b c8 8b 42 70 41 23 46 70 0b c8 8b
0x00007ffb38f02f41:   42 6c 41 23 46 6c 0b c8 8b 42 68 41 23 46 68 0b
0x00007ffb38f02f51:   c8 8b 42 64 41 23 46 64 0b c8 8b 42 60 41 23 46
0x00007ffb38f02f61:   60 0b c8 8b 42 5c 41 23 46 5c 0b c8 8b 42 58 41
0x00007ffb38f02f71:   23 46 58 0b c8 8b 42 54 41 23 46 54 0b c8 8b 42
0x00007ffb38f02f81:   50 41 23 46 50 0b c8 8b 42 4c 41 23 46 4c 0b c8
0x00007ffb38f02f91:   8b 42 48 41 23 46 48 0b c8 8b 42 44 41 23 46 44
0x00007ffb38f02fa1:   0b c8 8b 42 40 41 23 46 40 0b c8 8b 42 3c 41 23
0x00007ffb38f02fb1:   46 3c 0b c8 41 8b 46 38 23 42 38 0b c8 74 63 48
0x00007ffb38f02fc1:   8b c5 3b eb 73 04 8b c3 8b dd 48 8d 3c 80 48 c1
0x00007ffb38f02fd1:   e7 05 49 03 78 10 85 db 74 48 48 8b 47 08 8b cb
0x00007ffb38f02fe1:   48 c1 e9 08 8b f3 4c 8b 04 c8 4d 3b c5 75 0d 8b
0x00007ffb38f02ff1:   d3 48 8b cf e8 26 4f 00 00 4c 8b c0 48 c1 ee 05
0x00007ffb38f03001:   83 e3 1f 83 e6 07 0f b6 cb ba 01 00 00 00 d3 e2
0x00007ffb38f03011:   41 8b 0c b0 8b c1 0b c2 41 89 04 b0 85 ca 75 02
0x00007ffb38f03021:   ff 07 8b 44 24 20 85 c0 74 3e 44 8b 44 24 24 a8
0x00007ffb38f03031:   1f 75 0b c1 e8 05 41 83 c0 05 a8 1f 74 f5 8b d0
0x00007ffb38f03041:   83 e2 1f 42 0f b6 8c 22 40 cd 82 00 42 0f b6 9c
0x00007ffb38f03051:   22 20 cd 82 00 d3 e8 89 44 24 20 41 03 d8 42 8d
0x00007ffb38f03061:   04 01 89 44 24 24 eb 0c 48 8d 4c 24 20 e8 ad 4c
0x00007ffb38f03071:   00 00 8b d8 85 db 0f 85 53 fe ff ff 4c 8b ac 24
0x00007ffb38f03081:   a0 00 00 00 48 8b bc 24 98 00 00 00 48 8b b4 24
0x00007ffb38f03091:   90 00 00 00 48 83 c4 60 41 5f 41 5e 41 5c 5d 5b
0x00007ffb38f030a1:   c3 cc cc cc cc cc cc cc cc cc cc cc cc cc cc 48
0x00007ffb38f030b1:   89 5c 24 08 48 89 74 24 10 57 48 83 ec 20 49 8d
0x00007ffb38f030c1:   49 38 49 8b d9 41 8b f8 e8 c2 ff 2e 00 84 c0 74
0x00007ffb38f030d1:   45 83 bb 90 00 00 00 00 74 3c f6 83 98 00 00 00
0x00007ffb38f030e1:   06 74 07 48 8b 4c 24 60 eb 19 48 8b 15 c6 ac 6a
0x00007ffb38f030f1:   00 48 8d 4b 38 e8 75 4c e8 ff 85 c0 74 18 48 8b
0x00007ffb38f03101:   4c 24 58 0f b7 83 96 00 00 00 29 01 8b 01 3b 41 


Stack slot to memory mapping:
stack at sp + 0 slots: 0x0000000000000003 is an unknown value
stack at sp + 1 slots: 0x000000000000087e is an unknown value
stack at sp + 2 slots: 0x0000006aa50fc260 is pointing into the stack for thread: 0x000002351d82f800
stack at sp + 3 slots: 0x0 is NULL
stack at sp + 4 slots: 0x0000031e00000000 is an unknown value
stack at sp + 5 slots: 0x0000000000000001 is an unknown value
stack at sp + 6 slots: 0x000002351ed90cc0 points into unknown readable memory: 0x000000c010000000 | 00 00 00 10 c0 00 00 00
stack at sp + 7 slots: 0x0000000000000004 is an unknown value


---------------  P R O C E S S  ---------------

Threads class SMR info:
_java_thread_list=0x00000235208a9b90, length=24, elements={
0x000002350231b800, 0x000002351cfa0000, 0x000002351d7da800, 0x000002351cfa9800,
0x000002351cfaa800, 0x000002351cfae000, 0x000002351d82f800, 0x000002351d855800,
0x000002351d859800, 0x000002351d9bb000, 0x000002351fc29000, 0x000002351dd44000,
0x000002351f358800, 0x000002351f0d5000, 0x000002351f8af800, 0x00000235204f6000,
0x0000023520061800, 0x000002351fcbf000, 0x000002351fddd800, 0x000002351fd38800,
0x000002351fd34800, 0x000002351fd35800, 0x000002351fd36000, 0x000002351fd33000
}

Java Threads: ( => current thread )
  0x000002350231b800 JavaThread "main" [_thread_blocked, id=10164, stack(0x0000006aa4400000,0x0000006aa4500000)]
  0x000002351cfa0000 JavaThread "Reference Handler" daemon [_thread_blocked, id=10060, stack(0x0000006aa4b00000,0x0000006aa4c00000)]
  0x000002351d7da800 JavaThread "Finalizer" daemon [_thread_blocked, id=8872, stack(0x0000006aa4c00000,0x0000006aa4d00000)]
  0x000002351cfa9800 JavaThread "Signal Dispatcher" daemon [_thread_blocked, id=2412, stack(0x0000006aa4d00000,0x0000006aa4e00000)]
  0x000002351cfaa800 JavaThread "Attach Listener" daemon [_thread_blocked, id=10456, stack(0x0000006aa4e00000,0x0000006aa4f00000)]
  0x000002351cfae000 JavaThread "Service Thread" daemon [_thread_blocked, id=4924, stack(0x0000006aa4f00000,0x0000006aa5000000)]
=>0x000002351d82f800 JavaThread "C2 CompilerThread0" daemon [_thread_in_native, id=10188, stack(0x0000006aa5000000,0x0000006aa5100000)]
  0x000002351d855800 JavaThread "C1 CompilerThread0" daemon [_thread_blocked, id=7440, stack(0x0000006aa5100000,0x0000006aa5200000)]
  0x000002351d859800 JavaThread "Sweeper thread" daemon [_thread_blocked, id=7756, stack(0x0000006aa5200000,0x0000006aa5300000)]
  0x000002351d9bb000 JavaThread "Common-Cleaner" daemon [_thread_blocked, id=10124, stack(0x0000006aa5300000,0x0000006aa5400000)]
  0x000002351fc29000 JavaThread "Daemon health stats" [_thread_blocked, id=11608, stack(0x0000006aa5a00000,0x0000006aa5b00000)]
  0x000002351dd44000 JavaThread "Incoming local TCP Connector on port 51774" [_thread_in_native, id=5676, stack(0x0000006aa5500000,0x0000006aa5600000)]
  0x000002351f358800 JavaThread "Daemon periodic checks" [_thread_blocked, id=7100, stack(0x0000006aa5b00000,0x0000006aa5c00000)]
  0x000002351f0d5000 JavaThread "Daemon" [_thread_blocked, id=12476, stack(0x0000006aa5c00000,0x0000006aa5d00000)]
  0x000002351f8af800 JavaThread "Handler for socket connection from /127.0.0.1:51774 to /127.0.0.1:51775" [_thread_in_native, id=8968, stack(0x0000006aa5d00000,0x0000006aa5e00000)]
  0x00000235204f6000 JavaThread "Cancel handler" [_thread_blocked, id=13296, stack(0x0000006aa5e00000,0x0000006aa5f00000)]
  0x0000023520061800 JavaThread "Daemon worker" [_thread_in_Java, id=13076, stack(0x0000006aa5f00000,0x0000006aa6000000)]
  0x000002351fcbf000 JavaThread "C2 CompilerThread1" daemon [_thread_in_native, id=11868, stack(0x0000006aa6000000,0x0000006aa6100000)]
  0x000002351fddd800 JavaThread "Asynchronous log dispatcher for DefaultDaemonConnection: socket connection from /127.0.0.1:51774 to /127.0.0.1:51775" [_thread_blocked, id=3948, stack(0x0000006aa6100000,0x0000006aa6200000)]
  0x000002351fd38800 JavaThread "Stdin handler" [_thread_blocked, id=5628, stack(0x0000006aa6200000,0x0000006aa6300000)]
  0x000002351fd34800 JavaThread "Daemon client event forwarder" [_thread_blocked, id=5124, stack(0x0000006aa6300000,0x0000006aa6400000)]
  0x000002351fd35800 JavaThread "Cache worker for file hash cache (C:\Users\jep\.gradle\caches\7.0.2\fileHashes)" [_thread_blocked, id=1260, stack(0x0000006aa6400000,0x0000006aa6500000)]
  0x000002351fd36000 JavaThread "File lock request listener" [_thread_in_native, id=4176, stack(0x0000006aa6500000,0x0000006aa6600000)]
  0x000002351fd33000 JavaThread "Cache worker for journal cache (C:\Users\jep\.gradle\caches\journal-1)" [_thread_blocked, id=10780, stack(0x0000006aa6a00000,0x0000006aa6b00000)]

Other Threads:
  0x000002351cf9e000 VMThread "VM Thread" [stack: 0x0000006aa4a00000,0x0000006aa4b00000] [id=7108]
  0x000002351d9d6800 WatcherThread [stack: 0x0000006aa5400000,0x0000006aa5500000] [id=12148]
  0x0000023502334000 GCTaskThread "GC Thread#0" [stack: 0x0000006aa4500000,0x0000006aa4600000] [id=7244]
  0x000002351eb41000 GCTaskThread "GC Thread#1" [stack: 0x0000006aa5600000,0x0000006aa5700000] [id=8584]
  0x000002351e551800 GCTaskThread "GC Thread#2" [stack: 0x0000006aa5700000,0x0000006aa5800000] [id=8200]
  0x000002351ef68000 GCTaskThread "GC Thread#3" [stack: 0x0000006aa5800000,0x0000006aa5900000] [id=12940]
  0x000002351ef68800 GCTaskThread "GC Thread#4" [stack: 0x0000006aa5900000,0x0000006aa5a00000] [id=8580]
  0x000002351ef67800 GCTaskThread "GC Thread#5" [stack: 0x0000006aa6600000,0x0000006aa6700000] [id=11332]
  0x000002351ef65000 GCTaskThread "GC Thread#6" [stack: 0x0000006aa6700000,0x0000006aa6800000] [id=8920]
  0x000002351ef63800 GCTaskThread "GC Thread#7" [stack: 0x0000006aa6800000,0x0000006aa6900000] [id=560]
  0x0000023502367000 ConcurrentGCThread "G1 Main Marker" [stack: 0x0000006aa4600000,0x0000006aa4700000] [id=9436]
  0x0000023502368000 ConcurrentGCThread "G1 Conc#0" [stack: 0x0000006aa4700000,0x0000006aa4800000] [id=5792]
  0x000002351ef66800 ConcurrentGCThread "G1 Conc#1" [stack: 0x0000006aa6900000,0x0000006aa6a00000] [id=12432]
  0x000002351ce0e800 ConcurrentGCThread "G1 Refine#0" [stack: 0x0000006aa4800000,0x0000006aa4900000] [id=7312]
  0x000002351ce0f800 ConcurrentGCThread "G1 Young RemSet Sampling" [stack: 0x0000006aa4900000,0x0000006aa4a00000] [id=7316]

Threads with active compile tasks:
C2 CompilerThread0   2559 1931   !   4       java.util.zip.InflaterInputStream::read (138 bytes)
C2 CompilerThread1   2559 1955   !   4       java.lang.ClassLoader::loadClass (122 bytes)

VM state:not at safepoint (normal execution)

VM Mutex/Monitor currently owned by a thread: None

Heap address: 0x0000000080000000, size: 2048 MB, Compressed Oops mode: 32-bit
Narrow klass base: 0x0000000000000000, Narrow klass shift: 3
Compressed class space size: 1073741824 Address: 0x0000000100000000

Heap:
 garbage-first heap   total 229376K, used 24752K [0x0000000080000000, 0x0000000100000000)
  region size 1024K, 20 young (20480K), 11 survivors (11264K)
 Metaspace       used 21611K, capacity 22232K, committed 22400K, reserved 1069056K
  class space    used 2712K, capacity 2913K, committed 2944K, reserved 1048576K
Heap Regions: E=young(eden), S=young(survivor), O=old, HS=humongous(starts), HC=humongous(continues), CS=collection set, F=free, A=archive, TAMS=top-at-mark-start (previous, next)
|   0|0x0000000080000000, 0x0000000080000000, 0x0000000080100000|  0%| F|  |TAMS 0x0000000080000000, 0x0000000080000000| Untracked 
|   1|0x0000000080100000, 0x0000000080100000, 0x0000000080200000|  0%| F|  |TAMS 0x0000000080100000, 0x0000000080100000| Untracked 
|   2|0x0000000080200000, 0x0000000080200000, 0x0000000080300000|  0%| F|  |TAMS 0x0000000080200000, 0x0000000080200000| Untracked 
|   3|0x0000000080300000, 0x0000000080400000, 0x0000000080400000|100%|HS|  |TAMS 0x0000000080400000, 0x0000000080300000| Complete 
|   4|0x0000000080400000, 0x0000000080500000, 0x0000000080500000|100%|HC|  |TAMS 0x0000000080500000, 0x0000000080400000| Complete 
|   5|0x0000000080500000, 0x0000000080600000, 0x0000000080600000|100%|HC|  |TAMS 0x0000000080600000, 0x0000000080500000| Complete 
|   6|0x0000000080600000, 0x0000000080700000, 0x0000000080700000|100%| O|  |TAMS 0x0000000080700000, 0x0000000080600000| Untracked 
|   7|0x0000000080700000, 0x0000000080800000, 0x0000000080800000|100%| O|  |TAMS 0x0000000080800000, 0x0000000080700000| Untracked 
|   8|0x0000000080800000, 0x00000000808d1200, 0x0000000080900000| 81%| O|  |TAMS 0x00000000808d1200, 0x0000000080800000| Untracked 
|   9|0x0000000080900000, 0x0000000080900000, 0x0000000080a00000|  0%| F|  |TAMS 0x0000000080900000, 0x0000000080900000| Untracked 
|  10|0x0000000080a00000, 0x0000000080a00000, 0x0000000080b00000|  0%| F|  |TAMS 0x0000000080a00000, 0x0000000080a00000| Untracked 
|  11|0x0000000080b00000, 0x0000000080b00000, 0x0000000080c00000|  0%| F|  |TAMS 0x0000000080b00000, 0x0000000080b00000| Untracked 
|  12|0x0000000080c00000, 0x0000000080c00000, 0x0000000080d00000|  0%| F|  |TAMS 0x0000000080c00000, 0x0000000080c00000| Untracked 
|  13|0x0000000080d00000, 0x0000000080d00000, 0x0000000080e00000|  0%| F|  |TAMS 0x0000000080d00000, 0x0000000080d00000| Untracked 
|  14|0x0000000080e00000, 0x0000000080e00000, 0x0000000080f00000|  0%| F|  |TAMS 0x0000000080e00000, 0x0000000080e00000| Untracked 
|  15|0x0000000080f00000, 0x0000000080f00000, 0x0000000081000000|  0%| F|  |TAMS 0x0000000080f00000, 0x0000000080f00000| Untracked 
|  16|0x0000000081000000, 0x0000000081000000, 0x0000000081100000|  0%| F|  |TAMS 0x0000000081000000, 0x0000000081000000| Untracked 
|  17|0x0000000081100000, 0x0000000081100000, 0x0000000081200000|  0%| F|  |TAMS 0x0000000081100000, 0x0000000081100000| Untracked 
|  18|0x0000000081200000, 0x0000000081200000, 0x0000000081300000|  0%| F|  |TAMS 0x0000000081200000, 0x0000000081200000| Untracked 
|  19|0x0000000081300000, 0x0000000081300000, 0x0000000081400000|  0%| F|  |TAMS 0x0000000081300000, 0x0000000081300000| Untracked 
|  20|0x0000000081400000, 0x0000000081400000, 0x0000000081500000|  0%| F|  |TAMS 0x0000000081400000, 0x0000000081400000| Untracked 
|  21|0x0000000081500000, 0x0000000081500000, 0x0000000081600000|  0%| F|  |TAMS 0x0000000081500000, 0x0000000081500000| Untracked 
|  22|0x0000000081600000, 0x0000000081600000, 0x0000000081700000|  0%| F|  |TAMS 0x0000000081600000, 0x0000000081600000| Untracked 
|  23|0x0000000081700000, 0x0000000081700000, 0x0000000081800000|  0%| F|  |TAMS 0x0000000081700000, 0x0000000081700000| Untracked 
|  24|0x0000000081800000, 0x0000000081800000, 0x0000000081900000|  0%| F|  |TAMS 0x0000000081800000, 0x0000000081800000| Untracked 
|  25|0x0000000081900000, 0x0000000081900000, 0x0000000081a00000|  0%| F|  |TAMS 0x0000000081900000, 0x0000000081900000| Untracked 
|  26|0x0000000081a00000, 0x0000000081a00000, 0x0000000081b00000|  0%| F|  |TAMS 0x0000000081a00000, 0x0000000081a00000| Untracked 
|  27|0x0000000081b00000, 0x0000000081b00000, 0x0000000081c00000|  0%| F|  |TAMS 0x0000000081b00000, 0x0000000081b00000| Untracked 
|  28|0x0000000081c00000, 0x0000000081c00000, 0x0000000081d00000|  0%| F|  |TAMS 0x0000000081c00000, 0x0000000081c00000| Untracked 
|  29|0x0000000081d00000, 0x0000000081d00000, 0x0000000081e00000|  0%| F|  |TAMS 0x0000000081d00000, 0x0000000081d00000| Untracked 
|  30|0x0000000081e00000, 0x0000000081e00000, 0x0000000081f00000|  0%| F|  |TAMS 0x0000000081e00000, 0x0000000081e00000| Untracked 
|  31|0x0000000081f00000, 0x0000000081f00000, 0x0000000082000000|  0%| F|  |TAMS 0x0000000081f00000, 0x0000000081f00000| Untracked 
|  32|0x0000000082000000, 0x0000000082000000, 0x0000000082100000|  0%| F|  |TAMS 0x0000000082000000, 0x0000000082000000| Untracked 
|  33|0x0000000082100000, 0x0000000082100000, 0x0000000082200000|  0%| F|  |TAMS 0x0000000082100000, 0x0000000082100000| Untracked 
|  34|0x0000000082200000, 0x0000000082200000, 0x0000000082300000|  0%| F|  |TAMS 0x0000000082200000, 0x0000000082200000| Untracked 
|  35|0x0000000082300000, 0x0000000082300000, 0x0000000082400000|  0%| F|  |TAMS 0x0000000082300000, 0x0000000082300000| Untracked 
|  36|0x0000000082400000, 0x0000000082400000, 0x0000000082500000|  0%| F|  |TAMS 0x0000000082400000, 0x0000000082400000| Untracked 
|  37|0x0000000082500000, 0x0000000082500000, 0x0000000082600000|  0%| F|  |TAMS 0x0000000082500000, 0x0000000082500000| Untracked 
|  38|0x0000000082600000, 0x0000000082600000, 0x0000000082700000|  0%| F|  |TAMS 0x0000000082600000, 0x0000000082600000| Untracked 
|  39|0x0000000082700000, 0x0000000082700000, 0x0000000082800000|  0%| F|  |TAMS 0x0000000082700000, 0x0000000082700000| Untracked 
|  40|0x0000000082800000, 0x0000000082800000, 0x0000000082900000|  0%| F|  |TAMS 0x0000000082800000, 0x0000000082800000| Untracked 
|  41|0x0000000082900000, 0x0000000082900000, 0x0000000082a00000|  0%| F|  |TAMS 0x0000000082900000, 0x0000000082900000| Untracked 
|  42|0x0000000082a00000, 0x0000000082a00000, 0x0000000082b00000|  0%| F|  |TAMS 0x0000000082a00000, 0x0000000082a00000| Untracked 
|  43|0x0000000082b00000, 0x0000000082b00000, 0x0000000082c00000|  0%| F|  |TAMS 0x0000000082b00000, 0x0000000082b00000| Untracked 
|  44|0x0000000082c00000, 0x0000000082c00000, 0x0000000082d00000|  0%| F|  |TAMS 0x0000000082c00000, 0x0000000082c00000| Untracked 
|  45|0x0000000082d00000, 0x0000000082d00000, 0x0000000082e00000|  0%| F|  |TAMS 0x0000000082d00000, 0x0000000082d00000| Untracked 
|  46|0x0000000082e00000, 0x0000000082e00000, 0x0000000082f00000|  0%| F|  |TAMS 0x0000000082e00000, 0x0000000082e00000| Untracked 
|  47|0x0000000082f00000, 0x0000000082f00000, 0x0000000083000000|  0%| F|  |TAMS 0x0000000082f00000, 0x0000000082f00000| Untracked 
|  48|0x0000000083000000, 0x0000000083000000, 0x0000000083100000|  0%| F|  |TAMS 0x0000000083000000, 0x0000000083000000| Untracked 
|  49|0x0000000083100000, 0x0000000083100000, 0x0000000083200000|  0%| F|  |TAMS 0x0000000083100000, 0x0000000083100000| Untracked 
|  50|0x0000000083200000, 0x0000000083200000, 0x0000000083300000|  0%| F|  |TAMS 0x0000000083200000, 0x0000000083200000| Untracked 
|  51|0x0000000083300000, 0x0000000083300000, 0x0000000083400000|  0%| F|  |TAMS 0x0000000083300000, 0x0000000083300000| Untracked 
|  52|0x0000000083400000, 0x0000000083400000, 0x0000000083500000|  0%| F|  |TAMS 0x0000000083400000, 0x0000000083400000| Untracked 
|  53|0x0000000083500000, 0x0000000083500000, 0x0000000083600000|  0%| F|  |TAMS 0x0000000083500000, 0x0000000083500000| Untracked 
|  54|0x0000000083600000, 0x0000000083600000, 0x0000000083700000|  0%| F|  |TAMS 0x0000000083600000, 0x0000000083600000| Untracked 
|  55|0x0000000083700000, 0x0000000083700000, 0x0000000083800000|  0%| F|  |TAMS 0x0000000083700000, 0x0000000083700000| Untracked 
|  56|0x0000000083800000, 0x0000000083800000, 0x0000000083900000|  0%| F|  |TAMS 0x0000000083800000, 0x0000000083800000| Untracked 
|  57|0x0000000083900000, 0x0000000083900000, 0x0000000083a00000|  0%| F|  |TAMS 0x0000000083900000, 0x0000000083900000| Untracked 
|  58|0x0000000083a00000, 0x0000000083a00000, 0x0000000083b00000|  0%| F|  |TAMS 0x0000000083a00000, 0x0000000083a00000| Untracked 
|  59|0x0000000083b00000, 0x0000000083b00000, 0x0000000083c00000|  0%| F|  |TAMS 0x0000000083b00000, 0x0000000083b00000| Untracked 
|  60|0x0000000083c00000, 0x0000000083c00000, 0x0000000083d00000|  0%| F|  |TAMS 0x0000000083c00000, 0x0000000083c00000| Untracked 
|  61|0x0000000083d00000, 0x0000000083d00000, 0x0000000083e00000|  0%| F|  |TAMS 0x0000000083d00000, 0x0000000083d00000| Untracked 
|  62|0x0000000083e00000, 0x0000000083e00000, 0x0000000083f00000|  0%| F|  |TAMS 0x0000000083e00000, 0x0000000083e00000| Untracked 
|  63|0x0000000083f00000, 0x0000000083f00000, 0x0000000084000000|  0%| F|  |TAMS 0x0000000083f00000, 0x0000000083f00000| Untracked 
|  64|0x0000000084000000, 0x0000000084000000, 0x0000000084100000|  0%| F|  |TAMS 0x0000000084000000, 0x0000000084000000| Untracked 
|  65|0x0000000084100000, 0x0000000084100000, 0x0000000084200000|  0%| F|  |TAMS 0x0000000084100000, 0x0000000084100000| Untracked 
|  66|0x0000000084200000, 0x0000000084200000, 0x0000000084300000|  0%| F|  |TAMS 0x0000000084200000, 0x0000000084200000| Untracked 
|  67|0x0000000084300000, 0x0000000084300000, 0x0000000084400000|  0%| F|  |TAMS 0x0000000084300000, 0x0000000084300000| Untracked 
|  68|0x0000000084400000, 0x0000000084400000, 0x0000000084500000|  0%| F|  |TAMS 0x0000000084400000, 0x0000000084400000| Untracked 
|  69|0x0000000084500000, 0x0000000084500000, 0x0000000084600000|  0%| F|  |TAMS 0x0000000084500000, 0x0000000084500000| Untracked 
|  70|0x0000000084600000, 0x0000000084600000, 0x0000000084700000|  0%| F|  |TAMS 0x0000000084600000, 0x0000000084600000| Untracked 
|  71|0x0000000084700000, 0x0000000084700000, 0x0000000084800000|  0%| F|  |TAMS 0x0000000084700000, 0x0000000084700000| Untracked 
|  72|0x0000000084800000, 0x0000000084800000, 0x0000000084900000|  0%| F|  |TAMS 0x0000000084800000, 0x0000000084800000| Untracked 
|  73|0x0000000084900000, 0x0000000084900000, 0x0000000084a00000|  0%| F|  |TAMS 0x0000000084900000, 0x0000000084900000| Untracked 
|  74|0x0000000084a00000, 0x0000000084a00000, 0x0000000084b00000|  0%| F|  |TAMS 0x0000000084a00000, 0x0000000084a00000| Untracked 
|  75|0x0000000084b00000, 0x0000000084b00000, 0x0000000084c00000|  0%| F|  |TAMS 0x0000000084b00000, 0x0000000084b00000| Untracked 
|  76|0x0000000084c00000, 0x0000000084c00000, 0x0000000084d00000|  0%| F|  |TAMS 0x0000000084c00000, 0x0000000084c00000| Untracked 
|  77|0x0000000084d00000, 0x0000000084d00000, 0x0000000084e00000|  0%| F|  |TAMS 0x0000000084d00000, 0x0000000084d00000| Untracked 
|  78|0x0000000084e00000, 0x0000000084e00000, 0x0000000084f00000|  0%| F|  |TAMS 0x0000000084e00000, 0x0000000084e00000| Untracked 
|  79|0x0000000084f00000, 0x0000000084f00000, 0x0000000085000000|  0%| F|  |TAMS 0x0000000084f00000, 0x0000000084f00000| Untracked 
|  80|0x0000000085000000, 0x0000000085000000, 0x0000000085100000|  0%| F|  |TAMS 0x0000000085000000, 0x0000000085000000| Untracked 
|  81|0x0000000085100000, 0x0000000085100000, 0x0000000085200000|  0%| F|  |TAMS 0x0000000085100000, 0x0000000085100000| Untracked 
|  82|0x0000000085200000, 0x0000000085200000, 0x0000000085300000|  0%| F|  |TAMS 0x0000000085200000, 0x0000000085200000| Untracked 
|  83|0x0000000085300000, 0x0000000085300000, 0x0000000085400000|  0%| F|  |TAMS 0x0000000085300000, 0x0000000085300000| Untracked 
|  84|0x0000000085400000, 0x0000000085400000, 0x0000000085500000|  0%| F|  |TAMS 0x0000000085400000, 0x0000000085400000| Untracked 
|  85|0x0000000085500000, 0x0000000085500000, 0x0000000085600000|  0%| F|  |TAMS 0x0000000085500000, 0x0000000085500000| Untracked 
|  86|0x0000000085600000, 0x0000000085600000, 0x0000000085700000|  0%| F|  |TAMS 0x0000000085600000, 0x0000000085600000| Untracked 
|  87|0x0000000085700000, 0x0000000085700000, 0x0000000085800000|  0%| F|  |TAMS 0x0000000085700000, 0x0000000085700000| Untracked 
|  88|0x0000000085800000, 0x0000000085800000, 0x0000000085900000|  0%| F|  |TAMS 0x0000000085800000, 0x0000000085800000| Untracked 
|  89|0x0000000085900000, 0x0000000085900000, 0x0000000085a00000|  0%| F|  |TAMS 0x0000000085900000, 0x0000000085900000| Untracked 
|  90|0x0000000085a00000, 0x0000000085a00000, 0x0000000085b00000|  0%| F|  |TAMS 0x0000000085a00000, 0x0000000085a00000| Untracked 
|  91|0x0000000085b00000, 0x0000000085b00000, 0x0000000085c00000|  0%| F|  |TAMS 0x0000000085b00000, 0x0000000085b00000| Untracked 
|  92|0x0000000085c00000, 0x0000000085c00000, 0x0000000085d00000|  0%| F|  |TAMS 0x0000000085c00000, 0x0000000085c00000| Untracked 
|  93|0x0000000085d00000, 0x0000000085d00000, 0x0000000085e00000|  0%| F|  |TAMS 0x0000000085d00000, 0x0000000085d00000| Untracked 
|  94|0x0000000085e00000, 0x0000000085e00000, 0x0000000085f00000|  0%| F|  |TAMS 0x0000000085e00000, 0x0000000085e00000| Untracked 
|  95|0x0000000085f00000, 0x0000000085f00000, 0x0000000086000000|  0%| F|  |TAMS 0x0000000085f00000, 0x0000000085f00000| Untracked 
|  96|0x0000000086000000, 0x0000000086000000, 0x0000000086100000|  0%| F|  |TAMS 0x0000000086000000, 0x0000000086000000| Untracked 
|  97|0x0000000086100000, 0x0000000086100000, 0x0000000086200000|  0%| F|  |TAMS 0x0000000086100000, 0x0000000086100000| Untracked 
|  98|0x0000000086200000, 0x0000000086200000, 0x0000000086300000|  0%| F|  |TAMS 0x0000000086200000, 0x0000000086200000| Untracked 
|  99|0x0000000086300000, 0x0000000086300000, 0x0000000086400000|  0%| F|  |TAMS 0x0000000086300000, 0x0000000086300000| Untracked 
| 100|0x0000000086400000, 0x0000000086400000, 0x0000000086500000|  0%| F|  |TAMS 0x0000000086400000, 0x0000000086400000| Untracked 
| 101|0x0000000086500000, 0x0000000086500000, 0x0000000086600000|  0%| F|  |TAMS 0x0000000086500000, 0x0000000086500000| Untracked 
| 102|0x0000000086600000, 0x0000000086600000, 0x0000000086700000|  0%| F|  |TAMS 0x0000000086600000, 0x0000000086600000| Untracked 
| 103|0x0000000086700000, 0x0000000086700000, 0x0000000086800000|  0%| F|  |TAMS 0x0000000086700000, 0x0000000086700000| Untracked 
| 104|0x0000000086800000, 0x0000000086800000, 0x0000000086900000|  0%| F|  |TAMS 0x0000000086800000, 0x0000000086800000| Untracked 
| 105|0x0000000086900000, 0x0000000086900000, 0x0000000086a00000|  0%| F|  |TAMS 0x0000000086900000, 0x0000000086900000| Untracked 
| 106|0x0000000086a00000, 0x0000000086a00000, 0x0000000086b00000|  0%| F|  |TAMS 0x0000000086a00000, 0x0000000086a00000| Untracked 
| 107|0x0000000086b00000, 0x0000000086b00000, 0x0000000086c00000|  0%| F|  |TAMS 0x0000000086b00000, 0x0000000086b00000| Untracked 
| 108|0x0000000086c00000, 0x0000000086c00000, 0x0000000086d00000|  0%| F|  |TAMS 0x0000000086c00000, 0x0000000086c00000| Untracked 
| 109|0x0000000086d00000, 0x0000000086d00000, 0x0000000086e00000|  0%| F|  |TAMS 0x0000000086d00000, 0x0000000086d00000| Untracked 
| 110|0x0000000086e00000, 0x0000000086e00000, 0x0000000086f00000|  0%| F|  |TAMS 0x0000000086e00000, 0x0000000086e00000| Untracked 
| 111|0x0000000086f00000, 0x0000000086f00000, 0x0000000087000000|  0%| F|  |TAMS 0x0000000086f00000, 0x0000000086f00000| Untracked 
| 112|0x0000000087000000, 0x0000000087000000, 0x0000000087100000|  0%| F|  |TAMS 0x0000000087000000, 0x0000000087000000| Untracked 
| 113|0x0000000087100000, 0x0000000087100000, 0x0000000087200000|  0%| F|  |TAMS 0x0000000087100000, 0x0000000087100000| Untracked 
| 114|0x0000000087200000, 0x0000000087200000, 0x0000000087300000|  0%| F|  |TAMS 0x0000000087200000, 0x0000000087200000| Untracked 
| 115|0x0000000087300000, 0x0000000087300000, 0x0000000087400000|  0%| F|  |TAMS 0x0000000087300000, 0x0000000087300000| Untracked 
| 116|0x0000000087400000, 0x0000000087400000, 0x0000000087500000|  0%| F|  |TAMS 0x0000000087400000, 0x0000000087400000| Untracked 
| 117|0x0000000087500000, 0x000000008755b070, 0x0000000087600000| 35%| S|CS|TAMS 0x0000000087500000, 0x0000000087500000| Complete 
| 118|0x0000000087600000, 0x0000000087700000, 0x0000000087700000|100%| S|CS|TAMS 0x0000000087600000, 0x0000000087600000| Complete 
| 119|0x0000000087700000, 0x0000000087800000, 0x0000000087800000|100%| S|CS|TAMS 0x0000000087700000, 0x0000000087700000| Complete 
| 120|0x0000000087800000, 0x0000000087900000, 0x0000000087900000|100%| S|CS|TAMS 0x0000000087800000, 0x0000000087800000| Complete 
| 121|0x0000000087900000, 0x0000000087a00000, 0x0000000087a00000|100%| S|CS|TAMS 0x0000000087900000, 0x0000000087900000| Complete 
| 122|0x0000000087a00000, 0x0000000087b00000, 0x0000000087b00000|100%| S|CS|TAMS 0x0000000087a00000, 0x0000000087a00000| Complete 
| 123|0x0000000087b00000, 0x0000000087c00000, 0x0000000087c00000|100%| S|CS|TAMS 0x0000000087b00000, 0x0000000087b00000| Complete 
| 124|0x0000000087c00000, 0x0000000087d00000, 0x0000000087d00000|100%| S|CS|TAMS 0x0000000087c00000, 0x0000000087c00000| Complete 
| 125|0x0000000087d00000, 0x0000000087e00000, 0x0000000087e00000|100%| S|CS|TAMS 0x0000000087d00000, 0x0000000087d00000| Complete 
| 126|0x0000000087e00000, 0x0000000087f00000, 0x0000000087f00000|100%| S|CS|TAMS 0x0000000087e00000, 0x0000000087e00000| Complete 
| 127|0x0000000087f00000, 0x0000000088000000, 0x0000000088000000|100%| S|CS|TAMS 0x0000000087f00000, 0x0000000087f00000| Complete 
| 128|0x0000000088000000, 0x0000000088000000, 0x0000000088100000|  0%| F|  |TAMS 0x0000000088000000, 0x0000000088000000| Untracked 
| 129|0x0000000088100000, 0x0000000088100000, 0x0000000088200000|  0%| F|  |TAMS 0x0000000088100000, 0x0000000088100000| Untracked 
| 130|0x0000000088200000, 0x0000000088200000, 0x0000000088300000|  0%| F|  |TAMS 0x0000000088200000, 0x0000000088200000| Untracked 
| 131|0x0000000088300000, 0x0000000088300000, 0x0000000088400000|  0%| F|  |TAMS 0x0000000088300000, 0x0000000088300000| Untracked 
| 132|0x0000000088400000, 0x0000000088400000, 0x0000000088500000|  0%| F|  |TAMS 0x0000000088400000, 0x0000000088400000| Untracked 
| 133|0x0000000088500000, 0x0000000088500000, 0x0000000088600000|  0%| F|  |TAMS 0x0000000088500000, 0x0000000088500000| Untracked 
| 134|0x0000000088600000, 0x0000000088600000, 0x0000000088700000|  0%| F|  |TAMS 0x0000000088600000, 0x0000000088600000| Untracked 
| 135|0x0000000088700000, 0x0000000088700000, 0x0000000088800000|  0%| F|  |TAMS 0x0000000088700000, 0x0000000088700000| Untracked 
| 136|0x0000000088800000, 0x0000000088800000, 0x0000000088900000|  0%| F|  |TAMS 0x0000000088800000, 0x0000000088800000| Untracked 
| 137|0x0000000088900000, 0x0000000088900000, 0x0000000088a00000|  0%| F|  |TAMS 0x0000000088900000, 0x0000000088900000| Untracked 
| 138|0x0000000088a00000, 0x0000000088a00000, 0x0000000088b00000|  0%| F|  |TAMS 0x0000000088a00000, 0x0000000088a00000| Untracked 
| 139|0x0000000088b00000, 0x0000000088b00000, 0x0000000088c00000|  0%| F|  |TAMS 0x0000000088b00000, 0x0000000088b00000| Untracked 
| 140|0x0000000088c00000, 0x0000000088c00000, 0x0000000088d00000|  0%| F|  |TAMS 0x0000000088c00000, 0x0000000088c00000| Untracked 
| 141|0x0000000088d00000, 0x0000000088d00000, 0x0000000088e00000|  0%| F|  |TAMS 0x0000000088d00000, 0x0000000088d00000| Untracked 
| 142|0x0000000088e00000, 0x0000000088e00000, 0x0000000088f00000|  0%| F|  |TAMS 0x0000000088e00000, 0x0000000088e00000| Untracked 
| 143|0x0000000088f00000, 0x0000000088f00000, 0x0000000089000000|  0%| F|  |TAMS 0x0000000088f00000, 0x0000000088f00000| Untracked 
| 144|0x0000000089000000, 0x0000000089000000, 0x0000000089100000|  0%| F|  |TAMS 0x0000000089000000, 0x0000000089000000| Untracked 
| 145|0x0000000089100000, 0x0000000089100000, 0x0000000089200000|  0%| F|  |TAMS 0x0000000089100000, 0x0000000089100000| Untracked 
| 146|0x0000000089200000, 0x0000000089200000, 0x0000000089300000|  0%| F|  |TAMS 0x0000000089200000, 0x0000000089200000| Untracked 
| 147|0x0000000089300000, 0x0000000089300000, 0x0000000089400000|  0%| F|  |TAMS 0x0000000089300000, 0x0000000089300000| Untracked 
| 148|0x0000000089400000, 0x0000000089400000, 0x0000000089500000|  0%| F|  |TAMS 0x0000000089400000, 0x0000000089400000| Untracked 
| 149|0x0000000089500000, 0x0000000089500000, 0x0000000089600000|  0%| F|  |TAMS 0x0000000089500000, 0x0000000089500000| Untracked 
| 150|0x0000000089600000, 0x0000000089600000, 0x0000000089700000|  0%| F|  |TAMS 0x0000000089600000, 0x0000000089600000| Untracked 
| 151|0x0000000089700000, 0x0000000089700000, 0x0000000089800000|  0%| F|  |TAMS 0x0000000089700000, 0x0000000089700000| Untracked 
| 152|0x0000000089800000, 0x0000000089800000, 0x0000000089900000|  0%| F|  |TAMS 0x0000000089800000, 0x0000000089800000| Untracked 
| 153|0x0000000089900000, 0x0000000089900000, 0x0000000089a00000|  0%| F|  |TAMS 0x0000000089900000, 0x0000000089900000| Untracked 
| 154|0x0000000089a00000, 0x0000000089a00000, 0x0000000089b00000|  0%| F|  |TAMS 0x0000000089a00000, 0x0000000089a00000| Untracked 
| 155|0x0000000089b00000, 0x0000000089b00000, 0x0000000089c00000|  0%| F|  |TAMS 0x0000000089b00000, 0x0000000089b00000| Untracked 
| 156|0x0000000089c00000, 0x0000000089c00000, 0x0000000089d00000|  0%| F|  |TAMS 0x0000000089c00000, 0x0000000089c00000| Untracked 
| 157|0x0000000089d00000, 0x0000000089d00000, 0x0000000089e00000|  0%| F|  |TAMS 0x0000000089d00000, 0x0000000089d00000| Untracked 
| 158|0x0000000089e00000, 0x0000000089e00000, 0x0000000089f00000|  0%| F|  |TAMS 0x0000000089e00000, 0x0000000089e00000| Untracked 
| 159|0x0000000089f00000, 0x0000000089f00000, 0x000000008a000000|  0%| F|  |TAMS 0x0000000089f00000, 0x0000000089f00000| Untracked 
| 160|0x000000008a000000, 0x000000008a000000, 0x000000008a100000|  0%| F|  |TAMS 0x000000008a000000, 0x000000008a000000| Untracked 
| 161|0x000000008a100000, 0x000000008a100000, 0x000000008a200000|  0%| F|  |TAMS 0x000000008a100000, 0x000000008a100000| Untracked 
| 162|0x000000008a200000, 0x000000008a200000, 0x000000008a300000|  0%| F|  |TAMS 0x000000008a200000, 0x000000008a200000| Untracked 
| 163|0x000000008a300000, 0x000000008a300000, 0x000000008a400000|  0%| F|  |TAMS 0x000000008a300000, 0x000000008a300000| Untracked 
| 164|0x000000008a400000, 0x000000008a400000, 0x000000008a500000|  0%| F|  |TAMS 0x000000008a400000, 0x000000008a400000| Untracked 
| 165|0x000000008a500000, 0x000000008a500000, 0x000000008a600000|  0%| F|  |TAMS 0x000000008a500000, 0x000000008a500000| Untracked 
| 166|0x000000008a600000, 0x000000008a600000, 0x000000008a700000|  0%| F|  |TAMS 0x000000008a600000, 0x000000008a600000| Untracked 
| 167|0x000000008a700000, 0x000000008a700000, 0x000000008a800000|  0%| F|  |TAMS 0x000000008a700000, 0x000000008a700000| Untracked 
| 168|0x000000008a800000, 0x000000008a800000, 0x000000008a900000|  0%| F|  |TAMS 0x000000008a800000, 0x000000008a800000| Untracked 
| 169|0x000000008a900000, 0x000000008a900000, 0x000000008aa00000|  0%| F|  |TAMS 0x000000008a900000, 0x000000008a900000| Untracked 
| 170|0x000000008aa00000, 0x000000008aa00000, 0x000000008ab00000|  0%| F|  |TAMS 0x000000008aa00000, 0x000000008aa00000| Untracked 
| 171|0x000000008ab00000, 0x000000008ab00000, 0x000000008ac00000|  0%| F|  |TAMS 0x000000008ab00000, 0x000000008ab00000| Untracked 
| 172|0x000000008ac00000, 0x000000008ac00000, 0x000000008ad00000|  0%| F|  |TAMS 0x000000008ac00000, 0x000000008ac00000| Untracked 
| 173|0x000000008ad00000, 0x000000008ad00000, 0x000000008ae00000|  0%| F|  |TAMS 0x000000008ad00000, 0x000000008ad00000| Untracked 
| 174|0x000000008ae00000, 0x000000008ae00000, 0x000000008af00000|  0%| F|  |TAMS 0x000000008ae00000, 0x000000008ae00000| Untracked 
| 175|0x000000008af00000, 0x000000008af00000, 0x000000008b000000|  0%| F|  |TAMS 0x000000008af00000, 0x000000008af00000| Untracked 
| 176|0x000000008b000000, 0x000000008b000000, 0x000000008b100000|  0%| F|  |TAMS 0x000000008b000000, 0x000000008b000000| Untracked 
| 177|0x000000008b100000, 0x000000008b100000, 0x000000008b200000|  0%| F|  |TAMS 0x000000008b100000, 0x000000008b100000| Untracked 
| 178|0x000000008b200000, 0x000000008b200000, 0x000000008b300000|  0%| F|  |TAMS 0x000000008b200000, 0x000000008b200000| Untracked 
| 179|0x000000008b300000, 0x000000008b300000, 0x000000008b400000|  0%| F|  |TAMS 0x000000008b300000, 0x000000008b300000| Untracked 
| 180|0x000000008b400000, 0x000000008b400000, 0x000000008b500000|  0%| F|  |TAMS 0x000000008b400000, 0x000000008b400000| Untracked 
| 181|0x000000008b500000, 0x000000008b500000, 0x000000008b600000|  0%| F|  |TAMS 0x000000008b500000, 0x000000008b500000| Untracked 
| 182|0x000000008b600000, 0x000000008b600000, 0x000000008b700000|  0%| F|  |TAMS 0x000000008b600000, 0x000000008b600000| Untracked 
| 183|0x000000008b700000, 0x000000008b700000, 0x000000008b800000|  0%| F|  |TAMS 0x000000008b700000, 0x000000008b700000| Untracked 
| 184|0x000000008b800000, 0x000000008b800000, 0x000000008b900000|  0%| F|  |TAMS 0x000000008b800000, 0x000000008b800000| Untracked 
| 185|0x000000008b900000, 0x000000008b900000, 0x000000008ba00000|  0%| F|  |TAMS 0x000000008b900000, 0x000000008b900000| Untracked 
| 186|0x000000008ba00000, 0x000000008ba00000, 0x000000008bb00000|  0%| F|  |TAMS 0x000000008ba00000, 0x000000008ba00000| Untracked 
| 187|0x000000008bb00000, 0x000000008bb00000, 0x000000008bc00000|  0%| F|  |TAMS 0x000000008bb00000, 0x000000008bb00000| Untracked 
| 188|0x000000008bc00000, 0x000000008bc00000, 0x000000008bd00000|  0%| F|  |TAMS 0x000000008bc00000, 0x000000008bc00000| Untracked 
| 189|0x000000008bd00000, 0x000000008bd00000, 0x000000008be00000|  0%| F|  |TAMS 0x000000008bd00000, 0x000000008bd00000| Untracked 
| 190|0x000000008be00000, 0x000000008be00000, 0x000000008bf00000|  0%| F|  |TAMS 0x000000008be00000, 0x000000008be00000| Untracked 
| 191|0x000000008bf00000, 0x000000008bf00000, 0x000000008c000000|  0%| F|  |TAMS 0x000000008bf00000, 0x000000008bf00000| Untracked 
| 192|0x000000008c000000, 0x000000008c000000, 0x000000008c100000|  0%| F|  |TAMS 0x000000008c000000, 0x000000008c000000| Untracked 
| 193|0x000000008c100000, 0x000000008c100000, 0x000000008c200000|  0%| F|  |TAMS 0x000000008c100000, 0x000000008c100000| Untracked 
| 194|0x000000008c200000, 0x000000008c200000, 0x000000008c300000|  0%| F|  |TAMS 0x000000008c200000, 0x000000008c200000| Untracked 
| 195|0x000000008c300000, 0x000000008c300000, 0x000000008c400000|  0%| F|  |TAMS 0x000000008c300000, 0x000000008c300000| Untracked 
| 196|0x000000008c400000, 0x000000008c400000, 0x000000008c500000|  0%| F|  |TAMS 0x000000008c400000, 0x000000008c400000| Untracked 
| 197|0x000000008c500000, 0x000000008c500000, 0x000000008c600000|  0%| F|  |TAMS 0x000000008c500000, 0x000000008c500000| Untracked 
| 198|0x000000008c600000, 0x000000008c600000, 0x000000008c700000|  0%| F|  |TAMS 0x000000008c600000, 0x000000008c600000| Untracked 
| 199|0x000000008c700000, 0x000000008c700000, 0x000000008c800000|  0%| F|  |TAMS 0x000000008c700000, 0x000000008c700000| Untracked 
| 200|0x000000008c800000, 0x000000008c800000, 0x000000008c900000|  0%| F|  |TAMS 0x000000008c800000, 0x000000008c800000| Untracked 
| 201|0x000000008c900000, 0x000000008c900000, 0x000000008ca00000|  0%| F|  |TAMS 0x000000008c900000, 0x000000008c900000| Untracked 
| 202|0x000000008ca00000, 0x000000008ca00000, 0x000000008cb00000|  0%| F|  |TAMS 0x000000008ca00000, 0x000000008ca00000| Untracked 
| 203|0x000000008cb00000, 0x000000008cb00000, 0x000000008cc00000|  0%| F|  |TAMS 0x000000008cb00000, 0x000000008cb00000| Untracked 
| 204|0x000000008cc00000, 0x000000008cc00000, 0x000000008cd00000|  0%| F|  |TAMS 0x000000008cc00000, 0x000000008cc00000| Untracked 
| 205|0x000000008cd00000, 0x000000008cd00000, 0x000000008ce00000|  0%| F|  |TAMS 0x000000008cd00000, 0x000000008cd00000| Untracked 
| 206|0x000000008ce00000, 0x000000008ce00000, 0x000000008cf00000|  0%| F|  |TAMS 0x000000008ce00000, 0x000000008ce00000| Untracked 
| 207|0x000000008cf00000, 0x000000008cf00000, 0x000000008d000000|  0%| F|  |TAMS 0x000000008cf00000, 0x000000008cf00000| Untracked 
| 208|0x000000008d000000, 0x000000008d000000, 0x000000008d100000|  0%| F|  |TAMS 0x000000008d000000, 0x000000008d000000| Untracked 
| 209|0x000000008d100000, 0x000000008d100000, 0x000000008d200000|  0%| F|  |TAMS 0x000000008d100000, 0x000000008d100000| Untracked 
| 210|0x000000008d200000, 0x000000008d200000, 0x000000008d300000|  0%| F|  |TAMS 0x000000008d200000, 0x000000008d200000| Untracked 
| 211|0x000000008d300000, 0x000000008d300000, 0x000000008d400000|  0%| F|  |TAMS 0x000000008d300000, 0x000000008d300000| Untracked 
| 212|0x000000008d400000, 0x000000008d400000, 0x000000008d500000|  0%| F|  |TAMS 0x000000008d400000, 0x000000008d400000| Untracked 
| 213|0x000000008d500000, 0x000000008d500000, 0x000000008d600000|  0%| F|  |TAMS 0x000000008d500000, 0x000000008d500000| Untracked 
| 214|0x000000008d600000, 0x000000008d600000, 0x000000008d700000|  0%| F|  |TAMS 0x000000008d600000, 0x000000008d600000| Untracked 
| 215|0x000000008d700000, 0x000000008d800000, 0x000000008d800000|100%| E|CS|TAMS 0x000000008d700000, 0x000000008d700000| Complete 
| 216|0x000000008d800000, 0x000000008d900000, 0x000000008d900000|100%| E|CS|TAMS 0x000000008d800000, 0x000000008d800000| Complete 
| 217|0x000000008d900000, 0x000000008da00000, 0x000000008da00000|100%| E|CS|TAMS 0x000000008d900000, 0x000000008d900000| Complete 
| 218|0x000000008da00000, 0x000000008db00000, 0x000000008db00000|100%| E|CS|TAMS 0x000000008da00000, 0x000000008da00000| Complete 
| 219|0x000000008db00000, 0x000000008dc00000, 0x000000008dc00000|100%| E|CS|TAMS 0x000000008db00000, 0x000000008db00000| Complete 
| 220|0x000000008dc00000, 0x000000008dd00000, 0x000000008dd00000|100%| E|CS|TAMS 0x000000008dc00000, 0x000000008dc00000| Complete 
| 221|0x000000008dd00000, 0x000000008de00000, 0x000000008de00000|100%| E|CS|TAMS 0x000000008dd00000, 0x000000008dd00000| Complete 
| 222|0x000000008de00000, 0x000000008df00000, 0x000000008df00000|100%| E|CS|TAMS 0x000000008de00000, 0x000000008de00000| Complete 
| 223|0x000000008df00000, 0x000000008e000000, 0x000000008e000000|100%| E|CS|TAMS 0x000000008df00000, 0x000000008df00000| Complete 

Card table byte_map: [0x0000023515ca0000,0x00000235160a0000] _byte_map_base: 0x00000235158a0000

Marking Bits (Prev, Next): (CMBitMap*) 0x000002350235e230, (CMBitMap*) 0x000002350235e1f8
 Prev Bits: [0x00000235184a0000, 0x000002351a4a0000)
 Next Bits: [0x00000235164a0000, 0x00000235184a0000)

Polling page: 0x0000023502400000

Metaspace:

Usage:
  Non-class:     18.87 MB capacity,    18.50 MB ( 98%) used,   329.97 KB (  2%) free+waste,    42.06 KB ( <1%) overhead. 
      Class:      2.88 MB capacity,     2.66 MB ( 92%) used,   204.22 KB (  7%) free+waste,    21.38 KB ( <1%) overhead. 
       Both:     21.75 MB capacity,    21.16 MB ( 97%) used,   534.19 KB (  2%) free+waste,    63.44 KB ( <1%) overhead. 

Virtual space:
  Non-class space:       20.00 MB reserved,      19.00 MB ( 95%) committed 
      Class space:        1.00 GB reserved,       3.00 MB ( <1%) committed 
             Both:        1.02 GB reserved,      22.00 MB (  2%) committed 

Chunk freelists:
   Non-Class:  7.00 KB
       Class:  29.00 KB
        Both:  36.00 KB

MaxMetaspaceSize: 17179869184.00 GB
CompressedClassSpaceSize: 1.00 GB

CodeHeap 'non-profiled nmethods': size=120000Kb used=915Kb max_used=915Kb free=119084Kb
 bounds [0x000002350d900000, 0x000002350db70000, 0x0000023514e30000]
CodeHeap 'profiled nmethods': size=120000Kb used=4117Kb max_used=4117Kb free=115883Kb
 bounds [0x00000235063d0000, 0x00000235067e0000, 0x000002350d900000]
CodeHeap 'non-nmethods': size=5760Kb used=1138Kb max_used=1157Kb free=4621Kb
 bounds [0x0000023505e30000, 0x00000235060a0000, 0x00000235063d0000]
 total_blobs=2443 nmethods=1966 adapters=388
 compilation: enabled
              stopped_count=0, restarted_count=0
 full_count=0

Compilation events (20 events):
Event: 2.509 Thread 0x000002351d855800 nmethod 1945 0x00000235067c0210 code [0x00000235067c04e0, 0x00000235067c1148]
Event: 2.509 Thread 0x000002351d855800 1946       3       java.util.regex.Pattern$BmpCharPropertyGreedy::match (89 bytes)
Event: 2.510 Thread 0x000002351d855800 nmethod 1946 0x00000235067c1690 code [0x00000235067c18a0, 0x00000235067c1ec8]
Event: 2.510 Thread 0x000002351d855800 1947   !   3       java.util.regex.Pattern::matcher (44 bytes)
Event: 2.510 Thread 0x000002351d855800 nmethod 1947 0x00000235067c2110 code [0x00000235067c22e0, 0x00000235067c26f8]
Event: 2.510 Thread 0x000002351d855800 1948       3       org.gradle.util.GradleVersion::compareTo (244 bytes)
Event: 2.511 Thread 0x000002351d855800 nmethod 1948 0x00000235067c2810 code [0x00000235067c2ae0, 0x00000235067c3918]
Event: 2.511 Thread 0x000002351d855800 1949       3       java.util.regex.CharPredicates$$Lambda$5/0x0000000100065040::is (5 bytes)
Event: 2.511 Thread 0x000002351d855800 nmethod 1949 0x00000235067c3e90 code [0x00000235067c4060, 0x00000235067c4318]
Event: 2.511 Thread 0x000002351d855800 1950       3       java.util.regex.CharPredicates::lambda$ASCII_DIGIT$15 (20 bytes)
Event: 2.511 Thread 0x000002351d855800 nmethod 1950 0x00000235067c4410 code [0x00000235067c45c0, 0x00000235067c47f8]
Event: 2.514 Thread 0x000002351d855800 1951       3       java.io.OutputStream::<init> (5 bytes)
Event: 2.514 Thread 0x000002351d855800 nmethod 1951 0x00000235067c4890 code [0x00000235067c4a40, 0x00000235067c4b98]
Event: 2.514 Thread 0x000002351d855800 1952       3       sun.invoke.util.BytecodeDescriptor::unparseMethod (66 bytes)
Event: 2.515 Thread 0x000002351d855800 nmethod 1952 0x00000235067c4c90 code [0x00000235067c4f00, 0x00000235067c57a8]
Event: 2.515 Thread 0x000002351d855800 1953       3       java.util.Properties$LineReader::readLine (635 bytes)
Event: 2.517 Thread 0x000002351fcbf000 1955   !   4       java.lang.ClassLoader::loadClass (122 bytes)
Event: 2.517 Thread 0x000002351d855800 nmethod 1953 0x00000235067c5b10 code [0x00000235067c5ee0, 0x00000235067c8858]
Event: 2.517 Thread 0x000002351d855800 1954       3       java.lang.reflect.Constructor::newInstance (76 bytes)
Event: 2.517 Thread 0x000002351d855800 nmethod 1954 0x00000235067c9510 code [0x00000235067c9720, 0x00000235067c9b58]

GC Heap History (4 events):
Event: 0.829 GC heap before
{Heap before GC invocations=0 (full 0):
 garbage-first heap   total 229376K, used 29696K [0x0000000080000000, 0x0000000100000000)
  region size 1024K, 24 young (24576K), 0 survivors (0K)
 Metaspace       used 9803K, capacity 9986K, committed 10112K, reserved 1058816K
  class space    used 1022K, capacity 1102K, committed 1152K, reserved 1048576K
}
Event: 0.833 GC heap after
{Heap after GC invocations=1 (full 0):
 garbage-first heap   total 229376K, used 9028K [0x0000000080000000, 0x0000000100000000)
  region size 1024K, 3 young (3072K), 3 survivors (3072K)
 Metaspace       used 9803K, capacity 9986K, committed 10112K, reserved 1058816K
  class space    used 1022K, capacity 1102K, committed 1152K, reserved 1048576K
}
Event: 2.453 GC heap before
{Heap before GC invocations=1 (full 0):
 garbage-first heap   total 229376K, used 103236K [0x0000000080000000, 0x0000000100000000)
  region size 1024K, 96 young (98304K), 3 survivors (3072K)
 Metaspace       used 20573K, capacity 21117K, committed 21248K, reserved 1067008K
  class space    used 2517K, capacity 2731K, committed 2816K, reserved 1048576K
}
Event: 2.462 GC heap after
{Heap after GC invocations=2 (full 0):
 garbage-first heap   total 229376K, used 16560K [0x0000000080000000, 0x0000000100000000)
  region size 1024K, 11 young (11264K), 11 survivors (11264K)
 Metaspace       used 20573K, capacity 21117K, committed 21248K, reserved 1067008K
  class space    used 2517K, capacity 2731K, committed 2816K, reserved 1048576K
}

Deoptimization events (20 events):
Event: 2.507 Thread 0x0000023520061800 Uncommon trap: trap_request=0xffffff4d fr.pc=0x000002350d9354b4 relative=0x0000000000000174
Event: 2.507 Thread 0x0000023520061800 Uncommon trap: reason=unstable_if action=reinterpret pc=0x000002350d9354b4 method=java.util.HashMap.getNode(ILjava/lang/Object;)Ljava/util/HashMap$Node; @ 129 c2
Event: 2.507 Thread 0x0000023520061800 DEOPT PACKING pc=0x000002350d9354b4 sp=0x0000006aa5ffc0f0
Event: 2.507 Thread 0x0000023520061800 DEOPT UNPACKING pc=0x0000023505e578af sp=0x0000006aa5ffbff0 mode 2
Event: 2.507 Thread 0x0000023520061800 Uncommon trap: trap_request=0xffffffc6 fr.pc=0x000002350d9ca9d0 relative=0x00000000000007b0
Event: 2.507 Thread 0x0000023520061800 Uncommon trap: reason=bimorphic_or_optimized_type_check action=maybe_recompile pc=0x000002350d9ca9d0 method=java.util.HashMap.putVal(ILjava/lang/Object;Ljava/lang/Object;ZZ)Ljava/lang/Object; @ 203 c2
Event: 2.507 Thread 0x0000023520061800 DEOPT PACKING pc=0x000002350d9ca9d0 sp=0x0000006aa5ffc0b0
Event: 2.507 Thread 0x0000023520061800 DEOPT UNPACKING pc=0x0000023505e578af sp=0x0000006aa5ffbfc0 mode 2
Event: 2.507 Thread 0x0000023520061800 Uncommon trap: trap_request=0xffffff4d fr.pc=0x000002350d92fdac relative=0x00000000000001ec
Event: 2.507 Thread 0x0000023520061800 Uncommon trap: reason=unstable_if action=reinterpret pc=0x000002350d92fdac method=java.util.HashMap.getNode(ILjava/lang/Object;)Ljava/util/HashMap$Node; @ 129 c2
Event: 2.507 Thread 0x0000023520061800 DEOPT PACKING pc=0x000002350d92fdac sp=0x0000006aa5ffc050
Event: 2.507 Thread 0x0000023520061800 DEOPT UNPACKING pc=0x0000023505e578af sp=0x0000006aa5ffbfd8 mode 2
Event: 2.515 Thread 0x0000023520061800 Uncommon trap: trap_request=0xffffff4d fr.pc=0x000002350d96bab8 relative=0x0000000000000b18
Event: 2.515 Thread 0x0000023520061800 Uncommon trap: reason=unstable_if action=reinterpret pc=0x000002350d96bab8 method=java.util.Properties$LineReader.readLine()I @ 249 c2
Event: 2.515 Thread 0x0000023520061800 DEOPT PACKING pc=0x000002350d96bab8 sp=0x0000006aa5ffc050
Event: 2.515 Thread 0x0000023520061800 DEOPT UNPACKING pc=0x0000023505e578af sp=0x0000006aa5ffbff0 mode 2
Event: 2.515 Thread 0x0000023520061800 Uncommon trap: trap_request=0xffffff4d fr.pc=0x000002350d961474 relative=0x0000000000000a94
Event: 2.515 Thread 0x0000023520061800 Uncommon trap: reason=unstable_if action=reinterpret pc=0x000002350d961474 method=java.util.Properties$LineReader.readLine()I @ 379 c2
Event: 2.515 Thread 0x0000023520061800 DEOPT PACKING pc=0x000002350d961474 sp=0x0000006aa5ffc050
Event: 2.515 Thread 0x0000023520061800 DEOPT UNPACKING pc=0x0000023505e578af sp=0x0000006aa5ffbff0 mode 2

Classes redefined (0 events):
No events

Internal exceptions (20 events):
Event: 2.101 Thread 0x000002351f8af800 Exception <a 'java/lang/NoSuchMethodError'{0x000000008a09bde8}: <clinit>> (0x000000008a09bde8) thrown at [./src/hotspot/share/prims/jni.cpp, line 1362]
Event: 2.102 Thread 0x000002351f8af800 Exception <a 'java/lang/NoSuchMethodError'{0x000000008a0b1538}: <clinit>> (0x000000008a0b1538) thrown at [./src/hotspot/share/prims/jni.cpp, line 1362]
Event: 2.113 Thread 0x000002351f8af800 Exception <a 'java/lang/NoSuchMethodError'{0x0000000089f16e58}: <clinit>> (0x0000000089f16e58) thrown at [./src/hotspot/share/prims/jni.cpp, line 1362]
Event: 2.117 Thread 0x000002351f8af800 Exception <a 'java/lang/NoSuchMethodError'{0x0000000089f46ab0}: <clinit>> (0x0000000089f46ab0) thrown at [./src/hotspot/share/prims/jni.cpp, line 1362]
Event: 2.120 Thread 0x000002351f8af800 Exception <a 'java/lang/NoSuchMethodError'{0x0000000089f6f660}: <clinit>> (0x0000000089f6f660) thrown at [./src/hotspot/share/prims/jni.cpp, line 1362]
Event: 2.170 Thread 0x0000023520061800 Exception <a 'java/lang/NoSuchMethodError'{0x0000000089c948d0}: 'void java.lang.invoke.DirectMethodHandle$Holder.invokeVirtual(java.lang.Object, java.lang.Object, java.lang.Object, java.lang.Object)'> (0x0000000089c948d0) thrown at [./src/hotspot/share/interpreter/linkResolver.cpp, line 773]
Event: 2.171 Thread 0x0000023520061800 Exception <a 'java/lang/NoSuchMethodError'{0x0000000089ca1338}: 'void java.lang.invoke.DelegatingMethodHandle$Holder.reinvoke_L(java.lang.Object, java.lang.Object, java.lang.Object, java.lang.Object)'> (0x0000000089ca1338) thrown at [./src/hotspot/share/interpreter/linkResolver.cpp, line 773]
Event: 2.175 Thread 0x0000023520061800 Exception <a 'java/lang/NoSuchMethodError'{0x0000000089cd1cb0}: 'long java.lang.invoke.DirectMethodHandle$Holder.invokeInterface(java.lang.Object, java.lang.Object)'> (0x0000000089cd1cb0) thrown at [./src/hotspot/share/interpreter/linkResolver.cpp, line 773]
Event: 2.177 Thread 0x0000023520061800 Exception <a 'java/lang/NoSuchMethodError'{0x0000000089cf4930}: 'void java.lang.invoke.DelegatingMethodHandle$Holder.reinvoke_L(java.lang.Object, java.lang.Object, java.lang.Object, java.lang.Object, java.lang.Object, java.lang.Object, java.lang.Object)'> (0x0000000089cf4930) thrown at [./src/hotspot/share/interpreter/linkResolver.cpp, line 773]
Event: 2.316 Thread 0x0000023520061800 Exception <a 'java/lang/NoSuchMethodError'{0x0000000088b0b5e8}: 'java.lang.Object java.lang.invoke.DirectMethodHandle$Holder.invokeVirtual(java.lang.Object, java.lang.Object, java.lang.Object)'> (0x0000000088b0b5e8) thrown at [./src/hotspot/share/interpreter/linkResolver.cpp, line 773]
Event: 2.345 Thread 0x0000023520061800 Exception <a 'java/lang/NoSuchMethodError'{0x00000000888ae018}: 'void java.lang.invoke.DirectMethodHandle$Holder.invokeInterface(java.lang.Object, java.lang.Object)'> (0x00000000888ae018) thrown at [./src/hotspot/share/interpreter/linkResolver.cpp, line 773]
Event: 2.345 Thread 0x0000023520061800 Exception <a 'java/lang/IncompatibleClassChangeError'{0x00000000888b11c8}: Found class java.lang.Object, but interface was expected> (0x00000000888b11c8) thrown at [./src/hotspot/share/interpreter/linkResolver.cpp, line 839]
Event: 2.359 Thread 0x0000023520061800 Exception <a 'java/lang/NoSuchMethodError'{0x00000000886257a8}: 'void java.lang.invoke.DirectMethodHandle$Holder.invokeStaticInit(java.lang.Object)'> (0x00000000886257a8) thrown at [./src/hotspot/share/interpreter/linkResolver.cpp, line 773]
Event: 2.393 Thread 0x0000023520061800 Exception <a 'java/lang/NoSuchMethodError'{0x000000008848fcf8}: 'java.lang.Object java.lang.invoke.DirectMethodHandle$Holder.invokeStatic(java.lang.Object, java.lang.Object, java.lang.Object, int)'> (0x000000008848fcf8) thrown at [./src/hotspot/share/interpreter/linkResolver.cpp, line 773]
Event: 2.393 Thread 0x0000023520061800 Exception <a 'java/lang/NoSuchMethodError'{0x0000000088493ec0}: 'java.lang.Object java.lang.invoke.DirectMethodHandle$Holder.invokeSpecial(java.lang.Object, java.lang.Object, java.lang.Object, java.lang.Object, int)'> (0x0000000088493ec0) thrown at [./src/hotspot/share/interpreter/linkResolver.cpp, line 773]
Event: 2.393 Thread 0x0000023520061800 Exception <a 'java/lang/NoSuchMethodError'{0x00000000884978a8}: 'java.lang.Object java.lang.invoke.Invokers$Holder.linkToTargetMethod(java.lang.Object, java.lang.Object, int, java.lang.Object)'> (0x00000000884978a8) thrown at [./src/hotspot/share/interpreter/linkResolver.cpp, line 773]
Event: 2.470 Thread 0x0000023520061800 Exception <a 'java/lang/NoSuchMethodError'{0x000000008dfa98f0}: 'int java.lang.invoke.DirectMethodHandle$Holder.invokeSpecialIFC(java.lang.Object, java.lang.Object, java.lang.Object, java.lang.Object)'> (0x000000008dfa98f0) thrown at [./src/hotspot/share/interpreter/linkResolver.cpp, line 773]
Event: 2.472 Thread 0x0000023520061800 Exception <a 'java/lang/NoSuchMethodError'{0x000000008dfb76b0}: 'java.lang.Object java.lang.invoke.DirectMethodHandle$Holder.invokeInterface(java.lang.Object, java.lang.Object, java.lang.Object)'> (0x000000008dfb76b0) thrown at [./src/hotspot/share/interpreter/linkResolver.cpp, line 773]
Event: 2.472 Thread 0x0000023520061800 Exception <a 'java/lang/IncompatibleClassChangeError'{0x000000008dfbab88}: Found class java.lang.Object, but interface was expected> (0x000000008dfbab88) thrown at [./src/hotspot/share/interpreter/linkResolver.cpp, line 839]
Event: 2.478 Thread 0x0000023520061800 Exception <a 'java/lang/NoSuchMethodError'{0x000000008de70bc8}: 'void java.lang.invoke.DirectMethodHandle$Holder.invokeStatic(java.lang.Object, java.lang.Object, java.lang.Object, java.lang.Object, java.lang.Object)'> (0x000000008de70bc8) thrown at [./src/hotspot/share/interpreter/linkResolver.cpp, line 773]

Events (20 events):
Event: 2.519 loading class org/gradle/cache/internal/SingleDepthFilesFinder
Event: 2.519 loading class org/gradle/cache/internal/SingleDepthFilesFinder done
Event: 2.520 loading class org/gradle/internal/file/impl/SingleDepthFileAccessTracker
Event: 2.520 loading class org/gradle/internal/file/impl/SingleDepthFileAccessTracker done
Event: 2.520 loading class org/gradle/tooling/internal/provider/serialization/DaemonSidePayloadClassLoaderFactory
Event: 2.520 loading class org/gradle/tooling/internal/provider/serialization/DaemonSidePayloadClassLoaderFactory done
Event: 2.520 loading class org/gradle/tooling/internal/provider/serialization/ModelClassLoaderFactory
Event: 2.520 loading class org/gradle/tooling/internal/provider/serialization/ModelClassLoaderFactory done
Event: 2.521 loading class org/gradle/internal/classloader/MultiParentClassLoader
Event: 2.521 loading class org/gradle/internal/classloader/MultiParentClassLoader done
Event: 2.521 loading class org/gradle/internal/classloader/CachingClassLoader
Event: 2.521 loading class org/gradle/internal/classloader/CachingClassLoader done
Event: 2.521 loading class org/gradle/tooling/internal/provider/serialization/PayloadSerializerObjectOutputStream
Event: 2.521 loading class org/gradle/tooling/internal/provider/serialization/PayloadSerializerObjectOutputStream done
Event: 2.522 loading class org/gradle/internal/serialize/ExceptionReplacingObjectOutputStream
Event: 2.522 loading class org/gradle/internal/serialize/ExceptionReplacingObjectOutputStream done
Event: 2.522 loading class org/gradle/tooling/internal/provider/serialization/PayloadSerializerObjectInputStream
Event: 2.522 loading class org/gradle/tooling/internal/provider/serialization/PayloadSerializerObjectInputStream done
Event: 2.522 loading class org/gradle/internal/serialize/ExceptionReplacingObjectInputStream
Event: 2.522 loading class org/gradle/internal/serialize/ExceptionReplacingObjectInputStream done


Dynamic libraries:
0x00007ff744250000 - 0x00007ff74425a000 	C:\Program Files\Android\Android Studio\jre\bin\java.exe
0x00007ffba4990000 - 0x00007ffba4b85000 	C:\Windows\SYSTEM32\ntdll.dll
0x00007ffba3b50000 - 0x00007ffba3c0e000 	C:\Windows\System32\KERNEL32.DLL
0x00007ffba2330000 - 0x00007ffba25f9000 	C:\Windows\System32\KERNELBASE.dll
0x00007ffba28e0000 - 0x00007ffba29e0000 	C:\Windows\System32\ucrtbase.dll
0x00007ffb8c7b0000 - 0x00007ffb8c7c7000 	C:\Program Files\Android\Android Studio\jre\bin\VCRUNTIME140.dll
0x00007ffb8c9d0000 - 0x00007ffb8c9e9000 	C:\Program Files\Android\Android Studio\jre\bin\jli.dll
0x00007ffba4430000 - 0x00007ffba45d1000 	C:\Windows\System32\USER32.dll
0x00007ffb8df80000 - 0x00007ffb8e21a000 	C:\Windows\WinSxS\amd64_microsoft.windows.common-controls_6595b64144ccf1df_6.0.19041.1110_none_60b5254171f9507e\COMCTL32.dll
0x00007ffba2600000 - 0x00007ffba2622000 	C:\Windows\System32\win32u.dll
0x00007ffba4920000 - 0x00007ffba494b000 	C:\Windows\System32\GDI32.dll
0x00007ffba4260000 - 0x00007ffba42fe000 	C:\Windows\System32\msvcrt.dll
0x00007ffba2720000 - 0x00007ffba282b000 	C:\Windows\System32\gdi32full.dll
0x00007ffba2630000 - 0x00007ffba26cd000 	C:\Windows\System32\msvcp_win.dll
0x00007ffba48f0000 - 0x00007ffba4920000 	C:\Windows\System32\IMM32.DLL
0x00007ffb56010000 - 0x00007ffb560ad000 	C:\Program Files\Android\Android Studio\jre\bin\msvcp140.dll
0x00007ffb38bb0000 - 0x00007ffb3967f000 	C:\Program Files\Android\Android Studio\jre\bin\server\jvm.dll
0x00007ffba2a80000 - 0x00007ffba2b2c000 	C:\Windows\System32\ADVAPI32.dll
0x00007ffba29e0000 - 0x00007ffba2a7b000 	C:\Windows\System32\sechost.dll
0x00007ffba4690000 - 0x00007ffba47ba000 	C:\Windows\System32\RPCRT4.dll
0x00007ffba4300000 - 0x00007ffba4308000 	C:\Windows\System32\PSAPI.DLL
0x00007ffb9db90000 - 0x00007ffb9db99000 	C:\Windows\SYSTEM32\WSOCK32.dll
0x00007ffb98260000 - 0x00007ffb9826a000 	C:\Windows\SYSTEM32\VERSION.dll
0x00007ffb94860000 - 0x00007ffb94887000 	C:\Windows\SYSTEM32\WINMM.dll
0x00007ffba3570000 - 0x00007ffba35db000 	C:\Windows\System32\WS2_32.dll
0x00007ffb9ffb0000 - 0x00007ffb9ffc2000 	C:\Windows\SYSTEM32\kernel.appcore.dll
0x00007ffb97ee0000 - 0x00007ffb97ef1000 	C:\Program Files\Android\Android Studio\jre\bin\verify.dll
0x00007ffb98270000 - 0x00007ffb98454000 	C:\Windows\SYSTEM32\DBGHELP.DLL
0x00007ffb91bf0000 - 0x00007ffb91c1c000 	C:\Windows\SYSTEM32\dbgcore.DLL
0x00007ffba2140000 - 0x00007ffba21c3000 	C:\Windows\System32\bcryptPrimitives.dll
0x00007ffb85300000 - 0x00007ffb85329000 	C:\Program Files\Android\Android Studio\jre\bin\java.dll
0x00007ffb9d170000 - 0x00007ffb9d17b000 	C:\Program Files\Android\Android Studio\jre\bin\jimage.dll
0x00007ffb92850000 - 0x00007ffb92868000 	C:\Program Files\Android\Android Studio\jre\bin\zip.dll
0x00007ffba2b30000 - 0x00007ffba326f000 	C:\Windows\System32\SHELL32.dll
0x00007ffba01b0000 - 0x00007ffba0940000 	C:\Windows\SYSTEM32\windows.storage.dll
0x00007ffba3db0000 - 0x00007ffba4105000 	C:\Windows\System32\combase.dll
0x00007ffba1a90000 - 0x00007ffba1abc000 	C:\Windows\SYSTEM32\Wldp.dll
0x00007ffba4110000 - 0x00007ffba41bd000 	C:\Windows\System32\SHCORE.dll
0x00007ffba3c70000 - 0x00007ffba3cc5000 	C:\Windows\System32\shlwapi.dll
0x00007ffba1ff0000 - 0x00007ffba200f000 	C:\Windows\SYSTEM32\profapi.dll
0x00007ffb8e340000 - 0x00007ffb8e35a000 	C:\Program Files\Android\Android Studio\jre\bin\net.dll
0x00007ffb94da0000 - 0x00007ffb94ea8000 	C:\Windows\SYSTEM32\WINHTTP.dll
0x00007ffba17f0000 - 0x00007ffba185a000 	C:\Windows\system32\mswsock.dll
0x00007ffb8d380000 - 0x00007ffb8d394000 	C:\Program Files\Android\Android Studio\jre\bin\nio.dll
0x00007ffb64700000 - 0x00007ffb64727000 	C:\Users\jep\.gradle\native\8bec1ad78214c89d9ad589b4d07fe93259594b29d510b10fafb7a158f7737e5d\windows-amd64\native-platform.dll
0x00007ffb41300000 - 0x00007ffb4143d000 	C:\Users\jep\.gradle\native\53dbd7edfb1c66fb8903c78663c9afc45aea4f116125fa6feffd364cf09443e8\windows-amd64\native-platform-file-events.dll
0x00007ffb97f80000 - 0x00007ffb97f8a000 	C:\Program Files\Android\Android Studio\jre\bin\management.dll
0x00007ffb97ed0000 - 0x00007ffb97edc000 	C:\Program Files\Android\Android Studio\jre\bin\management_ext.dll
0x00007ffba19e0000 - 0x00007ffba19f8000 	C:\Windows\SYSTEM32\CRYPTSP.dll
0x00007ffba1170000 - 0x00007ffba11a4000 	C:\Windows\system32\rsaenh.dll
0x00007ffba2110000 - 0x00007ffba2137000 	C:\Windows\System32\bcrypt.dll
0x00007ffba1fb0000 - 0x00007ffba1fde000 	C:\Windows\SYSTEM32\USERENV.dll
0x00007ffba1a00000 - 0x00007ffba1a0c000 	C:\Windows\SYSTEM32\CRYPTBASE.dll
0x00007ffba14e0000 - 0x00007ffba151b000 	C:\Windows\SYSTEM32\IPHLPAPI.DLL
0x00007ffba3270000 - 0x00007ffba3278000 	C:\Windows\System32\NSI.dll
0x00007ffb9bb30000 - 0x00007ffb9bb47000 	C:\Windows\SYSTEM32\dhcpcsvc6.DLL
0x00007ffb9bc00000 - 0x00007ffb9bc1d000 	C:\Windows\SYSTEM32\dhcpcsvc.DLL
0x00007ffba1520000 - 0x00007ffba15ec000 	C:\Windows\SYSTEM32\DNSAPI.dll

dbghelp: loaded successfully - version: 4.0.5 - missing functions: none
symbol engine: initialized successfully - sym options: 0x614 - pdb path: .;C:\Program Files\Android\Android Studio\jre\bin;C:\Windows\SYSTEM32;C:\Windows\WinSxS\amd64_microsoft.windows.common-controls_6595b64144ccf1df_6.0.19041.1110_none_60b5254171f9507e;C:\Program Files\Android\Android Studio\jre\bin\server;C:\Users\jep\.gradle\native\8bec1ad78214c89d9ad589b4d07fe93259594b29d510b10fafb7a158f7737e5d\windows-amd64;C:\Users\jep\.gradle\native\53dbd7edfb1c66fb8903c78663c9afc45aea4f116125fa6feffd364cf09443e8\windows-amd64

VM Arguments:
jvm_args: --add-opens=java.base/java.util=ALL-UNNAMED --add-opens=java.base/java.lang=ALL-UNNAMED --add-opens=java.base/java.lang.invoke=ALL-UNNAMED --add-opens=java.base/java.util=ALL-UNNAMED --add-opens=java.prefs/java.util.prefs=ALL-UNNAMED --add-opens=java.prefs/java.util.prefs=ALL-UNNAMED --add-opens=java.base/java.nio.charset=ALL-UNNAMED --add-opens=java.base/java.net=ALL-UNNAMED --add-opens=java.base/java.util.concurrent.atomic=ALL-UNNAMED -Xmx2048m -Dfile.encoding=UTF-8 -Duser.country=US -Duser.language=en -Duser.variant 
java_command: org.gradle.launcher.daemon.bootstrap.GradleDaemon 7.0.2
java_class_path (initial): C:\Users\jep\.gradle\wrapper\dists\gradle-7.0.2-bin\857tjihv64xamwrf0h14cai3r\gradle-7.0.2\lib\gradle-launcher-7.0.2.jar
Launcher Type: SUN_STANDARD

[Global flags]
     intx CICompilerCount                          = 4                                         {product} {ergonomic}
     uint ConcGCThreads                            = 2                                         {product} {ergonomic}
     uint G1ConcRefinementThreads                  = 8                                         {product} {ergonomic}
   size_t G1HeapRegionSize                         = 1048576                                   {product} {ergonomic}
    uintx GCDrainStackTargetSize                   = 64                                        {product} {ergonomic}
   size_t InitialHeapSize                          = 234881024                                 {product} {ergonomic}
   size_t MarkStackSize                            = 4194304                                   {product} {ergonomic}
   size_t MaxHeapSize                              = 2147483648                                {product} {command line}
   size_t MaxNewSize                               = 1287651328                                {product} {ergonomic}
   size_t MinHeapDeltaBytes                        = 1048576                                   {product} {ergonomic}
    uintx NonNMethodCodeHeapSize                   = 5836300                                {pd product} {ergonomic}
    uintx NonProfiledCodeHeapSize                  = 122910970                              {pd product} {ergonomic}
    uintx ProfiledCodeHeapSize                     = 122910970                              {pd product} {ergonomic}
    uintx ReservedCodeCacheSize                    = 251658240                              {pd product} {ergonomic}
     bool SegmentedCodeCache                       = true                                      {product} {ergonomic}
     bool UseCompressedClassPointers               = true                                 {lp64_product} {ergonomic}
     bool UseCompressedOops                        = true                                 {lp64_product} {ergonomic}
     bool UseG1GC                                  = true                                      {product} {ergonomic}
     bool UseLargePagesIndividualAllocation        = false                                  {pd product} {ergonomic}

Logging:
Log output configuration:
 #0: stdout all=warning uptime,level,tags
 #1: stderr all=off uptime,level,tags

Environment Variables:
PATH=C:\Windows\system32;C:\Windows;C:\Windows\System32\Wbem;C:\Windows\System32\WindowsPowerShell\v1.0\;C:\Windows\System32\OpenSSH\;C:\Users\jep\AppData\Local\Microsoft\WindowsApps;
USERNAME=jep
OS=Windows_NT
PROCESSOR_IDENTIFIER=AMD64 Family 23 Model 24 Stepping 1, AuthenticAMD



---------------  S Y S T E M  ---------------

OS: Windows 10 , 64 bit Build 19041 (10.0.19041.1202)
OS uptime: 0 days 2:44 hours

CPU:total 8 (initial active 8) (8 cores per cpu, 2 threads per core) family 23 model 24 stepping 1 microcode 0x0, cmov, cx8, fxsr, mmx, sse, sse2, sse3, ssse3, sse4.1, sse4.2, popcnt, avx, avx2, aes, clmul, mmxext, 3dnowpref, lzcnt, sse4a, ht, tsc, tscinvbit, tscinv, bmi1, bmi2, adx, s

Memory: 4k page, system-wide physical 14274M (7188M free)
TotalPageFile size 16962M (AvailPageFile size 6529M)
current process WorkingSet (physical memory assigned to process): 219M, peak: 219M
current process commit charge ("private bytes"): 369M, peak: 369M

vm_info: OpenJDK 64-Bit Server VM (11.0.10+0-b96-7249189) for windows-amd64 JRE (11.0.10+0-b96-7249189), built on Mar 31 2021 21:44:00 by "builder" with MS VC++ 14.0 (VS2015)

END.
