#
# A fatal error has been detected by the Java Runtime Environment:
#
#  EXCEPTION_ACCESS_VIOLATION (0xc0000005) at pc=0x00007ffb38f07f98, pid=5112, tid=3648
#
# JRE version: OpenJDK Runtime Environment (11.0.10) (build 11.0.10+0-b96-7249189)
# Java VM: OpenJDK 64-Bit Server VM (11.0.10+0-b96-7249189, mixed mode, tiered, compressed oops, g1 gc, windows-amd64)
# Problematic frame:
# V  [jvm.dll+0x357f98]
#
# No core dump will be written. Minidumps are not enabled by default on client versions of Windows
#
# If you would like to submit a bug report, please visit:
#   https://bugreport.java.com/bugreport/crash.jsp
#

---------------  S U M M A R Y ------------

Command Line: --add-opens=java.base/java.util=ALL-UNNAMED --add-opens=java.base/java.lang=ALL-UNNAMED --add-opens=java.base/java.lang.invoke=ALL-UNNAMED --add-opens=java.base/java.util=ALL-UNNAMED --add-opens=java.prefs/java.util.prefs=ALL-UNNAMED --add-opens=java.prefs/java.util.prefs=ALL-UNNAMED --add-opens=java.base/java.nio.charset=ALL-UNNAMED --add-opens=java.base/java.net=ALL-UNNAMED --add-opens=java.base/java.util.concurrent.atomic=ALL-UNNAMED -Xmx2048m -Dfile.encoding=UTF-8 -Duser.country=US -Duser.language=en -Duser.variant org.gradle.launcher.daemon.bootstrap.GradleDaemon 7.0.2

Host: AMD Ryzen 5 3550H with Radeon Vega Mobile Gfx  , 8 cores, 13G,  Windows 10 , 64 bit Build 19041 (10.0.19041.1202)
Time: Sun Jan 23 03:48:26 2022 Pacific Standard Time elapsed time: 68.089944 seconds (0d 0h 1m 8s)

---------------  T H R E A D  ---------------

Current thread (0x000002a845b1c800):  JavaThread "C2 CompilerThread2" daemon [_thread_in_native, id=3648, stack(0x000000e865500000,0x000000e865600000)]


Current CompileTask:
C2:  68090 10495       4       org.gradle.internal.instantiation.generator.AbstractClassGenerator$ClassMetadata::property (42 bytes)

Stack: [0x000000e865500000,0x000000e865600000],  sp=0x000000e8655fc0f8,  free space=1008k
Native frames: (J=compiled Java code, j=interpreted, Vv=VM code, C=native code)
V  [jvm.dll+0x357f98]


siginfo: EXCEPTION_ACCESS_VIOLATION (0xc0000005), writing address 0x00007dfb395a7c38


Register to memory mapping:

RIP=0x00007ffb38f07f98 jvm.dll
RAX=0x000000e8655feb10 is pointing into the stack for thread: 0x000002a845b1c800
RBX=0x000000e8655fc2f0 is pointing into the stack for thread: 0x000002a845b1c800
RCX=0x000002a84da377a0 points into unknown readable memory: 0x000002a84da36b20 | 20 6b a3 4d a8 02 00 00
RDX=0x000000e8655ff7d0 is pointing into the stack for thread: 0x000002a845b1c800
RSP=0x000000e8655fc0f8 is pointing into the stack for thread: 0x000002a845b1c800
RBP=0x000000000000011a is an unknown value
RSI=0x000002a848331120 points into unknown readable memory: 0x0000000000000000 | 00 00 00 00 00 00 00 00
RDI=0x0000000000000009 is an unknown value
R8 =0x000002a8482f9658 points into unknown readable memory: 0x000002a845b1c800 | 00 c8 b1 45 a8 02 00 00
R9 =0x00007dfb395a7c38 is an unknown value
R10=0x0000000000000048 is an unknown value
R11=0x000002a848331120 points into unknown readable memory: 0x0000000000000000 | 00 00 00 00 00 00 00 00
R12=0x000002a8505324c0 points into unknown readable memory: 0x000002a8483260d0 | d0 60 32 48 a8 02 00 00
R13=0x000002a850534510 points into unknown readable memory: 0x0000000000000000 | 00 00 00 00 00 00 00 00
R14=0x000002a84c397ec0 points into unknown readable memory: 0x00007ffb39398568 | 68 85 39 39 fb 7f 00 00
R15=0x000002a8485dc240 points into unknown readable memory: 0x0000000000000006 | 06 00 00 00 00 00 00 00


Registers:
RAX=0x000000e8655feb10, RBX=0x000000e8655fc2f0, RCX=0x000002a84da377a0, RDX=0x000000e8655ff7d0
RSP=0x000000e8655fc0f8, RBP=0x000000000000011a, RSI=0x000002a848331120, RDI=0x0000000000000009
R8 =0x000002a8482f9658, R9 =0x00007dfb395a7c38, R10=0x0000000000000048, R11=0x000002a848331120
R12=0x000002a8505324c0, R13=0x000002a850534510, R14=0x000002a84c397ec0, R15=0x000002a8485dc240
RIP=0x00007ffb38f07f98, EFLAGS=0x0000000000010202

Top of Stack: (sp=0x000000e8655fc0f8)
0x000000e8655fc0f8:   00007ffb3909a977 000000e8655fc2f0
0x000000e8655fc108:   000000e8655fc2f0 00000000000000d8
0x000000e8655fc118:   000000000000001b 000002a8482f9658
0x000000e8655fc128:   000002a8485dc240 000002a8505324c0
0x000000e8655fc138:   000002a850534510 0000000000148fa0
0x000000e8655fc148:   000002a85053a4a8 00007ffb3941de48
0x000000e8655fc158:   000002a8485dc240 0000000000000020
0x000000e8655fc168:   000002a850515920 000000e8655fc280
0x000000e8655fc178:   000002a84c322a60 000002a84c322a70
0x000000e8655fc188:   0000000000000008 00000000000003d8
0x000000e8655fc198:   0000000000000000 000000e8655fc708
0x000000e8655fc1a8:   000000e8655fc2c0 000000e8655fc620
0x000000e8655fc1b8:   00007ffb38d48021 000000e800000001
0x000000e8655fc1c8:   000000e800000001 000000e800000000
0x000000e8655fc1d8:   000002a8483260e0 000000e8655fc300
0x000000e8655fc1e8:   0000000000000001 00007ffb00000006 

Instructions: (pc=0x00007ffb38f07f98)
0x00007ffb38f07e98:   01 41 89 09 49 8b c9 41 89 41 08 e8 78 33 e4 ff
0x00007ffb38f07ea8:   eb 8a cc cc cc cc cc cc 40 53 48 83 ec 20 8b 0d
0x00007ffb38f07eb8:   c0 b8 6d 00 65 48 8b 04 25 58 00 00 00 ba 08 00
0x00007ffb38f07ec8:   00 00 48 8b 04 c8 48 8b 0c 10 48 8b 81 d0 04 00
0x00007ffb38f07ed8:   00 48 8b 98 88 00 00 00 48 8b 83 88 08 00 00 48
0x00007ffb38f07ee8:   85 c0 75 0c e8 ff 06 00 00 48 8b 83 88 08 00 00
0x00007ffb38f07ef8:   48 8b 08 48 89 8b 88 08 00 00 33 c9 48 89 08 48
0x00007ffb38f07f08:   89 48 08 48 89 48 10 48 89 48 18 48 83 c4 20 5b
0x00007ffb38f07f18:   c3 cc cc cc cc cc cc cc 48 89 5c 24 08 57 48 83
0x00007ffb38f07f28:   ec 20 8b da 48 8b f9 e8 7c ff ff ff 48 8b 4f 08
0x00007ffb38f07f38:   8b d3 48 8b 5c 24 30 48 c1 ea 08 48 89 04 d1 48
0x00007ffb38f07f48:   83 c4 20 5f c3 cc cc cc 4c 8b d9 8b c2 8b 15 21
0x00007ffb38f07f58:   b8 6d 00 4c 8d 14 c5 00 00 00 00 48 8b 41 08 b9
0x00007ffb38f07f68:   08 00 00 00 4d 8b 0c 02 65 48 8b 04 25 58 00 00
0x00007ffb38f07f78:   00 4c 8b 04 d0 4c 03 c1 49 8b 00 48 8b 90 d0 04
0x00007ffb38f07f88:   00 00 48 8b 82 88 00 00 00 48 8b 88 88 08 00 00
0x00007ffb38f07f98:   49 89 09 49 8b 00 48 8b 88 d0 04 00 00 48 8b 81
0x00007ffb38f07fa8:   88 00 00 00 48 8d 0d 85 fc 69 00 4c 89 88 88 08
0x00007ffb38f07fb8:   00 00 49 8b 43 08 49 89 0c 02 c3 cc cc cc cc cc
0x00007ffb38f07fc8:   cc cc cc cc cc cc cc cc 48 89 5c 24 18 57 48 83
0x00007ffb38f07fd8:   ec 20 81 c2 ff 00 00 00 33 db c1 ea 08 48 8b f9
0x00007ffb38f07fe8:   89 19 89 91 90 00 00 00 83 fa 10 77 0d 48 8d 41
0x00007ffb38f07ff8:   10 48 89 41 08 e9 90 00 00 00 8b 0d 74 b7 6d 00
0x00007ffb38f08008:   65 48 8b 04 25 58 00 00 00 48 89 6c 24 30 41 b8
0x00007ffb38f08018:   08 00 00 00 8b ea 48 8b 04 c8 48 c1 e5 03 48 89
0x00007ffb38f08028:   74 24 38 4a 8b 0c 00 48 8b 81 d0 04 00 00 48 8b
0x00007ffb38f08038:   88 88 00 00 00 48 8b c5 48 f7 d0 48 8b b1 80 08
0x00007ffb38f08048:   00 00 48 3b 46 18 73 12 4c 8d 05 69 64 48 00 48
0x00007ffb38f08058:   8b d5 48 8b ce e8 8e 4d d6 ff 48 8b 46 18 48 8d
0x00007ffb38f08068:   0c 28 48 3b 4e 20 76 10 45 33 c0 48 8b d5 48 8b
0x00007ffb38f08078:   ce e8 52 49 d6 ff eb 04 48 89 4e 18 48 8b 74 24
0x00007ffb38f08088:   38 48 8b 6c 24 30 48 89 47 08 39 9f 90 00 00 00 


Stack slot to memory mapping:
stack at sp + 0 slots: 0x00007ffb3909a977 jvm.dll
stack at sp + 1 slots: 0x000000e8655fc2f0 is pointing into the stack for thread: 0x000002a845b1c800
stack at sp + 2 slots: 0x000000e8655fc2f0 is pointing into the stack for thread: 0x000002a845b1c800
stack at sp + 3 slots: 0x00000000000000d8 is an unknown value
stack at sp + 4 slots: 0x000000000000001b is an unknown value
stack at sp + 5 slots: 0x000002a8482f9658 points into unknown readable memory: 0x000002a845b1c800 | 00 c8 b1 45 a8 02 00 00
stack at sp + 6 slots: 0x000002a8485dc240 points into unknown readable memory: 0x0000000000000006 | 06 00 00 00 00 00 00 00
stack at sp + 7 slots: 0x000002a8505324c0 points into unknown readable memory: 0x000002a8483260d0 | d0 60 32 48 a8 02 00 00


---------------  P R O C E S S  ---------------

Threads class SMR info:
_java_thread_list=0x000002a848e35070, length=53, elements={
0x000002a82a109800, 0x000002a844cd4800, 0x000002a845500800, 0x000002a845557800,
0x000002a845558800, 0x000002a84555c000, 0x000002a84555e000, 0x000002a845562800,
0x000002a845570800, 0x000002a8456d1800, 0x000002a846e2f000, 0x000002a8458dd800,
0x000002a847888800, 0x000002a847646000, 0x000002a847648000, 0x000002a847647000,
0x000002a847648800, 0x000002a847649800, 0x000002a84764a000, 0x000002a84764c800,
0x000002a84764c000, 0x000002a847af5000, 0x000002a847af6000, 0x000002a847af6800,
0x000002a847afa000, 0x000002a847af7800, 0x000002a847af8800, 0x000002a847af4000,
0x000002a847afb000, 0x000002a847af9000, 0x000002a849256000, 0x000002a849252800,
0x000002a849254000, 0x000002a849255000, 0x000002a849256800, 0x000002a849259000,
0x000002a849257800, 0x000002a849253800, 0x000002a84925c800, 0x000002a84925f000,
0x000002a84925b000, 0x000002a84925d000, 0x000002a84925b800, 0x000002a84925e000,
0x000002a84925a000, 0x000002a849260800, 0x000002a849261800, 0x000002a845b21000,
0x000002a845b1d000, 0x000002a845b1e000, 0x000002a845b1f000, 0x000002a845b22000,
0x000002a845b1c800
}

Java Threads: ( => current thread )
  0x000002a82a109800 JavaThread "main" [_thread_blocked, id=2700, stack(0x000000e865600000,0x000000e865700000)]
  0x000002a844cd4800 JavaThread "Reference Handler" daemon [_thread_blocked, id=572, stack(0x000000e865d00000,0x000000e865e00000)]
  0x000002a845500800 JavaThread "Finalizer" daemon [_thread_blocked, id=11928, stack(0x000000e865e00000,0x000000e865f00000)]
  0x000002a845557800 JavaThread "Signal Dispatcher" daemon [_thread_blocked, id=3888, stack(0x000000e865f00000,0x000000e866000000)]
  0x000002a845558800 JavaThread "Attach Listener" daemon [_thread_blocked, id=11096, stack(0x000000e866000000,0x000000e866100000)]
  0x000002a84555c000 JavaThread "Service Thread" daemon [_thread_blocked, id=11404, stack(0x000000e866100000,0x000000e866200000)]
  0x000002a84555e000 JavaThread "C2 CompilerThread0" daemon [_thread_in_native, id=11624, stack(0x000000e866200000,0x000000e866300000)]
  0x000002a845562800 JavaThread "C1 CompilerThread0" daemon [_thread_blocked, id=472, stack(0x000000e866300000,0x000000e866400000)]
  0x000002a845570800 JavaThread "Sweeper thread" daemon [_thread_blocked, id=10904, stack(0x000000e866400000,0x000000e866500000)]
  0x000002a8456d1800 JavaThread "Common-Cleaner" daemon [_thread_blocked, id=8696, stack(0x000000e866500000,0x000000e866600000)]
  0x000002a846e2f000 JavaThread "Daemon health stats" [_thread_blocked, id=11044, stack(0x000000e866d00000,0x000000e866e00000)]
  0x000002a8458dd800 JavaThread "Incoming local TCP Connector on port 51739" [_thread_in_native, id=12884, stack(0x000000e866700000,0x000000e866800000)]
  0x000002a847888800 JavaThread "Daemon periodic checks" [_thread_blocked, id=7760, stack(0x000000e866c00000,0x000000e866d00000)]
  0x000002a847646000 JavaThread "Daemon" [_thread_blocked, id=9788, stack(0x000000e866e00000,0x000000e866f00000)]
  0x000002a847648000 JavaThread "Handler for socket connection from /127.0.0.1:51739 to /127.0.0.1:51740" [_thread_in_native, id=12960, stack(0x000000e866f00000,0x000000e867000000)]
  0x000002a847647000 JavaThread "Cancel handler" [_thread_blocked, id=7896, stack(0x000000e867000000,0x000000e867100000)]
  0x000002a847648800 JavaThread "Daemon worker" [_thread_in_Java, id=8264, stack(0x000000e867100000,0x000000e867200000)]
  0x000002a847649800 JavaThread "Asynchronous log dispatcher for DefaultDaemonConnection: socket connection from /127.0.0.1:51739 to /127.0.0.1:51740" [_thread_blocked, id=6928, stack(0x000000e867200000,0x000000e867300000)]
  0x000002a84764a000 JavaThread "Daemon client event forwarder" [_thread_blocked, id=8644, stack(0x000000e867400000,0x000000e867500000)]
  0x000002a84764c800 JavaThread "Cache worker for file hash cache (C:\Users\jep\.gradle\caches\7.0.2\fileHashes)" [_thread_blocked, id=9144, stack(0x000000e867500000,0x000000e867600000)]
  0x000002a84764c000 JavaThread "File lock request listener" [_thread_in_native, id=11696, stack(0x000000e867600000,0x000000e867700000)]
  0x000002a847af5000 JavaThread "Cache worker for journal cache (C:\Users\jep\.gradle\caches\journal-1)" [_thread_blocked, id=10772, stack(0x000000e867b00000,0x000000e867c00000)]
  0x000002a847af6000 JavaThread "Cache worker for file hash cache (C:\Users\jep\AndroidStudioProjects\FirstAidKit\.gradle\7.0.2\fileHashes)" [_thread_blocked, id=1648, stack(0x000000e867e00000,0x000000e867f00000)]
  0x000002a847af6800 JavaThread "File watcher server" daemon [_thread_in_native, id=10752, stack(0x000000e867f00000,0x000000e868000000)]
  0x000002a847afa000 JavaThread "File watcher consumer" daemon [_thread_blocked, id=8456, stack(0x000000e868000000,0x000000e868100000)]
  0x000002a847af7800 JavaThread "jar transforms" [_thread_blocked, id=8780, stack(0x000000e868100000,0x000000e868200000)]
  0x000002a847af8800 JavaThread "jar transforms Thread 2" [_thread_blocked, id=6920, stack(0x000000e868200000,0x000000e868300000)]
  0x000002a847af4000 JavaThread "jar transforms Thread 3" [_thread_blocked, id=11592, stack(0x000000e868300000,0x000000e868400000)]
  0x000002a847afb000 JavaThread "jar transforms Thread 4" [_thread_blocked, id=10512, stack(0x000000e868400000,0x000000e868500000)]
  0x000002a847af9000 JavaThread "jar transforms Thread 5" [_thread_blocked, id=9564, stack(0x000000e868500000,0x000000e868600000)]
  0x000002a849256000 JavaThread "jar transforms Thread 6" [_thread_blocked, id=12008, stack(0x000000e868600000,0x000000e868700000)]
  0x000002a849252800 JavaThread "jar transforms Thread 7" [_thread_blocked, id=9224, stack(0x000000e868700000,0x000000e868800000)]
  0x000002a849254000 JavaThread "jar transforms Thread 8" [_thread_blocked, id=3424, stack(0x000000e868800000,0x000000e868900000)]
  0x000002a849255000 JavaThread "Cache worker for checksums cache (C:\Users\jep\AndroidStudioProjects\FirstAidKit\.gradle\checksums)" [_thread_blocked, id=13284, stack(0x000000e868900000,0x000000e868a00000)]
  0x000002a849256800 JavaThread "Cache worker for cache directory md-supplier (C:\Users\jep\.gradle\caches\7.0.2\md-supplier)" [_thread_blocked, id=8988, stack(0x000000e868a00000,0x000000e868b00000)]
  0x000002a849259000 JavaThread "Cache worker for cache directory md-rule (C:\Users\jep\.gradle\caches\7.0.2\md-rule)" [_thread_blocked, id=1232, stack(0x000000e867d00000,0x000000e867e00000)]
  0x000002a849257800 JavaThread "Cache worker for execution history cache (C:\Users\jep\.gradle\caches\7.0.2\executionHistory)" [_thread_blocked, id=8628, stack(0x000000e868b00000,0x000000e868c00000)]
  0x000002a849253800 JavaThread "Cache worker for file content cache (C:\Users\jep\.gradle\caches\7.0.2\fileContent)" [_thread_blocked, id=11480, stack(0x000000e868d00000,0x000000e868e00000)]
  0x000002a84925c800 JavaThread "Cache worker for dependencies-accessors (C:\Users\jep\AndroidStudioProjects\FirstAidKit\.gradle\7.0.2\dependencies-accessors)" [_thread_blocked, id=6876, stack(0x000000e868e00000,0x000000e868f00000)]
  0x000002a84925f000 JavaThread "Cache worker for Build Output Cleanup Cache (C:\Users\jep\AndroidStudioProjects\FirstAidKit\.gradle\buildOutputCleanup)" [_thread_blocked, id=8948, stack(0x000000e868f00000,0x000000e869000000)]
  0x000002a84925b000 JavaThread "Build operations" [_thread_blocked, id=9524, stack(0x000000e869000000,0x000000e869100000)]
  0x000002a84925d000 JavaThread "Build operations Thread 2" [_thread_blocked, id=11800, stack(0x000000e869100000,0x000000e869200000)]
  0x000002a84925b800 JavaThread "Build operations Thread 3" [_thread_blocked, id=6604, stack(0x000000e869200000,0x000000e869300000)]
  0x000002a84925e000 JavaThread "Build operations Thread 4" [_thread_blocked, id=6964, stack(0x000000e869300000,0x000000e869400000)]
  0x000002a84925a000 JavaThread "Build operations Thread 5" [_thread_blocked, id=12936, stack(0x000000e869400000,0x000000e869500000)]
  0x000002a849260800 JavaThread "Build operations Thread 6" [_thread_blocked, id=11228, stack(0x000000e869500000,0x000000e869600000)]
  0x000002a849261800 JavaThread "Build operations Thread 7" [_thread_blocked, id=12348, stack(0x000000e869600000,0x000000e869700000)]
  0x000002a845b21000 JavaThread "Build operations Thread 8" [_thread_blocked, id=11896, stack(0x000000e869700000,0x000000e869800000)]
  0x000002a845b1d000 JavaThread "Memory manager" [_thread_blocked, id=8800, stack(0x000000e869800000,0x000000e869900000)]
  0x000002a845b1e000 JavaThread "File lock release action executor" [_thread_blocked, id=4816, stack(0x000000e869900000,0x000000e869a00000)]
  0x000002a845b1f000 JavaThread "Keep-Alive-Timer" daemon [_thread_blocked, id=8064, stack(0x000000e865300000,0x000000e865400000)]
  0x000002a845b22000 JavaThread "C2 CompilerThread1" daemon [_thread_in_native, id=12648, stack(0x000000e865400000,0x000000e865500000)]
=>0x000002a845b1c800 JavaThread "C2 CompilerThread2" daemon [_thread_in_native, id=3648, stack(0x000000e865500000,0x000000e865600000)]

Other Threads:
  0x000002a844cd0800 VMThread "VM Thread" [stack: 0x000000e865c00000,0x000000e865d00000] [id=4148]
  0x000002a8456d2800 WatcherThread [stack: 0x000000e866600000,0x000000e866700000] [id=9348]
  0x000002a82a123000 GCTaskThread "GC Thread#0" [stack: 0x000000e865700000,0x000000e865800000] [id=8372]
  0x000002a84626f800 GCTaskThread "GC Thread#1" [stack: 0x000000e866800000,0x000000e866900000] [id=7900]
  0x000002a8465df800 GCTaskThread "GC Thread#2" [stack: 0x000000e866900000,0x000000e866a00000] [id=7928]
  0x000002a845c1a800 GCTaskThread "GC Thread#3" [stack: 0x000000e866a00000,0x000000e866b00000] [id=12192]
  0x000002a8463d3000 GCTaskThread "GC Thread#4" [stack: 0x000000e866b00000,0x000000e866c00000] [id=12516]
  0x000002a84789b800 GCTaskThread "GC Thread#5" [stack: 0x000000e867700000,0x000000e867800000] [id=12388]
  0x000002a84788c800 GCTaskThread "GC Thread#6" [stack: 0x000000e867800000,0x000000e867900000] [id=5384]
  0x000002a84693c000 GCTaskThread "GC Thread#7" [stack: 0x000000e867900000,0x000000e867a00000] [id=12900]
  0x000002a82a156800 ConcurrentGCThread "G1 Main Marker" [stack: 0x000000e865800000,0x000000e865900000] [id=12224]
  0x000002a82a158000 ConcurrentGCThread "G1 Conc#0" [stack: 0x000000e865900000,0x000000e865a00000] [id=10824]
  0x000002a8479a6800 ConcurrentGCThread "G1 Conc#1" [stack: 0x000000e867a00000,0x000000e867b00000] [id=4640]
  0x000002a844b3c800 ConcurrentGCThread "G1 Refine#0" [stack: 0x000000e865a00000,0x000000e865b00000] [id=13008]
  0x000002a844b3d800 ConcurrentGCThread "G1 Young RemSet Sampling" [stack: 0x000000e865b00000,0x000000e865c00000] [id=10488]

Threads with active compile tasks:
C2 CompilerThread0  68124 10512       4       sun.reflect.generics.visitor.Reifier::visitClassTypeSignature (381 bytes)
C1 CompilerThread0  68124 10542       3       org.gradle.api.internal.DefaultDomainObjectSet_Decorated::getMutationGuard (39 bytes)
C2 CompilerThread1  68124 10270       4       com.sun.org.apache.xerces.internal.impl.XMLNSDocumentScannerImpl::scanStartElement (1026 bytes)
C2 CompilerThread2  68124 10495       4       org.gradle.internal.instantiation.generator.AbstractClassGenerator$ClassMetadata::property (42 bytes)

VM state:not at safepoint (normal execution)

VM Mutex/Monitor currently owned by a thread: None

Heap address: 0x0000000080000000, size: 2048 MB, Compressed Oops mode: 32-bit
Narrow klass base: 0x0000000000000000, Narrow klass shift: 3
Compressed class space size: 1073741824 Address: 0x0000000100000000

Heap:
 garbage-first heap   total 229376K, used 94173K [0x0000000080000000, 0x0000000100000000)
  region size 1024K, 10 young (10240K), 8 survivors (8192K)
 Metaspace       used 96624K, capacity 99299K, committed 99492K, reserved 1136640K
  class space    used 12392K, capacity 13233K, committed 13312K, reserved 1048576K
Heap Regions: E=young(eden), S=young(survivor), O=old, HS=humongous(starts), HC=humongous(continues), CS=collection set, F=free, A=archive, TAMS=top-at-mark-start (previous, next)
|   0|0x0000000080000000, 0x0000000080100000, 0x0000000080100000|100%| O|  |TAMS 0x0000000080100000, 0x0000000080000000| Untracked 
|   1|0x0000000080100000, 0x0000000080200000, 0x0000000080200000|100%| O|  |TAMS 0x0000000080200000, 0x0000000080100000| Untracked 
|   2|0x0000000080200000, 0x0000000080300000, 0x0000000080300000|100%| O|  |TAMS 0x0000000080300000, 0x0000000080200000| Untracked 
|   3|0x0000000080300000, 0x0000000080400000, 0x0000000080400000|100%|HS|  |TAMS 0x0000000080400000, 0x0000000080300000| Complete 
|   4|0x0000000080400000, 0x0000000080500000, 0x0000000080500000|100%|HC|  |TAMS 0x0000000080500000, 0x0000000080400000| Complete 
|   5|0x0000000080500000, 0x0000000080600000, 0x0000000080600000|100%|HC|  |TAMS 0x0000000080600000, 0x0000000080500000| Complete 
|   6|0x0000000080600000, 0x0000000080700000, 0x0000000080700000|100%| O|  |TAMS 0x0000000080700000, 0x0000000080600000| Untracked 
|   7|0x0000000080700000, 0x0000000080800000, 0x0000000080800000|100%| O|  |TAMS 0x0000000080800000, 0x0000000080700000| Untracked 
|   8|0x0000000080800000, 0x0000000080900000, 0x0000000080900000|100%| O|  |TAMS 0x0000000080900000, 0x0000000080800000| Untracked 
|   9|0x0000000080900000, 0x0000000080a00000, 0x0000000080a00000|100%| O|  |TAMS 0x0000000080a00000, 0x0000000080900000| Untracked 
|  10|0x0000000080a00000, 0x0000000080b00000, 0x0000000080b00000|100%| O|  |TAMS 0x0000000080b00000, 0x0000000080a00000| Untracked 
|  11|0x0000000080b00000, 0x0000000080c00000, 0x0000000080c00000|100%| O|  |TAMS 0x0000000080c00000, 0x0000000080b00000| Untracked 
|  12|0x0000000080c00000, 0x0000000080d00000, 0x0000000080d00000|100%| O|  |TAMS 0x0000000080d00000, 0x0000000080c00000| Untracked 
|  13|0x0000000080d00000, 0x0000000080e00000, 0x0000000080e00000|100%| O|  |TAMS 0x0000000080e00000, 0x0000000080d00000| Untracked 
|  14|0x0000000080e00000, 0x0000000080f00000, 0x0000000080f00000|100%| O|  |TAMS 0x0000000080f00000, 0x0000000080e00000| Untracked 
|  15|0x0000000080f00000, 0x0000000081000000, 0x0000000081000000|100%| O|  |TAMS 0x0000000081000000, 0x0000000080f00000| Untracked 
|  16|0x0000000081000000, 0x0000000081100000, 0x0000000081100000|100%|HS|  |TAMS 0x0000000081100000, 0x0000000081000000| Complete 
|  17|0x0000000081100000, 0x0000000081200000, 0x0000000081200000|100%|HC|  |TAMS 0x0000000081200000, 0x0000000081100000| Complete 
|  18|0x0000000081200000, 0x0000000081300000, 0x0000000081300000|100%|HS|  |TAMS 0x0000000081300000, 0x0000000081200000| Complete 
|  19|0x0000000081300000, 0x0000000081400000, 0x0000000081400000|100%|HC|  |TAMS 0x0000000081400000, 0x0000000081300000| Complete 
|  20|0x0000000081400000, 0x0000000081500000, 0x0000000081500000|100%|HC|  |TAMS 0x0000000081500000, 0x0000000081400000| Complete 
|  21|0x0000000081500000, 0x0000000081600000, 0x0000000081600000|100%|HS|  |TAMS 0x0000000081600000, 0x0000000081500000| Complete 
|  22|0x0000000081600000, 0x0000000081700000, 0x0000000081700000|100%|HC|  |TAMS 0x0000000081700000, 0x0000000081600000| Complete 
|  23|0x0000000081700000, 0x0000000081800000, 0x0000000081800000|100%|HC|  |TAMS 0x0000000081800000, 0x0000000081700000| Complete 
|  24|0x0000000081800000, 0x0000000081900000, 0x0000000081900000|100%|HC|  |TAMS 0x0000000081900000, 0x0000000081800000| Complete 
|  25|0x0000000081900000, 0x0000000081a00000, 0x0000000081a00000|100%|HC|  |TAMS 0x0000000081a00000, 0x0000000081900000| Complete 
|  26|0x0000000081a00000, 0x0000000081b00000, 0x0000000081b00000|100%| O|  |TAMS 0x0000000081b00000, 0x0000000081a00000| Untracked 
|  27|0x0000000081b00000, 0x0000000081c00000, 0x0000000081c00000|100%| O|  |TAMS 0x0000000081c00000, 0x0000000081b00000| Untracked 
|  28|0x0000000081c00000, 0x0000000081d00000, 0x0000000081d00000|100%| O|  |TAMS 0x0000000081d00000, 0x0000000081c00000| Untracked 
|  29|0x0000000081d00000, 0x0000000081e00000, 0x0000000081e00000|100%|HS|  |TAMS 0x0000000081e00000, 0x0000000081d00000| Complete 
|  30|0x0000000081e00000, 0x0000000081f00000, 0x0000000081f00000|100%|HC|  |TAMS 0x0000000081f00000, 0x0000000081e00000| Complete 
|  31|0x0000000081f00000, 0x0000000082000000, 0x0000000082000000|100%|HC|  |TAMS 0x0000000082000000, 0x0000000081f00000| Complete 
|  32|0x0000000082000000, 0x0000000082100000, 0x0000000082100000|100%|HC|  |TAMS 0x0000000082100000, 0x0000000082000000| Complete 
|  33|0x0000000082100000, 0x0000000082200000, 0x0000000082200000|100%|HC|  |TAMS 0x0000000082200000, 0x0000000082100000| Complete 
|  34|0x0000000082200000, 0x0000000082300000, 0x0000000082300000|100%|HS|  |TAMS 0x0000000082300000, 0x0000000082200000| Complete 
|  35|0x0000000082300000, 0x0000000082400000, 0x0000000082400000|100%|HC|  |TAMS 0x0000000082400000, 0x0000000082300000| Complete 
|  36|0x0000000082400000, 0x0000000082500000, 0x0000000082500000|100%|HC|  |TAMS 0x0000000082500000, 0x0000000082400000| Complete 
|  37|0x0000000082500000, 0x0000000082600000, 0x0000000082600000|100%| O|  |TAMS 0x0000000082600000, 0x0000000082500000| Untracked 
|  38|0x0000000082600000, 0x0000000082700000, 0x0000000082700000|100%| O|  |TAMS 0x0000000082700000, 0x0000000082600000| Untracked 
|  39|0x0000000082700000, 0x0000000082800000, 0x0000000082800000|100%| O|  |TAMS 0x0000000082800000, 0x0000000082700000| Untracked 
|  40|0x0000000082800000, 0x0000000082900000, 0x0000000082900000|100%| O|  |TAMS 0x0000000082900000, 0x0000000082800000| Untracked 
|  41|0x0000000082900000, 0x0000000082a00000, 0x0000000082a00000|100%| O|  |TAMS 0x0000000082a00000, 0x0000000082900000| Untracked 
|  42|0x0000000082a00000, 0x0000000082b00000, 0x0000000082b00000|100%| O|  |TAMS 0x0000000082b00000, 0x0000000082a00000| Untracked 
|  43|0x0000000082b00000, 0x0000000082c00000, 0x0000000082c00000|100%|HS|  |TAMS 0x0000000082c00000, 0x0000000082b00000| Complete 
|  44|0x0000000082c00000, 0x0000000082d00000, 0x0000000082d00000|100%|HS|  |TAMS 0x0000000082d00000, 0x0000000082c00000| Complete 
|  45|0x0000000082d00000, 0x0000000082e00000, 0x0000000082e00000|100%|HS|  |TAMS 0x0000000082e00000, 0x0000000082d00000| Complete 
|  46|0x0000000082e00000, 0x0000000082f00000, 0x0000000082f00000|100%|HC|  |TAMS 0x0000000082f00000, 0x0000000082e00000| Complete 
|  47|0x0000000082f00000, 0x0000000083000000, 0x0000000083000000|100%| O|  |TAMS 0x0000000083000000, 0x0000000082f00000| Untracked 
|  48|0x0000000083000000, 0x0000000083100000, 0x0000000083100000|100%| O|  |TAMS 0x0000000083100000, 0x0000000083000000| Untracked 
|  49|0x0000000083100000, 0x0000000083200000, 0x0000000083200000|100%| O|  |TAMS 0x0000000083200000, 0x0000000083100000| Untracked 
|  50|0x0000000083200000, 0x0000000083300000, 0x0000000083300000|100%| O|  |TAMS 0x0000000083300000, 0x0000000083200000| Untracked 
|  51|0x0000000083300000, 0x0000000083400000, 0x0000000083400000|100%| O|  |TAMS 0x0000000083400000, 0x0000000083300000| Untracked 
|  52|0x0000000083400000, 0x0000000083500000, 0x0000000083500000|100%| O|  |TAMS 0x0000000083500000, 0x0000000083400000| Untracked 
|  53|0x0000000083500000, 0x0000000083600000, 0x0000000083600000|100%| O|  |TAMS 0x0000000083600000, 0x0000000083500000| Untracked 
|  54|0x0000000083600000, 0x0000000083700000, 0x0000000083700000|100%| O|  |TAMS 0x0000000083700000, 0x0000000083600000| Untracked 
|  55|0x0000000083700000, 0x0000000083800000, 0x0000000083800000|100%| O|  |TAMS 0x0000000083800000, 0x0000000083700000| Untracked 
|  56|0x0000000083800000, 0x0000000083900000, 0x0000000083900000|100%| O|  |TAMS 0x0000000083900000, 0x0000000083800000| Untracked 
|  57|0x0000000083900000, 0x0000000083a00000, 0x0000000083a00000|100%| O|  |TAMS 0x0000000083a00000, 0x0000000083900000| Untracked 
|  58|0x0000000083a00000, 0x0000000083b00000, 0x0000000083b00000|100%| O|  |TAMS 0x0000000083b00000, 0x0000000083a00000| Untracked 
|  59|0x0000000083b00000, 0x0000000083c00000, 0x0000000083c00000|100%| O|  |TAMS 0x0000000083c00000, 0x0000000083b00000| Untracked 
|  60|0x0000000083c00000, 0x0000000083d00000, 0x0000000083d00000|100%| O|  |TAMS 0x0000000083d00000, 0x0000000083c00000| Untracked 
|  61|0x0000000083d00000, 0x0000000083e00000, 0x0000000083e00000|100%| O|  |TAMS 0x0000000083e00000, 0x0000000083d00000| Untracked 
|  62|0x0000000083e00000, 0x0000000083f00000, 0x0000000083f00000|100%| O|  |TAMS 0x0000000083f00000, 0x0000000083e00000| Untracked 
|  63|0x0000000083f00000, 0x0000000084000000, 0x0000000084000000|100%| O|  |TAMS 0x0000000084000000, 0x0000000083f00000| Untracked 
|  64|0x0000000084000000, 0x0000000084100000, 0x0000000084100000|100%| O|  |TAMS 0x0000000084100000, 0x0000000084000000| Untracked 
|  65|0x0000000084100000, 0x0000000084200000, 0x0000000084200000|100%| O|  |TAMS 0x0000000084200000, 0x0000000084100000| Untracked 
|  66|0x0000000084200000, 0x0000000084300000, 0x0000000084300000|100%| O|  |TAMS 0x0000000084300000, 0x0000000084200000| Untracked 
|  67|0x0000000084300000, 0x0000000084400000, 0x0000000084400000|100%| O|  |TAMS 0x0000000084400000, 0x0000000084300000| Untracked 
|  68|0x0000000084400000, 0x0000000084500000, 0x0000000084500000|100%| O|  |TAMS 0x0000000084500000, 0x0000000084400000| Untracked 
|  69|0x0000000084500000, 0x0000000084600000, 0x0000000084600000|100%| O|  |TAMS 0x0000000084600000, 0x0000000084500000| Untracked 
|  70|0x0000000084600000, 0x0000000084700000, 0x0000000084700000|100%| O|  |TAMS 0x0000000084700000, 0x0000000084600000| Untracked 
|  71|0x0000000084700000, 0x0000000084800000, 0x0000000084800000|100%| O|  |TAMS 0x0000000084800000, 0x0000000084700000| Untracked 
|  72|0x0000000084800000, 0x0000000084900000, 0x0000000084900000|100%| O|  |TAMS 0x0000000084900000, 0x0000000084800000| Untracked 
|  73|0x0000000084900000, 0x0000000084a00000, 0x0000000084a00000|100%| O|  |TAMS 0x0000000084a00000, 0x0000000084900000| Untracked 
|  74|0x0000000084a00000, 0x0000000084b00000, 0x0000000084b00000|100%| O|  |TAMS 0x0000000084b00000, 0x0000000084a00000| Untracked 
|  75|0x0000000084b00000, 0x0000000084c00000, 0x0000000084c00000|100%| O|  |TAMS 0x0000000084c00000, 0x0000000084b00000| Untracked 
|  76|0x0000000084c00000, 0x0000000084d00000, 0x0000000084d00000|100%| O|  |TAMS 0x0000000084c00000, 0x0000000084c00000| Untracked 
|  77|0x0000000084d00000, 0x0000000084e00000, 0x0000000084e00000|100%| O|  |TAMS 0x0000000084d00000, 0x0000000084d00000| Untracked 
|  78|0x0000000084e00000, 0x0000000084f00000, 0x0000000084f00000|100%| O|  |TAMS 0x0000000084e00000, 0x0000000084e00000| Untracked 
|  79|0x0000000084f00000, 0x0000000085000000, 0x0000000085000000|100%| O|  |TAMS 0x0000000084f00000, 0x0000000084f00000| Untracked 
|  80|0x0000000085000000, 0x0000000085100000, 0x0000000085100000|100%| O|  |TAMS 0x0000000085000000, 0x0000000085000000| Untracked 
|  81|0x0000000085100000, 0x0000000085200000, 0x0000000085200000|100%| O|  |TAMS 0x0000000085100000, 0x0000000085100000| Untracked 
|  82|0x0000000085200000, 0x0000000085300000, 0x0000000085300000|100%| O|  |TAMS 0x0000000085200000, 0x0000000085200000| Untracked 
|  83|0x0000000085300000, 0x0000000085390400, 0x0000000085400000| 56%| O|  |TAMS 0x0000000085300000, 0x0000000085300000| Untracked 
|  84|0x0000000085400000, 0x0000000085400000, 0x0000000085500000|  0%| F|  |TAMS 0x0000000085400000, 0x0000000085400000| Untracked 
|  85|0x0000000085500000, 0x0000000085500000, 0x0000000085600000|  0%| F|  |TAMS 0x0000000085500000, 0x0000000085500000| Untracked 
|  86|0x0000000085600000, 0x0000000085600000, 0x0000000085700000|  0%| F|  |TAMS 0x0000000085600000, 0x0000000085600000| Untracked 
|  87|0x0000000085700000, 0x0000000085700000, 0x0000000085800000|  0%| F|  |TAMS 0x0000000085700000, 0x0000000085700000| Untracked 
|  88|0x0000000085800000, 0x0000000085800000, 0x0000000085900000|  0%| F|  |TAMS 0x0000000085800000, 0x0000000085800000| Untracked 
|  89|0x0000000085900000, 0x0000000085900000, 0x0000000085a00000|  0%| F|  |TAMS 0x0000000085900000, 0x0000000085900000| Untracked 
|  90|0x0000000085a00000, 0x0000000085a00000, 0x0000000085b00000|  0%| F|  |TAMS 0x0000000085a00000, 0x0000000085a00000| Untracked 
|  91|0x0000000085b00000, 0x0000000085b00000, 0x0000000085c00000|  0%| F|  |TAMS 0x0000000085b00000, 0x0000000085b00000| Untracked 
|  92|0x0000000085c00000, 0x0000000085c00000, 0x0000000085d00000|  0%| F|  |TAMS 0x0000000085c00000, 0x0000000085c00000| Untracked 
|  93|0x0000000085d00000, 0x0000000085d00000, 0x0000000085e00000|  0%| F|  |TAMS 0x0000000085d00000, 0x0000000085d00000| Untracked 
|  94|0x0000000085e00000, 0x0000000085e00000, 0x0000000085f00000|  0%| F|  |TAMS 0x0000000085e00000, 0x0000000085e00000| Untracked 
|  95|0x0000000085f00000, 0x0000000085f00000, 0x0000000086000000|  0%| F|  |TAMS 0x0000000085f00000, 0x0000000085f00000| Untracked 
|  96|0x0000000086000000, 0x0000000086000000, 0x0000000086100000|  0%| F|  |TAMS 0x0000000086000000, 0x0000000086000000| Untracked 
|  97|0x0000000086100000, 0x0000000086100000, 0x0000000086200000|  0%| F|  |TAMS 0x0000000086100000, 0x0000000086100000| Untracked 
|  98|0x0000000086200000, 0x0000000086200000, 0x0000000086300000|  0%| F|  |TAMS 0x0000000086200000, 0x0000000086200000| Untracked 
|  99|0x0000000086300000, 0x0000000086300000, 0x0000000086400000|  0%| F|  |TAMS 0x0000000086300000, 0x0000000086300000| Untracked 
| 100|0x0000000086400000, 0x0000000086400000, 0x0000000086500000|  0%| F|  |TAMS 0x0000000086400000, 0x0000000086400000| Untracked 
| 101|0x0000000086500000, 0x0000000086500000, 0x0000000086600000|  0%| F|  |TAMS 0x0000000086500000, 0x0000000086500000| Untracked 
| 102|0x0000000086600000, 0x0000000086600000, 0x0000000086700000|  0%| F|  |TAMS 0x0000000086600000, 0x0000000086600000| Untracked 
| 103|0x0000000086700000, 0x0000000086700000, 0x0000000086800000|  0%| F|  |TAMS 0x0000000086700000, 0x0000000086700000| Untracked 
| 104|0x0000000086800000, 0x0000000086800000, 0x0000000086900000|  0%| F|  |TAMS 0x0000000086800000, 0x0000000086800000| Untracked 
| 105|0x0000000086900000, 0x0000000086900000, 0x0000000086a00000|  0%| F|  |TAMS 0x0000000086900000, 0x0000000086900000| Untracked 
| 106|0x0000000086a00000, 0x0000000086a00000, 0x0000000086b00000|  0%| F|  |TAMS 0x0000000086a00000, 0x0000000086a00000| Untracked 
| 107|0x0000000086b00000, 0x0000000086b00000, 0x0000000086c00000|  0%| F|  |TAMS 0x0000000086b00000, 0x0000000086b00000| Untracked 
| 108|0x0000000086c00000, 0x0000000086c00000, 0x0000000086d00000|  0%| F|  |TAMS 0x0000000086c00000, 0x0000000086c00000| Untracked 
| 109|0x0000000086d00000, 0x0000000086d00000, 0x0000000086e00000|  0%| F|  |TAMS 0x0000000086d00000, 0x0000000086d00000| Untracked 
| 110|0x0000000086e00000, 0x0000000086e67178, 0x0000000086f00000| 40%| S|CS|TAMS 0x0000000086e00000, 0x0000000086e00000| Complete 
| 111|0x0000000086f00000, 0x0000000087000000, 0x0000000087000000|100%| S|CS|TAMS 0x0000000086f00000, 0x0000000086f00000| Complete 
| 112|0x0000000087000000, 0x0000000087100000, 0x0000000087100000|100%| S|CS|TAMS 0x0000000087000000, 0x0000000087000000| Complete 
| 113|0x0000000087100000, 0x0000000087100000, 0x0000000087200000|  0%| F|  |TAMS 0x0000000087100000, 0x0000000087100000| Untracked 
| 114|0x0000000087200000, 0x0000000087300000, 0x0000000087300000|100%| S|CS|TAMS 0x0000000087200000, 0x0000000087200000| Complete 
| 115|0x0000000087300000, 0x0000000087400000, 0x0000000087400000|100%| S|CS|TAMS 0x0000000087300000, 0x0000000087300000| Complete 
| 116|0x0000000087400000, 0x0000000087500000, 0x0000000087500000|100%| S|CS|TAMS 0x0000000087400000, 0x0000000087400000| Complete 
| 117|0x0000000087500000, 0x0000000087500000, 0x0000000087600000|  0%| F|  |TAMS 0x0000000087500000, 0x0000000087500000| Untracked 
| 118|0x0000000087600000, 0x0000000087600000, 0x0000000087700000|  0%| F|  |TAMS 0x0000000087600000, 0x0000000087600000| Untracked 
| 119|0x0000000087700000, 0x0000000087800000, 0x0000000087800000|100%| S|CS|TAMS 0x0000000087700000, 0x0000000087700000| Complete 
| 120|0x0000000087800000, 0x0000000087900000, 0x0000000087900000|100%| S|CS|TAMS 0x0000000087800000, 0x0000000087800000| Complete 
| 121|0x0000000087900000, 0x0000000087900000, 0x0000000087a00000|  0%| F|  |TAMS 0x0000000087900000, 0x0000000087900000| Untracked 
| 122|0x0000000087a00000, 0x0000000087a00000, 0x0000000087b00000|  0%| F|  |TAMS 0x0000000087a00000, 0x0000000087a00000| Untracked 
| 123|0x0000000087b00000, 0x0000000087b00000, 0x0000000087c00000|  0%| F|  |TAMS 0x0000000087b00000, 0x0000000087b00000| Untracked 
| 124|0x0000000087c00000, 0x0000000087c00000, 0x0000000087d00000|  0%| F|  |TAMS 0x0000000087c00000, 0x0000000087c00000| Untracked 
| 125|0x0000000087d00000, 0x0000000087d00000, 0x0000000087e00000|  0%| F|  |TAMS 0x0000000087d00000, 0x0000000087d00000| Untracked 
| 126|0x0000000087e00000, 0x0000000087e00000, 0x0000000087f00000|  0%| F|  |TAMS 0x0000000087e00000, 0x0000000087e00000| Untracked 
| 127|0x0000000087f00000, 0x0000000087f00000, 0x0000000088000000|  0%| F|  |TAMS 0x0000000087f00000, 0x0000000087f00000| Untracked 
| 128|0x0000000088000000, 0x0000000088000000, 0x0000000088100000|  0%| F|  |TAMS 0x0000000088000000, 0x0000000088000000| Untracked 
| 129|0x0000000088100000, 0x0000000088100000, 0x0000000088200000|  0%| F|  |TAMS 0x0000000088100000, 0x0000000088100000| Untracked 
| 130|0x0000000088200000, 0x0000000088200000, 0x0000000088300000|  0%| F|  |TAMS 0x0000000088200000, 0x0000000088200000| Untracked 
| 131|0x0000000088300000, 0x0000000088300000, 0x0000000088400000|  0%| F|  |TAMS 0x0000000088300000, 0x0000000088300000| Untracked 
| 132|0x0000000088400000, 0x0000000088400000, 0x0000000088500000|  0%| F|  |TAMS 0x0000000088400000, 0x0000000088400000| Untracked 
| 133|0x0000000088500000, 0x0000000088500000, 0x0000000088600000|  0%| F|  |TAMS 0x0000000088500000, 0x0000000088500000| Untracked 
| 134|0x0000000088600000, 0x0000000088600000, 0x0000000088700000|  0%| F|  |TAMS 0x0000000088600000, 0x0000000088600000| Untracked 
| 135|0x0000000088700000, 0x0000000088700000, 0x0000000088800000|  0%| F|  |TAMS 0x0000000088700000, 0x0000000088700000| Untracked 
| 136|0x0000000088800000, 0x0000000088800000, 0x0000000088900000|  0%| F|  |TAMS 0x0000000088800000, 0x0000000088800000| Untracked 
| 137|0x0000000088900000, 0x0000000088900000, 0x0000000088a00000|  0%| F|  |TAMS 0x0000000088900000, 0x0000000088900000| Untracked 
| 138|0x0000000088a00000, 0x0000000088a00000, 0x0000000088b00000|  0%| F|  |TAMS 0x0000000088a00000, 0x0000000088a00000| Untracked 
| 139|0x0000000088b00000, 0x0000000088b00000, 0x0000000088c00000|  0%| F|  |TAMS 0x0000000088b00000, 0x0000000088b00000| Untracked 
| 140|0x0000000088c00000, 0x0000000088c00000, 0x0000000088d00000|  0%| F|  |TAMS 0x0000000088c00000, 0x0000000088c00000| Untracked 
| 141|0x0000000088d00000, 0x0000000088d00000, 0x0000000088e00000|  0%| F|  |TAMS 0x0000000088d00000, 0x0000000088d00000| Untracked 
| 142|0x0000000088e00000, 0x0000000088e00000, 0x0000000088f00000|  0%| F|  |TAMS 0x0000000088e00000, 0x0000000088e00000| Untracked 
| 143|0x0000000088f00000, 0x0000000088f00000, 0x0000000089000000|  0%| F|  |TAMS 0x0000000088f00000, 0x0000000088f00000| Untracked 
| 144|0x0000000089000000, 0x0000000089000000, 0x0000000089100000|  0%| F|  |TAMS 0x0000000089000000, 0x0000000089000000| Untracked 
| 145|0x0000000089100000, 0x0000000089100000, 0x0000000089200000|  0%| F|  |TAMS 0x0000000089100000, 0x0000000089100000| Untracked 
| 146|0x0000000089200000, 0x0000000089200000, 0x0000000089300000|  0%| F|  |TAMS 0x0000000089200000, 0x0000000089200000| Untracked 
| 147|0x0000000089300000, 0x0000000089300000, 0x0000000089400000|  0%| F|  |TAMS 0x0000000089300000, 0x0000000089300000| Untracked 
| 148|0x0000000089400000, 0x0000000089400000, 0x0000000089500000|  0%| F|  |TAMS 0x0000000089400000, 0x0000000089400000| Untracked 
| 149|0x0000000089500000, 0x0000000089500000, 0x0000000089600000|  0%| F|  |TAMS 0x0000000089500000, 0x0000000089500000| Untracked 
| 150|0x0000000089600000, 0x0000000089600000, 0x0000000089700000|  0%| F|  |TAMS 0x0000000089600000, 0x0000000089600000| Untracked 
| 151|0x0000000089700000, 0x0000000089700000, 0x0000000089800000|  0%| F|  |TAMS 0x0000000089700000, 0x0000000089700000| Untracked 
| 152|0x0000000089800000, 0x0000000089800000, 0x0000000089900000|  0%| F|  |TAMS 0x0000000089800000, 0x0000000089800000| Untracked 
| 153|0x0000000089900000, 0x0000000089900000, 0x0000000089a00000|  0%| F|  |TAMS 0x0000000089900000, 0x0000000089900000| Untracked 
| 154|0x0000000089a00000, 0x0000000089a00000, 0x0000000089b00000|  0%| F|  |TAMS 0x0000000089a00000, 0x0000000089a00000| Untracked 
| 155|0x0000000089b00000, 0x0000000089b00000, 0x0000000089c00000|  0%| F|  |TAMS 0x0000000089b00000, 0x0000000089b00000| Untracked 
| 156|0x0000000089c00000, 0x0000000089c00000, 0x0000000089d00000|  0%| F|  |TAMS 0x0000000089c00000, 0x0000000089c00000| Untracked 
| 157|0x0000000089d00000, 0x0000000089d00000, 0x0000000089e00000|  0%| F|  |TAMS 0x0000000089d00000, 0x0000000089d00000| Untracked 
| 158|0x0000000089e00000, 0x0000000089e00000, 0x0000000089f00000|  0%| F|  |TAMS 0x0000000089e00000, 0x0000000089e00000| Untracked 
| 159|0x0000000089f00000, 0x0000000089f00000, 0x000000008a000000|  0%| F|  |TAMS 0x0000000089f00000, 0x0000000089f00000| Untracked 
| 160|0x000000008a000000, 0x000000008a000000, 0x000000008a100000|  0%| F|  |TAMS 0x000000008a000000, 0x000000008a000000| Untracked 
| 161|0x000000008a100000, 0x000000008a100000, 0x000000008a200000|  0%| F|  |TAMS 0x000000008a100000, 0x000000008a100000| Untracked 
| 162|0x000000008a200000, 0x000000008a200000, 0x000000008a300000|  0%| F|  |TAMS 0x000000008a200000, 0x000000008a200000| Untracked 
| 163|0x000000008a300000, 0x000000008a300000, 0x000000008a400000|  0%| F|  |TAMS 0x000000008a300000, 0x000000008a300000| Untracked 
| 164|0x000000008a400000, 0x000000008a400000, 0x000000008a500000|  0%| F|  |TAMS 0x000000008a400000, 0x000000008a400000| Untracked 
| 165|0x000000008a500000, 0x000000008a500000, 0x000000008a600000|  0%| F|  |TAMS 0x000000008a500000, 0x000000008a500000| Untracked 
| 166|0x000000008a600000, 0x000000008a600000, 0x000000008a700000|  0%| F|  |TAMS 0x000000008a600000, 0x000000008a600000| Untracked 
| 167|0x000000008a700000, 0x000000008a700000, 0x000000008a800000|  0%| F|  |TAMS 0x000000008a700000, 0x000000008a700000| Untracked 
| 168|0x000000008a800000, 0x000000008a800000, 0x000000008a900000|  0%| F|  |TAMS 0x000000008a800000, 0x000000008a800000| Untracked 
| 169|0x000000008a900000, 0x000000008a900000, 0x000000008aa00000|  0%| F|  |TAMS 0x000000008a900000, 0x000000008a900000| Untracked 
| 170|0x000000008aa00000, 0x000000008aa00000, 0x000000008ab00000|  0%| F|  |TAMS 0x000000008aa00000, 0x000000008aa00000| Untracked 
| 171|0x000000008ab00000, 0x000000008ab00000, 0x000000008ac00000|  0%| F|  |TAMS 0x000000008ab00000, 0x000000008ab00000| Untracked 
| 172|0x000000008ac00000, 0x000000008ac00000, 0x000000008ad00000|  0%| F|  |TAMS 0x000000008ac00000, 0x000000008ac00000| Untracked 
| 173|0x000000008ad00000, 0x000000008ad00000, 0x000000008ae00000|  0%| F|  |TAMS 0x000000008ad00000, 0x000000008ad00000| Untracked 
| 174|0x000000008ae00000, 0x000000008ae00000, 0x000000008af00000|  0%| F|  |TAMS 0x000000008ae00000, 0x000000008ae00000| Untracked 
| 175|0x000000008af00000, 0x000000008af00000, 0x000000008b000000|  0%| F|  |TAMS 0x000000008af00000, 0x000000008af00000| Untracked 
| 176|0x000000008b000000, 0x000000008b000000, 0x000000008b100000|  0%| F|  |TAMS 0x000000008b000000, 0x000000008b000000| Untracked 
| 177|0x000000008b100000, 0x000000008b100000, 0x000000008b200000|  0%| F|  |TAMS 0x000000008b100000, 0x000000008b100000| Untracked 
| 178|0x000000008b200000, 0x000000008b200000, 0x000000008b300000|  0%| F|  |TAMS 0x000000008b200000, 0x000000008b200000| Untracked 
| 179|0x000000008b300000, 0x000000008b300000, 0x000000008b400000|  0%| F|  |TAMS 0x000000008b300000, 0x000000008b300000| Untracked 
| 180|0x000000008b400000, 0x000000008b400000, 0x000000008b500000|  0%| F|  |TAMS 0x000000008b400000, 0x000000008b400000| Untracked 
| 181|0x000000008b500000, 0x000000008b500000, 0x000000008b600000|  0%| F|  |TAMS 0x000000008b500000, 0x000000008b500000| Untracked 
| 182|0x000000008b600000, 0x000000008b600000, 0x000000008b700000|  0%| F|  |TAMS 0x000000008b600000, 0x000000008b600000| Untracked 
| 183|0x000000008b700000, 0x000000008b700000, 0x000000008b800000|  0%| F|  |TAMS 0x000000008b700000, 0x000000008b700000| Untracked 
| 184|0x000000008b800000, 0x000000008b800000, 0x000000008b900000|  0%| F|  |TAMS 0x000000008b800000, 0x000000008b800000| Untracked 
| 185|0x000000008b900000, 0x000000008b900000, 0x000000008ba00000|  0%| F|  |TAMS 0x000000008b900000, 0x000000008b900000| Untracked 
| 186|0x000000008ba00000, 0x000000008ba00000, 0x000000008bb00000|  0%| F|  |TAMS 0x000000008ba00000, 0x000000008ba00000| Untracked 
| 187|0x000000008bb00000, 0x000000008bb00000, 0x000000008bc00000|  0%| F|  |TAMS 0x000000008bb00000, 0x000000008bb00000| Untracked 
| 188|0x000000008bc00000, 0x000000008bc00000, 0x000000008bd00000|  0%| F|  |TAMS 0x000000008bc00000, 0x000000008bc00000| Untracked 
| 189|0x000000008bd00000, 0x000000008bd00000, 0x000000008be00000|  0%| F|  |TAMS 0x000000008bd00000, 0x000000008bd00000| Untracked 
| 190|0x000000008be00000, 0x000000008be00000, 0x000000008bf00000|  0%| F|  |TAMS 0x000000008be00000, 0x000000008be00000| Untracked 
| 191|0x000000008bf00000, 0x000000008bf00000, 0x000000008c000000|  0%| F|  |TAMS 0x000000008bf00000, 0x000000008bf00000| Untracked 
| 192|0x000000008c000000, 0x000000008c000000, 0x000000008c100000|  0%| F|  |TAMS 0x000000008c000000, 0x000000008c000000| Untracked 
| 193|0x000000008c100000, 0x000000008c100000, 0x000000008c200000|  0%| F|  |TAMS 0x000000008c100000, 0x000000008c100000| Untracked 
| 194|0x000000008c200000, 0x000000008c200000, 0x000000008c300000|  0%| F|  |TAMS 0x000000008c200000, 0x000000008c200000| Untracked 
| 195|0x000000008c300000, 0x000000008c300000, 0x000000008c400000|  0%| F|  |TAMS 0x000000008c300000, 0x000000008c300000| Untracked 
| 196|0x000000008c400000, 0x000000008c400000, 0x000000008c500000|  0%| F|  |TAMS 0x000000008c400000, 0x000000008c400000| Untracked 
| 197|0x000000008c500000, 0x000000008c500000, 0x000000008c600000|  0%| F|  |TAMS 0x000000008c500000, 0x000000008c500000| Untracked 
| 198|0x000000008c600000, 0x000000008c600000, 0x000000008c700000|  0%| F|  |TAMS 0x000000008c600000, 0x000000008c600000| Untracked 
| 199|0x000000008c700000, 0x000000008c700000, 0x000000008c800000|  0%| F|  |TAMS 0x000000008c700000, 0x000000008c700000| Untracked 
| 200|0x000000008c800000, 0x000000008c800000, 0x000000008c900000|  0%| F|  |TAMS 0x000000008c800000, 0x000000008c800000| Untracked 
| 201|0x000000008c900000, 0x000000008c900000, 0x000000008ca00000|  0%| F|  |TAMS 0x000000008c900000, 0x000000008c900000| Untracked 
| 202|0x000000008ca00000, 0x000000008ca00000, 0x000000008cb00000|  0%| F|  |TAMS 0x000000008ca00000, 0x000000008ca00000| Untracked 
| 203|0x000000008cb00000, 0x000000008cb00000, 0x000000008cc00000|  0%| F|  |TAMS 0x000000008cb00000, 0x000000008cb00000| Untracked 
| 204|0x000000008cc00000, 0x000000008cc00000, 0x000000008cd00000|  0%| F|  |TAMS 0x000000008cc00000, 0x000000008cc00000| Untracked 
| 205|0x000000008cd00000, 0x000000008cd00000, 0x000000008ce00000|  0%| F|  |TAMS 0x000000008cd00000, 0x000000008cd00000| Untracked 
| 206|0x000000008ce00000, 0x000000008ce00000, 0x000000008cf00000|  0%| F|  |TAMS 0x000000008ce00000, 0x000000008ce00000| Untracked 
| 207|0x000000008cf00000, 0x000000008cf00000, 0x000000008d000000|  0%| F|  |TAMS 0x000000008cf00000, 0x000000008cf00000| Untracked 
| 208|0x000000008d000000, 0x000000008d000000, 0x000000008d100000|  0%| F|  |TAMS 0x000000008d000000, 0x000000008d000000| Untracked 
| 209|0x000000008d100000, 0x000000008d100000, 0x000000008d200000|  0%| F|  |TAMS 0x000000008d100000, 0x000000008d100000| Untracked 
| 210|0x000000008d200000, 0x000000008d200000, 0x000000008d300000|  0%| F|  |TAMS 0x000000008d200000, 0x000000008d200000| Untracked 
| 211|0x000000008d300000, 0x000000008d300000, 0x000000008d400000|  0%| F|  |TAMS 0x000000008d300000, 0x000000008d300000| Untracked 
| 212|0x000000008d400000, 0x000000008d400000, 0x000000008d500000|  0%| F|  |TAMS 0x000000008d400000, 0x000000008d400000| Untracked 
| 213|0x000000008d500000, 0x000000008d500000, 0x000000008d600000|  0%| F|  |TAMS 0x000000008d500000, 0x000000008d500000| Untracked 
| 214|0x000000008d600000, 0x000000008d600000, 0x000000008d700000|  0%| F|  |TAMS 0x000000008d600000, 0x000000008d600000| Untracked 
| 215|0x000000008d700000, 0x000000008d700000, 0x000000008d800000|  0%| F|  |TAMS 0x000000008d700000, 0x000000008d700000| Untracked 
| 216|0x000000008d800000, 0x000000008d800000, 0x000000008d900000|  0%| F|  |TAMS 0x000000008d800000, 0x000000008d800000| Untracked 
| 217|0x000000008d900000, 0x000000008d900000, 0x000000008da00000|  0%| F|  |TAMS 0x000000008d900000, 0x000000008d900000| Untracked 
| 218|0x000000008da00000, 0x000000008da00000, 0x000000008db00000|  0%| F|  |TAMS 0x000000008da00000, 0x000000008da00000| Untracked 
| 219|0x000000008db00000, 0x000000008db00000, 0x000000008dc00000|  0%| F|  |TAMS 0x000000008db00000, 0x000000008db00000| Untracked 
| 220|0x000000008dc00000, 0x000000008dc00000, 0x000000008dd00000|  0%| F|  |TAMS 0x000000008dc00000, 0x000000008dc00000| Untracked 
| 221|0x000000008dd00000, 0x000000008dd80800, 0x000000008de00000| 50%| E|  |TAMS 0x000000008dd00000, 0x000000008dd00000| Complete 
| 222|0x000000008de00000, 0x000000008df00000, 0x000000008df00000|100%| E|CS|TAMS 0x000000008de00000, 0x000000008de00000| Complete 
| 223|0x000000008df00000, 0x000000008e000000, 0x000000008e000000|100%| E|CS|TAMS 0x000000008df00000, 0x000000008df00000| Complete 

Card table byte_map: [0x000002a83da60000,0x000002a83de60000] _byte_map_base: 0x000002a83d660000

Marking Bits (Prev, Next): (CMBitMap*) 0x000002a82a14de98, (CMBitMap*) 0x000002a82a14ded0
 Prev Bits: [0x000002a83e260000, 0x000002a840260000)
 Next Bits: [0x000002a840260000, 0x000002a842260000)

Polling page: 0x000002a828870000

Metaspace:

Usage:
  Non-class:     84.05 MB capacity,    82.27 MB ( 98%) used,     1.54 MB (  2%) free+waste,   252.00 KB ( <1%) overhead. 
      Class:     12.92 MB capacity,    12.10 MB ( 94%) used,   725.02 KB (  5%) free+waste,   115.69 KB ( <1%) overhead. 
       Both:     96.97 MB capacity,    94.37 MB ( 97%) used,     2.24 MB (  2%) free+waste,   367.69 KB ( <1%) overhead. 

Virtual space:
  Non-class space:       86.00 MB reserved,      84.16 MB ( 98%) committed 
      Class space:        1.00 GB reserved,      13.00 MB (  1%) committed 
             Both:        1.08 GB reserved,      97.16 MB (  9%) committed 

Chunk freelists:
   Non-Class:  49.00 KB
       Class:  15.00 KB
        Both:  64.00 KB

MaxMetaspaceSize: 17179869184.00 GB
CompressedClassSpaceSize: 1.00 GB

CodeHeap 'non-profiled nmethods': size=120000Kb used=7346Kb max_used=7346Kb free=112653Kb
 bounds [0x000002a8356d0000, 0x000002a835e00000, 0x000002a83cc00000]
CodeHeap 'profiled nmethods': size=120000Kb used=23072Kb max_used=23072Kb free=96927Kb
 bounds [0x000002a82e1a0000, 0x000002a82f830000, 0x000002a8356d0000]
CodeHeap 'non-nmethods': size=5760Kb used=2316Kb max_used=2362Kb free=3443Kb
 bounds [0x000002a82dc00000, 0x000002a82de70000, 0x000002a82e1a0000]
 total_blobs=11438 nmethods=10502 adapters=845
 compilation: enabled
              stopped_count=0, restarted_count=0
 full_count=0

Compilation events (20 events):
Event: 68.051 Thread 0x000002a845562800 10526       3       org.gradle.api.internal.file.AbstractBaseDirFileResolver::doResolve (114 bytes)
Event: 68.052 Thread 0x000002a845562800 nmethod 10526 0x000002a82f813510 code [0x000002a82f8139e0, 0x000002a82f815d08]
Event: 68.052 Thread 0x000002a845562800 10527       3       com.google.common.collect.ImmutableCollection::<init> (5 bytes)
Event: 68.052 Thread 0x000002a845562800 nmethod 10527 0x000002a82f816810 code [0x000002a82f8169c0, 0x000002a82f816b78]
Event: 68.052 Thread 0x000002a845562800 10528       3       org.gradle.api.internal.project.DefaultProject_Decorated::getObjects (32 bytes)
Event: 68.053 Thread 0x000002a845562800 nmethod 10528 0x000002a82f816c90 code [0x000002a82f816e60, 0x000002a82f817268]
Event: 68.055 Thread 0x000002a845562800 10529       3       java.lang.reflect.Constructor::getTypeParameters (20 bytes)
Event: 68.057 Thread 0x000002a845562800 nmethod 10529 0x000002a82f817390 code [0x000002a82f817660, 0x000002a82f8188b8]
Event: 68.058 Thread 0x000002a845562800 10530       3       org.gradle.util.CollectionUtils::addAll (8 bytes)
Event: 68.058 Thread 0x000002a845562800 nmethod 10530 0x000002a82f818e90 code [0x000002a82f819040, 0x000002a82f819168]
Event: 68.079 Thread 0x000002a845562800 10531       3       org.apache.groovy.util.BeanUtils::capitalize (64 bytes)
Event: 68.081 Thread 0x000002a845562800 nmethod 10531 0x000002a82f819210 code [0x000002a82f819660, 0x000002a82f81b268]
Event: 68.081 Thread 0x000002a845562800 10532       3       java.lang.invoke.MethodHandles$Lookup::checkUnprivilegedlookupClass (38 bytes)
Event: 68.081 Thread 0x000002a845562800 nmethod 10532 0x000002a82f81bc10 code [0x000002a82f81bee0, 0x000002a82f81ca68]
Event: 68.084 Thread 0x000002a845562800 10533       3       org.gradle.internal.snapshot.impl.IsolatedImmutableManagedValue::equals (6 bytes)
Event: 68.084 Thread 0x000002a845562800 nmethod 10533 0x000002a82f81ce90 code [0x000002a82f81d040, 0x000002a82f81d168]
Event: 68.084 Thread 0x000002a845562800 10534       3       org.gradle.api.internal.provider.ValueSanitizers$2::sanitize (2 bytes)
Event: 68.085 Thread 0x000002a845562800 nmethod 10534 0x000002a82f81d210 code [0x000002a82f81d3c0, 0x000002a82f81d4b8]
Event: 68.085 Thread 0x000002a845562800 10535       3       org.gradle.api.internal.provider.ValueSupplier$Present::pushWhenMissing (2 bytes)
Event: 68.085 Thread 0x000002a845562800 nmethod 10535 0x000002a82f81d590 code [0x000002a82f81d740, 0x000002a82f81d838]

GC Heap History (20 events):
Event: 8.624 GC heap before
{Heap before GC invocations=9 (full 0):
 garbage-first heap   total 229376K, used 161459K [0x0000000080000000, 0x0000000100000000)
  region size 1024K, 113 young (115712K), 14 survivors (14336K)
 Metaspace       used 60361K, capacity 62144K, committed 62208K, reserved 1103872K
  class space    used 7796K, capacity 8398K, committed 8448K, reserved 1048576K
}
Event: 8.636 GC heap after
{Heap after GC invocations=10 (full 0):
 garbage-first heap   total 229376K, used 70550K [0x0000000080000000, 0x0000000100000000)
  region size 1024K, 15 young (15360K), 15 survivors (15360K)
 Metaspace       used 60361K, capacity 62144K, committed 62208K, reserved 1103872K
  class space    used 7796K, capacity 8398K, committed 8448K, reserved 1048576K
}
Event: 9.825 GC heap before
{Heap before GC invocations=10 (full 0):
 garbage-first heap   total 229376K, used 168854K [0x0000000080000000, 0x0000000100000000)
  region size 1024K, 111 young (113664K), 15 survivors (15360K)
 Metaspace       used 69825K, capacity 71846K, committed 71936K, reserved 1112064K
  class space    used 8999K, capacity 9675K, committed 9728K, reserved 1048576K
}
Event: 9.838 GC heap after
{Heap after GC invocations=11 (full 0):
 garbage-first heap   total 229376K, used 78364K [0x0000000080000000, 0x0000000100000000)
  region size 1024K, 9 young (9216K), 9 survivors (9216K)
 Metaspace       used 69825K, capacity 71846K, committed 71936K, reserved 1112064K
  class space    used 8999K, capacity 9675K, committed 9728K, reserved 1048576K
}
Event: 10.363 GC heap before
{Heap before GC invocations=11 (full 0):
 garbage-first heap   total 229376K, used 111132K [0x0000000080000000, 0x0000000100000000)
  region size 1024K, 42 young (43008K), 9 survivors (9216K)
 Metaspace       used 73555K, capacity 75564K, committed 75648K, reserved 1114112K
  class space    used 9607K, capacity 10296K, committed 10368K, reserved 1048576K
}
Event: 10.371 GC heap after
{Heap after GC invocations=12 (full 0):
 garbage-first heap   total 229376K, used 81102K [0x0000000080000000, 0x0000000100000000)
  region size 1024K, 4 young (4096K), 4 survivors (4096K)
 Metaspace       used 73555K, capacity 75564K, committed 75648K, reserved 1114112K
  class space    used 9607K, capacity 10296K, committed 10368K, reserved 1048576K
}
Event: 11.632 GC heap before
{Heap before GC invocations=13 (full 0):
 garbage-first heap   total 229376K, used 177358K [0x0000000080000000, 0x0000000100000000)
  region size 1024K, 98 young (100352K), 4 survivors (4096K)
 Metaspace       used 80013K, capacity 82249K, committed 82468K, reserved 1120256K
  class space    used 10486K, capacity 11268K, committed 11392K, reserved 1048576K
}
Event: 11.639 GC heap after
{Heap after GC invocations=14 (full 0):
 garbage-first heap   total 229376K, used 85738K [0x0000000080000000, 0x0000000100000000)
  region size 1024K, 8 young (8192K), 8 survivors (8192K)
 Metaspace       used 80013K, capacity 82249K, committed 82468K, reserved 1120256K
  class space    used 10486K, capacity 11268K, committed 11392K, reserved 1048576K
}
Event: 13.264 GC heap before
{Heap before GC invocations=14 (full 0):
 garbage-first heap   total 229376K, used 180970K [0x0000000080000000, 0x0000000100000000)
  region size 1024K, 101 young (103424K), 8 survivors (8192K)
 Metaspace       used 91015K, capacity 93401K, committed 93732K, reserved 1130496K
  class space    used 11794K, capacity 12583K, committed 12672K, reserved 1048576K
}
Event: 13.276 GC heap after
{Heap after GC invocations=15 (full 0):
 garbage-first heap   total 229376K, used 91867K [0x0000000080000000, 0x0000000100000000)
  region size 1024K, 12 young (12288K), 12 survivors (12288K)
 Metaspace       used 91015K, capacity 93401K, committed 93732K, reserved 1130496K
  class space    used 11794K, capacity 12583K, committed 12672K, reserved 1048576K
}
Event: 13.936 GC heap before
{Heap before GC invocations=15 (full 0):
 garbage-first heap   total 229376K, used 181979K [0x0000000080000000, 0x0000000100000000)
  region size 1024K, 101 young (103424K), 12 survivors (12288K)
 Metaspace       used 91586K, capacity 94038K, committed 94244K, reserved 1130496K
  class space    used 11823K, capacity 12624K, committed 12672K, reserved 1048576K
}
Event: 13.945 GC heap after
{Heap after GC invocations=16 (full 0):
 garbage-first heap   total 229376K, used 92969K [0x0000000080000000, 0x0000000100000000)
  region size 1024K, 8 young (8192K), 8 survivors (8192K)
 Metaspace       used 91586K, capacity 94038K, committed 94244K, reserved 1130496K
  class space    used 11823K, capacity 12624K, committed 12672K, reserved 1048576K
}
Event: 26.158 GC heap before
{Heap before GC invocations=16 (full 0):
 garbage-first heap   total 229376K, used 185129K [0x0000000080000000, 0x0000000100000000)
  region size 1024K, 98 young (100352K), 8 survivors (8192K)
 Metaspace       used 92005K, capacity 94573K, committed 94884K, reserved 1132544K
  class space    used 11855K, capacity 12693K, committed 12800K, reserved 1048576K
}
Event: 26.163 GC heap after
{Heap after GC invocations=17 (full 0):
 garbage-first heap   total 229376K, used 91887K [0x0000000080000000, 0x0000000100000000)
  region size 1024K, 7 young (7168K), 7 survivors (7168K)
 Metaspace       used 92005K, capacity 94573K, committed 94884K, reserved 1132544K
  class space    used 11855K, capacity 12693K, committed 12800K, reserved 1048576K
}
Event: 36.410 GC heap before
{Heap before GC invocations=17 (full 0):
 garbage-first heap   total 229376K, used 188143K [0x0000000080000000, 0x0000000100000000)
  region size 1024K, 101 young (103424K), 7 survivors (7168K)
 Metaspace       used 92011K, capacity 94577K, committed 94884K, reserved 1132544K
  class space    used 11855K, capacity 12693K, committed 12800K, reserved 1048576K
}
Event: 36.415 GC heap after
{Heap after GC invocations=18 (full 0):
 garbage-first heap   total 229376K, used 91411K [0x0000000080000000, 0x0000000100000000)
  region size 1024K, 6 young (6144K), 6 survivors (6144K)
 Metaspace       used 92011K, capacity 94577K, committed 94884K, reserved 1132544K
  class space    used 11855K, capacity 12693K, committed 12800K, reserved 1048576K
}
Event: 47.316 GC heap before
{Heap before GC invocations=18 (full 0):
 garbage-first heap   total 229376K, used 191763K [0x0000000080000000, 0x0000000100000000)
  region size 1024K, 104 young (106496K), 6 survivors (6144K)
 Metaspace       used 92026K, capacity 94584K, committed 94884K, reserved 1132544K
  class space    used 11857K, capacity 12695K, committed 12800K, reserved 1048576K
}
Event: 47.320 GC heap after
{Heap after GC invocations=19 (full 0):
 garbage-first heap   total 229376K, used 91478K [0x0000000080000000, 0x0000000100000000)
  region size 1024K, 6 young (6144K), 6 survivors (6144K)
 Metaspace       used 92026K, capacity 94584K, committed 94884K, reserved 1132544K
  class space    used 11857K, capacity 12695K, committed 12800K, reserved 1048576K
}
Event: 58.598 GC heap before
{Heap before GC invocations=19 (full 0):
 garbage-first heap   total 229376K, used 192854K [0x0000000080000000, 0x0000000100000000)
  region size 1024K, 105 young (107520K), 6 survivors (6144K)
 Metaspace       used 92058K, capacity 94596K, committed 94884K, reserved 1132544K
  class space    used 11860K, capacity 12698K, committed 12800K, reserved 1048576K
}
Event: 58.603 GC heap after
{Heap after GC invocations=20 (full 0):
 garbage-first heap   total 229376K, used 91348K [0x0000000080000000, 0x0000000100000000)
  region size 1024K, 6 young (6144K), 6 survivors (6144K)
 Metaspace       used 92058K, capacity 94596K, committed 94884K, reserved 1132544K
  class space    used 11860K, capacity 12698K, committed 12800K, reserved 1048576K
}

Deoptimization events (20 events):
Event: 67.723 Thread 0x000002a847648800 DEOPT PACKING pc=0x000002a835d03a24 sp=0x000000e8671f8a00
Event: 67.723 Thread 0x000002a847648800 DEOPT UNPACKING pc=0x000002a82dc278af sp=0x000000e8671f89c8 mode 2
Event: 67.743 Thread 0x000002a847648800 Uncommon trap: trap_request=0xffffff4d fr.pc=0x000002a83599a500 relative=0x00000000000003a0
Event: 67.743 Thread 0x000002a847648800 Uncommon trap: reason=unstable_if action=reinterpret pc=0x000002a83599a500 method=java.util.WeakHashMap.remove(Ljava/lang/Object;)Ljava/lang/Object; @ 94 c2
Event: 67.743 Thread 0x000002a847648800 DEOPT PACKING pc=0x000002a83599a500 sp=0x000000e8671f8560
Event: 67.743 Thread 0x000002a847648800 DEOPT UNPACKING pc=0x000002a82dc278af sp=0x000000e8671f84b8 mode 2
Event: 67.784 Thread 0x000002a847648800 Uncommon trap: trap_request=0xffffff4d fr.pc=0x000002a835cd7844 relative=0x0000000000000584
Event: 67.784 Thread 0x000002a847648800 Uncommon trap: reason=unstable_if action=reinterpret pc=0x000002a835cd7844 method=java.lang.ThreadLocal$ThreadLocalMap.remove(Ljava/lang/ThreadLocal;)V @ 26 c2
Event: 67.784 Thread 0x000002a847648800 DEOPT PACKING pc=0x000002a835cd7844 sp=0x000000e8671f8de0
Event: 67.784 Thread 0x000002a847648800 DEOPT UNPACKING pc=0x000002a82dc278af sp=0x000000e8671f8d90 mode 2
Event: 67.809 Thread 0x000002a847648800 DEOPT PACKING pc=0x000002a82f2ef23b sp=0x000000e8671f9100
Event: 67.809 Thread 0x000002a847648800 DEOPT UNPACKING pc=0x000002a82dc276ce sp=0x000000e8671f8640 mode 0
Event: 67.823 Thread 0x000002a847648800 DEOPT PACKING pc=0x000002a82ef640a7 sp=0x000000e8671f8170
Event: 67.823 Thread 0x000002a847648800 DEOPT UNPACKING pc=0x000002a82dc276ce sp=0x000000e8671f7620 mode 0
Event: 67.931 Thread 0x000002a847648800 DEOPT PACKING pc=0x000002a82ea0f744 sp=0x000000e8671f4350
Event: 67.931 Thread 0x000002a847648800 DEOPT UNPACKING pc=0x000002a82dc276ce sp=0x000000e8671f3788 mode 0
Event: 67.931 Thread 0x000002a847648800 DEOPT PACKING pc=0x000002a82ea0f84c sp=0x000000e8671f43c0
Event: 67.931 Thread 0x000002a847648800 DEOPT UNPACKING pc=0x000002a82dc276ce sp=0x000000e8671f3860 mode 0
Event: 67.931 Thread 0x000002a847648800 DEOPT PACKING pc=0x000002a82ec9777c sp=0x000000e8671f4430
Event: 67.931 Thread 0x000002a847648800 DEOPT UNPACKING pc=0x000002a82dc276ce sp=0x000000e8671f3830 mode 0

Classes redefined (0 events):
No events

Internal exceptions (20 events):
Event: 67.603 Thread 0x000002a847648800 Exception <a 'sun/nio/fs/WindowsException'{0x00000000894ea6b8}> (0x00000000894ea6b8) thrown at [./src/hotspot/share/prims/jni.cpp, line 615]
Event: 67.604 Thread 0x000002a847648800 Exception <a 'sun/nio/fs/WindowsException'{0x00000000894eb748}> (0x00000000894eb748) thrown at [./src/hotspot/share/prims/jni.cpp, line 615]
Event: 67.604 Thread 0x000002a847648800 Exception <a 'sun/nio/fs/WindowsException'{0x00000000894eb8d8}> (0x00000000894eb8d8) thrown at [./src/hotspot/share/prims/jni.cpp, line 615]
Event: 67.604 Thread 0x000002a847648800 Exception <a 'sun/nio/fs/WindowsException'{0x00000000894edb48}> (0x00000000894edb48) thrown at [./src/hotspot/share/prims/jni.cpp, line 615]
Event: 67.605 Thread 0x000002a847648800 Exception <a 'sun/nio/fs/WindowsException'{0x00000000894f8648}> (0x00000000894f8648) thrown at [./src/hotspot/share/prims/jni.cpp, line 615]
Event: 67.606 Thread 0x000002a847648800 Exception <a 'sun/nio/fs/WindowsException'{0x00000000894f96d8}> (0x00000000894f96d8) thrown at [./src/hotspot/share/prims/jni.cpp, line 615]
Event: 67.606 Thread 0x000002a847648800 Exception <a 'sun/nio/fs/WindowsException'{0x00000000894f9878}> (0x00000000894f9878) thrown at [./src/hotspot/share/prims/jni.cpp, line 615]
Event: 67.606 Thread 0x000002a847648800 Exception <a 'sun/nio/fs/WindowsException'{0x00000000894fbae8}> (0x00000000894fbae8) thrown at [./src/hotspot/share/prims/jni.cpp, line 615]
Event: 67.607 Thread 0x000002a847648800 Exception <a 'sun/nio/fs/WindowsException'{0x00000000893085f8}> (0x00000000893085f8) thrown at [./src/hotspot/share/prims/jni.cpp, line 615]
Event: 67.608 Thread 0x000002a847648800 Exception <a 'sun/nio/fs/WindowsException'{0x0000000089309688}> (0x0000000089309688) thrown at [./src/hotspot/share/prims/jni.cpp, line 615]
Event: 67.608 Thread 0x000002a847648800 Exception <a 'sun/nio/fs/WindowsException'{0x0000000089309820}> (0x0000000089309820) thrown at [./src/hotspot/share/prims/jni.cpp, line 615]
Event: 67.608 Thread 0x000002a847648800 Exception <a 'sun/nio/fs/WindowsException'{0x000000008930ba90}> (0x000000008930ba90) thrown at [./src/hotspot/share/prims/jni.cpp, line 615]
Event: 67.625 Thread 0x000002a847648800 Exception <a 'sun/nio/fs/WindowsException'{0x000000008933e308}> (0x000000008933e308) thrown at [./src/hotspot/share/prims/jni.cpp, line 615]
Event: 67.625 Thread 0x000002a847648800 Exception <a 'sun/nio/fs/WindowsException'{0x000000008933e418}> (0x000000008933e418) thrown at [./src/hotspot/share/prims/jni.cpp, line 615]
Event: 67.625 Thread 0x000002a847648800 Exception <a 'sun/nio/fs/WindowsException'{0x0000000089340550}> (0x0000000089340550) thrown at [./src/hotspot/share/prims/jni.cpp, line 615]
Event: 67.625 Thread 0x000002a847648800 Exception <a 'sun/nio/fs/WindowsException'{0x0000000089340930}> (0x0000000089340930) thrown at [./src/hotspot/share/prims/jni.cpp, line 615]
Event: 67.627 Thread 0x000002a847648800 Exception <a 'sun/nio/fs/WindowsException'{0x0000000089340b40}> (0x0000000089340b40) thrown at [./src/hotspot/share/prims/jni.cpp, line 615]
Event: 67.627 Thread 0x000002a847648800 Exception <a 'sun/nio/fs/WindowsException'{0x0000000089340bc0}> (0x0000000089340bc0) thrown at [./src/hotspot/share/prims/jni.cpp, line 615]
Event: 67.627 Thread 0x000002a847648800 Exception <a 'sun/nio/fs/WindowsException'{0x0000000089342dc0}> (0x0000000089342dc0) thrown at [./src/hotspot/share/prims/jni.cpp, line 615]
Event: 67.673 Thread 0x000002a847648800 Exception <a 'java/lang/ClassNotFoundException'{0x00000000892a03b8}: com/sun/org/apache/xerces/internal/impl/xpath/regex/spi/messageProvider> (0x00000000892a03b8) thrown at [./src/hotspot/share/classfile/systemDictionary.cpp, line 231]

Events (20 events):
Event: 68.073 loading class com/android/ide/common/resources/PatternBasedFileFilter
Event: 68.073 loading class com/android/ide/common/resources/PatternBasedFileFilter done
Event: 68.074 loading class com/android/ide/common/resources/AndroidAaptIgnore
Event: 68.074 loading class com/android/ide/common/resources/AndroidAaptIgnore done
Event: 68.074 loading class com/android/ide/common/resources/NoOpResourcePreprocessor
Event: 68.074 loading class com/android/ide/common/resources/NoOpResourcePreprocessor done
Event: 68.075 loading class com/android/build/gradle/tasks/ExtractDeepLinksTask$CreationAction$configure$1
Event: 68.075 loading class com/android/build/gradle/tasks/ExtractDeepLinksTask$CreationAction$configure$1 done
Event: 68.076 loading class com/android/build/gradle/tasks/ExtractDeepLinksTask$CreationAction$configure$1$1
Event: 68.076 loading class com/android/build/gradle/tasks/ExtractDeepLinksTask$CreationAction$configure$1$1 done
Event: 68.081 loading class com/android/build/gradle/internal/tasks/featuresplit/PackagedDependenciesWriterTask$CreationAction$configure$1
Event: 68.081 loading class com/android/build/gradle/internal/tasks/featuresplit/PackagedDependenciesWriterTask$CreationAction$configure$1 done
Event: 68.082 loading class com/android/build/gradle/internal/tasks/featuresplit/PackagedDependenciesWriterTaskKt
Event: 68.082 loading class com/android/build/gradle/internal/tasks/featuresplit/PackagedDependenciesWriterTaskKt done
Event: 68.083 loading class com/android/build/gradle/internal/tasks/featuresplit/PackagedDependenciesWriterTaskKt$aarOrJarType$1
Event: 68.083 loading class com/android/build/gradle/internal/tasks/featuresplit/PackagedDependenciesWriterTaskKt$aarOrJarType$1 done
Event: 68.085 loading class com/android/build/gradle/tasks/PackageAndroidArtifact$1
Event: 68.085 loading class com/android/build/gradle/tasks/PackageAndroidArtifact$1 done
Event: 68.086 loading class com/android/tools/build/apkzlib/utils/IOExceptionWrapper
Event: 68.086 loading class com/android/tools/build/apkzlib/utils/IOExceptionWrapper done


Dynamic libraries:
0x00007ff744250000 - 0x00007ff74425a000 	C:\Program Files\Android\Android Studio\jre\bin\java.exe
0x00007ffba4990000 - 0x00007ffba4b85000 	C:\Windows\SYSTEM32\ntdll.dll
0x00007ffba3b50000 - 0x00007ffba3c0e000 	C:\Windows\System32\KERNEL32.DLL
0x00007ffba2330000 - 0x00007ffba25f9000 	C:\Windows\System32\KERNELBASE.dll
0x00007ffba28e0000 - 0x00007ffba29e0000 	C:\Windows\System32\ucrtbase.dll
0x00007ffb8c7b0000 - 0x00007ffb8c7c7000 	C:\Program Files\Android\Android Studio\jre\bin\VCRUNTIME140.dll
0x00007ffb8c9d0000 - 0x00007ffb8c9e9000 	C:\Program Files\Android\Android Studio\jre\bin\jli.dll
0x00007ffba4430000 - 0x00007ffba45d1000 	C:\Windows\System32\USER32.dll
0x00007ffb8df80000 - 0x00007ffb8e21a000 	C:\Windows\WinSxS\amd64_microsoft.windows.common-controls_6595b64144ccf1df_6.0.19041.1110_none_60b5254171f9507e\COMCTL32.dll
0x00007ffba2600000 - 0x00007ffba2622000 	C:\Windows\System32\win32u.dll
0x00007ffba4260000 - 0x00007ffba42fe000 	C:\Windows\System32\msvcrt.dll
0x00007ffba4920000 - 0x00007ffba494b000 	C:\Windows\System32\GDI32.dll
0x00007ffba2720000 - 0x00007ffba282b000 	C:\Windows\System32\gdi32full.dll
0x00007ffba2630000 - 0x00007ffba26cd000 	C:\Windows\System32\msvcp_win.dll
0x00007ffba48f0000 - 0x00007ffba4920000 	C:\Windows\System32\IMM32.DLL
0x00007ffb56010000 - 0x00007ffb560ad000 	C:\Program Files\Android\Android Studio\jre\bin\msvcp140.dll
0x00007ffb38bb0000 - 0x00007ffb3967f000 	C:\Program Files\Android\Android Studio\jre\bin\server\jvm.dll
0x00007ffba2a80000 - 0x00007ffba2b2c000 	C:\Windows\System32\ADVAPI32.dll
0x00007ffba29e0000 - 0x00007ffba2a7b000 	C:\Windows\System32\sechost.dll
0x00007ffba4690000 - 0x00007ffba47ba000 	C:\Windows\System32\RPCRT4.dll
0x00007ffba4300000 - 0x00007ffba4308000 	C:\Windows\System32\PSAPI.DLL
0x00007ffb9db90000 - 0x00007ffb9db99000 	C:\Windows\SYSTEM32\WSOCK32.dll
0x00007ffb98260000 - 0x00007ffb9826a000 	C:\Windows\SYSTEM32\VERSION.dll
0x00007ffb94860000 - 0x00007ffb94887000 	C:\Windows\SYSTEM32\WINMM.dll
0x00007ffba3570000 - 0x00007ffba35db000 	C:\Windows\System32\WS2_32.dll
0x00007ffb9ffb0000 - 0x00007ffb9ffc2000 	C:\Windows\SYSTEM32\kernel.appcore.dll
0x00007ffb97ee0000 - 0x00007ffb97ef1000 	C:\Program Files\Android\Android Studio\jre\bin\verify.dll
0x00007ffb98270000 - 0x00007ffb98454000 	C:\Windows\SYSTEM32\DBGHELP.DLL
0x00007ffb91bf0000 - 0x00007ffb91c1c000 	C:\Windows\SYSTEM32\dbgcore.DLL
0x00007ffba2140000 - 0x00007ffba21c3000 	C:\Windows\System32\bcryptPrimitives.dll
0x00007ffb85300000 - 0x00007ffb85329000 	C:\Program Files\Android\Android Studio\jre\bin\java.dll
0x00007ffb9d170000 - 0x00007ffb9d17b000 	C:\Program Files\Android\Android Studio\jre\bin\jimage.dll
0x00007ffb92850000 - 0x00007ffb92868000 	C:\Program Files\Android\Android Studio\jre\bin\zip.dll
0x00007ffba2b30000 - 0x00007ffba326f000 	C:\Windows\System32\SHELL32.dll
0x00007ffba01b0000 - 0x00007ffba0940000 	C:\Windows\SYSTEM32\windows.storage.dll
0x00007ffba3db0000 - 0x00007ffba4105000 	C:\Windows\System32\combase.dll
0x00007ffba1a90000 - 0x00007ffba1abc000 	C:\Windows\SYSTEM32\Wldp.dll
0x00007ffba4110000 - 0x00007ffba41bd000 	C:\Windows\System32\SHCORE.dll
0x00007ffba3c70000 - 0x00007ffba3cc5000 	C:\Windows\System32\shlwapi.dll
0x00007ffba1ff0000 - 0x00007ffba200f000 	C:\Windows\SYSTEM32\profapi.dll
0x00007ffb8e340000 - 0x00007ffb8e35a000 	C:\Program Files\Android\Android Studio\jre\bin\net.dll
0x00007ffb94da0000 - 0x00007ffb94ea8000 	C:\Windows\SYSTEM32\WINHTTP.dll
0x00007ffba17f0000 - 0x00007ffba185a000 	C:\Windows\system32\mswsock.dll
0x00007ffb8d380000 - 0x00007ffb8d394000 	C:\Program Files\Android\Android Studio\jre\bin\nio.dll
0x00007ffb64700000 - 0x00007ffb64727000 	C:\Users\jep\.gradle\native\8bec1ad78214c89d9ad589b4d07fe93259594b29d510b10fafb7a158f7737e5d\windows-amd64\native-platform.dll
0x00007ffb41300000 - 0x00007ffb4143d000 	C:\Users\jep\.gradle\native\53dbd7edfb1c66fb8903c78663c9afc45aea4f116125fa6feffd364cf09443e8\windows-amd64\native-platform-file-events.dll
0x00007ffb97f80000 - 0x00007ffb97f8a000 	C:\Program Files\Android\Android Studio\jre\bin\management.dll
0x00007ffb97ed0000 - 0x00007ffb97edc000 	C:\Program Files\Android\Android Studio\jre\bin\management_ext.dll
0x00007ffba19e0000 - 0x00007ffba19f8000 	C:\Windows\SYSTEM32\CRYPTSP.dll
0x00007ffba1170000 - 0x00007ffba11a4000 	C:\Windows\system32\rsaenh.dll
0x00007ffba2110000 - 0x00007ffba2137000 	C:\Windows\System32\bcrypt.dll
0x00007ffba1fb0000 - 0x00007ffba1fde000 	C:\Windows\SYSTEM32\USERENV.dll
0x00007ffba1a00000 - 0x00007ffba1a0c000 	C:\Windows\SYSTEM32\CRYPTBASE.dll
0x00007ffba14e0000 - 0x00007ffba151b000 	C:\Windows\SYSTEM32\IPHLPAPI.DLL
0x00007ffba3270000 - 0x00007ffba3278000 	C:\Windows\System32\NSI.dll
0x00007ffb9bb30000 - 0x00007ffb9bb47000 	C:\Windows\SYSTEM32\dhcpcsvc6.DLL
0x00007ffb9bc00000 - 0x00007ffb9bc1d000 	C:\Windows\SYSTEM32\dhcpcsvc.DLL
0x00007ffba1520000 - 0x00007ffba15ec000 	C:\Windows\SYSTEM32\DNSAPI.dll
0x00007ffb6f7a0000 - 0x00007ffb6f7c7000 	C:\Program Files\Android\Android Studio\jre\bin\sunec.dll
0x00007ffb94d00000 - 0x00007ffb94d0a000 	C:\Windows\System32\rasadhlp.dll
0x00007ffb94d20000 - 0x00007ffb94d9f000 	C:\Windows\System32\fwpuclnt.dll

dbghelp: loaded successfully - version: 4.0.5 - missing functions: none
symbol engine: initialized successfully - sym options: 0x614 - pdb path: .;C:\Program Files\Android\Android Studio\jre\bin;C:\Windows\SYSTEM32;C:\Windows\WinSxS\amd64_microsoft.windows.common-controls_6595b64144ccf1df_6.0.19041.1110_none_60b5254171f9507e;C:\Program Files\Android\Android Studio\jre\bin\server;C:\Users\jep\.gradle\native\8bec1ad78214c89d9ad589b4d07fe93259594b29d510b10fafb7a158f7737e5d\windows-amd64;C:\Users\jep\.gradle\native\53dbd7edfb1c66fb8903c78663c9afc45aea4f116125fa6feffd364cf09443e8\windows-amd64

VM Arguments:
jvm_args: --add-opens=java.base/java.util=ALL-UNNAMED --add-opens=java.base/java.lang=ALL-UNNAMED --add-opens=java.base/java.lang.invoke=ALL-UNNAMED --add-opens=java.base/java.util=ALL-UNNAMED --add-opens=java.prefs/java.util.prefs=ALL-UNNAMED --add-opens=java.prefs/java.util.prefs=ALL-UNNAMED --add-opens=java.base/java.nio.charset=ALL-UNNAMED --add-opens=java.base/java.net=ALL-UNNAMED --add-opens=java.base/java.util.concurrent.atomic=ALL-UNNAMED -Xmx2048m -Dfile.encoding=UTF-8 -Duser.country=US -Duser.language=en -Duser.variant 
java_command: org.gradle.launcher.daemon.bootstrap.GradleDaemon 7.0.2
java_class_path (initial): C:\Users\jep\.gradle\wrapper\dists\gradle-7.0.2-bin\857tjihv64xamwrf0h14cai3r\gradle-7.0.2\lib\gradle-launcher-7.0.2.jar
Launcher Type: SUN_STANDARD

[Global flags]
     intx CICompilerCount                          = 4                                         {product} {ergonomic}
     uint ConcGCThreads                            = 2                                         {product} {ergonomic}
     uint G1ConcRefinementThreads                  = 8                                         {product} {ergonomic}
   size_t G1HeapRegionSize                         = 1048576                                   {product} {ergonomic}
    uintx GCDrainStackTargetSize                   = 64                                        {product} {ergonomic}
   size_t InitialHeapSize                          = 234881024                                 {product} {ergonomic}
   size_t MarkStackSize                            = 4194304                                   {product} {ergonomic}
   size_t MaxHeapSize                              = 2147483648                                {product} {command line}
   size_t MaxNewSize                               = 1287651328                                {product} {ergonomic}
   size_t MinHeapDeltaBytes                        = 1048576                                   {product} {ergonomic}
    uintx NonNMethodCodeHeapSize                   = 5836300                                {pd product} {ergonomic}
    uintx NonProfiledCodeHeapSize                  = 122910970                              {pd product} {ergonomic}
    uintx ProfiledCodeHeapSize                     = 122910970                              {pd product} {ergonomic}
    uintx ReservedCodeCacheSize                    = 251658240                              {pd product} {ergonomic}
     bool SegmentedCodeCache                       = true                                      {product} {ergonomic}
     bool UseCompressedClassPointers               = true                                 {lp64_product} {ergonomic}
     bool UseCompressedOops                        = true                                 {lp64_product} {ergonomic}
     bool UseG1GC                                  = true                                      {product} {ergonomic}
     bool UseLargePagesIndividualAllocation        = false                                  {pd product} {ergonomic}

Logging:
Log output configuration:
 #0: stdout all=warning uptime,level,tags
 #1: stderr all=off uptime,level,tags

Environment Variables:
PATH=C:\Windows\system32;C:\Windows;C:\Windows\System32\Wbem;C:\Windows\System32\WindowsPowerShell\v1.0\;C:\Windows\System32\OpenSSH\;C:\Users\jep\AppData\Local\Microsoft\WindowsApps;
USERNAME=jep
OS=Windows_NT
PROCESSOR_IDENTIFIER=AMD64 Family 23 Model 24 Stepping 1, AuthenticAMD



---------------  S Y S T E M  ---------------

OS: Windows 10 , 64 bit Build 19041 (10.0.19041.1202)
OS uptime: 0 days 2:44 hours

CPU:total 8 (initial active 8) (8 cores per cpu, 2 threads per core) family 23 model 24 stepping 1 microcode 0x0, cmov, cx8, fxsr, mmx, sse, sse2, sse3, ssse3, sse4.1, sse4.2, popcnt, avx, avx2, aes, clmul, mmxext, 3dnowpref, lzcnt, sse4a, ht, tsc, tscinvbit, tscinv, bmi1, bmi2, adx, s

Memory: 4k page, system-wide physical 14274M (7031M free)
TotalPageFile size 16962M (AvailPageFile size 6491M)
current process WorkingSet (physical memory assigned to process): 489M, peak: 491M
current process commit charge ("private bytes"): 543M, peak: 544M

vm_info: OpenJDK 64-Bit Server VM (11.0.10+0-b96-7249189) for windows-amd64 JRE (11.0.10+0-b96-7249189), built on Mar 31 2021 21:44:00 by "builder" with MS VC++ 14.0 (VS2015)

END.
