#
# A fatal error has been detected by the Java Runtime Environment:
#
#  EXCEPTION_ACCESS_VIOLATION (0xc0000005) at pc=0x00007ffb392ac603, pid=8868, tid=12420
#
# JRE version: OpenJDK Runtime Environment (11.0.10) (build 11.0.10+0-b96-7249189)
# Java VM: OpenJDK 64-Bit Server VM (11.0.10+0-b96-7249189, mixed mode, tiered, compressed oops, g1 gc, windows-amd64)
# Problematic frame:
# V  [jvm.dll+0x6fc603]
#
# No core dump will be written. Minidumps are not enabled by default on client versions of Windows
#
# If you would like to submit a bug report, please visit:
#   https://bugreport.java.com/bugreport/crash.jsp
#

---------------  S U M M A R Y ------------

Command Line: --add-opens=java.base/java.util=ALL-UNNAMED --add-opens=java.base/java.lang=ALL-UNNAMED --add-opens=java.base/java.lang.invoke=ALL-UNNAMED --add-opens=java.base/java.util=ALL-UNNAMED --add-opens=java.prefs/java.util.prefs=ALL-UNNAMED --add-opens=java.prefs/java.util.prefs=ALL-UNNAMED --add-opens=java.base/java.nio.charset=ALL-UNNAMED --add-opens=java.base/java.net=ALL-UNNAMED --add-opens=java.base/java.util.concurrent.atomic=ALL-UNNAMED -Xmx2048m -Dfile.encoding=UTF-8 -Duser.country=US -Duser.language=en -Duser.variant org.gradle.launcher.daemon.bootstrap.GradleDaemon 7.0.2

Host: AMD Ryzen 5 3550H with Radeon Vega Mobile Gfx  , 8 cores, 13G,  Windows 10 , 64 bit Build 19041 (10.0.19041.1202)
Time: Sun Jan 23 02:59:58 2022 Pacific Standard Time elapsed time: 12.002461 seconds (0d 0h 0m 12s)

---------------  T H R E A D  ---------------

Current thread (0x000001c9739d7800):  JavaThread "C2 CompilerThread1" daemon [_thread_in_native, id=12420, stack(0x0000001f05700000,0x0000001f05800000)]


Current CompileTask:
C2:  12002 6002       4       org.apache.tools.zip.ZipOutputStream::createLocalFileHeader (320 bytes)

Stack: [0x0000001f05700000,0x0000001f05800000],  sp=0x0000001f057fb548,  free space=1005k
Native frames: (J=compiled Java code, j=interpreted, Vv=VM code, C=native code)
V  [jvm.dll+0x6fc603]


siginfo: EXCEPTION_ACCESS_VIOLATION (0xc0000005), reading address 0x00007dfb3942d990


Register to memory mapping:

RIP=0x00007ffb392ac603 jvm.dll
RAX=0x00007dfb3942d940 is an unknown value
RBX=0x0000000000000002 is an unknown value
RCX=0x000001c972a5e578 points into unknown readable memory: 0x00007dfb3942d940 | 40 d9 42 39 fb 7d 00 00
RDX=0x000001c972a5ee98 points into unknown readable memory: 0x000001c972a606d8 | d8 06 a6 72 c9 01 00 00
RSP=0x0000001f057fb548 is pointing into the stack for thread: 0x000001c9739d7800
RBP=0x000001c972a5e578 points into unknown readable memory: 0x00007dfb3942d940 | 40 d9 42 39 fb 7d 00 00
RSI=0x000001c973c13550 points into unknown readable memory: 0x0000000800000001 | 01 00 00 00 08 00 00 00
RDI=0x0000000000000001 is an unknown value
R8 =0x000001c972a5ee98 points into unknown readable memory: 0x000001c972a606d8 | d8 06 a6 72 c9 01 00 00
R9 =0x0000000000000008 is an unknown value
R10=0x0000000000000002 is an unknown value
R11=0x000001c9733e6b10 points into unknown readable memory: 0x00007ffb3942d028 | 28 d0 42 39 fb 7f 00 00
R12=0x0000000000000054 is an unknown value
R13=0x000001c973c0f010 points into unknown readable memory: 0x0000001000000008 | 08 00 00 00 10 00 00 00
R14=0x000001c9712e85d0 points into unknown readable memory: 0x0000001f057fe748 | 48 e7 7f 05 1f 00 00 00
R15=0x0000000000000010 is an unknown value


Registers:
RAX=0x00007dfb3942d940, RBX=0x0000000000000002, RCX=0x000001c972a5e578, RDX=0x000001c972a5ee98
RSP=0x0000001f057fb548, RBP=0x000001c972a5e578, RSI=0x000001c973c13550, RDI=0x0000000000000001
R8 =0x000001c972a5ee98, R9 =0x0000000000000008, R10=0x0000000000000002, R11=0x000001c9733e6b10
R12=0x0000000000000054, R13=0x000001c973c0f010, R14=0x000001c9712e85d0, R15=0x0000000000000010
RIP=0x00007ffb392ac603, EFLAGS=0x0000000000010293

Top of Stack: (sp=0x0000001f057fb548)
0x0000001f057fb548:   00007ffb38e5a11a 0000000000000000
0x0000001f057fb558:   000001c973c13550 000001c973c134c0
0x0000001f057fb568:   000001c9712e85d0 000001c900000000
0x0000001f057fb578:   000001c972a62270 000001c96fb32ca0
0x0000001f057fb588:   000001c972a622c0 0000000000000002
0x0000001f057fb598:   000001c9712e85d0 0000000000000004
0x0000001f057fb5a8:   0000000000000000 000001c972a622c0
0x0000001f057fb5b8:   0000000080008cde 000001c9794abdf0
0x0000001f057fb5c8:   00007ffb38e59e82 000001c900000001
0x0000001f057fb5d8:   000001c900000002 000001c900000400
0x0000001f057fb5e8:   0000000000000540 0000000000000000
0x0000001f057fb5f8:   0000000000000004 0000000000000000
0x0000001f057fb608:   0000000000002110 0000001f057fc360
0x0000001f057fb618:   0000000000000329 000001c97314e3b8
0x0000001f057fb628:   00007ffb392a9ce6 000001c972a622c0
0x0000001f057fb638:   000001c973fdb048 000001c9712e85d0 

Instructions: (pc=0x00007ffb392ac603)
0x00007ffb392ac503:   c4 28 c3 cc cc cc cc cc cc cc cc cc cc 48 83 ec
0x00007ffb392ac513:   28 48 8b d1 48 8b 49 18 48 85 c9 74 33 8b 41 10
0x00007ffb392ac523:   83 e8 11 83 f8 02 77 28 48 8b 52 08 45 33 c0 48
0x00007ffb392ac533:   8b 49 08 e8 65 f9 ff ff 48 8b 48 08 80 79 40 00
0x00007ffb392ac543:   74 0e 48 8b 01 48 83 c4 28 48 ff a0 d0 00 00 00
0x00007ffb392ac553:   33 c0 48 83 c4 28 c3 cc cc cc cc cc cc 40 53 48
0x00007ffb392ac563:   83 ec 20 48 8b 01 48 8b d9 ff 50 70 84 c0 74 08
0x00007ffb392ac573:   33 c0 48 83 c4 20 5b c3 48 8b 03 48 8b cb 48 83
0x00007ffb392ac583:   c4 20 5b 48 ff 60 60 cc cc cc cc cc cc 48 83 ec
0x00007ffb392ac593:   28 4c 8b 41 48 41 80 78 28 00 75 07 33 c0 48 83
0x00007ffb392ac5a3:   c4 28 c3 4d 8b 40 18 45 33 c9 ba 01 00 00 00 41
0x00007ffb392ac5b3:   8b 40 10 83 f8 06 75 06 49 8b 48 18 eb 18 83 f8
0x00007ffb392ac5c3:   07 75 06 49 8b 48 18 eb 0d 83 c0 f1 49 8b c9 83
0x00007ffb392ac5d3:   f8 06 49 0f 46 c8 48 85 c9 74 15 83 79 10 13 4c
0x00007ffb392ac5e3:   0f 44 c9 4d 85 c9 74 08 e8 a0 ff ff ff 8d 50 01
0x00007ffb392ac5f3:   8b c2 48 83 c4 28 c3 cc cc cc cc cc cc 48 8b 01
0x00007ffb392ac603:   48 ff 60 50 cc cc cc cc cc cc cc cc cc 83 7a 10
0x00007ffb392ac613:   03 4d 8b d8 74 04 48 8b c1 c3 44 8b 49 18 44 8b
0x00007ffb392ac623:   42 18 45 3b c8 75 0f 8b 42 1c 39 41 1c 75 04 48
0x00007ffb392ac633:   8b c2 c3 45 3b c8 0f 8f 93 00 00 00 44 8b 51 1c
0x00007ffb392ac643:   44 3b 52 1c 0f 8c 85 00 00 00 0f b7 41 20 66 3b
0x00007ffb392ac653:   42 20 7f c2 44 3b 42 1c 74 bc 66 83 f8 03 75 5d
0x00007ffb392ac663:   33 c0 ba ff ff ff 7f 41 83 7b 10 03 b9 00 00 00
0x00007ffb392ac673:   80 49 0f 44 c3 48 85 c0 74 08 41 8b 53 1c 41 8b
0x00007ffb392ac683:   4b 18 41 3b c9 7d 58 44 3b d2 7d 53 45 85 c9 79
0x00007ffb392ac693:   1e 44 8b c2 41 8b c1 45 2b c2 2b c1 41 3b c0 73
0x00007ffb392ac6a3:   0e 41 b8 03 00 00 00 41 8b d2 e9 ee de ff ff 41
0x00007ffb392ac6b3:   b8 03 00 00 00 41 8b c9 e9 e0 de ff ff 44 0f bf
0x00007ffb392ac6c3:   c0 41 8b d2 41 ff c0 41 8b c9 e9 ce de ff ff 45
0x00007ffb392ac6d3:   3b c1 7f 0b 8b 41 1c 39 42 1c 48 8b c2 7d 07 48
0x00007ffb392ac6e3:   8b 05 4f ec 32 00 c3 cc cc cc cc cc cc 83 7a 10
0x00007ffb392ac6f3:   04 4d 8b d8 74 04 48 8b c1 c3 4c 8b 49 18 4c 8b 


Stack slot to memory mapping:
stack at sp + 0 slots: 0x00007ffb38e5a11a jvm.dll
stack at sp + 1 slots: 0x0 is NULL
stack at sp + 2 slots: 0x000001c973c13550 points into unknown readable memory: 0x0000000800000001 | 01 00 00 00 08 00 00 00
stack at sp + 3 slots: 0x000001c973c134c0 points into unknown readable memory: 0x0000000800000000 | 00 00 00 00 08 00 00 00
stack at sp + 4 slots: 0x000001c9712e85d0 points into unknown readable memory: 0x0000001f057fe748 | 48 e7 7f 05 1f 00 00 00
stack at sp + 5 slots: 0x000001c900000000 is an unknown value
stack at sp + 6 slots: 0x000001c972a62270 points into unknown readable memory: 0x00007ffb3942d848 | 48 d8 42 39 fb 7f 00 00
stack at sp + 7 slots: 0x000001c96fb32ca0 points into unknown readable memory: 0x00007ffb393ad550 | 50 d5 3a 39 fb 7f 00 00


---------------  P R O C E S S  ---------------

Threads class SMR info:
_java_thread_list=0x000001c97314f7e0, length=41, elements={
0x000001c9546ba000, 0x000001c96f3ac000, 0x000001c96f3b7800, 0x000001c96f40a000,
0x000001c96f40b000, 0x000001c96f40e000, 0x000001c96f40f000, 0x000001c96f419800,
0x000001c96f422000, 0x000001c96f586800, 0x000001c970e52800, 0x000001c96f93d000,
0x000001c97055d000, 0x000001c970bf0800, 0x000001c9709ca800, 0x000001c9707db800,
0x000001c9707dc800, 0x000001c971366800, 0x000001c971905800, 0x000001c9718fc000,
0x000001c9718fd800, 0x000001c9718ff800, 0x000001c971901800, 0x000001c971900000,
0x000001c971901000, 0x000001c9718fd000, 0x000001c9739d4800, 0x000001c9739d3800,
0x000001c9739cf800, 0x000001c9739ce800, 0x000001c9739d5000, 0x000001c9739d6000,
0x000001c9739d0800, 0x000001c9739d7000, 0x000001c9739d3000, 0x000001c9739d1000,
0x000001c9739d2000, 0x000001c9739db800, 0x000001c9739d9800, 0x000001c9739d7800,
0x000001c9739d8800
}

Java Threads: ( => current thread )
  0x000001c9546ba000 JavaThread "main" [_thread_blocked, id=2748, stack(0x0000001f02400000,0x0000001f02500000)]
  0x000001c96f3ac000 JavaThread "Reference Handler" daemon [_thread_blocked, id=7056, stack(0x0000001f02b00000,0x0000001f02c00000)]
  0x000001c96f3b7800 JavaThread "Finalizer" daemon [_thread_blocked, id=4368, stack(0x0000001f02c00000,0x0000001f02d00000)]
  0x000001c96f40a000 JavaThread "Signal Dispatcher" daemon [_thread_blocked, id=9492, stack(0x0000001f02d00000,0x0000001f02e00000)]
  0x000001c96f40b000 JavaThread "Attach Listener" daemon [_thread_blocked, id=10960, stack(0x0000001f02e00000,0x0000001f02f00000)]
  0x000001c96f40e000 JavaThread "Service Thread" daemon [_thread_blocked, id=8708, stack(0x0000001f02f00000,0x0000001f03000000)]
  0x000001c96f40f000 JavaThread "C2 CompilerThread0" daemon [_thread_in_native, id=9552, stack(0x0000001f03000000,0x0000001f03100000)]
  0x000001c96f419800 JavaThread "C1 CompilerThread0" daemon [_thread_in_native, id=7460, stack(0x0000001f03100000,0x0000001f03200000)]
  0x000001c96f422000 JavaThread "Sweeper thread" daemon [_thread_blocked, id=6508, stack(0x0000001f03200000,0x0000001f03300000)]
  0x000001c96f586800 JavaThread "Common-Cleaner" daemon [_thread_blocked, id=6388, stack(0x0000001f03300000,0x0000001f03400000)]
  0x000001c970e52800 JavaThread "Daemon health stats" [_thread_blocked, id=2628, stack(0x0000001f03b00000,0x0000001f03c00000)]
  0x000001c96f93d000 JavaThread "Incoming local TCP Connector on port 51300" [_thread_in_native, id=2392, stack(0x0000001f03500000,0x0000001f03600000)]
  0x000001c97055d000 JavaThread "Daemon periodic checks" [_thread_blocked, id=5912, stack(0x0000001f03a00000,0x0000001f03b00000)]
  0x000001c970bf0800 JavaThread "Daemon" [_thread_blocked, id=10896, stack(0x0000001f03c00000,0x0000001f03d00000)]
  0x000001c9709ca800 JavaThread "Handler for socket connection from /127.0.0.1:51300 to /127.0.0.1:51301" [_thread_in_native, id=4156, stack(0x0000001f03d00000,0x0000001f03e00000)]
  0x000001c9707db800 JavaThread "Cancel handler" [_thread_blocked, id=10568, stack(0x0000001f03e00000,0x0000001f03f00000)]
  0x000001c9707dc800 JavaThread "Daemon worker" [_thread_blocked, id=13088, stack(0x0000001f03f00000,0x0000001f04000000)]
  0x000001c971366800 JavaThread "Asynchronous log dispatcher for DefaultDaemonConnection: socket connection from /127.0.0.1:51300 to /127.0.0.1:51301" [_thread_blocked, id=12428, stack(0x0000001f04100000,0x0000001f04200000)]
  0x000001c971905800 JavaThread "Stdin handler" [_thread_blocked, id=12588, stack(0x0000001f04200000,0x0000001f04300000)]
  0x000001c9718fc000 JavaThread "Daemon client event forwarder" [_thread_blocked, id=11652, stack(0x0000001f04300000,0x0000001f04400000)]
  0x000001c9718fd800 JavaThread "Cache worker for file hash cache (C:\Users\jep\.gradle\caches\7.0.2\fileHashes)" [_thread_blocked, id=5800, stack(0x0000001f04400000,0x0000001f04500000)]
  0x000001c9718ff800 JavaThread "File lock request listener" [_thread_in_native, id=4868, stack(0x0000001f04500000,0x0000001f04600000)]
  0x000001c971901800 JavaThread "Cache worker for journal cache (C:\Users\jep\.gradle\caches\journal-1)" [_thread_blocked, id=10036, stack(0x0000001f04a00000,0x0000001f04b00000)]
  0x000001c971900000 JavaThread "Cache worker for file hash cache (C:\Users\jep\AndroidStudioProjects\FirstAidKit\.gradle\7.0.2\fileHashes)" [_thread_blocked, id=2792, stack(0x0000001f04b00000,0x0000001f04c00000)]
  0x000001c971901000 JavaThread "File watcher server" daemon [_thread_in_native, id=8440, stack(0x0000001f04c00000,0x0000001f04d00000)]
  0x000001c9718fd000 JavaThread "File watcher consumer" daemon [_thread_blocked, id=8016, stack(0x0000001f04d00000,0x0000001f04e00000)]
  0x000001c9739d4800 JavaThread "jar transforms" [_thread_in_Java, id=6468, stack(0x0000001f04f00000,0x0000001f05000000)]
  0x000001c9739d3800 JavaThread "jar transforms Thread 2" [_thread_blocked, id=9904, stack(0x0000001f05000000,0x0000001f05100000)]
  0x000001c9739cf800 JavaThread "jar transforms Thread 3" [_thread_blocked, id=11192, stack(0x0000001f05100000,0x0000001f05200000)]
  0x000001c9739ce800 JavaThread "jar transforms Thread 4" [_thread_blocked, id=12976, stack(0x0000001f05200000,0x0000001f05300000)]
  0x000001c9739d5000 JavaThread "jar transforms Thread 5" [_thread_blocked, id=8880, stack(0x0000001f05300000,0x0000001f05400000)]
  0x000001c9739d6000 JavaThread "jar transforms Thread 6" [_thread_blocked, id=6528, stack(0x0000001f05400000,0x0000001f05500000)]
  0x000001c9739d0800 JavaThread "jar transforms Thread 7" [_thread_blocked, id=10420, stack(0x0000001f05500000,0x0000001f05600000)]
  0x000001c9739d7000 JavaThread "jar transforms Thread 8" [_thread_blocked, id=12152, stack(0x0000001f04000000,0x0000001f04100000)]
  0x000001c9739d3000 JavaThread "Cache worker for checksums cache (C:\Users\jep\AndroidStudioProjects\FirstAidKit\.gradle\checksums)" [_thread_blocked, id=1428, stack(0x0000001f04e00000,0x0000001f04f00000)]
  0x000001c9739d1000 JavaThread "Cache worker for cache directory md-supplier (C:\Users\jep\.gradle\caches\7.0.2\md-supplier)" [_thread_blocked, id=11300, stack(0x0000001f05600000,0x0000001f05700000)]
  0x000001c9739d2000 JavaThread "Cache worker for cache directory md-rule (C:\Users\jep\.gradle\caches\7.0.2\md-rule)" [_thread_blocked, id=5324, stack(0x0000001f05800000,0x0000001f05900000)]
  0x000001c9739db800 JavaThread "Cache worker for execution history cache (C:\Users\jep\.gradle\caches\7.0.2\executionHistory)" [_thread_blocked, id=8548, stack(0x0000001f05900000,0x0000001f05a00000)]
  0x000001c9739d9800 JavaThread "Cache worker for file content cache (C:\Users\jep\.gradle\caches\7.0.2\fileContent)" [_thread_blocked, id=1688, stack(0x0000001f05b00000,0x0000001f05c00000)]
=>0x000001c9739d7800 JavaThread "C2 CompilerThread1" daemon [_thread_in_native, id=12420, stack(0x0000001f05700000,0x0000001f05800000)]
  0x000001c9739d8800 JavaThread "C2 CompilerThread2" daemon [_thread_in_native, id=7840, stack(0x0000001f05a00000,0x0000001f05b00000)]

Other Threads:
  0x000001c96f3aa000 VMThread "VM Thread" [stack: 0x0000001f02a00000,0x0000001f02b00000] [id=12720]
  0x000001c96f5ab000 WatcherThread [stack: 0x0000001f03400000,0x0000001f03500000] [id=4936]
  0x000001c9546d4000 GCTaskThread "GC Thread#0" [stack: 0x0000001f02500000,0x0000001f02600000] [id=11256]
  0x000001c96fa64000 GCTaskThread "GC Thread#1" [stack: 0x0000001f03600000,0x0000001f03700000] [id=12788]
  0x000001c970646800 GCTaskThread "GC Thread#2" [stack: 0x0000001f03700000,0x0000001f03800000] [id=8948]
  0x000001c970299000 GCTaskThread "GC Thread#3" [stack: 0x0000001f03800000,0x0000001f03900000] [id=5884]
  0x000001c96fb0d000 GCTaskThread "GC Thread#4" [stack: 0x0000001f03900000,0x0000001f03a00000] [id=11144]
  0x000001c971ad8800 GCTaskThread "GC Thread#5" [stack: 0x0000001f04600000,0x0000001f04700000] [id=13144]
  0x000001c97087f800 GCTaskThread "GC Thread#6" [stack: 0x0000001f04700000,0x0000001f04800000] [id=13188]
  0x000001c971cb8800 GCTaskThread "GC Thread#7" [stack: 0x0000001f04800000,0x0000001f04900000] [id=268]
  0x000001c954707000 ConcurrentGCThread "G1 Main Marker" [stack: 0x0000001f02600000,0x0000001f02700000] [id=13092]
  0x000001c954708000 ConcurrentGCThread "G1 Conc#0" [stack: 0x0000001f02700000,0x0000001f02800000] [id=10096]
  0x000001c970889000 ConcurrentGCThread "G1 Conc#1" [stack: 0x0000001f04900000,0x0000001f04a00000] [id=7872]
  0x000001c96e9f8800 ConcurrentGCThread "G1 Refine#0" [stack: 0x0000001f02800000,0x0000001f02900000] [id=3544]
  0x000001c96e9f9800 ConcurrentGCThread "G1 Young RemSet Sampling" [stack: 0x0000001f02900000,0x0000001f02a00000] [id=11480]

Threads with active compile tasks:
C2 CompilerThread0  12036 5983       4       org.objectweb.asm.ClassReader::accept (1404 bytes)
C1 CompilerThread0  12036 6005 %     3       org.objectweb.asm.ClassReader::readCode @ 1738 (5109 bytes)
C2 CompilerThread1  12036 6002       4       org.apache.tools.zip.ZipOutputStream::createLocalFileHeader (320 bytes)
C2 CompilerThread2  12036 6003       4       org.apache.tools.zip.ZipOutputStream::writeLocalFileHeader (101 bytes)

VM state:not at safepoint (normal execution)

VM Mutex/Monitor currently owned by a thread: None

Heap address: 0x0000000080000000, size: 2048 MB, Compressed Oops mode: 32-bit
Narrow klass base: 0x0000000000000000, Narrow klass shift: 3
Compressed class space size: 1073741824 Address: 0x0000000100000000

Heap:
 garbage-first heap   total 229376K, used 88827K [0x0000000080000000, 0x0000000100000000)
  region size 1024K, 37 young (37888K), 7 survivors (7168K)
 Metaspace       used 48016K, capacity 49333K, committed 49408K, reserved 1091584K
  class space    used 6178K, capacity 6637K, committed 6656K, reserved 1048576K
Heap Regions: E=young(eden), S=young(survivor), O=old, HS=humongous(starts), HC=humongous(continues), CS=collection set, F=free, A=archive, TAMS=top-at-mark-start (previous, next)
|   0|0x0000000080000000, 0x0000000080100000, 0x0000000080100000|100%|HS|  |TAMS 0x0000000080100000, 0x0000000080000000| Complete 
|   1|0x0000000080100000, 0x0000000080200000, 0x0000000080200000|100%|HC|  |TAMS 0x0000000080200000, 0x0000000080100000| Complete 
|   2|0x0000000080200000, 0x0000000080300000, 0x0000000080300000|100%| O|  |TAMS 0x0000000080300000, 0x0000000080200000| Untracked 
|   3|0x0000000080300000, 0x0000000080400000, 0x0000000080400000|100%|HS|  |TAMS 0x0000000080400000, 0x0000000080300000| Complete 
|   4|0x0000000080400000, 0x0000000080500000, 0x0000000080500000|100%|HC|  |TAMS 0x0000000080500000, 0x0000000080400000| Complete 
|   5|0x0000000080500000, 0x0000000080600000, 0x0000000080600000|100%|HC|  |TAMS 0x0000000080600000, 0x0000000080500000| Complete 
|   6|0x0000000080600000, 0x0000000080700000, 0x0000000080700000|100%| O|  |TAMS 0x0000000080700000, 0x0000000080600000| Untracked 
|   7|0x0000000080700000, 0x0000000080800000, 0x0000000080800000|100%| O|  |TAMS 0x0000000080800000, 0x0000000080700000| Untracked 
|   8|0x0000000080800000, 0x0000000080900000, 0x0000000080900000|100%| O|  |TAMS 0x0000000080900000, 0x0000000080800000| Untracked 
|   9|0x0000000080900000, 0x0000000080a00000, 0x0000000080a00000|100%|HS|  |TAMS 0x0000000080a00000, 0x0000000080900000| Complete 
|  10|0x0000000080a00000, 0x0000000080b00000, 0x0000000080b00000|100%|HC|  |TAMS 0x0000000080b00000, 0x0000000080a00000| Complete 
|  11|0x0000000080b00000, 0x0000000080c00000, 0x0000000080c00000|100%|HC|  |TAMS 0x0000000080c00000, 0x0000000080b00000| Complete 
|  12|0x0000000080c00000, 0x0000000080d00000, 0x0000000080d00000|100%|HS|  |TAMS 0x0000000080d00000, 0x0000000080c00000| Complete 
|  13|0x0000000080d00000, 0x0000000080e00000, 0x0000000080e00000|100%|HC|  |TAMS 0x0000000080e00000, 0x0000000080d00000| Complete 
|  14|0x0000000080e00000, 0x0000000080f00000, 0x0000000080f00000|100%|HC|  |TAMS 0x0000000080f00000, 0x0000000080e00000| Complete 
|  15|0x0000000080f00000, 0x0000000081000000, 0x0000000081000000|100%|HC|  |TAMS 0x0000000081000000, 0x0000000080f00000| Complete 
|  16|0x0000000081000000, 0x0000000081100000, 0x0000000081100000|100%|HC|  |TAMS 0x0000000081100000, 0x0000000081000000| Complete 
|  17|0x0000000081100000, 0x0000000081200000, 0x0000000081200000|100%| O|  |TAMS 0x0000000081200000, 0x0000000081100000| Untracked 
|  18|0x0000000081200000, 0x0000000081300000, 0x0000000081300000|100%| O|  |TAMS 0x0000000081300000, 0x0000000081200000| Untracked 
|  19|0x0000000081300000, 0x0000000081400000, 0x0000000081400000|100%| O|  |TAMS 0x0000000081400000, 0x0000000081300000| Untracked 
|  20|0x0000000081400000, 0x0000000081500000, 0x0000000081500000|100%| O|  |TAMS 0x0000000081500000, 0x0000000081400000| Untracked 
|  21|0x0000000081500000, 0x0000000081600000, 0x0000000081600000|100%| O|  |TAMS 0x0000000081600000, 0x0000000081500000| Untracked 
|  22|0x0000000081600000, 0x0000000081700000, 0x0000000081700000|100%| O|  |TAMS 0x0000000081700000, 0x0000000081600000| Untracked 
|  23|0x0000000081700000, 0x0000000081800000, 0x0000000081800000|100%| O|  |TAMS 0x0000000081800000, 0x0000000081700000| Untracked 
|  24|0x0000000081800000, 0x0000000081900000, 0x0000000081900000|100%| O|  |TAMS 0x0000000081900000, 0x0000000081800000| Untracked 
|  25|0x0000000081900000, 0x0000000081a00000, 0x0000000081a00000|100%| O|  |TAMS 0x00000000819de200, 0x0000000081900000| Untracked 
|  26|0x0000000081a00000, 0x0000000081b00000, 0x0000000081b00000|100%| O|  |TAMS 0x0000000081a00000, 0x0000000081a00000| Untracked 
|  27|0x0000000081b00000, 0x0000000081c00000, 0x0000000081c00000|100%| O|  |TAMS 0x0000000081b00000, 0x0000000081b00000| Untracked 
|  28|0x0000000081c00000, 0x0000000081d00000, 0x0000000081d00000|100%| O|  |TAMS 0x0000000081c00000, 0x0000000081c00000| Untracked 
|  29|0x0000000081d00000, 0x0000000081e00000, 0x0000000081e00000|100%| O|  |TAMS 0x0000000081d00000, 0x0000000081d00000| Untracked 
|  30|0x0000000081e00000, 0x0000000081f00000, 0x0000000081f00000|100%| O|  |TAMS 0x0000000081e00000, 0x0000000081e00000| Untracked 
|  31|0x0000000081f00000, 0x0000000082000000, 0x0000000082000000|100%| O|  |TAMS 0x0000000081f00000, 0x0000000081f00000| Untracked 
|  32|0x0000000082000000, 0x0000000082100000, 0x0000000082100000|100%| O|  |TAMS 0x0000000082000000, 0x0000000082000000| Untracked 
|  33|0x0000000082100000, 0x0000000082200000, 0x0000000082200000|100%| O|  |TAMS 0x0000000082100000, 0x0000000082100000| Untracked 
|  34|0x0000000082200000, 0x0000000082300000, 0x0000000082300000|100%| O|  |TAMS 0x0000000082200000, 0x0000000082200000| Untracked 
|  35|0x0000000082300000, 0x0000000082400000, 0x0000000082400000|100%| O|  |TAMS 0x0000000082300000, 0x0000000082300000| Untracked 
|  36|0x0000000082400000, 0x0000000082500000, 0x0000000082500000|100%| O|  |TAMS 0x0000000082400000, 0x0000000082400000| Untracked 
|  37|0x0000000082500000, 0x0000000082600000, 0x0000000082600000|100%| O|  |TAMS 0x0000000082500000, 0x0000000082500000| Untracked 
|  38|0x0000000082600000, 0x0000000082700000, 0x0000000082700000|100%| O|  |TAMS 0x0000000082600000, 0x0000000082600000| Untracked 
|  39|0x0000000082700000, 0x0000000082800000, 0x0000000082800000|100%|HS|  |TAMS 0x0000000082700000, 0x0000000082700000| Complete 
|  40|0x0000000082800000, 0x0000000082900000, 0x0000000082900000|100%|HC|  |TAMS 0x0000000082800000, 0x0000000082800000| Complete 
|  41|0x0000000082900000, 0x0000000082a00000, 0x0000000082a00000|100%|HC|  |TAMS 0x0000000082900000, 0x0000000082900000| Complete 
|  42|0x0000000082a00000, 0x0000000082b00000, 0x0000000082b00000|100%|HC|  |TAMS 0x0000000082a00000, 0x0000000082a00000| Complete 
|  43|0x0000000082b00000, 0x0000000082c00000, 0x0000000082c00000|100%|HC|  |TAMS 0x0000000082b00000, 0x0000000082b00000| Complete 
|  44|0x0000000082c00000, 0x0000000082d00000, 0x0000000082d00000|100%| O|  |TAMS 0x0000000082c00000, 0x0000000082c00000| Untracked 
|  45|0x0000000082d00000, 0x0000000082e00000, 0x0000000082e00000|100%| O|  |TAMS 0x0000000082d00000, 0x0000000082d00000| Untracked 
|  46|0x0000000082e00000, 0x0000000082f00000, 0x0000000082f00000|100%| O|  |TAMS 0x0000000082e00000, 0x0000000082e00000| Untracked 
|  47|0x0000000082f00000, 0x0000000082f24e00, 0x0000000083000000| 14%| O|  |TAMS 0x0000000082f00000, 0x0000000082f00000| Untracked 
|  48|0x0000000083000000, 0x0000000083100000, 0x0000000083100000|100%| O|  |TAMS 0x0000000083000000, 0x0000000083000000| Untracked 
|  49|0x0000000083100000, 0x0000000083100000, 0x0000000083200000|  0%| F|  |TAMS 0x0000000083100000, 0x0000000083100000| Untracked 
|  50|0x0000000083200000, 0x0000000083200000, 0x0000000083300000|  0%| F|  |TAMS 0x0000000083200000, 0x0000000083200000| Untracked 
|  51|0x0000000083300000, 0x0000000083300000, 0x0000000083400000|  0%| F|  |TAMS 0x0000000083300000, 0x0000000083300000| Untracked 
|  52|0x0000000083400000, 0x0000000083500000, 0x0000000083500000|100%|HS|  |TAMS 0x0000000083400000, 0x0000000083400000| Complete 
|  53|0x0000000083500000, 0x0000000083600000, 0x0000000083600000|100%|HC|  |TAMS 0x0000000083500000, 0x0000000083500000| Complete 
|  54|0x0000000083600000, 0x0000000083700000, 0x0000000083700000|100%|HC|  |TAMS 0x0000000083600000, 0x0000000083600000| Complete 
|  55|0x0000000083700000, 0x0000000083700000, 0x0000000083800000|  0%| F|  |TAMS 0x0000000083700000, 0x0000000083700000| Untracked 
|  56|0x0000000083800000, 0x0000000083800000, 0x0000000083900000|  0%| F|  |TAMS 0x0000000083800000, 0x0000000083800000| Untracked 
|  57|0x0000000083900000, 0x0000000083900000, 0x0000000083a00000|  0%| F|  |TAMS 0x0000000083900000, 0x0000000083900000| Untracked 
|  58|0x0000000083a00000, 0x0000000083a00000, 0x0000000083b00000|  0%| F|  |TAMS 0x0000000083a00000, 0x0000000083a00000| Untracked 
|  59|0x0000000083b00000, 0x0000000083b00000, 0x0000000083c00000|  0%| F|  |TAMS 0x0000000083b00000, 0x0000000083b00000| Untracked 
|  60|0x0000000083c00000, 0x0000000083c00000, 0x0000000083d00000|  0%| F|  |TAMS 0x0000000083c00000, 0x0000000083c00000| Untracked 
|  61|0x0000000083d00000, 0x0000000083d00000, 0x0000000083e00000|  0%| F|  |TAMS 0x0000000083d00000, 0x0000000083d00000| Untracked 
|  62|0x0000000083e00000, 0x0000000083e00000, 0x0000000083f00000|  0%| F|  |TAMS 0x0000000083e00000, 0x0000000083e00000| Untracked 
|  63|0x0000000083f00000, 0x0000000083f00000, 0x0000000084000000|  0%| F|  |TAMS 0x0000000083f00000, 0x0000000083f00000| Untracked 
|  64|0x0000000084000000, 0x0000000084000000, 0x0000000084100000|  0%| F|  |TAMS 0x0000000084000000, 0x0000000084000000| Untracked 
|  65|0x0000000084100000, 0x0000000084100000, 0x0000000084200000|  0%| F|  |TAMS 0x0000000084100000, 0x0000000084100000| Untracked 
|  66|0x0000000084200000, 0x0000000084200000, 0x0000000084300000|  0%| F|  |TAMS 0x0000000084200000, 0x0000000084200000| Untracked 
|  67|0x0000000084300000, 0x0000000084300000, 0x0000000084400000|  0%| F|  |TAMS 0x0000000084300000, 0x0000000084300000| Untracked 
|  68|0x0000000084400000, 0x0000000084400000, 0x0000000084500000|  0%| F|  |TAMS 0x0000000084400000, 0x0000000084400000| Untracked 
|  69|0x0000000084500000, 0x0000000084500000, 0x0000000084600000|  0%| F|  |TAMS 0x0000000084500000, 0x0000000084500000| Untracked 
|  70|0x0000000084600000, 0x0000000084600000, 0x0000000084700000|  0%| F|  |TAMS 0x0000000084600000, 0x0000000084600000| Untracked 
|  71|0x0000000084700000, 0x0000000084700000, 0x0000000084800000|  0%| F|  |TAMS 0x0000000084700000, 0x0000000084700000| Untracked 
|  72|0x0000000084800000, 0x0000000084800000, 0x0000000084900000|  0%| F|  |TAMS 0x0000000084800000, 0x0000000084800000| Untracked 
|  73|0x0000000084900000, 0x0000000084900000, 0x0000000084a00000|  0%| F|  |TAMS 0x0000000084900000, 0x0000000084900000| Untracked 
|  74|0x0000000084a00000, 0x0000000084a00000, 0x0000000084b00000|  0%| F|  |TAMS 0x0000000084a00000, 0x0000000084a00000| Untracked 
|  75|0x0000000084b00000, 0x0000000084b00000, 0x0000000084c00000|  0%| F|  |TAMS 0x0000000084b00000, 0x0000000084b00000| Untracked 
|  76|0x0000000084c00000, 0x0000000084c00000, 0x0000000084d00000|  0%| F|  |TAMS 0x0000000084c00000, 0x0000000084c00000| Untracked 
|  77|0x0000000084d00000, 0x0000000084d00000, 0x0000000084e00000|  0%| F|  |TAMS 0x0000000084d00000, 0x0000000084d00000| Untracked 
|  78|0x0000000084e00000, 0x0000000084e00000, 0x0000000084f00000|  0%| F|  |TAMS 0x0000000084e00000, 0x0000000084e00000| Untracked 
|  79|0x0000000084f00000, 0x0000000084f00000, 0x0000000085000000|  0%| F|  |TAMS 0x0000000084f00000, 0x0000000084f00000| Untracked 
|  80|0x0000000085000000, 0x0000000085000000, 0x0000000085100000|  0%| F|  |TAMS 0x0000000085000000, 0x0000000085000000| Untracked 
|  81|0x0000000085100000, 0x0000000085100000, 0x0000000085200000|  0%| F|  |TAMS 0x0000000085100000, 0x0000000085100000| Untracked 
|  82|0x0000000085200000, 0x0000000085200000, 0x0000000085300000|  0%| F|  |TAMS 0x0000000085200000, 0x0000000085200000| Untracked 
|  83|0x0000000085300000, 0x000000008539a060, 0x0000000085400000| 60%| S|CS|TAMS 0x0000000085300000, 0x0000000085300000| Complete 
|  84|0x0000000085400000, 0x0000000085500000, 0x0000000085500000|100%| S|CS|TAMS 0x0000000085400000, 0x0000000085400000| Complete 
|  85|0x0000000085500000, 0x0000000085600000, 0x0000000085600000|100%| S|CS|TAMS 0x0000000085500000, 0x0000000085500000| Complete 
|  86|0x0000000085600000, 0x0000000085600000, 0x0000000085700000|  0%| F|  |TAMS 0x0000000085600000, 0x0000000085600000| Untracked 
|  87|0x0000000085700000, 0x0000000085800000, 0x0000000085800000|100%| S|CS|TAMS 0x0000000085700000, 0x0000000085700000| Complete 
|  88|0x0000000085800000, 0x0000000085900000, 0x0000000085900000|100%| S|CS|TAMS 0x0000000085800000, 0x0000000085800000| Complete 
|  89|0x0000000085900000, 0x0000000085a00000, 0x0000000085a00000|100%| S|CS|TAMS 0x0000000085900000, 0x0000000085900000| Complete 
|  90|0x0000000085a00000, 0x0000000085a00000, 0x0000000085b00000|  0%| F|  |TAMS 0x0000000085a00000, 0x0000000085a00000| Untracked 
|  91|0x0000000085b00000, 0x0000000085b00000, 0x0000000085c00000|  0%| F|  |TAMS 0x0000000085b00000, 0x0000000085b00000| Untracked 
|  92|0x0000000085c00000, 0x0000000085c00000, 0x0000000085d00000|  0%| F|  |TAMS 0x0000000085c00000, 0x0000000085c00000| Untracked 
|  93|0x0000000085d00000, 0x0000000085e00000, 0x0000000085e00000|100%| S|CS|TAMS 0x0000000085d00000, 0x0000000085d00000| Complete 
|  94|0x0000000085e00000, 0x0000000085e00000, 0x0000000085f00000|  0%| F|  |TAMS 0x0000000085e00000, 0x0000000085e00000| Untracked 
|  95|0x0000000085f00000, 0x0000000085f00000, 0x0000000086000000|  0%| F|  |TAMS 0x0000000085f00000, 0x0000000085f00000| Untracked 
|  96|0x0000000086000000, 0x0000000086000000, 0x0000000086100000|  0%| F|  |TAMS 0x0000000086000000, 0x0000000086000000| Untracked 
|  97|0x0000000086100000, 0x0000000086100000, 0x0000000086200000|  0%| F|  |TAMS 0x0000000086100000, 0x0000000086100000| Untracked 
|  98|0x0000000086200000, 0x0000000086200000, 0x0000000086300000|  0%| F|  |TAMS 0x0000000086200000, 0x0000000086200000| Untracked 
|  99|0x0000000086300000, 0x0000000086300000, 0x0000000086400000|  0%| F|  |TAMS 0x0000000086300000, 0x0000000086300000| Untracked 
| 100|0x0000000086400000, 0x0000000086400000, 0x0000000086500000|  0%| F|  |TAMS 0x0000000086400000, 0x0000000086400000| Untracked 
| 101|0x0000000086500000, 0x0000000086500000, 0x0000000086600000|  0%| F|  |TAMS 0x0000000086500000, 0x0000000086500000| Untracked 
| 102|0x0000000086600000, 0x0000000086600000, 0x0000000086700000|  0%| F|  |TAMS 0x0000000086600000, 0x0000000086600000| Untracked 
| 103|0x0000000086700000, 0x0000000086700000, 0x0000000086800000|  0%| F|  |TAMS 0x0000000086700000, 0x0000000086700000| Untracked 
| 104|0x0000000086800000, 0x0000000086800000, 0x0000000086900000|  0%| F|  |TAMS 0x0000000086800000, 0x0000000086800000| Untracked 
| 105|0x0000000086900000, 0x0000000086900000, 0x0000000086a00000|  0%| F|  |TAMS 0x0000000086900000, 0x0000000086900000| Untracked 
| 106|0x0000000086a00000, 0x0000000086a00000, 0x0000000086b00000|  0%| F|  |TAMS 0x0000000086a00000, 0x0000000086a00000| Untracked 
| 107|0x0000000086b00000, 0x0000000086b00000, 0x0000000086c00000|  0%| F|  |TAMS 0x0000000086b00000, 0x0000000086b00000| Untracked 
| 108|0x0000000086c00000, 0x0000000086c00000, 0x0000000086d00000|  0%| F|  |TAMS 0x0000000086c00000, 0x0000000086c00000| Untracked 
| 109|0x0000000086d00000, 0x0000000086d00000, 0x0000000086e00000|  0%| F|  |TAMS 0x0000000086d00000, 0x0000000086d00000| Untracked 
| 110|0x0000000086e00000, 0x0000000086e00000, 0x0000000086f00000|  0%| F|  |TAMS 0x0000000086e00000, 0x0000000086e00000| Untracked 
| 111|0x0000000086f00000, 0x0000000086f00000, 0x0000000087000000|  0%| F|  |TAMS 0x0000000086f00000, 0x0000000086f00000| Untracked 
| 112|0x0000000087000000, 0x0000000087000000, 0x0000000087100000|  0%| F|  |TAMS 0x0000000087000000, 0x0000000087000000| Untracked 
| 113|0x0000000087100000, 0x0000000087100000, 0x0000000087200000|  0%| F|  |TAMS 0x0000000087100000, 0x0000000087100000| Untracked 
| 114|0x0000000087200000, 0x0000000087200000, 0x0000000087300000|  0%| F|  |TAMS 0x0000000087200000, 0x0000000087200000| Untracked 
| 115|0x0000000087300000, 0x0000000087300000, 0x0000000087400000|  0%| F|  |TAMS 0x0000000087300000, 0x0000000087300000| Untracked 
| 116|0x0000000087400000, 0x0000000087400000, 0x0000000087500000|  0%| F|  |TAMS 0x0000000087400000, 0x0000000087400000| Untracked 
| 117|0x0000000087500000, 0x0000000087500000, 0x0000000087600000|  0%| F|  |TAMS 0x0000000087500000, 0x0000000087500000| Untracked 
| 118|0x0000000087600000, 0x0000000087600000, 0x0000000087700000|  0%| F|  |TAMS 0x0000000087600000, 0x0000000087600000| Untracked 
| 119|0x0000000087700000, 0x0000000087700000, 0x0000000087800000|  0%| F|  |TAMS 0x0000000087700000, 0x0000000087700000| Untracked 
| 120|0x0000000087800000, 0x0000000087800000, 0x0000000087900000|  0%| F|  |TAMS 0x0000000087800000, 0x0000000087800000| Untracked 
| 121|0x0000000087900000, 0x0000000087900000, 0x0000000087a00000|  0%| F|  |TAMS 0x0000000087900000, 0x0000000087900000| Untracked 
| 122|0x0000000087a00000, 0x0000000087a00000, 0x0000000087b00000|  0%| F|  |TAMS 0x0000000087a00000, 0x0000000087a00000| Untracked 
| 123|0x0000000087b00000, 0x0000000087b00000, 0x0000000087c00000|  0%| F|  |TAMS 0x0000000087b00000, 0x0000000087b00000| Untracked 
| 124|0x0000000087c00000, 0x0000000087c00000, 0x0000000087d00000|  0%| F|  |TAMS 0x0000000087c00000, 0x0000000087c00000| Untracked 
| 125|0x0000000087d00000, 0x0000000087d00000, 0x0000000087e00000|  0%| F|  |TAMS 0x0000000087d00000, 0x0000000087d00000| Untracked 
| 126|0x0000000087e00000, 0x0000000087e00000, 0x0000000087f00000|  0%| F|  |TAMS 0x0000000087e00000, 0x0000000087e00000| Untracked 
| 127|0x0000000087f00000, 0x0000000087f00000, 0x0000000088000000|  0%| F|  |TAMS 0x0000000087f00000, 0x0000000087f00000| Untracked 
| 128|0x0000000088000000, 0x0000000088000000, 0x0000000088100000|  0%| F|  |TAMS 0x0000000088000000, 0x0000000088000000| Untracked 
| 129|0x0000000088100000, 0x0000000088100000, 0x0000000088200000|  0%| F|  |TAMS 0x0000000088100000, 0x0000000088100000| Untracked 
| 130|0x0000000088200000, 0x0000000088200000, 0x0000000088300000|  0%| F|  |TAMS 0x0000000088200000, 0x0000000088200000| Untracked 
| 131|0x0000000088300000, 0x0000000088300000, 0x0000000088400000|  0%| F|  |TAMS 0x0000000088300000, 0x0000000088300000| Untracked 
| 132|0x0000000088400000, 0x0000000088400000, 0x0000000088500000|  0%| F|  |TAMS 0x0000000088400000, 0x0000000088400000| Untracked 
| 133|0x0000000088500000, 0x0000000088500000, 0x0000000088600000|  0%| F|  |TAMS 0x0000000088500000, 0x0000000088500000| Untracked 
| 134|0x0000000088600000, 0x0000000088600000, 0x0000000088700000|  0%| F|  |TAMS 0x0000000088600000, 0x0000000088600000| Untracked 
| 135|0x0000000088700000, 0x0000000088700000, 0x0000000088800000|  0%| F|  |TAMS 0x0000000088700000, 0x0000000088700000| Untracked 
| 136|0x0000000088800000, 0x0000000088800000, 0x0000000088900000|  0%| F|  |TAMS 0x0000000088800000, 0x0000000088800000| Untracked 
| 137|0x0000000088900000, 0x0000000088900000, 0x0000000088a00000|  0%| F|  |TAMS 0x0000000088900000, 0x0000000088900000| Untracked 
| 138|0x0000000088a00000, 0x0000000088a00000, 0x0000000088b00000|  0%| F|  |TAMS 0x0000000088a00000, 0x0000000088a00000| Untracked 
| 139|0x0000000088b00000, 0x0000000088b00000, 0x0000000088c00000|  0%| F|  |TAMS 0x0000000088b00000, 0x0000000088b00000| Untracked 
| 140|0x0000000088c00000, 0x0000000088c00000, 0x0000000088d00000|  0%| F|  |TAMS 0x0000000088c00000, 0x0000000088c00000| Untracked 
| 141|0x0000000088d00000, 0x0000000088d00000, 0x0000000088e00000|  0%| F|  |TAMS 0x0000000088d00000, 0x0000000088d00000| Untracked 
| 142|0x0000000088e00000, 0x0000000088e00000, 0x0000000088f00000|  0%| F|  |TAMS 0x0000000088e00000, 0x0000000088e00000| Untracked 
| 143|0x0000000088f00000, 0x0000000088f00000, 0x0000000089000000|  0%| F|  |TAMS 0x0000000088f00000, 0x0000000088f00000| Untracked 
| 144|0x0000000089000000, 0x0000000089000000, 0x0000000089100000|  0%| F|  |TAMS 0x0000000089000000, 0x0000000089000000| Untracked 
| 145|0x0000000089100000, 0x0000000089100000, 0x0000000089200000|  0%| F|  |TAMS 0x0000000089100000, 0x0000000089100000| Untracked 
| 146|0x0000000089200000, 0x0000000089200000, 0x0000000089300000|  0%| F|  |TAMS 0x0000000089200000, 0x0000000089200000| Untracked 
| 147|0x0000000089300000, 0x0000000089300000, 0x0000000089400000|  0%| F|  |TAMS 0x0000000089300000, 0x0000000089300000| Untracked 
| 148|0x0000000089400000, 0x0000000089400000, 0x0000000089500000|  0%| F|  |TAMS 0x0000000089400000, 0x0000000089400000| Untracked 
| 149|0x0000000089500000, 0x0000000089500000, 0x0000000089600000|  0%| F|  |TAMS 0x0000000089500000, 0x0000000089500000| Untracked 
| 150|0x0000000089600000, 0x0000000089600000, 0x0000000089700000|  0%| F|  |TAMS 0x0000000089600000, 0x0000000089600000| Untracked 
| 151|0x0000000089700000, 0x0000000089700000, 0x0000000089800000|  0%| F|  |TAMS 0x0000000089700000, 0x0000000089700000| Untracked 
| 152|0x0000000089800000, 0x0000000089800000, 0x0000000089900000|  0%| F|  |TAMS 0x0000000089800000, 0x0000000089800000| Untracked 
| 153|0x0000000089900000, 0x0000000089900000, 0x0000000089a00000|  0%| F|  |TAMS 0x0000000089900000, 0x0000000089900000| Untracked 
| 154|0x0000000089a00000, 0x0000000089a00000, 0x0000000089b00000|  0%| F|  |TAMS 0x0000000089a00000, 0x0000000089a00000| Untracked 
| 155|0x0000000089b00000, 0x0000000089b00000, 0x0000000089c00000|  0%| F|  |TAMS 0x0000000089b00000, 0x0000000089b00000| Untracked 
| 156|0x0000000089c00000, 0x0000000089c00000, 0x0000000089d00000|  0%| F|  |TAMS 0x0000000089c00000, 0x0000000089c00000| Untracked 
| 157|0x0000000089d00000, 0x0000000089d00000, 0x0000000089e00000|  0%| F|  |TAMS 0x0000000089d00000, 0x0000000089d00000| Untracked 
| 158|0x0000000089e00000, 0x0000000089e00000, 0x0000000089f00000|  0%| F|  |TAMS 0x0000000089e00000, 0x0000000089e00000| Untracked 
| 159|0x0000000089f00000, 0x0000000089f00000, 0x000000008a000000|  0%| F|  |TAMS 0x0000000089f00000, 0x0000000089f00000| Untracked 
| 160|0x000000008a000000, 0x000000008a000000, 0x000000008a100000|  0%| F|  |TAMS 0x000000008a000000, 0x000000008a000000| Untracked 
| 161|0x000000008a100000, 0x000000008a100000, 0x000000008a200000|  0%| F|  |TAMS 0x000000008a100000, 0x000000008a100000| Untracked 
| 162|0x000000008a200000, 0x000000008a200000, 0x000000008a300000|  0%| F|  |TAMS 0x000000008a200000, 0x000000008a200000| Untracked 
| 163|0x000000008a300000, 0x000000008a300000, 0x000000008a400000|  0%| F|  |TAMS 0x000000008a300000, 0x000000008a300000| Untracked 
| 164|0x000000008a400000, 0x000000008a400000, 0x000000008a500000|  0%| F|  |TAMS 0x000000008a400000, 0x000000008a400000| Untracked 
| 165|0x000000008a500000, 0x000000008a500000, 0x000000008a600000|  0%| F|  |TAMS 0x000000008a500000, 0x000000008a500000| Untracked 
| 166|0x000000008a600000, 0x000000008a600000, 0x000000008a700000|  0%| F|  |TAMS 0x000000008a600000, 0x000000008a600000| Untracked 
| 167|0x000000008a700000, 0x000000008a700000, 0x000000008a800000|  0%| F|  |TAMS 0x000000008a700000, 0x000000008a700000| Untracked 
| 168|0x000000008a800000, 0x000000008a800000, 0x000000008a900000|  0%| F|  |TAMS 0x000000008a800000, 0x000000008a800000| Untracked 
| 169|0x000000008a900000, 0x000000008a900000, 0x000000008aa00000|  0%| F|  |TAMS 0x000000008a900000, 0x000000008a900000| Untracked 
| 170|0x000000008aa00000, 0x000000008aa00000, 0x000000008ab00000|  0%| F|  |TAMS 0x000000008aa00000, 0x000000008aa00000| Untracked 
| 171|0x000000008ab00000, 0x000000008ab00000, 0x000000008ac00000|  0%| F|  |TAMS 0x000000008ab00000, 0x000000008ab00000| Untracked 
| 172|0x000000008ac00000, 0x000000008ac00000, 0x000000008ad00000|  0%| F|  |TAMS 0x000000008ac00000, 0x000000008ac00000| Untracked 
| 173|0x000000008ad00000, 0x000000008ad00000, 0x000000008ae00000|  0%| F|  |TAMS 0x000000008ad00000, 0x000000008ad00000| Untracked 
| 174|0x000000008ae00000, 0x000000008ae00000, 0x000000008af00000|  0%| F|  |TAMS 0x000000008ae00000, 0x000000008ae00000| Untracked 
| 175|0x000000008af00000, 0x000000008af00000, 0x000000008b000000|  0%| F|  |TAMS 0x000000008af00000, 0x000000008af00000| Untracked 
| 176|0x000000008b000000, 0x000000008b000000, 0x000000008b100000|  0%| F|  |TAMS 0x000000008b000000, 0x000000008b000000| Untracked 
| 177|0x000000008b100000, 0x000000008b100000, 0x000000008b200000|  0%| F|  |TAMS 0x000000008b100000, 0x000000008b100000| Untracked 
| 178|0x000000008b200000, 0x000000008b200000, 0x000000008b300000|  0%| F|  |TAMS 0x000000008b200000, 0x000000008b200000| Untracked 
| 179|0x000000008b300000, 0x000000008b300000, 0x000000008b400000|  0%| F|  |TAMS 0x000000008b300000, 0x000000008b300000| Untracked 
| 180|0x000000008b400000, 0x000000008b400000, 0x000000008b500000|  0%| F|  |TAMS 0x000000008b400000, 0x000000008b400000| Untracked 
| 181|0x000000008b500000, 0x000000008b500000, 0x000000008b600000|  0%| F|  |TAMS 0x000000008b500000, 0x000000008b500000| Untracked 
| 182|0x000000008b600000, 0x000000008b600000, 0x000000008b700000|  0%| F|  |TAMS 0x000000008b600000, 0x000000008b600000| Untracked 
| 183|0x000000008b700000, 0x000000008b700000, 0x000000008b800000|  0%| F|  |TAMS 0x000000008b700000, 0x000000008b700000| Untracked 
| 184|0x000000008b800000, 0x000000008b800000, 0x000000008b900000|  0%| F|  |TAMS 0x000000008b800000, 0x000000008b800000| Untracked 
| 185|0x000000008b900000, 0x000000008b900000, 0x000000008ba00000|  0%| F|  |TAMS 0x000000008b900000, 0x000000008b900000| Untracked 
| 186|0x000000008ba00000, 0x000000008ba00000, 0x000000008bb00000|  0%| F|  |TAMS 0x000000008ba00000, 0x000000008ba00000| Untracked 
| 187|0x000000008bb00000, 0x000000008bb00000, 0x000000008bc00000|  0%| F|  |TAMS 0x000000008bb00000, 0x000000008bb00000| Untracked 
| 188|0x000000008bc00000, 0x000000008bc00000, 0x000000008bd00000|  0%| F|  |TAMS 0x000000008bc00000, 0x000000008bc00000| Untracked 
| 189|0x000000008bd00000, 0x000000008bd00000, 0x000000008be00000|  0%| F|  |TAMS 0x000000008bd00000, 0x000000008bd00000| Untracked 
| 190|0x000000008be00000, 0x000000008be00000, 0x000000008bf00000|  0%| F|  |TAMS 0x000000008be00000, 0x000000008be00000| Untracked 
| 191|0x000000008bf00000, 0x000000008bf00000, 0x000000008c000000|  0%| F|  |TAMS 0x000000008bf00000, 0x000000008bf00000| Untracked 
| 192|0x000000008c000000, 0x000000008c000000, 0x000000008c100000|  0%| F|  |TAMS 0x000000008c000000, 0x000000008c000000| Untracked 
| 193|0x000000008c100000, 0x000000008c200000, 0x000000008c200000|100%| E|  |TAMS 0x000000008c100000, 0x000000008c100000| Complete 
| 194|0x000000008c200000, 0x000000008c300000, 0x000000008c300000|100%| E|CS|TAMS 0x000000008c200000, 0x000000008c200000| Complete 
| 195|0x000000008c300000, 0x000000008c400000, 0x000000008c400000|100%| E|CS|TAMS 0x000000008c300000, 0x000000008c300000| Complete 
| 196|0x000000008c400000, 0x000000008c500000, 0x000000008c500000|100%| E|CS|TAMS 0x000000008c400000, 0x000000008c400000| Complete 
| 197|0x000000008c500000, 0x000000008c600000, 0x000000008c600000|100%| E|CS|TAMS 0x000000008c500000, 0x000000008c500000| Complete 
| 198|0x000000008c600000, 0x000000008c700000, 0x000000008c700000|100%| E|CS|TAMS 0x000000008c600000, 0x000000008c600000| Complete 
| 199|0x000000008c700000, 0x000000008c800000, 0x000000008c800000|100%| E|CS|TAMS 0x000000008c700000, 0x000000008c700000| Complete 
| 200|0x000000008c800000, 0x000000008c900000, 0x000000008c900000|100%| E|CS|TAMS 0x000000008c800000, 0x000000008c800000| Complete 
| 201|0x000000008c900000, 0x000000008ca00000, 0x000000008ca00000|100%| E|CS|TAMS 0x000000008c900000, 0x000000008c900000| Complete 
| 202|0x000000008ca00000, 0x000000008cb00000, 0x000000008cb00000|100%| E|CS|TAMS 0x000000008ca00000, 0x000000008ca00000| Complete 
| 203|0x000000008cb00000, 0x000000008cc00000, 0x000000008cc00000|100%| E|CS|TAMS 0x000000008cb00000, 0x000000008cb00000| Complete 
| 204|0x000000008cc00000, 0x000000008cd00000, 0x000000008cd00000|100%| E|CS|TAMS 0x000000008cc00000, 0x000000008cc00000| Complete 
| 205|0x000000008cd00000, 0x000000008ce00000, 0x000000008ce00000|100%| E|CS|TAMS 0x000000008cd00000, 0x000000008cd00000| Complete 
| 206|0x000000008ce00000, 0x000000008cf00000, 0x000000008cf00000|100%| E|CS|TAMS 0x000000008ce00000, 0x000000008ce00000| Complete 
| 207|0x000000008cf00000, 0x000000008d000000, 0x000000008d000000|100%| E|CS|TAMS 0x000000008cf00000, 0x000000008cf00000| Complete 
| 208|0x000000008d000000, 0x000000008d100000, 0x000000008d100000|100%| E|CS|TAMS 0x000000008d000000, 0x000000008d000000| Complete 
| 209|0x000000008d100000, 0x000000008d200000, 0x000000008d200000|100%| E|CS|TAMS 0x000000008d100000, 0x000000008d100000| Complete 
| 210|0x000000008d200000, 0x000000008d300000, 0x000000008d300000|100%| E|CS|TAMS 0x000000008d200000, 0x000000008d200000| Complete 
| 211|0x000000008d300000, 0x000000008d400000, 0x000000008d400000|100%| E|CS|TAMS 0x000000008d300000, 0x000000008d300000| Complete 
| 212|0x000000008d400000, 0x000000008d500000, 0x000000008d500000|100%| E|CS|TAMS 0x000000008d400000, 0x000000008d400000| Complete 
| 213|0x000000008d500000, 0x000000008d600000, 0x000000008d600000|100%| E|CS|TAMS 0x000000008d500000, 0x000000008d500000| Complete 
| 214|0x000000008d600000, 0x000000008d700000, 0x000000008d700000|100%| E|CS|TAMS 0x000000008d600000, 0x000000008d600000| Complete 
| 215|0x000000008d700000, 0x000000008d800000, 0x000000008d800000|100%| E|CS|TAMS 0x000000008d700000, 0x000000008d700000| Complete 
| 216|0x000000008d800000, 0x000000008d900000, 0x000000008d900000|100%| E|CS|TAMS 0x000000008d800000, 0x000000008d800000| Complete 
| 217|0x000000008d900000, 0x000000008da00000, 0x000000008da00000|100%| E|CS|TAMS 0x000000008d900000, 0x000000008d900000| Complete 
| 218|0x000000008da00000, 0x000000008db00000, 0x000000008db00000|100%| E|CS|TAMS 0x000000008da00000, 0x000000008da00000| Complete 
| 219|0x000000008db00000, 0x000000008dc00000, 0x000000008dc00000|100%| E|CS|TAMS 0x000000008db00000, 0x000000008db00000| Complete 
| 220|0x000000008dc00000, 0x000000008dd00000, 0x000000008dd00000|100%| E|CS|TAMS 0x000000008dc00000, 0x000000008dc00000| Complete 
| 221|0x000000008dd00000, 0x000000008de00000, 0x000000008de00000|100%| E|CS|TAMS 0x000000008dd00000, 0x000000008dd00000| Complete 
| 222|0x000000008de00000, 0x000000008df00000, 0x000000008df00000|100%| E|CS|TAMS 0x000000008de00000, 0x000000008de00000| Complete 
| 223|0x000000008df00000, 0x000000008e000000, 0x000000008e000000|100%| E|CS|TAMS 0x000000008df00000, 0x000000008df00000| Complete 

Card table byte_map: [0x000001c9678f0000,0x000001c967cf0000] _byte_map_base: 0x000001c9674f0000

Marking Bits (Prev, Next): (CMBitMap*) 0x000001c9546fe368, (CMBitMap*) 0x000001c9546fe3a0
 Prev Bits: [0x000001c9680f0000, 0x000001c96a0f0000)
 Next Bits: [0x000001c96a0f0000, 0x000001c96c0f0000)

Polling page: 0x000001c953ea0000

Metaspace:

Usage:
  Non-class:     41.70 MB capacity,    40.86 MB ( 98%) used,   731.91 KB (  2%) free+waste,   126.00 KB ( <1%) overhead. 
      Class:      6.48 MB capacity,     6.03 MB ( 93%) used,   397.89 KB (  6%) free+waste,    60.63 KB ( <1%) overhead. 
       Both:     48.18 MB capacity,    46.89 MB ( 97%) used,     1.10 MB (  2%) free+waste,   186.63 KB ( <1%) overhead. 

Virtual space:
  Non-class space:       42.00 MB reserved,      41.75 MB (>99%) committed 
      Class space:        1.00 GB reserved,       6.50 MB ( <1%) committed 
             Both:        1.04 GB reserved,      48.25 MB (  5%) committed 

Chunk freelists:
   Non-Class:  56.00 KB
       Class:  0 bytes
        Both:  56.00 KB

MaxMetaspaceSize: 17179869184.00 GB
CompressedClassSpaceSize: 1.00 GB

CodeHeap 'non-profiled nmethods': size=120000Kb used=5474Kb max_used=5474Kb free=114525Kb
 bounds [0x000001c95fc80000, 0x000001c9601e0000, 0x000001c9671b0000]
CodeHeap 'profiled nmethods': size=120000Kb used=12857Kb max_used=12857Kb free=107143Kb
 bounds [0x000001c958750000, 0x000001c9593e0000, 0x000001c95fc80000]
CodeHeap 'non-nmethods': size=5760Kb used=2221Kb max_used=2308Kb free=3538Kb
 bounds [0x000001c9581b0000, 0x000001c958420000, 0x000001c958750000]
 total_blobs=6726 nmethods=5930 adapters=707
 compilation: enabled
              stopped_count=0, restarted_count=0
 full_count=0

Compilation events (20 events):
Event: 11.909 Thread 0x000001c9739d8800 nmethod 5962 0x000001c9601c2b90 code [0x000001c9601c2d20, 0x000001c9601c2dd8]
Event: 11.910 Thread 0x000001c9739d8800 5963       4       org.objectweb.asm.ClassVisitor::visitInnerClass (20 bytes)
Event: 11.910 Thread 0x000001c9739d8800 nmethod 5963 0x000001c9601c2e90 code [0x000001c9601c3020, 0x000001c9601c30d8]
Event: 11.910 Thread 0x000001c9739d8800 5981       4       org.objectweb.asm.MethodWriter::computeMaxStackAndLocal (420 bytes)
Event: 11.912 Thread 0x000001c96f419800 5998       3       org.objectweb.asm.ClassReader::readElementValue (1237 bytes)
Event: 11.915 Thread 0x000001c96f419800 nmethod 5998 0x000001c9593b4e90 code [0x000001c9593b5660, 0x000001c9593ba568]
Event: 11.922 Thread 0x000001c9739d8800 nmethod 5981 0x000001c9601c3190 code [0x000001c9601c3360, 0x000001c9601c3b58]
Event: 11.922 Thread 0x000001c9739d8800 5997       4       org.objectweb.asm.AnnotationWriter::putParameterAnnotations (173 bytes)
Event: 11.925 Thread 0x000001c96f419800 5999       3       org.gradle.internal.classpath.ClasspathBuilder$ZipEntryBuilder::maybeAddParent (50 bytes)
Event: 11.925 Thread 0x000001c96f419800 nmethod 5999 0x000001c9593bc690 code [0x000001c9593bc8c0, 0x000001c9593bcda8]
Event: 11.954 Thread 0x000001c9739d8800 nmethod 5997 0x000001c9601c3e10 code [0x000001c9601c4000, 0x000001c9601c5708]
Event: 11.954 Thread 0x000001c9739d8800 5682       4       groovyjarjarantlr4.v4.runtime.misc.FlexibleHashMap::get (85 bytes)
Event: 11.955 Thread 0x000001c9739d7800 nmethod 5986 0x000001c9601c6090 code [0x000001c9601c6680, 0x000001c9601d14c8]
Event: 11.956 Thread 0x000001c9739d7800 5996       4       org.objectweb.asm.MethodVisitor::visitIincInsn (17 bytes)
Event: 11.961 Thread 0x000001c9739d7800 nmethod 5996 0x000001c9601d4e90 code [0x000001c9601d50e0, 0x000001c9601d5580]
Event: 11.961 Thread 0x000001c9739d7800 5993       4       org.objectweb.asm.ClassVisitor::visitSource (17 bytes)
Event: 11.967 Thread 0x000001c9739d8800 nmethod 5682 0x000001c9601d5a10 code [0x000001c9601d5be0, 0x000001c9601d6178]
Event: 11.967 Thread 0x000001c9739d7800 nmethod 5993 0x000001c9601d6690 code [0x000001c9601d68a0, 0x000001c9601d6fe0]
Event: 11.967 Thread 0x000001c9739d8800 5991       4       org.objectweb.asm.MethodWriter::visitIntInsn (113 bytes)
Event: 11.967 Thread 0x000001c9739d7800 6002       4       org.apache.tools.zip.ZipOutputStream::createLocalFileHeader (320 bytes)

GC Heap History (20 events):
Event: 8.699 GC heap before
{Heap before GC invocations=12 (full 0):
 garbage-first heap   total 229376K, used 182001K [0x0000000080000000, 0x0000000100000000)
  region size 1024K, 134 young (137216K), 9 survivors (9216K)
 Metaspace       used 47089K, capacity 48298K, committed 48640K, reserved 1091584K
  class space    used 6075K, capacity 6535K, committed 6656K, reserved 1048576K
}
Event: 8.705 GC heap after
{Heap after GC invocations=13 (full 0):
 garbage-first heap   total 229376K, used 55728K [0x0000000080000000, 0x0000000100000000)
  region size 1024K, 10 young (10240K), 10 survivors (10240K)
 Metaspace       used 47089K, capacity 48298K, committed 48640K, reserved 1091584K
  class space    used 6075K, capacity 6535K, committed 6656K, reserved 1048576K
}
Event: 9.083 GC heap before
{Heap before GC invocations=13 (full 0):
 garbage-first heap   total 229376K, used 182704K [0x0000000080000000, 0x0000000100000000)
  region size 1024K, 134 young (137216K), 10 survivors (10240K)
 Metaspace       used 47090K, capacity 48298K, committed 48640K, reserved 1091584K
  class space    used 6076K, capacity 6535K, committed 6656K, reserved 1048576K
}
Event: 9.090 GC heap after
{Heap after GC invocations=14 (full 0):
 garbage-first heap   total 229376K, used 57536K [0x0000000080000000, 0x0000000100000000)
  region size 1024K, 10 young (10240K), 10 survivors (10240K)
 Metaspace       used 47090K, capacity 48298K, committed 48640K, reserved 1091584K
  class space    used 6076K, capacity 6535K, committed 6656K, reserved 1048576K
}
Event: 9.374 GC heap before
{Heap before GC invocations=14 (full 0):
 garbage-first heap   total 229376K, used 185536K [0x0000000080000000, 0x0000000100000000)
  region size 1024K, 134 young (137216K), 10 survivors (10240K)
 Metaspace       used 47091K, capacity 48298K, committed 48640K, reserved 1091584K
  class space    used 6076K, capacity 6535K, committed 6656K, reserved 1048576K
}
Event: 9.382 GC heap after
{Heap after GC invocations=15 (full 0):
 garbage-first heap   total 229376K, used 59241K [0x0000000080000000, 0x0000000100000000)
  region size 1024K, 10 young (10240K), 10 survivors (10240K)
 Metaspace       used 47091K, capacity 48298K, committed 48640K, reserved 1091584K
  class space    used 6076K, capacity 6535K, committed 6656K, reserved 1048576K
}
Event: 9.989 GC heap before
{Heap before GC invocations=15 (full 0):
 garbage-first heap   total 229376K, used 191337K [0x0000000080000000, 0x0000000100000000)
  region size 1024K, 134 young (137216K), 10 survivors (10240K)
 Metaspace       used 47247K, capacity 48525K, committed 48640K, reserved 1091584K
  class space    used 6094K, capacity 6546K, committed 6656K, reserved 1048576K
}
Event: 9.991 GC heap after
{Heap after GC invocations=16 (full 0):
 garbage-first heap   total 229376K, used 53054K [0x0000000080000000, 0x0000000100000000)
  region size 1024K, 4 young (4096K), 4 survivors (4096K)
 Metaspace       used 47247K, capacity 48525K, committed 48640K, reserved 1091584K
  class space    used 6094K, capacity 6546K, committed 6656K, reserved 1048576K
}
Event: 10.272 GC heap before
{Heap before GC invocations=16 (full 0):
 garbage-first heap   total 229376K, used 186174K [0x0000000080000000, 0x0000000100000000)
  region size 1024K, 134 young (137216K), 4 survivors (4096K)
 Metaspace       used 47279K, capacity 48528K, committed 48640K, reserved 1091584K
  class space    used 6098K, capacity 6547K, committed 6656K, reserved 1048576K
}
Event: 10.274 GC heap after
{Heap after GC invocations=17 (full 0):
 garbage-first heap   total 229376K, used 54694K [0x0000000080000000, 0x0000000100000000)
  region size 1024K, 6 young (6144K), 6 survivors (6144K)
 Metaspace       used 47279K, capacity 48528K, committed 48640K, reserved 1091584K
  class space    used 6098K, capacity 6547K, committed 6656K, reserved 1048576K
}
Event: 10.519 GC heap before
{Heap before GC invocations=17 (full 0):
 garbage-first heap   total 229376K, used 185766K [0x0000000080000000, 0x0000000100000000)
  region size 1024K, 134 young (137216K), 6 survivors (6144K)
 Metaspace       used 47280K, capacity 48528K, committed 48640K, reserved 1091584K
  class space    used 6098K, capacity 6547K, committed 6656K, reserved 1048576K
}
Event: 10.523 GC heap after
{Heap after GC invocations=18 (full 0):
 garbage-first heap   total 229376K, used 56467K [0x0000000080000000, 0x0000000100000000)
  region size 1024K, 7 young (7168K), 7 survivors (7168K)
 Metaspace       used 47280K, capacity 48528K, committed 48640K, reserved 1091584K
  class space    used 6098K, capacity 6547K, committed 6656K, reserved 1048576K
}
Event: 11.134 GC heap before
{Heap before GC invocations=18 (full 0):
 garbage-first heap   total 229376K, used 191635K [0x0000000080000000, 0x0000000100000000)
  region size 1024K, 134 young (137216K), 7 survivors (7168K)
 Metaspace       used 47730K, capacity 48981K, committed 49152K, reserved 1091584K
  class space    used 6138K, capacity 6589K, committed 6656K, reserved 1048576K
}
Event: 11.138 GC heap after
{Heap after GC invocations=19 (full 0):
 garbage-first heap   total 229376K, used 54419K [0x0000000080000000, 0x0000000100000000)
  region size 1024K, 5 young (5120K), 5 survivors (5120K)
 Metaspace       used 47730K, capacity 48981K, committed 49152K, reserved 1091584K
  class space    used 6138K, capacity 6589K, committed 6656K, reserved 1048576K
}
Event: 11.472 GC heap before
{Heap before GC invocations=19 (full 0):
 garbage-first heap   total 229376K, used 191635K [0x0000000080000000, 0x0000000100000000)
  region size 1024K, 134 young (137216K), 5 survivors (5120K)
 Metaspace       used 47973K, capacity 49205K, committed 49408K, reserved 1091584K
  class space    used 6170K, capacity 6637K, committed 6656K, reserved 1048576K
}
Event: 11.476 GC heap after
{Heap after GC invocations=20 (full 0):
 garbage-first heap   total 229376K, used 59277K [0x0000000080000000, 0x0000000100000000)
  region size 1024K, 7 young (7168K), 7 survivors (7168K)
 Metaspace       used 47973K, capacity 49205K, committed 49408K, reserved 1091584K
  class space    used 6170K, capacity 6637K, committed 6656K, reserved 1048576K
}
Event: 11.655 GC heap before
{Heap before GC invocations=20 (full 0):
 garbage-first heap   total 229376K, used 189325K [0x0000000080000000, 0x0000000100000000)
  region size 1024K, 134 young (137216K), 7 survivors (7168K)
 Metaspace       used 47974K, capacity 49205K, committed 49408K, reserved 1091584K
  class space    used 6170K, capacity 6637K, committed 6656K, reserved 1048576K
}
Event: 11.658 GC heap after
{Heap after GC invocations=21 (full 0):
 garbage-first heap   total 229376K, used 59307K [0x0000000080000000, 0x0000000100000000)
  region size 1024K, 7 young (7168K), 7 survivors (7168K)
 Metaspace       used 47974K, capacity 49205K, committed 49408K, reserved 1091584K
  class space    used 6170K, capacity 6637K, committed 6656K, reserved 1048576K
}
Event: 11.948 GC heap before
{Heap before GC invocations=21 (full 0):
 garbage-first heap   total 229376K, used 189355K [0x0000000080000000, 0x0000000100000000)
  region size 1024K, 134 young (137216K), 7 survivors (7168K)
 Metaspace       used 48016K, capacity 49333K, committed 49408K, reserved 1091584K
  class space    used 6178K, capacity 6637K, committed 6656K, reserved 1048576K
}
Event: 11.953 GC heap after
{Heap after GC invocations=22 (full 0):
 garbage-first heap   total 229376K, used 59131K [0x0000000080000000, 0x0000000100000000)
  region size 1024K, 7 young (7168K), 7 survivors (7168K)
 Metaspace       used 48016K, capacity 49333K, committed 49408K, reserved 1091584K
  class space    used 6178K, capacity 6637K, committed 6656K, reserved 1048576K
}

Deoptimization events (20 events):
Event: 11.633 Thread 0x000001c9739d0800 DEOPT PACKING pc=0x000001c9601abbbc sp=0x0000001f055fe2f0
Event: 11.633 Thread 0x000001c9739d0800 DEOPT UNPACKING pc=0x000001c9581d78af sp=0x0000001f055fe148 mode 2
Event: 11.665 Thread 0x000001c9739d4800 DEOPT PACKING pc=0x000001c9593a230d sp=0x0000001f04ffebe0
Event: 11.665 Thread 0x000001c9739d4800 DEOPT UNPACKING pc=0x000001c9581d76ce sp=0x0000001f04ffe1d0 mode 0
Event: 11.694 Thread 0x000001c9739d4800 Uncommon trap: trap_request=0xffffff4d fr.pc=0x000001c95ff175c8 relative=0x0000000000000ea8
Event: 11.694 Thread 0x000001c9739d4800 Uncommon trap: reason=unstable_if action=reinterpret pc=0x000001c95ff175c8 method=org.objectweb.asm.SymbolTable.addConstantUtf8Reference(ILjava/lang/String;)Lorg/objectweb/asm/Symbol; @ 45 c2
Event: 11.694 Thread 0x000001c9739d4800 DEOPT PACKING pc=0x000001c95ff175c8 sp=0x0000001f04ffe630
Event: 11.694 Thread 0x000001c9739d4800 DEOPT UNPACKING pc=0x000001c9581d78af sp=0x0000001f04ffe618 mode 2
Event: 11.700 Thread 0x000001c9739d0800 DEOPT PACKING pc=0x000001c9589dc40e sp=0x0000001f055fe8d0
Event: 11.700 Thread 0x000001c9739d0800 DEOPT UNPACKING pc=0x000001c9581d76ce sp=0x0000001f055fdd68 mode 0
Event: 11.719 Thread 0x000001c9739cf800 Uncommon trap: trap_request=0xffffffc6 fr.pc=0x000001c9601965a8 relative=0x000000000000a108
Event: 11.719 Thread 0x000001c9739cf800 Uncommon trap: reason=bimorphic_or_optimized_type_check action=maybe_recompile pc=0x000001c9601965a8 method=org.objectweb.asm.Label.accept(Lorg/objectweb/asm/MethodVisitor;Z)V @ 2 c2
Event: 11.719 Thread 0x000001c9739cf800 DEOPT PACKING pc=0x000001c9601965a8 sp=0x0000001f051fe410
Event: 11.719 Thread 0x000001c9739cf800 DEOPT UNPACKING pc=0x000001c9581d78af sp=0x0000001f051fe328 mode 2
Event: 11.896 Thread 0x000001c9739d4800 Uncommon trap: trap_request=0xffffff4d fr.pc=0x000001c95ffa1348 relative=0x0000000000001428
Event: 11.896 Thread 0x000001c9739d4800 Uncommon trap: reason=unstable_if action=reinterpret pc=0x000001c95ffa1348 method=org.objectweb.asm.ClassReader.readElementValue(Lorg/objectweb/asm/AnnotationVisitor;ILjava/lang/String;[C)I @ 102 c2
Event: 11.896 Thread 0x000001c9739d4800 DEOPT PACKING pc=0x000001c95ffa1348 sp=0x0000001f04ffea60
Event: 11.896 Thread 0x000001c9739d4800 DEOPT UNPACKING pc=0x000001c9581d78af sp=0x0000001f04ffe9f0 mode 2
Event: 11.900 Thread 0x000001c9739d4800 DEOPT PACKING pc=0x000001c9593a230d sp=0x0000001f04ffebe0
Event: 11.900 Thread 0x000001c9739d4800 DEOPT UNPACKING pc=0x000001c9581d76ce sp=0x0000001f04ffe1d0 mode 0

Classes redefined (0 events):
No events

Internal exceptions (20 events):
Event: 11.351 Thread 0x000001c9739ce800 Implicit null exception at 0x000001c95ff68923 to 0x000001c95ff6aecc
Event: 11.351 Thread 0x000001c9739ce800 Implicit null exception at 0x000001c95ffcb6d7 to 0x000001c95ffcd5f4
Event: 11.369 Thread 0x000001c9739d5000 Exception <a 'sun/nio/fs/WindowsException'{0x0000000089516a48}> (0x0000000089516a48) thrown at [./src/hotspot/share/prims/jni.cpp, line 615]
Event: 11.371 Thread 0x000001c9739d5000 Exception <a 'sun/nio/fs/WindowsException'{0x0000000089516c08}> (0x0000000089516c08) thrown at [./src/hotspot/share/prims/jni.cpp, line 615]
Event: 11.376 Thread 0x000001c9739d3800 Exception <a 'sun/nio/fs/WindowsException'{0x000000008b7e9868}> (0x000000008b7e9868) thrown at [./src/hotspot/share/prims/jni.cpp, line 615]
Event: 11.377 Thread 0x000001c9739d5000 Exception <a 'sun/nio/fs/WindowsException'{0x000000008953e328}> (0x000000008953e328) thrown at [./src/hotspot/share/prims/jni.cpp, line 615]
Event: 11.379 Thread 0x000001c9739d7000 Exception <a 'sun/nio/fs/WindowsException'{0x00000000892b8560}> (0x00000000892b8560) thrown at [./src/hotspot/share/prims/jni.cpp, line 615]
Event: 11.380 Thread 0x000001c9739d7000 Exception <a 'sun/nio/fs/WindowsException'{0x00000000892b86d8}> (0x00000000892b86d8) thrown at [./src/hotspot/share/prims/jni.cpp, line 615]
Event: 11.386 Thread 0x000001c9739d3800 Exception <a 'sun/nio/fs/WindowsException'{0x00000000891e8158}> (0x00000000891e8158) thrown at [./src/hotspot/share/prims/jni.cpp, line 615]
Event: 11.387 Thread 0x000001c9739d3800 Exception <a 'sun/nio/fs/WindowsException'{0x00000000891e82f0}> (0x00000000891e82f0) thrown at [./src/hotspot/share/prims/jni.cpp, line 615]
Event: 11.425 Thread 0x000001c9739d6000 Exception <a 'sun/nio/fs/WindowsException'{0x0000000087825da8}> (0x0000000087825da8) thrown at [./src/hotspot/share/prims/jni.cpp, line 615]
Event: 11.426 Thread 0x000001c9739d6000 Exception <a 'sun/nio/fs/WindowsException'{0x0000000087825f10}> (0x0000000087825f10) thrown at [./src/hotspot/share/prims/jni.cpp, line 615]
Event: 11.450 Thread 0x000001c9739ce800 Exception <a 'sun/nio/fs/WindowsException'{0x00000000869c8470}> (0x00000000869c8470) thrown at [./src/hotspot/share/prims/jni.cpp, line 615]
Event: 11.463 Thread 0x000001c9739ce800 Exception <a 'sun/nio/fs/WindowsException'{0x00000000869c8638}> (0x00000000869c8638) thrown at [./src/hotspot/share/prims/jni.cpp, line 615]
Event: 11.554 Thread 0x000001c9739d5000 Exception <a 'sun/nio/fs/WindowsException'{0x000000008b5c2d08}> (0x000000008b5c2d08) thrown at [./src/hotspot/share/prims/jni.cpp, line 615]
Event: 11.555 Thread 0x000001c9739d5000 Exception <a 'sun/nio/fs/WindowsException'{0x000000008b5c2e98}> (0x000000008b5c2e98) thrown at [./src/hotspot/share/prims/jni.cpp, line 615]
Event: 11.701 Thread 0x000001c9739d0800 Exception <a 'sun/nio/fs/WindowsException'{0x000000008be371d0}> (0x000000008be371d0) thrown at [./src/hotspot/share/prims/jni.cpp, line 615]
Event: 11.702 Thread 0x000001c9739d0800 Exception <a 'sun/nio/fs/WindowsException'{0x000000008be37330}> (0x000000008be37330) thrown at [./src/hotspot/share/prims/jni.cpp, line 615]
Event: 11.723 Thread 0x000001c9739cf800 Exception <a 'sun/nio/fs/WindowsException'{0x000000008b1b6198}> (0x000000008b1b6198) thrown at [./src/hotspot/share/prims/jni.cpp, line 615]
Event: 11.742 Thread 0x000001c9739cf800 Exception <a 'sun/nio/fs/WindowsException'{0x000000008b1b6360}> (0x000000008b1b6360) thrown at [./src/hotspot/share/prims/jni.cpp, line 615]

Events (20 events):
Event: 11.846 loading class org/gradle/launcher/daemon/server/health/DaemonMemoryStatus$1
Event: 11.846 loading class org/gradle/launcher/daemon/server/health/DaemonMemoryStatus$1 done
Event: 11.846 loading class org/gradle/launcher/daemon/server/health/DaemonMemoryStatus$2
Event: 11.846 loading class org/gradle/launcher/daemon/server/health/DaemonMemoryStatus$2 done
Event: 11.847 loading class org/gradle/launcher/daemon/server/CompatibleDaemonExpirationStrategy$1
Event: 11.847 loading class org/gradle/launcher/daemon/server/CompatibleDaemonExpirationStrategy$1 done
Event: 11.847 loading class org/gradle/launcher/daemon/registry/PersistentDaemonRegistry$1
Event: 11.847 loading class org/gradle/launcher/daemon/registry/PersistentDaemonRegistry$1 done
Event: 11.847 loading class org/gradle/cache/internal/SimpleStateCache$1
Event: 11.847 loading class org/gradle/cache/internal/SimpleStateCache$1 done
Event: 11.851 loading class org/gradle/launcher/daemon/server/DaemonRegistryUnavailableExpirationStrategy$1
Event: 11.851 loading class org/gradle/launcher/daemon/server/DaemonRegistryUnavailableExpirationStrategy$1 done
Event: 11.851 loading class com/google/common/collect/Lists$TransformingSequentialList$1
Event: 11.851 loading class com/google/common/collect/Lists$TransformingSequentialList$1 done
Event: 11.851 loading class com/google/common/collect/TransformedListIterator
Event: 11.851 loading class com/google/common/collect/TransformedListIterator done
Event: 11.852 loading class com/google/common/collect/TransformedIterator
Event: 11.852 loading class com/google/common/collect/TransformedIterator done
Event: 11.948 Executing VM operation: G1CollectForAllocation
Event: 11.953 Executing VM operation: G1CollectForAllocation done


Dynamic libraries:
0x00007ff744250000 - 0x00007ff74425a000 	C:\Program Files\Android\Android Studio\jre\bin\java.exe
0x00007ffba4990000 - 0x00007ffba4b85000 	C:\Windows\SYSTEM32\ntdll.dll
0x00007ffba3b50000 - 0x00007ffba3c0e000 	C:\Windows\System32\KERNEL32.DLL
0x00007ffba2330000 - 0x00007ffba25f9000 	C:\Windows\System32\KERNELBASE.dll
0x00007ffba28e0000 - 0x00007ffba29e0000 	C:\Windows\System32\ucrtbase.dll
0x00007ffb6c950000 - 0x00007ffb6c967000 	C:\Program Files\Android\Android Studio\jre\bin\VCRUNTIME140.dll
0x00007ffb6ce60000 - 0x00007ffb6ce79000 	C:\Program Files\Android\Android Studio\jre\bin\jli.dll
0x00007ffba4430000 - 0x00007ffba45d1000 	C:\Windows\System32\USER32.dll
0x00007ffba2600000 - 0x00007ffba2622000 	C:\Windows\System32\win32u.dll
0x00007ffb8df80000 - 0x00007ffb8e21a000 	C:\Windows\WinSxS\amd64_microsoft.windows.common-controls_6595b64144ccf1df_6.0.19041.1110_none_60b5254171f9507e\COMCTL32.dll
0x00007ffba4920000 - 0x00007ffba494b000 	C:\Windows\System32\GDI32.dll
0x00007ffba4260000 - 0x00007ffba42fe000 	C:\Windows\System32\msvcrt.dll
0x00007ffba2720000 - 0x00007ffba282b000 	C:\Windows\System32\gdi32full.dll
0x00007ffba2630000 - 0x00007ffba26cd000 	C:\Windows\System32\msvcp_win.dll
0x00007ffba48f0000 - 0x00007ffba4920000 	C:\Windows\System32\IMM32.DLL
0x00007ffb54e70000 - 0x00007ffb54f0d000 	C:\Program Files\Android\Android Studio\jre\bin\msvcp140.dll
0x00007ffb38bb0000 - 0x00007ffb3967f000 	C:\Program Files\Android\Android Studio\jre\bin\server\jvm.dll
0x00007ffba2a80000 - 0x00007ffba2b2c000 	C:\Windows\System32\ADVAPI32.dll
0x00007ffba29e0000 - 0x00007ffba2a7b000 	C:\Windows\System32\sechost.dll
0x00007ffba4690000 - 0x00007ffba47ba000 	C:\Windows\System32\RPCRT4.dll
0x00007ffba4300000 - 0x00007ffba4308000 	C:\Windows\System32\PSAPI.DLL
0x00007ffb94860000 - 0x00007ffb94887000 	C:\Windows\SYSTEM32\WINMM.dll
0x00007ffb9db90000 - 0x00007ffb9db99000 	C:\Windows\SYSTEM32\WSOCK32.dll
0x00007ffb98260000 - 0x00007ffb9826a000 	C:\Windows\SYSTEM32\VERSION.dll
0x00007ffba3570000 - 0x00007ffba35db000 	C:\Windows\System32\WS2_32.dll
0x00007ffb9ffb0000 - 0x00007ffb9ffc2000 	C:\Windows\SYSTEM32\kernel.appcore.dll
0x00007ffb97ee0000 - 0x00007ffb97ef1000 	C:\Program Files\Android\Android Studio\jre\bin\verify.dll
0x00007ffb98270000 - 0x00007ffb98454000 	C:\Windows\SYSTEM32\DBGHELP.DLL
0x00007ffb91bf0000 - 0x00007ffb91c1c000 	C:\Windows\SYSTEM32\dbgcore.DLL
0x00007ffba2140000 - 0x00007ffba21c3000 	C:\Windows\System32\bcryptPrimitives.dll
0x00007ffb85300000 - 0x00007ffb85329000 	C:\Program Files\Android\Android Studio\jre\bin\java.dll
0x00007ffb9d170000 - 0x00007ffb9d17b000 	C:\Program Files\Android\Android Studio\jre\bin\jimage.dll
0x00007ffb92850000 - 0x00007ffb92868000 	C:\Program Files\Android\Android Studio\jre\bin\zip.dll
0x00007ffba2b30000 - 0x00007ffba326f000 	C:\Windows\System32\SHELL32.dll
0x00007ffba01b0000 - 0x00007ffba0940000 	C:\Windows\SYSTEM32\windows.storage.dll
0x00007ffba3db0000 - 0x00007ffba4105000 	C:\Windows\System32\combase.dll
0x00007ffba1a90000 - 0x00007ffba1abc000 	C:\Windows\SYSTEM32\Wldp.dll
0x00007ffba4110000 - 0x00007ffba41bd000 	C:\Windows\System32\SHCORE.dll
0x00007ffba3c70000 - 0x00007ffba3cc5000 	C:\Windows\System32\shlwapi.dll
0x00007ffba1ff0000 - 0x00007ffba200f000 	C:\Windows\SYSTEM32\profapi.dll
0x00007ffb8e340000 - 0x00007ffb8e35a000 	C:\Program Files\Android\Android Studio\jre\bin\net.dll
0x00007ffb94da0000 - 0x00007ffb94ea8000 	C:\Windows\SYSTEM32\WINHTTP.dll
0x00007ffba17f0000 - 0x00007ffba185a000 	C:\Windows\system32\mswsock.dll
0x00007ffb8d380000 - 0x00007ffb8d394000 	C:\Program Files\Android\Android Studio\jre\bin\nio.dll
0x00007ffb64700000 - 0x00007ffb64727000 	C:\Users\jep\.gradle\native\8bec1ad78214c89d9ad589b4d07fe93259594b29d510b10fafb7a158f7737e5d\windows-amd64\native-platform.dll
0x00007ffb41300000 - 0x00007ffb4143d000 	C:\Users\jep\.gradle\native\53dbd7edfb1c66fb8903c78663c9afc45aea4f116125fa6feffd364cf09443e8\windows-amd64\native-platform-file-events.dll
0x00007ffb97f80000 - 0x00007ffb97f8a000 	C:\Program Files\Android\Android Studio\jre\bin\management.dll
0x00007ffb97ed0000 - 0x00007ffb97edc000 	C:\Program Files\Android\Android Studio\jre\bin\management_ext.dll
0x00007ffba19e0000 - 0x00007ffba19f8000 	C:\Windows\SYSTEM32\CRYPTSP.dll
0x00007ffba1170000 - 0x00007ffba11a4000 	C:\Windows\system32\rsaenh.dll
0x00007ffba2110000 - 0x00007ffba2137000 	C:\Windows\System32\bcrypt.dll
0x00007ffba1fb0000 - 0x00007ffba1fde000 	C:\Windows\SYSTEM32\USERENV.dll
0x00007ffba1a00000 - 0x00007ffba1a0c000 	C:\Windows\SYSTEM32\CRYPTBASE.dll
0x00007ffba14e0000 - 0x00007ffba151b000 	C:\Windows\SYSTEM32\IPHLPAPI.DLL
0x00007ffba3270000 - 0x00007ffba3278000 	C:\Windows\System32\NSI.dll
0x00007ffb9bb30000 - 0x00007ffb9bb47000 	C:\Windows\SYSTEM32\dhcpcsvc6.DLL
0x00007ffb9bc00000 - 0x00007ffb9bc1d000 	C:\Windows\SYSTEM32\dhcpcsvc.DLL
0x00007ffba1520000 - 0x00007ffba15ec000 	C:\Windows\SYSTEM32\DNSAPI.dll

dbghelp: loaded successfully - version: 4.0.5 - missing functions: none
symbol engine: initialized successfully - sym options: 0x614 - pdb path: .;C:\Program Files\Android\Android Studio\jre\bin;C:\Windows\SYSTEM32;C:\Windows\WinSxS\amd64_microsoft.windows.common-controls_6595b64144ccf1df_6.0.19041.1110_none_60b5254171f9507e;C:\Program Files\Android\Android Studio\jre\bin\server;C:\Users\jep\.gradle\native\8bec1ad78214c89d9ad589b4d07fe93259594b29d510b10fafb7a158f7737e5d\windows-amd64;C:\Users\jep\.gradle\native\53dbd7edfb1c66fb8903c78663c9afc45aea4f116125fa6feffd364cf09443e8\windows-amd64

VM Arguments:
jvm_args: --add-opens=java.base/java.util=ALL-UNNAMED --add-opens=java.base/java.lang=ALL-UNNAMED --add-opens=java.base/java.lang.invoke=ALL-UNNAMED --add-opens=java.base/java.util=ALL-UNNAMED --add-opens=java.prefs/java.util.prefs=ALL-UNNAMED --add-opens=java.prefs/java.util.prefs=ALL-UNNAMED --add-opens=java.base/java.nio.charset=ALL-UNNAMED --add-opens=java.base/java.net=ALL-UNNAMED --add-opens=java.base/java.util.concurrent.atomic=ALL-UNNAMED -Xmx2048m -Dfile.encoding=UTF-8 -Duser.country=US -Duser.language=en -Duser.variant 
java_command: org.gradle.launcher.daemon.bootstrap.GradleDaemon 7.0.2
java_class_path (initial): C:\Users\jep\.gradle\wrapper\dists\gradle-7.0.2-bin\857tjihv64xamwrf0h14cai3r\gradle-7.0.2\lib\gradle-launcher-7.0.2.jar
Launcher Type: SUN_STANDARD

[Global flags]
     intx CICompilerCount                          = 4                                         {product} {ergonomic}
     uint ConcGCThreads                            = 2                                         {product} {ergonomic}
     uint G1ConcRefinementThreads                  = 8                                         {product} {ergonomic}
   size_t G1HeapRegionSize                         = 1048576                                   {product} {ergonomic}
    uintx GCDrainStackTargetSize                   = 64                                        {product} {ergonomic}
   size_t InitialHeapSize                          = 234881024                                 {product} {ergonomic}
   size_t MarkStackSize                            = 4194304                                   {product} {ergonomic}
   size_t MaxHeapSize                              = 2147483648                                {product} {command line}
   size_t MaxNewSize                               = 1287651328                                {product} {ergonomic}
   size_t MinHeapDeltaBytes                        = 1048576                                   {product} {ergonomic}
    uintx NonNMethodCodeHeapSize                   = 5836300                                {pd product} {ergonomic}
    uintx NonProfiledCodeHeapSize                  = 122910970                              {pd product} {ergonomic}
    uintx ProfiledCodeHeapSize                     = 122910970                              {pd product} {ergonomic}
    uintx ReservedCodeCacheSize                    = 251658240                              {pd product} {ergonomic}
     bool SegmentedCodeCache                       = true                                      {product} {ergonomic}
     bool UseCompressedClassPointers               = true                                 {lp64_product} {ergonomic}
     bool UseCompressedOops                        = true                                 {lp64_product} {ergonomic}
     bool UseG1GC                                  = true                                      {product} {ergonomic}
     bool UseLargePagesIndividualAllocation        = false                                  {pd product} {ergonomic}

Logging:
Log output configuration:
 #0: stdout all=warning uptime,level,tags
 #1: stderr all=off uptime,level,tags

Environment Variables:
PATH=C:\Windows\system32;C:\Windows;C:\Windows\System32\Wbem;C:\Windows\System32\WindowsPowerShell\v1.0\;C:\Windows\System32\OpenSSH\;C:\Users\jep\AppData\Local\Microsoft\WindowsApps;
USERNAME=jep
OS=Windows_NT
PROCESSOR_IDENTIFIER=AMD64 Family 23 Model 24 Stepping 1, AuthenticAMD



---------------  S Y S T E M  ---------------

OS: Windows 10 , 64 bit Build 19041 (10.0.19041.1202)
OS uptime: 0 days 1:56 hours

CPU:total 8 (initial active 8) (8 cores per cpu, 2 threads per core) family 23 model 24 stepping 1 microcode 0x0, cmov, cx8, fxsr, mmx, sse, sse2, sse3, ssse3, sse4.1, sse4.2, popcnt, avx, avx2, aes, clmul, mmxext, 3dnowpref, lzcnt, sse4a, ht, tsc, tscinvbit, tscinv, bmi1, bmi2, adx, s

Memory: 4k page, system-wide physical 14274M (7718M free)
TotalPageFile size 16962M (AvailPageFile size 7522M)
current process WorkingSet (physical memory assigned to process): 404M, peak: 410M
current process commit charge ("private bytes"): 467M, peak: 479M

vm_info: OpenJDK 64-Bit Server VM (11.0.10+0-b96-7249189) for windows-amd64 JRE (11.0.10+0-b96-7249189), built on Mar 31 2021 21:44:00 by "builder" with MS VC++ 14.0 (VS2015)

END.
