#
# A fatal error has been detected by the Java Runtime Environment:
#
#  EXCEPTION_ACCESS_VIOLATION (0xc0000005) at pc=0x00007ffb38f07db0, pid=10304, tid=10212
#
# JRE version: OpenJDK Runtime Environment (11.0.10) (build 11.0.10+0-b96-7249189)
# Java VM: OpenJDK 64-Bit Server VM (11.0.10+0-b96-7249189, mixed mode, tiered, compressed oops, g1 gc, windows-amd64)
# Problematic frame:
# V  [jvm.dll+0x357db0]
#
# No core dump will be written. Minidumps are not enabled by default on client versions of Windows
#
# If you would like to submit a bug report, please visit:
#   https://bugreport.java.com/bugreport/crash.jsp
#

---------------  S U M M A R Y ------------

Command Line: --add-opens=java.base/java.util=ALL-UNNAMED --add-opens=java.base/java.lang=ALL-UNNAMED --add-opens=java.base/java.lang.invoke=ALL-UNNAMED --add-opens=java.base/java.util=ALL-UNNAMED --add-opens=java.prefs/java.util.prefs=ALL-UNNAMED --add-opens=java.prefs/java.util.prefs=ALL-UNNAMED --add-opens=java.base/java.nio.charset=ALL-UNNAMED --add-opens=java.base/java.net=ALL-UNNAMED --add-opens=java.base/java.util.concurrent.atomic=ALL-UNNAMED -Xmx2048m -Dfile.encoding=UTF-8 -Duser.country=US -Duser.language=en -Duser.variant org.gradle.launcher.daemon.bootstrap.GradleDaemon 7.0.2

Host: AMD Ryzen 5 3550H with Radeon Vega Mobile Gfx  , 8 cores, 13G,  Windows 10 , 64 bit Build 19041 (10.0.19041.1202)
Time: Sun Jan 23 03:02:59 2022 Pacific Standard Time elapsed time: 2.665305 seconds (0d 0h 0m 2s)

---------------  T H R E A D  ---------------

Current thread (0x000001d1fd4ac000):  JavaThread "C2 CompilerThread0" daemon [_thread_in_native, id=10212, stack(0x00000074e7600000,0x00000074e7700000)]


Current CompileTask:
C2:   2665 2068   !   4       java.net.URLClassLoader$1::run (63 bytes)

Stack: [0x00000074e7600000,0x00000074e7700000],  sp=0x00000074e76fbd40,  free space=1007k
Native frames: (J=compiled Java code, j=interpreted, Vv=VM code, C=native code)
V  [jvm.dll+0x357db0]
V  [jvm.dll+0x351260]
V  [jvm.dll+0x198049]
V  [jvm.dll+0x1fb70e]
V  [jvm.dll+0x1fa7f4]
V  [jvm.dll+0x18354c]
V  [jvm.dll+0x208ee7]
V  [jvm.dll+0x207731]
V  [jvm.dll+0x6eb1cf]
V  [jvm.dll+0x6e3d45]
V  [jvm.dll+0x5ebe96]
C  [ucrtbase.dll+0x21bb2]
C  [KERNEL32.DLL+0x17034]
C  [ntdll.dll+0x52651]


siginfo: EXCEPTION_ACCESS_VIOLATION (0xc0000005), reading address 0x00007dfb395a7c38


Register to memory mapping:

RIP=0x00007ffb38f07db0 jvm.dll
RAX=0x00007dfb395a7c38 is an unknown value
RBX=0x0000000000000110 is an unknown value
RCX=0x0000000000000002 is an unknown value
RDX=0x0 is NULL
RSP=0x00000074e76fbd40 is pointing into the stack for thread: 0x000001d1fd4ac000
RBP=0x0000000000000008 is an unknown value
RSI=0x00007ffb395a7c38 jvm.dll
RDI=0x000001d1fd440fd0 points into unknown readable memory: 0x000001d1fd450e90 | 90 0e 45 fd d1 01 00 00
R8 =0x000001d1fe539ba0 points into unknown readable memory: 0x0008000008000000 | 00 00 00 08 00 00 08 00
R9 =0x00000074e76fbd90 is pointing into the stack for thread: 0x000001d1fd4ac000
R10=0x0000000000000022 is an unknown value
R11=0x00000074e76fbca0 is pointing into the stack for thread: 0x000001d1fd4ac000
R12=0x00007ffb38bb0000 jvm.dll
R13=0x0000000000000008 is an unknown value
R14=0x000000000000001b is an unknown value
R15=0x00007ffb395a7c38 jvm.dll


Registers:
RAX=0x00007dfb395a7c38, RBX=0x0000000000000110, RCX=0x0000000000000002, RDX=0x0000000000000000
RSP=0x00000074e76fbd40, RBP=0x0000000000000008, RSI=0x00007ffb395a7c38, RDI=0x000001d1fd440fd0
R8 =0x000001d1fe539ba0, R9 =0x00000074e76fbd90, R10=0x0000000000000022, R11=0x00000074e76fbca0
R12=0x00007ffb38bb0000, R13=0x0000000000000008, R14=0x000000000000001b, R15=0x00007ffb395a7c38
RIP=0x00007ffb38f07db0, EFLAGS=0x0000000000010246

Top of Stack: (sp=0x00000074e76fbd40)
0x00000074e76fbd40:   0000000000000000 0000000000000000
0x00000074e76fbd50:   000001d1fd450e98 000001d1fd4a6600
0x00000074e76fbd60:   000000000000125b 00007ffb38f01260
0x00000074e76fbd70:   000001d191458890 00000074e76fbeb0
0x00000074e76fbd80:   000000000000125b 00007ffb393dcb70
0x00000074e76fbd90:   0000125f00000000 000001d100000003
0x00000074e76fbda0:   00007dfb395a7c38 0000000000000013
0x00000074e76fbdb0:   000001d190e4f668 000001d100000025
0x00000074e76fbdc0:   000001d191458930 00000074e76fc338
0x00000074e76fbdd0:   000001d1fe6ac0d0 0000000000000000
0x00000074e76fbde0:   00000074e76fbef0 00007ffb38d48049
0x00000074e76fbdf0:   00000074e76fc250 00000074e76fc338
0x00000074e76fbe00:   00000000000003d8 000001d1fe6ac0e0
0x00000074e76fbe10:   000000000000b600 0000000000000000
0x00000074e76fbe20:   0000007400000006 000001d1fe6ac0d0
0x00000074e76fbe30:   000001d1fee4c020 000001d1fee4c690 

Instructions: (pc=0x00007ffb38f07db0)
0x00007ffb38f07cb0:   58 4c 8b 64 24 50 48 8b c3 48 83 c4 20 41 5f 5f
0x00007ffb38f07cc0:   5e 5d 5b c3 cc cc cc cc cc cc cc cc cc cc cc cc
0x00007ffb38f07cd0:   83 3a 00 4c 8b c2 c7 41 08 08 00 00 00 75 16 33
0x00007ffb38f07ce0:   d2 c7 41 18 01 00 00 00 89 11 48 8b c1 c7 41 28
0x00007ffb38f07cf0:   01 00 00 00 c3 33 d2 48 89 11 89 51 18 41 8b 80
0x00007ffb38f07d00:   90 00 00 00 89 41 28 48 89 51 10 49 8b 40 08 48
0x00007ffb38f07d10:   89 41 20 48 8b c1 4c 89 41 30 c3 cc cc cc cc cc
0x00007ffb38f07d20:   48 83 ec 28 8b 51 08 4c 8b c9 83 fa 08 73 18 4c
0x00007ffb38f07d30:   8b 41 10 8b c2 41 83 3c 80 00 0f 85 0d 01 00 00
0x00007ffb38f07d40:   ff c2 83 fa 08 72 ec 44 8b 51 18 48 89 5c 24 30
0x00007ffb38f07d50:   48 89 6c 24 38 48 89 74 24 40 48 89 7c 24 20 44
0x00007ffb38f07d60:   3b 51 28 0f 83 b9 00 00 00 8b 0d 0d ba 6d 00 48
0x00007ffb38f07d70:   8d 35 c2 fe 69 00 65 48 8b 04 25 58 00 00 00 bd
0x00007ffb38f07d80:   08 00 00 00 48 8d 3c c8 0f 1f 84 00 00 00 00 00
0x00007ffb38f07d90:   41 8b c2 48 8d 1c c5 00 00 00 00 49 8b 41 20 48
0x00007ffb38f07da0:   8b 04 03 48 3b c6 74 6d 49 89 41 10 33 d2 66 90
0x00007ffb38f07db0:   83 38 00 0f 85 c3 00 00 00 ff c2 48 83 c0 04 83
0x00007ffb38f07dc0:   fa 08 72 ec 4d 8b 59 30 4d 85 db 74 48 49 8b 43
0x00007ffb38f07dd0:   08 8b d5 48 03 17 4c 8b 04 03 48 8b 02 48 8b 88
0x00007ffb38f07de0:   d0 04 00 00 48 8b 81 88 00 00 00 48 8b 88 88 08
0x00007ffb38f07df0:   00 00 49 89 08 48 8b 02 48 8b 88 d0 04 00 00 48
0x00007ffb38f07e00:   8b 81 88 00 00 00 4c 89 80 88 08 00 00 49 8b 43
0x00007ffb38f07e10:   08 48 89 34 03 41 ff c2 45 3b 51 28 0f 82 6e ff
0x00007ffb38f07e20:   ff ff 41 8b 41 28 41 89 41 18 33 c0 41 c7 41 08
0x00007ffb38f07e30:   08 00 00 00 48 8b 74 24 40 48 8b 6c 24 38 48 8b
0x00007ffb38f07e40:   5c 24 30 48 8b 7c 24 20 48 83 c4 28 c3 8b 41 18
0x00007ffb38f07e50:   8d 0c c2 8b c2 c1 e1 05 81 e9 00 01 00 00 41 89
0x00007ffb38f07e60:   49 04 41 8b 0c 80 8d 42 01 41 89 09 49 8b c9 41
0x00007ffb38f07e70:   89 41 08 48 83 c4 28 e9 a4 33 e4 ff 42 8d 04 d2
0x00007ffb38f07e80:   c1 e0 05 41 89 41 04 49 8b 41 10 8b 0c 90 41 8d
0x00007ffb38f07e90:   42 01 41 89 41 18 8d 42 01 41 89 09 49 8b c9 41
0x00007ffb38f07ea0:   89 41 08 e8 78 33 e4 ff eb 8a cc cc cc cc cc cc 


Stack slot to memory mapping:
stack at sp + 0 slots: 0x0 is NULL
stack at sp + 1 slots: 0x0 is NULL
stack at sp + 2 slots: 0x000001d1fd450e98 points into unknown readable memory: 0x000001d1fd4ac000 | 00 c0 4a fd d1 01 00 00
stack at sp + 3 slots: 0x000001d1fd4a6600 points into unknown readable memory: 0x205a29287974706d | 6d 70 74 79 28 29 5a 20
stack at sp + 4 slots: 0x000000000000125b is an unknown value
stack at sp + 5 slots: 0x00007ffb38f01260 jvm.dll
stack at sp + 6 slots: 0x000001d191458890 points into unknown readable memory: 0x0000000000000010 | 10 00 00 00 00 00 00 00
stack at sp + 7 slots: 0x00000074e76fbeb0 is pointing into the stack for thread: 0x000001d1fd4ac000


---------------  P R O C E S S  ---------------

Threads class SMR info:
_java_thread_list=0x000001d1fe687050, length=35, elements={
0x000001d1f177b000, 0x000001d1fd44e800, 0x000001d1fd450000, 0x000001d1fd4a4800,
0x000001d1fd4a7000, 0x000001d1fd4a9000, 0x000001d1fd4ac000, 0x000001d1fd4b2000,
0x000001d1fd4b2800, 0x000001d1fd603800, 0x000001d18f1ab800, 0x000001d1fefa7800,
0x000001d18f187000, 0x000001d1feccb000, 0x000001d1fed52800, 0x000001d18f186800,
0x000001d18fa94800, 0x000001d1901d7800, 0x000001d1fe29a800, 0x000001d190187800,
0x000001d18f08d000, 0x000001d18f08c000, 0x000001d18f08b800, 0x000001d18f092000,
0x000001d18f090000, 0x000001d18f08d800, 0x000001d18f08e800, 0x000001d18f091000,
0x000001d18f08f800, 0x000001d190047000, 0x000001d190048800, 0x000001d190042800,
0x000001d190049000, 0x000001d190043800, 0x000001d190044800
}

Java Threads: ( => current thread )
  0x000001d1f177b000 JavaThread "main" [_thread_blocked, id=12292, stack(0x00000074e6a00000,0x00000074e6b00000)]
  0x000001d1fd44e800 JavaThread "Reference Handler" daemon [_thread_blocked, id=12384, stack(0x00000074e7100000,0x00000074e7200000)]
  0x000001d1fd450000 JavaThread "Finalizer" daemon [_thread_blocked, id=10848, stack(0x00000074e7200000,0x00000074e7300000)]
  0x000001d1fd4a4800 JavaThread "Signal Dispatcher" daemon [_thread_blocked, id=1328, stack(0x00000074e7300000,0x00000074e7400000)]
  0x000001d1fd4a7000 JavaThread "Attach Listener" daemon [_thread_blocked, id=12432, stack(0x00000074e7400000,0x00000074e7500000)]
  0x000001d1fd4a9000 JavaThread "Service Thread" daemon [_thread_blocked, id=10120, stack(0x00000074e7500000,0x00000074e7600000)]
=>0x000001d1fd4ac000 JavaThread "C2 CompilerThread0" daemon [_thread_in_native, id=10212, stack(0x00000074e7600000,0x00000074e7700000)]
  0x000001d1fd4b2000 JavaThread "C1 CompilerThread0" daemon [_thread_in_vm, id=3444, stack(0x00000074e7700000,0x00000074e7800000)]
  0x000001d1fd4b2800 JavaThread "Sweeper thread" daemon [_thread_blocked, id=10832, stack(0x00000074e7800000,0x00000074e7900000)]
  0x000001d1fd603800 JavaThread "Common-Cleaner" daemon [_thread_blocked, id=4640, stack(0x00000074e7900000,0x00000074e7a00000)]
  0x000001d18f1ab800 JavaThread "Daemon health stats" [_thread_blocked, id=9404, stack(0x00000074e8100000,0x00000074e8200000)]
  0x000001d1fefa7800 JavaThread "Incoming local TCP Connector on port 51337" [_thread_in_native, id=11492, stack(0x00000074e7b00000,0x00000074e7c00000)]
  0x000001d18f187000 JavaThread "Daemon periodic checks" [_thread_blocked, id=3156, stack(0x00000074e8000000,0x00000074e8100000)]
  0x000001d1feccb000 JavaThread "Daemon" [_thread_blocked, id=3508, stack(0x00000074e8200000,0x00000074e8300000)]
  0x000001d1fed52800 JavaThread "Handler for socket connection from /127.0.0.1:51337 to /127.0.0.1:51338" [_thread_in_native, id=9336, stack(0x00000074e8300000,0x00000074e8400000)]
  0x000001d18f186800 JavaThread "Cancel handler" [_thread_blocked, id=11176, stack(0x00000074e8400000,0x00000074e8500000)]
  0x000001d18fa94800 JavaThread "Daemon worker" [_thread_in_vm, id=6944, stack(0x00000074e8500000,0x00000074e8600000)]
  0x000001d1901d7800 JavaThread "C2 CompilerThread1" daemon [_thread_in_native, id=5184, stack(0x00000074e8600000,0x00000074e8700000)]
  0x000001d1fe29a800 JavaThread "Asynchronous log dispatcher for DefaultDaemonConnection: socket connection from /127.0.0.1:51337 to /127.0.0.1:51338" [_thread_blocked, id=10920, stack(0x00000074e8700000,0x00000074e8800000)]
  0x000001d190187800 JavaThread "Stdin handler" [_thread_blocked, id=2784, stack(0x00000074e8800000,0x00000074e8900000)]
  0x000001d18f08d000 JavaThread "Daemon client event forwarder" [_thread_blocked, id=12904, stack(0x00000074e8900000,0x00000074e8a00000)]
  0x000001d18f08c000 JavaThread "Cache worker for file hash cache (C:\Users\jep\.gradle\caches\7.0.2\fileHashes)" [_thread_blocked, id=11208, stack(0x00000074e8a00000,0x00000074e8b00000)]
  0x000001d18f08b800 JavaThread "File lock request listener" [_thread_in_native, id=3568, stack(0x00000074e8b00000,0x00000074e8c00000)]
  0x000001d18f092000 JavaThread "Cache worker for journal cache (C:\Users\jep\.gradle\caches\journal-1)" [_thread_blocked, id=13300, stack(0x00000074e9000000,0x00000074e9100000)]
  0x000001d18f090000 JavaThread "Cache worker for file hash cache (C:\Users\jep\AndroidStudioProjects\FirstAidKit\.gradle\7.0.2\fileHashes)" [_thread_blocked, id=8508, stack(0x00000074e9100000,0x00000074e9200000)]
  0x000001d18f08d800 JavaThread "File watcher server" daemon [_thread_in_native, id=3552, stack(0x00000074e9200000,0x00000074e9300000)]
  0x000001d18f08e800 JavaThread "File watcher consumer" daemon [_thread_blocked, id=4812, stack(0x00000074e9300000,0x00000074e9400000)]
  0x000001d18f091000 JavaThread "jar transforms" [_thread_blocked, id=10184, stack(0x00000074e9400000,0x00000074e9500000)]
  0x000001d18f08f800 JavaThread "jar transforms Thread 2" [_thread_blocked, id=7904, stack(0x00000074e9500000,0x00000074e9600000)]
  0x000001d190047000 JavaThread "jar transforms Thread 3" [_thread_blocked, id=12856, stack(0x00000074e9600000,0x00000074e9700000)]
  0x000001d190048800 JavaThread "jar transforms Thread 4" [_thread_blocked, id=2032, stack(0x00000074e9700000,0x00000074e9800000)]
  0x000001d190042800 JavaThread "jar transforms Thread 5" [_thread_blocked, id=10352, stack(0x00000074e9800000,0x00000074e9900000)]
  0x000001d190049000 JavaThread "jar transforms Thread 6" [_thread_blocked, id=600, stack(0x00000074e9900000,0x00000074e9a00000)]
  0x000001d190043800 JavaThread "jar transforms Thread 7" [_thread_blocked, id=10816, stack(0x00000074e9a00000,0x00000074e9b00000)]
  0x000001d190044800 JavaThread "jar transforms Thread 8" [_thread_blocked, id=2776, stack(0x00000074e9b00000,0x00000074e9c00000)]

Other Threads:
  0x000001d1fd447800 VMThread "VM Thread" [stack: 0x00000074e7000000,0x00000074e7100000] [id=12836]
  0x000001d1fd638000 WatcherThread [stack: 0x00000074e7a00000,0x00000074e7b00000] [id=8744]
  0x000001d1f1794800 GCTaskThread "GC Thread#0" [stack: 0x00000074e6b00000,0x00000074e6c00000] [id=11980]
  0x000001d1fe113800 GCTaskThread "GC Thread#1" [stack: 0x00000074e7c00000,0x00000074e7d00000] [id=10820]
  0x000001d1fe465000 GCTaskThread "GC Thread#2" [stack: 0x00000074e7d00000,0x00000074e7e00000] [id=7032]
  0x000001d1fe466000 GCTaskThread "GC Thread#3" [stack: 0x00000074e7e00000,0x00000074e7f00000] [id=13184]
  0x000001d1fe2a4800 GCTaskThread "GC Thread#4" [stack: 0x00000074e7f00000,0x00000074e8000000] [id=10396]
  0x000001d1fe186800 GCTaskThread "GC Thread#5" [stack: 0x00000074e8c00000,0x00000074e8d00000] [id=2928]
  0x000001d18f606800 GCTaskThread "GC Thread#6" [stack: 0x00000074e8d00000,0x00000074e8e00000] [id=12808]
  0x000001d1ff032000 GCTaskThread "GC Thread#7" [stack: 0x00000074e8e00000,0x00000074e8f00000] [id=12180]
  0x000001d1f17c4800 ConcurrentGCThread "G1 Main Marker" [stack: 0x00000074e6c00000,0x00000074e6d00000] [id=7764]
  0x000001d1f17c6000 ConcurrentGCThread "G1 Conc#0" [stack: 0x00000074e6d00000,0x00000074e6e00000] [id=10124]
  0x000001d190134800 ConcurrentGCThread "G1 Conc#1" [stack: 0x00000074e8f00000,0x00000074e9000000] [id=12156]
  0x000001d1f185e000 ConcurrentGCThread "G1 Refine#0" [stack: 0x00000074e6e00000,0x00000074e6f00000] [id=12196]
  0x000001d1fca7e800 ConcurrentGCThread "G1 Young RemSet Sampling" [stack: 0x00000074e6f00000,0x00000074e7000000] [id=7052]

Threads with active compile tasks:
C2 CompilerThread0   2694 2068   !   4       java.net.URLClassLoader$1::run (63 bytes)
C1 CompilerThread0   2695 2333       3       java.io.ObjectInputStream$HandleTable::assign (48 bytes)
C2 CompilerThread1   2695 2299       4       jdk.internal.reflect.ClassFileAssembler::emitConstantPoolUTF8 (50 bytes)

VM state:not at safepoint (normal execution)

VM Mutex/Monitor currently owned by a thread: None

Heap address: 0x0000000080000000, size: 2048 MB, Compressed Oops mode: 32-bit
Narrow klass base: 0x0000000000000000, Narrow klass shift: 3
Compressed class space size: 1073741824 Address: 0x0000000100000000

Heap:
 garbage-first heap   total 229376K, used 76110K [0x0000000080000000, 0x0000000100000000)
  region size 1024K, 65 young (66560K), 11 survivors (11264K)
 Metaspace       used 26086K, capacity 26803K, committed 27008K, reserved 1073152K
  class space    used 3430K, capacity 3688K, committed 3712K, reserved 1048576K
Heap Regions: E=young(eden), S=young(survivor), O=old, HS=humongous(starts), HC=humongous(continues), CS=collection set, F=free, A=archive, TAMS=top-at-mark-start (previous, next)
|   0|0x0000000080000000, 0x0000000080100000, 0x0000000080100000|100%|HS|  |TAMS 0x0000000080000000, 0x0000000080000000| Complete 
|   1|0x0000000080100000, 0x0000000080200000, 0x0000000080200000|100%|HC|  |TAMS 0x0000000080100000, 0x0000000080100000| Complete 
|   2|0x0000000080200000, 0x0000000080200000, 0x0000000080300000|  0%| F|  |TAMS 0x0000000080200000, 0x0000000080200000| Untracked 
|   3|0x0000000080300000, 0x0000000080400000, 0x0000000080400000|100%|HS|  |TAMS 0x0000000080400000, 0x0000000080300000| Complete 
|   4|0x0000000080400000, 0x0000000080500000, 0x0000000080500000|100%|HC|  |TAMS 0x0000000080500000, 0x0000000080400000| Complete 
|   5|0x0000000080500000, 0x0000000080600000, 0x0000000080600000|100%|HC|  |TAMS 0x0000000080600000, 0x0000000080500000| Complete 
|   6|0x0000000080600000, 0x0000000080700000, 0x0000000080700000|100%| O|  |TAMS 0x0000000080700000, 0x0000000080600000| Untracked 
|   7|0x0000000080700000, 0x0000000080800000, 0x0000000080800000|100%| O|  |TAMS 0x0000000080800000, 0x0000000080700000| Untracked 
|   8|0x0000000080800000, 0x0000000080900000, 0x0000000080900000|100%| O|  |TAMS 0x0000000080900000, 0x0000000080800000| Untracked 
|   9|0x0000000080900000, 0x0000000080947600, 0x0000000080a00000| 27%| O|  |TAMS 0x0000000080947600, 0x0000000080900000| Untracked 
|  10|0x0000000080a00000, 0x0000000080b00000, 0x0000000080b00000|100%|HS|  |TAMS 0x0000000080a00000, 0x0000000080a00000| Complete 
|  11|0x0000000080b00000, 0x0000000080c00000, 0x0000000080c00000|100%|HC|  |TAMS 0x0000000080b00000, 0x0000000080b00000| Complete 
|  12|0x0000000080c00000, 0x0000000080d00000, 0x0000000080d00000|100%|HC|  |TAMS 0x0000000080c00000, 0x0000000080c00000| Complete 
|  13|0x0000000080d00000, 0x0000000080d00000, 0x0000000080e00000|  0%| F|  |TAMS 0x0000000080d00000, 0x0000000080d00000| Untracked 
|  14|0x0000000080e00000, 0x0000000080e00000, 0x0000000080f00000|  0%| F|  |TAMS 0x0000000080e00000, 0x0000000080e00000| Untracked 
|  15|0x0000000080f00000, 0x0000000080f00000, 0x0000000081000000|  0%| F|  |TAMS 0x0000000080f00000, 0x0000000080f00000| Untracked 
|  16|0x0000000081000000, 0x0000000081000000, 0x0000000081100000|  0%| F|  |TAMS 0x0000000081000000, 0x0000000081000000| Untracked 
|  17|0x0000000081100000, 0x0000000081100000, 0x0000000081200000|  0%| F|  |TAMS 0x0000000081100000, 0x0000000081100000| Untracked 
|  18|0x0000000081200000, 0x0000000081200000, 0x0000000081300000|  0%| F|  |TAMS 0x0000000081200000, 0x0000000081200000| Untracked 
|  19|0x0000000081300000, 0x0000000081300000, 0x0000000081400000|  0%| F|  |TAMS 0x0000000081300000, 0x0000000081300000| Untracked 
|  20|0x0000000081400000, 0x0000000081400000, 0x0000000081500000|  0%| F|  |TAMS 0x0000000081400000, 0x0000000081400000| Untracked 
|  21|0x0000000081500000, 0x0000000081500000, 0x0000000081600000|  0%| F|  |TAMS 0x0000000081500000, 0x0000000081500000| Untracked 
|  22|0x0000000081600000, 0x0000000081600000, 0x0000000081700000|  0%| F|  |TAMS 0x0000000081600000, 0x0000000081600000| Untracked 
|  23|0x0000000081700000, 0x0000000081700000, 0x0000000081800000|  0%| F|  |TAMS 0x0000000081700000, 0x0000000081700000| Untracked 
|  24|0x0000000081800000, 0x0000000081800000, 0x0000000081900000|  0%| F|  |TAMS 0x0000000081800000, 0x0000000081800000| Untracked 
|  25|0x0000000081900000, 0x0000000081900000, 0x0000000081a00000|  0%| F|  |TAMS 0x0000000081900000, 0x0000000081900000| Untracked 
|  26|0x0000000081a00000, 0x0000000081a00000, 0x0000000081b00000|  0%| F|  |TAMS 0x0000000081a00000, 0x0000000081a00000| Untracked 
|  27|0x0000000081b00000, 0x0000000081b00000, 0x0000000081c00000|  0%| F|  |TAMS 0x0000000081b00000, 0x0000000081b00000| Untracked 
|  28|0x0000000081c00000, 0x0000000081c00000, 0x0000000081d00000|  0%| F|  |TAMS 0x0000000081c00000, 0x0000000081c00000| Untracked 
|  29|0x0000000081d00000, 0x0000000081d00000, 0x0000000081e00000|  0%| F|  |TAMS 0x0000000081d00000, 0x0000000081d00000| Untracked 
|  30|0x0000000081e00000, 0x0000000081e00000, 0x0000000081f00000|  0%| F|  |TAMS 0x0000000081e00000, 0x0000000081e00000| Untracked 
|  31|0x0000000081f00000, 0x0000000081f00000, 0x0000000082000000|  0%| F|  |TAMS 0x0000000081f00000, 0x0000000081f00000| Untracked 
|  32|0x0000000082000000, 0x0000000082000000, 0x0000000082100000|  0%| F|  |TAMS 0x0000000082000000, 0x0000000082000000| Untracked 
|  33|0x0000000082100000, 0x0000000082100000, 0x0000000082200000|  0%| F|  |TAMS 0x0000000082100000, 0x0000000082100000| Untracked 
|  34|0x0000000082200000, 0x0000000082200000, 0x0000000082300000|  0%| F|  |TAMS 0x0000000082200000, 0x0000000082200000| Untracked 
|  35|0x0000000082300000, 0x0000000082300000, 0x0000000082400000|  0%| F|  |TAMS 0x0000000082300000, 0x0000000082300000| Untracked 
|  36|0x0000000082400000, 0x0000000082400000, 0x0000000082500000|  0%| F|  |TAMS 0x0000000082400000, 0x0000000082400000| Untracked 
|  37|0x0000000082500000, 0x0000000082500000, 0x0000000082600000|  0%| F|  |TAMS 0x0000000082500000, 0x0000000082500000| Untracked 
|  38|0x0000000082600000, 0x0000000082600000, 0x0000000082700000|  0%| F|  |TAMS 0x0000000082600000, 0x0000000082600000| Untracked 
|  39|0x0000000082700000, 0x0000000082700000, 0x0000000082800000|  0%| F|  |TAMS 0x0000000082700000, 0x0000000082700000| Untracked 
|  40|0x0000000082800000, 0x0000000082800000, 0x0000000082900000|  0%| F|  |TAMS 0x0000000082800000, 0x0000000082800000| Untracked 
|  41|0x0000000082900000, 0x0000000082900000, 0x0000000082a00000|  0%| F|  |TAMS 0x0000000082900000, 0x0000000082900000| Untracked 
|  42|0x0000000082a00000, 0x0000000082a00000, 0x0000000082b00000|  0%| F|  |TAMS 0x0000000082a00000, 0x0000000082a00000| Untracked 
|  43|0x0000000082b00000, 0x0000000082b00000, 0x0000000082c00000|  0%| F|  |TAMS 0x0000000082b00000, 0x0000000082b00000| Untracked 
|  44|0x0000000082c00000, 0x0000000082c00000, 0x0000000082d00000|  0%| F|  |TAMS 0x0000000082c00000, 0x0000000082c00000| Untracked 
|  45|0x0000000082d00000, 0x0000000082d00000, 0x0000000082e00000|  0%| F|  |TAMS 0x0000000082d00000, 0x0000000082d00000| Untracked 
|  46|0x0000000082e00000, 0x0000000082e00000, 0x0000000082f00000|  0%| F|  |TAMS 0x0000000082e00000, 0x0000000082e00000| Untracked 
|  47|0x0000000082f00000, 0x0000000082f00000, 0x0000000083000000|  0%| F|  |TAMS 0x0000000082f00000, 0x0000000082f00000| Untracked 
|  48|0x0000000083000000, 0x0000000083000000, 0x0000000083100000|  0%| F|  |TAMS 0x0000000083000000, 0x0000000083000000| Untracked 
|  49|0x0000000083100000, 0x0000000083100000, 0x0000000083200000|  0%| F|  |TAMS 0x0000000083100000, 0x0000000083100000| Untracked 
|  50|0x0000000083200000, 0x0000000083200000, 0x0000000083300000|  0%| F|  |TAMS 0x0000000083200000, 0x0000000083200000| Untracked 
|  51|0x0000000083300000, 0x0000000083300000, 0x0000000083400000|  0%| F|  |TAMS 0x0000000083300000, 0x0000000083300000| Untracked 
|  52|0x0000000083400000, 0x0000000083400000, 0x0000000083500000|  0%| F|  |TAMS 0x0000000083400000, 0x0000000083400000| Untracked 
|  53|0x0000000083500000, 0x0000000083500000, 0x0000000083600000|  0%| F|  |TAMS 0x0000000083500000, 0x0000000083500000| Untracked 
|  54|0x0000000083600000, 0x0000000083600000, 0x0000000083700000|  0%| F|  |TAMS 0x0000000083600000, 0x0000000083600000| Untracked 
|  55|0x0000000083700000, 0x0000000083700000, 0x0000000083800000|  0%| F|  |TAMS 0x0000000083700000, 0x0000000083700000| Untracked 
|  56|0x0000000083800000, 0x0000000083800000, 0x0000000083900000|  0%| F|  |TAMS 0x0000000083800000, 0x0000000083800000| Untracked 
|  57|0x0000000083900000, 0x0000000083900000, 0x0000000083a00000|  0%| F|  |TAMS 0x0000000083900000, 0x0000000083900000| Untracked 
|  58|0x0000000083a00000, 0x0000000083a00000, 0x0000000083b00000|  0%| F|  |TAMS 0x0000000083a00000, 0x0000000083a00000| Untracked 
|  59|0x0000000083b00000, 0x0000000083b00000, 0x0000000083c00000|  0%| F|  |TAMS 0x0000000083b00000, 0x0000000083b00000| Untracked 
|  60|0x0000000083c00000, 0x0000000083c00000, 0x0000000083d00000|  0%| F|  |TAMS 0x0000000083c00000, 0x0000000083c00000| Untracked 
|  61|0x0000000083d00000, 0x0000000083d00000, 0x0000000083e00000|  0%| F|  |TAMS 0x0000000083d00000, 0x0000000083d00000| Untracked 
|  62|0x0000000083e00000, 0x0000000083e00000, 0x0000000083f00000|  0%| F|  |TAMS 0x0000000083e00000, 0x0000000083e00000| Untracked 
|  63|0x0000000083f00000, 0x0000000083f00000, 0x0000000084000000|  0%| F|  |TAMS 0x0000000083f00000, 0x0000000083f00000| Untracked 
|  64|0x0000000084000000, 0x0000000084000000, 0x0000000084100000|  0%| F|  |TAMS 0x0000000084000000, 0x0000000084000000| Untracked 
|  65|0x0000000084100000, 0x0000000084100000, 0x0000000084200000|  0%| F|  |TAMS 0x0000000084100000, 0x0000000084100000| Untracked 
|  66|0x0000000084200000, 0x0000000084200000, 0x0000000084300000|  0%| F|  |TAMS 0x0000000084200000, 0x0000000084200000| Untracked 
|  67|0x0000000084300000, 0x0000000084300000, 0x0000000084400000|  0%| F|  |TAMS 0x0000000084300000, 0x0000000084300000| Untracked 
|  68|0x0000000084400000, 0x0000000084400000, 0x0000000084500000|  0%| F|  |TAMS 0x0000000084400000, 0x0000000084400000| Untracked 
|  69|0x0000000084500000, 0x0000000084500000, 0x0000000084600000|  0%| F|  |TAMS 0x0000000084500000, 0x0000000084500000| Untracked 
|  70|0x0000000084600000, 0x0000000084600000, 0x0000000084700000|  0%| F|  |TAMS 0x0000000084600000, 0x0000000084600000| Untracked 
|  71|0x0000000084700000, 0x0000000084700000, 0x0000000084800000|  0%| F|  |TAMS 0x0000000084700000, 0x0000000084700000| Untracked 
|  72|0x0000000084800000, 0x0000000084800000, 0x0000000084900000|  0%| F|  |TAMS 0x0000000084800000, 0x0000000084800000| Untracked 
|  73|0x0000000084900000, 0x0000000084900000, 0x0000000084a00000|  0%| F|  |TAMS 0x0000000084900000, 0x0000000084900000| Untracked 
|  74|0x0000000084a00000, 0x0000000084a00000, 0x0000000084b00000|  0%| F|  |TAMS 0x0000000084a00000, 0x0000000084a00000| Untracked 
|  75|0x0000000084b00000, 0x0000000084b00000, 0x0000000084c00000|  0%| F|  |TAMS 0x0000000084b00000, 0x0000000084b00000| Untracked 
|  76|0x0000000084c00000, 0x0000000084c00000, 0x0000000084d00000|  0%| F|  |TAMS 0x0000000084c00000, 0x0000000084c00000| Untracked 
|  77|0x0000000084d00000, 0x0000000084d00000, 0x0000000084e00000|  0%| F|  |TAMS 0x0000000084d00000, 0x0000000084d00000| Untracked 
|  78|0x0000000084e00000, 0x0000000084e00000, 0x0000000084f00000|  0%| F|  |TAMS 0x0000000084e00000, 0x0000000084e00000| Untracked 
|  79|0x0000000084f00000, 0x0000000084f00000, 0x0000000085000000|  0%| F|  |TAMS 0x0000000084f00000, 0x0000000084f00000| Untracked 
|  80|0x0000000085000000, 0x0000000085000000, 0x0000000085100000|  0%| F|  |TAMS 0x0000000085000000, 0x0000000085000000| Untracked 
|  81|0x0000000085100000, 0x0000000085100000, 0x0000000085200000|  0%| F|  |TAMS 0x0000000085100000, 0x0000000085100000| Untracked 
|  82|0x0000000085200000, 0x0000000085200000, 0x0000000085300000|  0%| F|  |TAMS 0x0000000085200000, 0x0000000085200000| Untracked 
|  83|0x0000000085300000, 0x0000000085300000, 0x0000000085400000|  0%| F|  |TAMS 0x0000000085300000, 0x0000000085300000| Untracked 
|  84|0x0000000085400000, 0x0000000085400000, 0x0000000085500000|  0%| F|  |TAMS 0x0000000085400000, 0x0000000085400000| Untracked 
|  85|0x0000000085500000, 0x0000000085500000, 0x0000000085600000|  0%| F|  |TAMS 0x0000000085500000, 0x0000000085500000| Untracked 
|  86|0x0000000085600000, 0x0000000085600000, 0x0000000085700000|  0%| F|  |TAMS 0x0000000085600000, 0x0000000085600000| Untracked 
|  87|0x0000000085700000, 0x0000000085700000, 0x0000000085800000|  0%| F|  |TAMS 0x0000000085700000, 0x0000000085700000| Untracked 
|  88|0x0000000085800000, 0x0000000085800000, 0x0000000085900000|  0%| F|  |TAMS 0x0000000085800000, 0x0000000085800000| Untracked 
|  89|0x0000000085900000, 0x0000000085900000, 0x0000000085a00000|  0%| F|  |TAMS 0x0000000085900000, 0x0000000085900000| Untracked 
|  90|0x0000000085a00000, 0x0000000085a00000, 0x0000000085b00000|  0%| F|  |TAMS 0x0000000085a00000, 0x0000000085a00000| Untracked 
|  91|0x0000000085b00000, 0x0000000085b00000, 0x0000000085c00000|  0%| F|  |TAMS 0x0000000085b00000, 0x0000000085b00000| Untracked 
|  92|0x0000000085c00000, 0x0000000085c00000, 0x0000000085d00000|  0%| F|  |TAMS 0x0000000085c00000, 0x0000000085c00000| Untracked 
|  93|0x0000000085d00000, 0x0000000085d00000, 0x0000000085e00000|  0%| F|  |TAMS 0x0000000085d00000, 0x0000000085d00000| Untracked 
|  94|0x0000000085e00000, 0x0000000085e00000, 0x0000000085f00000|  0%| F|  |TAMS 0x0000000085e00000, 0x0000000085e00000| Untracked 
|  95|0x0000000085f00000, 0x0000000085f00000, 0x0000000086000000|  0%| F|  |TAMS 0x0000000085f00000, 0x0000000085f00000| Untracked 
|  96|0x0000000086000000, 0x0000000086000000, 0x0000000086100000|  0%| F|  |TAMS 0x0000000086000000, 0x0000000086000000| Untracked 
|  97|0x0000000086100000, 0x0000000086100000, 0x0000000086200000|  0%| F|  |TAMS 0x0000000086100000, 0x0000000086100000| Untracked 
|  98|0x0000000086200000, 0x0000000086200000, 0x0000000086300000|  0%| F|  |TAMS 0x0000000086200000, 0x0000000086200000| Untracked 
|  99|0x0000000086300000, 0x0000000086300000, 0x0000000086400000|  0%| F|  |TAMS 0x0000000086300000, 0x0000000086300000| Untracked 
| 100|0x0000000086400000, 0x0000000086400000, 0x0000000086500000|  0%| F|  |TAMS 0x0000000086400000, 0x0000000086400000| Untracked 
| 101|0x0000000086500000, 0x0000000086500000, 0x0000000086600000|  0%| F|  |TAMS 0x0000000086500000, 0x0000000086500000| Untracked 
| 102|0x0000000086600000, 0x0000000086600000, 0x0000000086700000|  0%| F|  |TAMS 0x0000000086600000, 0x0000000086600000| Untracked 
| 103|0x0000000086700000, 0x0000000086700000, 0x0000000086800000|  0%| F|  |TAMS 0x0000000086700000, 0x0000000086700000| Untracked 
| 104|0x0000000086800000, 0x0000000086800000, 0x0000000086900000|  0%| F|  |TAMS 0x0000000086800000, 0x0000000086800000| Untracked 
| 105|0x0000000086900000, 0x0000000086900000, 0x0000000086a00000|  0%| F|  |TAMS 0x0000000086900000, 0x0000000086900000| Untracked 
| 106|0x0000000086a00000, 0x0000000086a00000, 0x0000000086b00000|  0%| F|  |TAMS 0x0000000086a00000, 0x0000000086a00000| Untracked 
| 107|0x0000000086b00000, 0x0000000086b00000, 0x0000000086c00000|  0%| F|  |TAMS 0x0000000086b00000, 0x0000000086b00000| Untracked 
| 108|0x0000000086c00000, 0x0000000086c00000, 0x0000000086d00000|  0%| F|  |TAMS 0x0000000086c00000, 0x0000000086c00000| Untracked 
| 109|0x0000000086d00000, 0x0000000086d00000, 0x0000000086e00000|  0%| F|  |TAMS 0x0000000086d00000, 0x0000000086d00000| Untracked 
| 110|0x0000000086e00000, 0x0000000086e00000, 0x0000000086f00000|  0%| F|  |TAMS 0x0000000086e00000, 0x0000000086e00000| Untracked 
| 111|0x0000000086f00000, 0x0000000086f00000, 0x0000000087000000|  0%| F|  |TAMS 0x0000000086f00000, 0x0000000086f00000| Untracked 
| 112|0x0000000087000000, 0x0000000087000000, 0x0000000087100000|  0%| F|  |TAMS 0x0000000087000000, 0x0000000087000000| Untracked 
| 113|0x0000000087100000, 0x0000000087100000, 0x0000000087200000|  0%| F|  |TAMS 0x0000000087100000, 0x0000000087100000| Untracked 
| 114|0x0000000087200000, 0x0000000087200000, 0x0000000087300000|  0%| F|  |TAMS 0x0000000087200000, 0x0000000087200000| Untracked 
| 115|0x0000000087300000, 0x0000000087300000, 0x0000000087400000|  0%| F|  |TAMS 0x0000000087300000, 0x0000000087300000| Untracked 
| 116|0x0000000087400000, 0x000000008740c200, 0x0000000087500000|  4%| S|CS|TAMS 0x0000000087400000, 0x0000000087400000| Complete 
| 117|0x0000000087500000, 0x0000000087600000, 0x0000000087600000|100%| S|CS|TAMS 0x0000000087500000, 0x0000000087500000| Complete 
| 118|0x0000000087600000, 0x0000000087700000, 0x0000000087700000|100%| S|CS|TAMS 0x0000000087600000, 0x0000000087600000| Complete 
| 119|0x0000000087700000, 0x0000000087800000, 0x0000000087800000|100%| S|CS|TAMS 0x0000000087700000, 0x0000000087700000| Complete 
| 120|0x0000000087800000, 0x0000000087900000, 0x0000000087900000|100%| S|CS|TAMS 0x0000000087800000, 0x0000000087800000| Complete 
| 121|0x0000000087900000, 0x0000000087a00000, 0x0000000087a00000|100%| S|CS|TAMS 0x0000000087900000, 0x0000000087900000| Complete 
| 122|0x0000000087a00000, 0x0000000087b00000, 0x0000000087b00000|100%| S|CS|TAMS 0x0000000087a00000, 0x0000000087a00000| Complete 
| 123|0x0000000087b00000, 0x0000000087c00000, 0x0000000087c00000|100%| S|CS|TAMS 0x0000000087b00000, 0x0000000087b00000| Complete 
| 124|0x0000000087c00000, 0x0000000087d00000, 0x0000000087d00000|100%| S|CS|TAMS 0x0000000087c00000, 0x0000000087c00000| Complete 
| 125|0x0000000087d00000, 0x0000000087e00000, 0x0000000087e00000|100%| S|CS|TAMS 0x0000000087d00000, 0x0000000087d00000| Complete 
| 126|0x0000000087e00000, 0x0000000087f00000, 0x0000000087f00000|100%| S|CS|TAMS 0x0000000087e00000, 0x0000000087e00000| Complete 
| 127|0x0000000087f00000, 0x0000000087f00000, 0x0000000088000000|  0%| F|  |TAMS 0x0000000087f00000, 0x0000000087f00000| Untracked 
| 128|0x0000000088000000, 0x0000000088000000, 0x0000000088100000|  0%| F|  |TAMS 0x0000000088000000, 0x0000000088000000| Untracked 
| 129|0x0000000088100000, 0x0000000088100000, 0x0000000088200000|  0%| F|  |TAMS 0x0000000088100000, 0x0000000088100000| Untracked 
| 130|0x0000000088200000, 0x0000000088200000, 0x0000000088300000|  0%| F|  |TAMS 0x0000000088200000, 0x0000000088200000| Untracked 
| 131|0x0000000088300000, 0x0000000088300000, 0x0000000088400000|  0%| F|  |TAMS 0x0000000088300000, 0x0000000088300000| Untracked 
| 132|0x0000000088400000, 0x0000000088400000, 0x0000000088500000|  0%| F|  |TAMS 0x0000000088400000, 0x0000000088400000| Untracked 
| 133|0x0000000088500000, 0x0000000088500000, 0x0000000088600000|  0%| F|  |TAMS 0x0000000088500000, 0x0000000088500000| Untracked 
| 134|0x0000000088600000, 0x0000000088600000, 0x0000000088700000|  0%| F|  |TAMS 0x0000000088600000, 0x0000000088600000| Untracked 
| 135|0x0000000088700000, 0x0000000088700000, 0x0000000088800000|  0%| F|  |TAMS 0x0000000088700000, 0x0000000088700000| Untracked 
| 136|0x0000000088800000, 0x0000000088800000, 0x0000000088900000|  0%| F|  |TAMS 0x0000000088800000, 0x0000000088800000| Untracked 
| 137|0x0000000088900000, 0x0000000088900000, 0x0000000088a00000|  0%| F|  |TAMS 0x0000000088900000, 0x0000000088900000| Untracked 
| 138|0x0000000088a00000, 0x0000000088a00000, 0x0000000088b00000|  0%| F|  |TAMS 0x0000000088a00000, 0x0000000088a00000| Untracked 
| 139|0x0000000088b00000, 0x0000000088b00000, 0x0000000088c00000|  0%| F|  |TAMS 0x0000000088b00000, 0x0000000088b00000| Untracked 
| 140|0x0000000088c00000, 0x0000000088c00000, 0x0000000088d00000|  0%| F|  |TAMS 0x0000000088c00000, 0x0000000088c00000| Untracked 
| 141|0x0000000088d00000, 0x0000000088d00000, 0x0000000088e00000|  0%| F|  |TAMS 0x0000000088d00000, 0x0000000088d00000| Untracked 
| 142|0x0000000088e00000, 0x0000000088e00000, 0x0000000088f00000|  0%| F|  |TAMS 0x0000000088e00000, 0x0000000088e00000| Untracked 
| 143|0x0000000088f00000, 0x0000000088f00000, 0x0000000089000000|  0%| F|  |TAMS 0x0000000088f00000, 0x0000000088f00000| Untracked 
| 144|0x0000000089000000, 0x0000000089000000, 0x0000000089100000|  0%| F|  |TAMS 0x0000000089000000, 0x0000000089000000| Untracked 
| 145|0x0000000089100000, 0x0000000089100000, 0x0000000089200000|  0%| F|  |TAMS 0x0000000089100000, 0x0000000089100000| Untracked 
| 146|0x0000000089200000, 0x0000000089200000, 0x0000000089300000|  0%| F|  |TAMS 0x0000000089200000, 0x0000000089200000| Untracked 
| 147|0x0000000089300000, 0x0000000089300000, 0x0000000089400000|  0%| F|  |TAMS 0x0000000089300000, 0x0000000089300000| Untracked 
| 148|0x0000000089400000, 0x0000000089400000, 0x0000000089500000|  0%| F|  |TAMS 0x0000000089400000, 0x0000000089400000| Untracked 
| 149|0x0000000089500000, 0x0000000089500000, 0x0000000089600000|  0%| F|  |TAMS 0x0000000089500000, 0x0000000089500000| Untracked 
| 150|0x0000000089600000, 0x0000000089600000, 0x0000000089700000|  0%| F|  |TAMS 0x0000000089600000, 0x0000000089600000| Untracked 
| 151|0x0000000089700000, 0x0000000089700000, 0x0000000089800000|  0%| F|  |TAMS 0x0000000089700000, 0x0000000089700000| Untracked 
| 152|0x0000000089800000, 0x0000000089800000, 0x0000000089900000|  0%| F|  |TAMS 0x0000000089800000, 0x0000000089800000| Untracked 
| 153|0x0000000089900000, 0x0000000089900000, 0x0000000089a00000|  0%| F|  |TAMS 0x0000000089900000, 0x0000000089900000| Untracked 
| 154|0x0000000089a00000, 0x0000000089a00000, 0x0000000089b00000|  0%| F|  |TAMS 0x0000000089a00000, 0x0000000089a00000| Untracked 
| 155|0x0000000089b00000, 0x0000000089b00000, 0x0000000089c00000|  0%| F|  |TAMS 0x0000000089b00000, 0x0000000089b00000| Untracked 
| 156|0x0000000089c00000, 0x0000000089c00000, 0x0000000089d00000|  0%| F|  |TAMS 0x0000000089c00000, 0x0000000089c00000| Untracked 
| 157|0x0000000089d00000, 0x0000000089d00000, 0x0000000089e00000|  0%| F|  |TAMS 0x0000000089d00000, 0x0000000089d00000| Untracked 
| 158|0x0000000089e00000, 0x0000000089e00000, 0x0000000089f00000|  0%| F|  |TAMS 0x0000000089e00000, 0x0000000089e00000| Untracked 
| 159|0x0000000089f00000, 0x0000000089f00000, 0x000000008a000000|  0%| F|  |TAMS 0x0000000089f00000, 0x0000000089f00000| Untracked 
| 160|0x000000008a000000, 0x000000008a000000, 0x000000008a100000|  0%| F|  |TAMS 0x000000008a000000, 0x000000008a000000| Untracked 
| 161|0x000000008a100000, 0x000000008a100000, 0x000000008a200000|  0%| F|  |TAMS 0x000000008a100000, 0x000000008a100000| Untracked 
| 162|0x000000008a200000, 0x000000008a200000, 0x000000008a300000|  0%| F|  |TAMS 0x000000008a200000, 0x000000008a200000| Untracked 
| 163|0x000000008a300000, 0x000000008a300000, 0x000000008a400000|  0%| F|  |TAMS 0x000000008a300000, 0x000000008a300000| Untracked 
| 164|0x000000008a400000, 0x000000008a400000, 0x000000008a500000|  0%| F|  |TAMS 0x000000008a400000, 0x000000008a400000| Untracked 
| 165|0x000000008a500000, 0x000000008a500000, 0x000000008a600000|  0%| F|  |TAMS 0x000000008a500000, 0x000000008a500000| Untracked 
| 166|0x000000008a600000, 0x000000008a600000, 0x000000008a700000|  0%| F|  |TAMS 0x000000008a600000, 0x000000008a600000| Untracked 
| 167|0x000000008a700000, 0x000000008a700000, 0x000000008a800000|  0%| F|  |TAMS 0x000000008a700000, 0x000000008a700000| Untracked 
| 168|0x000000008a800000, 0x000000008a800000, 0x000000008a900000|  0%| F|  |TAMS 0x000000008a800000, 0x000000008a800000| Untracked 
| 169|0x000000008a900000, 0x000000008a900000, 0x000000008aa00000|  0%| F|  |TAMS 0x000000008a900000, 0x000000008a900000| Untracked 
| 170|0x000000008aa00000, 0x000000008ab00000, 0x000000008ab00000|100%| E|  |TAMS 0x000000008aa00000, 0x000000008aa00000| Complete 
| 171|0x000000008ab00000, 0x000000008ac00000, 0x000000008ac00000|100%| E|CS|TAMS 0x000000008ab00000, 0x000000008ab00000| Complete 
| 172|0x000000008ac00000, 0x000000008ad00000, 0x000000008ad00000|100%| E|CS|TAMS 0x000000008ac00000, 0x000000008ac00000| Complete 
| 173|0x000000008ad00000, 0x000000008ae00000, 0x000000008ae00000|100%| E|CS|TAMS 0x000000008ad00000, 0x000000008ad00000| Complete 
| 174|0x000000008ae00000, 0x000000008af00000, 0x000000008af00000|100%| E|CS|TAMS 0x000000008ae00000, 0x000000008ae00000| Complete 
| 175|0x000000008af00000, 0x000000008b000000, 0x000000008b000000|100%| E|CS|TAMS 0x000000008af00000, 0x000000008af00000| Complete 
| 176|0x000000008b000000, 0x000000008b100000, 0x000000008b100000|100%| E|CS|TAMS 0x000000008b000000, 0x000000008b000000| Complete 
| 177|0x000000008b100000, 0x000000008b200000, 0x000000008b200000|100%| E|CS|TAMS 0x000000008b100000, 0x000000008b100000| Complete 
| 178|0x000000008b200000, 0x000000008b300000, 0x000000008b300000|100%| E|CS|TAMS 0x000000008b200000, 0x000000008b200000| Complete 
| 179|0x000000008b300000, 0x000000008b400000, 0x000000008b400000|100%| E|CS|TAMS 0x000000008b300000, 0x000000008b300000| Complete 
| 180|0x000000008b400000, 0x000000008b500000, 0x000000008b500000|100%| E|CS|TAMS 0x000000008b400000, 0x000000008b400000| Complete 
| 181|0x000000008b500000, 0x000000008b600000, 0x000000008b600000|100%| E|CS|TAMS 0x000000008b500000, 0x000000008b500000| Complete 
| 182|0x000000008b600000, 0x000000008b700000, 0x000000008b700000|100%| E|CS|TAMS 0x000000008b600000, 0x000000008b600000| Complete 
| 183|0x000000008b700000, 0x000000008b800000, 0x000000008b800000|100%| E|CS|TAMS 0x000000008b700000, 0x000000008b700000| Complete 
| 184|0x000000008b800000, 0x000000008b900000, 0x000000008b900000|100%| E|CS|TAMS 0x000000008b800000, 0x000000008b800000| Complete 
| 185|0x000000008b900000, 0x000000008ba00000, 0x000000008ba00000|100%| E|CS|TAMS 0x000000008b900000, 0x000000008b900000| Complete 
| 186|0x000000008ba00000, 0x000000008bb00000, 0x000000008bb00000|100%| E|CS|TAMS 0x000000008ba00000, 0x000000008ba00000| Complete 
| 187|0x000000008bb00000, 0x000000008bc00000, 0x000000008bc00000|100%| E|CS|TAMS 0x000000008bb00000, 0x000000008bb00000| Complete 
| 188|0x000000008bc00000, 0x000000008bd00000, 0x000000008bd00000|100%| E|CS|TAMS 0x000000008bc00000, 0x000000008bc00000| Complete 
| 189|0x000000008bd00000, 0x000000008be00000, 0x000000008be00000|100%| E|CS|TAMS 0x000000008bd00000, 0x000000008bd00000| Complete 
| 190|0x000000008be00000, 0x000000008bf00000, 0x000000008bf00000|100%| E|CS|TAMS 0x000000008be00000, 0x000000008be00000| Complete 
| 191|0x000000008bf00000, 0x000000008c000000, 0x000000008c000000|100%| E|CS|TAMS 0x000000008bf00000, 0x000000008bf00000| Complete 
| 192|0x000000008c000000, 0x000000008c100000, 0x000000008c100000|100%| E|CS|TAMS 0x000000008c000000, 0x000000008c000000| Complete 
| 193|0x000000008c100000, 0x000000008c200000, 0x000000008c200000|100%| E|CS|TAMS 0x000000008c100000, 0x000000008c100000| Complete 
| 194|0x000000008c200000, 0x000000008c300000, 0x000000008c300000|100%| E|CS|TAMS 0x000000008c200000, 0x000000008c200000| Complete 
| 195|0x000000008c300000, 0x000000008c400000, 0x000000008c400000|100%| E|CS|TAMS 0x000000008c300000, 0x000000008c300000| Complete 
| 196|0x000000008c400000, 0x000000008c500000, 0x000000008c500000|100%| E|CS|TAMS 0x000000008c400000, 0x000000008c400000| Complete 
| 197|0x000000008c500000, 0x000000008c600000, 0x000000008c600000|100%| E|CS|TAMS 0x000000008c500000, 0x000000008c500000| Complete 
| 198|0x000000008c600000, 0x000000008c700000, 0x000000008c700000|100%| E|CS|TAMS 0x000000008c600000, 0x000000008c600000| Complete 
| 199|0x000000008c700000, 0x000000008c800000, 0x000000008c800000|100%| E|CS|TAMS 0x000000008c700000, 0x000000008c700000| Complete 
| 200|0x000000008c800000, 0x000000008c900000, 0x000000008c900000|100%| E|CS|TAMS 0x000000008c800000, 0x000000008c800000| Complete 
| 201|0x000000008c900000, 0x000000008ca00000, 0x000000008ca00000|100%| E|CS|TAMS 0x000000008c900000, 0x000000008c900000| Complete 
| 202|0x000000008ca00000, 0x000000008cb00000, 0x000000008cb00000|100%| E|CS|TAMS 0x000000008ca00000, 0x000000008ca00000| Complete 
| 203|0x000000008cb00000, 0x000000008cc00000, 0x000000008cc00000|100%| E|CS|TAMS 0x000000008cb00000, 0x000000008cb00000| Complete 
| 204|0x000000008cc00000, 0x000000008cd00000, 0x000000008cd00000|100%| E|CS|TAMS 0x000000008cc00000, 0x000000008cc00000| Complete 
| 205|0x000000008cd00000, 0x000000008ce00000, 0x000000008ce00000|100%| E|CS|TAMS 0x000000008cd00000, 0x000000008cd00000| Complete 
| 206|0x000000008ce00000, 0x000000008cf00000, 0x000000008cf00000|100%| E|CS|TAMS 0x000000008ce00000, 0x000000008ce00000| Complete 
| 207|0x000000008cf00000, 0x000000008d000000, 0x000000008d000000|100%| E|CS|TAMS 0x000000008cf00000, 0x000000008cf00000| Complete 
| 208|0x000000008d000000, 0x000000008d100000, 0x000000008d100000|100%| E|CS|TAMS 0x000000008d000000, 0x000000008d000000| Complete 
| 209|0x000000008d100000, 0x000000008d200000, 0x000000008d200000|100%| E|CS|TAMS 0x000000008d100000, 0x000000008d100000| Complete 
| 210|0x000000008d200000, 0x000000008d300000, 0x000000008d300000|100%| E|CS|TAMS 0x000000008d200000, 0x000000008d200000| Complete 
| 211|0x000000008d300000, 0x000000008d400000, 0x000000008d400000|100%| E|CS|TAMS 0x000000008d300000, 0x000000008d300000| Complete 
| 212|0x000000008d400000, 0x000000008d500000, 0x000000008d500000|100%| E|CS|TAMS 0x000000008d400000, 0x000000008d400000| Complete 
| 213|0x000000008d500000, 0x000000008d600000, 0x000000008d600000|100%| E|CS|TAMS 0x000000008d500000, 0x000000008d500000| Complete 
| 214|0x000000008d600000, 0x000000008d700000, 0x000000008d700000|100%| E|CS|TAMS 0x000000008d600000, 0x000000008d600000| Complete 
| 215|0x000000008d700000, 0x000000008d800000, 0x000000008d800000|100%| E|CS|TAMS 0x000000008d700000, 0x000000008d700000| Complete 
| 216|0x000000008d800000, 0x000000008d900000, 0x000000008d900000|100%| E|CS|TAMS 0x000000008d800000, 0x000000008d800000| Complete 
| 217|0x000000008d900000, 0x000000008da00000, 0x000000008da00000|100%| E|CS|TAMS 0x000000008d900000, 0x000000008d900000| Complete 
| 218|0x000000008da00000, 0x000000008db00000, 0x000000008db00000|100%| E|CS|TAMS 0x000000008da00000, 0x000000008da00000| Complete 
| 219|0x000000008db00000, 0x000000008dc00000, 0x000000008dc00000|100%| E|CS|TAMS 0x000000008db00000, 0x000000008db00000| Complete 
| 220|0x000000008dc00000, 0x000000008dd00000, 0x000000008dd00000|100%| E|CS|TAMS 0x000000008dc00000, 0x000000008dc00000| Complete 
| 221|0x000000008dd00000, 0x000000008de00000, 0x000000008de00000|100%| E|CS|TAMS 0x000000008dd00000, 0x000000008dd00000| Complete 
| 222|0x000000008de00000, 0x000000008df00000, 0x000000008df00000|100%| E|CS|TAMS 0x000000008de00000, 0x000000008de00000| Complete 
| 223|0x000000008df00000, 0x000000008e000000, 0x000000008e000000|100%| E|CS|TAMS 0x000000008df00000, 0x000000008df00000| Complete 

Card table byte_map: [0x000001d1f59a0000,0x000001d1f5da0000] _byte_map_base: 0x000001d1f55a0000

Marking Bits (Prev, Next): (CMBitMap*) 0x000001d1f17bbd50, (CMBitMap*) 0x000001d1f17bbd18
 Prev Bits: [0x000001d1f81a0000, 0x000001d1fa1a0000)
 Next Bits: [0x000001d1f61a0000, 0x000001d1f81a0000)

Polling page: 0x000001d1ef760000

Metaspace:

Usage:
  Non-class:     22.64 MB capacity,    22.13 MB ( 98%) used,   458.79 KB (  2%) free+waste,    56.50 KB ( <1%) overhead. 
      Class:      3.60 MB capacity,     3.35 MB ( 93%) used,   225.48 KB (  6%) free+waste,    28.69 KB ( <1%) overhead. 
       Both:     26.24 MB capacity,    25.49 MB ( 97%) used,   684.27 KB (  3%) free+waste,    85.19 KB ( <1%) overhead. 

Virtual space:
  Non-class space:       24.00 MB reserved,      22.75 MB ( 95%) committed 
      Class space:        1.00 GB reserved,       3.63 MB ( <1%) committed 
             Both:        1.02 GB reserved,      26.38 MB (  3%) committed 

Chunk freelists:
   Non-Class:  53.00 KB
       Class:  24.00 KB
        Both:  77.00 KB

MaxMetaspaceSize: 17179869184.00 GB
CompressedClassSpaceSize: 1.00 GB

CodeHeap 'non-profiled nmethods': size=120000Kb used=1141Kb max_used=1141Kb free=118859Kb
 bounds [0x000001d187ad0000, 0x000001d187d40000, 0x000001d18f000000]
CodeHeap 'profiled nmethods': size=120000Kb used=4939Kb max_used=4939Kb free=115060Kb
 bounds [0x000001d1805a0000, 0x000001d180a80000, 0x000001d187ad0000]
CodeHeap 'non-nmethods': size=5760Kb used=1159Kb max_used=1191Kb free=4600Kb
 bounds [0x000001d180000000, 0x000001d180270000, 0x000001d1805a0000]
 total_blobs=2834 nmethods=2331 adapters=414
 compilation: enabled
              stopped_count=0, restarted_count=0
 full_count=0

Compilation events (20 events):
Event: 2.656 Thread 0x000001d1fd4b2000 nmethod 2284 0x000001d180a59110 code [0x000001d180a592e0, 0x000001d180a596c8]
Event: 2.656 Thread 0x000001d1fd4b2000 2286       3       java.net.URLStreamHandler::sameFile (136 bytes)
Event: 2.657 Thread 0x000001d1901d7800 2288       4       sun.security.provider.MD5::FF (33 bytes)
Event: 2.657 Thread 0x000001d1fd4b2000 nmethod 2286 0x000001d180a59790 code [0x000001d180a599c0, 0x000001d180a5a208]
Event: 2.657 Thread 0x000001d1fd4b2000 2285       3       java.net.URLStreamHandler::equals (45 bytes)
Event: 2.658 Thread 0x000001d1901d7800 nmethod 2288 0x000001d187be7490 code [0x000001d187be7620, 0x000001d187be7698]
Event: 2.658 Thread 0x000001d1fd4b2000 nmethod 2285 0x000001d180a5a410 code [0x000001d180a5a5e0, 0x000001d180a5a938]
Event: 2.658 Thread 0x000001d1901d7800 2289       4       sun.security.provider.MD5::GG (33 bytes)
Event: 2.658 Thread 0x000001d1fd4b2000 2287       3       com.google.common.cache.LocalCache::expiresAfterWrite (15 bytes)
Event: 2.658 Thread 0x000001d1fd4b2000 nmethod 2287 0x000001d180a5aa90 code [0x000001d180a5ac40, 0x000001d180a5adb8]
Event: 2.658 Thread 0x000001d1fd4b2000 2292       1       org.gradle.cache.internal.btree.FileBackedBlockStore::access$500 (5 bytes)
Event: 2.658 Thread 0x000001d1fd4b2000 nmethod 2292 0x000001d187be7710 code [0x000001d187be78c0, 0x000001d187be7958]
Event: 2.658 Thread 0x000001d1fd4b2000 2293       1       com.google.common.cache.CacheBuilder$3::read (2 bytes)
Event: 2.658 Thread 0x000001d1fd4b2000 nmethod 2293 0x000001d187be7a10 code [0x000001d187be7bc0, 0x000001d187be7c78]
Event: 2.658 Thread 0x000001d1901d7800 nmethod 2289 0x000001d187be7d10 code [0x000001d187be7ea0, 0x000001d187be7f18]
Event: 2.658 Thread 0x000001d1901d7800 2290       4       sun.security.provider.MD5::HH (29 bytes)
Event: 2.658 Thread 0x000001d1901d7800 nmethod 2290 0x000001d187be7f90 code [0x000001d187be8120, 0x000001d187be8198]
Event: 2.658 Thread 0x000001d1901d7800 2291       4       sun.security.provider.MD5::II (31 bytes)
Event: 2.659 Thread 0x000001d1901d7800 nmethod 2291 0x000001d187be8210 code [0x000001d187be83a0, 0x000001d187be8418]
Event: 2.659 Thread 0x000001d1901d7800 2294 %     4       java.util.Arrays::fill @ 5 (21 bytes)

GC Heap History (4 events):
Event: 0.620 GC heap before
{Heap before GC invocations=0 (full 0):
 garbage-first heap   total 229376K, used 29696K [0x0000000080000000, 0x0000000100000000)
  region size 1024K, 24 young (24576K), 0 survivors (0K)
 Metaspace       used 9814K, capacity 9990K, committed 10112K, reserved 1058816K
  class space    used 1021K, capacity 1102K, committed 1152K, reserved 1048576K
}
Event: 0.624 GC heap after
{Heap after GC invocations=1 (full 0):
 garbage-first heap   total 229376K, used 9501K [0x0000000080000000, 0x0000000100000000)
  region size 1024K, 3 young (3072K), 3 survivors (3072K)
 Metaspace       used 9814K, capacity 9990K, committed 10112K, reserved 1058816K
  class space    used 1021K, capacity 1102K, committed 1152K, reserved 1048576K
}
Event: 2.107 GC heap before
{Heap before GC invocations=1 (full 0):
 garbage-first heap   total 229376K, used 104733K [0x0000000080000000, 0x0000000100000000)
  region size 1024K, 97 young (99328K), 3 survivors (3072K)
 Metaspace       used 20612K, capacity 21121K, committed 21248K, reserved 1067008K
  class space    used 2522K, capacity 2731K, committed 2816K, reserved 1048576K
}
Event: 2.116 GC heap after
{Heap after GC invocations=2 (full 0):
 garbage-first heap   total 229376K, used 16718K [0x0000000080000000, 0x0000000100000000)
  region size 1024K, 11 young (11264K), 11 survivors (11264K)
 Metaspace       used 20612K, capacity 21121K, committed 21248K, reserved 1067008K
  class space    used 2522K, capacity 2731K, committed 2816K, reserved 1048576K
}

Deoptimization events (20 events):
Event: 2.589 Thread 0x000001d18fa94800 Uncommon trap: trap_request=0xffffffde fr.pc=0x000001d187bbbdcc relative=0x000000000000030c
Event: 2.589 Thread 0x000001d18fa94800 Uncommon trap: reason=class_check action=maybe_recompile pc=0x000001d187bbbdcc method=java.util.Collections$SetFromMap.remove(Ljava/lang/Object;)Z @ 5 c2
Event: 2.589 Thread 0x000001d18fa94800 DEOPT PACKING pc=0x000001d187bbbdcc sp=0x00000074e85fc750
Event: 2.589 Thread 0x000001d18fa94800 DEOPT UNPACKING pc=0x000001d1800278af sp=0x00000074e85fc738 mode 2
Event: 2.599 Thread 0x000001d18fa94800 Uncommon trap: trap_request=0xffffff4d fr.pc=0x000001d187b1f1e4 relative=0x00000000000001a4
Event: 2.599 Thread 0x000001d18fa94800 Uncommon trap: reason=unstable_if action=reinterpret pc=0x000001d187b1f1e4 method=java.net.URI.match(CJJ)Z @ 19 c2
Event: 2.599 Thread 0x000001d18fa94800 DEOPT PACKING pc=0x000001d187b1f1e4 sp=0x00000074e85fbd60
Event: 2.599 Thread 0x000001d18fa94800 DEOPT UNPACKING pc=0x000001d1800278af sp=0x00000074e85fbc60 mode 2
Event: 2.599 Thread 0x000001d18fa94800 Uncommon trap: trap_request=0xffffff4d fr.pc=0x000001d187aed968 relative=0x0000000000000048
Event: 2.599 Thread 0x000001d18fa94800 Uncommon trap: reason=unstable_if action=reinterpret pc=0x000001d187aed968 method=java.net.URI.match(CJJ)Z @ 19 c2
Event: 2.599 Thread 0x000001d18fa94800 DEOPT PACKING pc=0x000001d187aed968 sp=0x00000074e85fbca0
Event: 2.599 Thread 0x000001d18fa94800 DEOPT UNPACKING pc=0x000001d1800278af sp=0x00000074e85fbc50 mode 2
Event: 2.657 Thread 0x000001d18fa94800 Uncommon trap: trap_request=0xffffffc6 fr.pc=0x000001d187bd2b8c relative=0x0000000000003aec
Event: 2.657 Thread 0x000001d18fa94800 Uncommon trap: reason=bimorphic_or_optimized_type_check action=maybe_recompile pc=0x000001d187bd2b8c method=java.lang.ClassLoader.loadClass(Ljava/lang/String;Z)Ljava/lang/Class; @ 38 c2
Event: 2.657 Thread 0x000001d18fa94800 DEOPT PACKING pc=0x000001d187bd2b8c sp=0x00000074e85fbcd0
Event: 2.657 Thread 0x000001d18fa94800 DEOPT UNPACKING pc=0x000001d1800278af sp=0x00000074e85fbd20 mode 2
Event: 2.661 Thread 0x000001d18fa94800 Uncommon trap: trap_request=0xffffffc6 fr.pc=0x000001d187bd2b8c relative=0x0000000000003aec
Event: 2.661 Thread 0x000001d18fa94800 Uncommon trap: reason=bimorphic_or_optimized_type_check action=maybe_recompile pc=0x000001d187bd2b8c method=java.lang.ClassLoader.loadClass(Ljava/lang/String;Z)Ljava/lang/Class; @ 38 c2
Event: 2.661 Thread 0x000001d18fa94800 DEOPT PACKING pc=0x000001d187bd2b8c sp=0x00000074e85f89a0
Event: 2.661 Thread 0x000001d18fa94800 DEOPT UNPACKING pc=0x000001d1800278af sp=0x00000074e85f89f0 mode 2

Classes redefined (0 events):
No events

Internal exceptions (20 events):
Event: 2.006 Thread 0x000001d18fa94800 Exception <a 'java/lang/IncompatibleClassChangeError'{0x00000000888ae868}: Found class java.lang.Object, but interface was expected> (0x00000000888ae868) thrown at [./src/hotspot/share/interpreter/linkResolver.cpp, line 839]
Event: 2.019 Thread 0x000001d18fa94800 Exception <a 'java/lang/NoSuchMethodError'{0x0000000088622df0}: 'void java.lang.invoke.DirectMethodHandle$Holder.invokeStaticInit(java.lang.Object)'> (0x0000000088622df0) thrown at [./src/hotspot/share/interpreter/linkResolver.cpp, line 773]
Event: 2.050 Thread 0x000001d18fa94800 Exception <a 'java/lang/NoSuchMethodError'{0x000000008848d470}: 'java.lang.Object java.lang.invoke.DirectMethodHandle$Holder.invokeStatic(java.lang.Object, java.lang.Object, java.lang.Object, int)'> (0x000000008848d470) thrown at [./src/hotspot/share/interpreter/linkResolver.cpp, line 773]
Event: 2.051 Thread 0x000001d18fa94800 Exception <a 'java/lang/NoSuchMethodError'{0x0000000088491638}: 'java.lang.Object java.lang.invoke.DirectMethodHandle$Holder.invokeSpecial(java.lang.Object, java.lang.Object, java.lang.Object, java.lang.Object, int)'> (0x0000000088491638) thrown at [./src/hotspot/share/interpreter/linkResolver.cpp, line 773]
Event: 2.051 Thread 0x000001d18fa94800 Exception <a 'java/lang/NoSuchMethodError'{0x0000000088495020}: 'java.lang.Object java.lang.invoke.Invokers$Holder.linkToTargetMethod(java.lang.Object, java.lang.Object, int, java.lang.Object)'> (0x0000000088495020) thrown at [./src/hotspot/share/interpreter/linkResolver.cpp, line 773]
Event: 2.122 Thread 0x000001d18fa94800 Exception <a 'java/lang/NoSuchMethodError'{0x000000008df22070}: 'int java.lang.invoke.DirectMethodHandle$Holder.invokeSpecialIFC(java.lang.Object, java.lang.Object, java.lang.Object, java.lang.Object)'> (0x000000008df22070) thrown at [./src/hotspot/share/interpreter/linkResolver.cpp, line 773]
Event: 2.123 Thread 0x000001d18fa94800 Exception <a 'java/lang/NoSuchMethodError'{0x000000008df2fe30}: 'java.lang.Object java.lang.invoke.DirectMethodHandle$Holder.invokeInterface(java.lang.Object, java.lang.Object, java.lang.Object)'> (0x000000008df2fe30) thrown at [./src/hotspot/share/interpreter/linkResolver.cpp, line 773]
Event: 2.124 Thread 0x000001d18fa94800 Exception <a 'java/lang/IncompatibleClassChangeError'{0x000000008df33308}: Found class java.lang.Object, but interface was expected> (0x000000008df33308) thrown at [./src/hotspot/share/interpreter/linkResolver.cpp, line 839]
Event: 2.130 Thread 0x000001d18fa94800 Exception <a 'java/lang/NoSuchMethodError'{0x000000008de6e4e8}: 'void java.lang.invoke.DirectMethodHandle$Holder.invokeStatic(java.lang.Object, java.lang.Object, java.lang.Object, java.lang.Object, java.lang.Object)'> (0x000000008de6e4e8) thrown at [./src/hotspot/share/interpreter/linkResolver.cpp, line 773]
Event: 2.186 Thread 0x000001d18fa94800 Exception <a 'java/lang/NoSuchMethodError'{0x000000008daee1b0}: 'void java.lang.invoke.DirectMethodHandle$Holder.invokeSpecial(java.lang.Object, java.lang.Object)'> (0x000000008daee1b0) thrown at [./src/hotspot/share/interpreter/linkResolver.cpp, line 773]
Event: 2.208 Thread 0x000001d18fa94800 Exception <a 'java/lang/NoSuchMethodError'{0x000000008d728740}: 'java.lang.Object java.lang.invoke.DirectMethodHandle$Holder.invokeSpecial(java.lang.Object, java.lang.Object, java.lang.Object, java.lang.Object, java.lang.Object, java.lang.Object, java.lang.Object, java.lang.Object, java.lang.Object)'> (0x000000008d728740) thrown at [./src/hotspot/share/interpreter/linkResolver.cpp, line 773]
Event: 2.256 Thread 0x000001d18fa94800 Exception <a 'java/lang/NoSuchMethodError'{0x000000008ce9b478}: 'java.lang.Object java.lang.invoke.DirectMethodHandle$Holder.invokeVirtual(java.lang.Object, java.lang.Object, java.lang.Object, java.lang.Object)'> (0x000000008ce9b478) thrown at [./src/hotspot/share/interpreter/linkResolver.cpp, line 773]
Event: 2.272 Thread 0x000001d18fa94800 Exception <a 'java/lang/NoSuchMethodError'{0x000000008cb64110}: 'java.lang.Object java.lang.invoke.Invokers$Holder.invoker(java.lang.Object, java.lang.Object, java.lang.Object, java.lang.Object, java.lang.Object)'> (0x000000008cb64110) thrown at [./src/hotspot/share/interpreter/linkResolver.cpp, line 773]
Event: 2.345 Thread 0x000001d18fa94800 Exception <a 'java/lang/NoSuchMethodError'{0x000000008c7def30}: 'void java.lang.invoke.DirectMethodHandle$Holder.invokeSpecial(java.lang.Object, java.lang.Object, java.lang.Object, java.lang.Object, java.lang.Object, java.lang.Object)'> (0x000000008c7def30) thrown at [./src/hotspot/share/interpreter/linkResolver.cpp, line 773]
Event: 2.354 Thread 0x000001d18fa94800 Exception <a 'java/lang/NoSuchMethodError'{0x000000008c644918}: 'void java.lang.invoke.DirectMethodHandle$Holder.invokeSpecial(java.lang.Object, java.lang.Object, java.lang.Object, java.lang.Object, java.lang.Object, java.lang.Object, java.lang.Object)'> (0x000000008c644918) thrown at [./src/hotspot/share/interpreter/linkResolver.cpp, line 773]
Event: 2.355 Thread 0x000001d18fa94800 Exception <a 'java/lang/NoSuchMethodError'{0x000000008c64cb60}: 'java.lang.Object java.lang.invoke.Invokers$Holder.linkToTargetMethod(java.lang.Object, java.lang.Object, java.lang.Object, java.lang.Object, java.lang.Object, java.lang.Object)'> (0x000000008c64cb60) thrown at [./src/hotspot/share/interpreter/linkResolver.cpp, line 773]
Event: 2.504 Thread 0x000001d18fa94800 Exception <a 'java/lang/NoSuchMethodError'{0x000000008b983628}: 'void java.lang.invoke.DirectMethodHandle$Holder.invokeStaticInit(java.lang.Object, java.lang.Object)'> (0x000000008b983628) thrown at [./src/hotspot/share/interpreter/linkResolver.cpp, line 773]
Event: 2.583 Thread 0x000001d18fa94800 Exception <a 'java/lang/NoSuchMethodError'{0x000000008b3b3990}: 'void java.lang.invoke.DirectMethodHandle$Holder.invokeStatic(java.lang.Object, java.lang.Object, java.lang.Object, java.lang.Object)'> (0x000000008b3b3990) thrown at [./src/hotspot/share/interpreter/linkResolver.cpp, line 773]
Event: 2.585 Thread 0x000001d18fa94800 Exception <a 'java/lang/NoSuchMethodError'{0x000000008b3c73f0}: 'int java.lang.invoke.DirectMethodHandle$Holder.invokeInterface(java.lang.Object, java.lang.Object)'> (0x000000008b3c73f0) thrown at [./src/hotspot/share/interpreter/linkResolver.cpp, line 773]
Event: 2.621 Thread 0x000001d18fa94800 Exception <a 'java/lang/NoSuchMethodError'{0x000000008b15add8}: 'int java.lang.invoke.DirectMethodHandle$Holder.invokeStaticInit(java.lang.Object, java.lang.Object, java.lang.Object)'> (0x000000008b15add8) thrown at [./src/hotspot/share/interpreter/linkResolver.cpp, line 773]

Events (20 events):
Event: 2.656 Executing VM operation: RevokeBias
Event: 2.656 Executing VM operation: RevokeBias done
Event: 2.656 Executing VM operation: RevokeBias
Event: 2.656 Executing VM operation: RevokeBias done
Event: 2.656 Executing VM operation: RevokeBias
Event: 2.656 Executing VM operation: RevokeBias done
Event: 2.656 Executing VM operation: RevokeBias
Event: 2.656 Executing VM operation: RevokeBias done
Event: 2.656 Executing VM operation: BulkRevokeBias
Event: 2.657 Executing VM operation: BulkRevokeBias done
Event: 2.657 Executing VM operation: RevokeBias
Event: 2.657 Executing VM operation: RevokeBias done
Event: 2.657 loading class org/gradle/tooling/internal/consumer/connection/InternalPhasedActionAdapter
Event: 2.657 loading class org/gradle/tooling/internal/consumer/connection/InternalPhasedActionAdapter done
Event: 2.661 Executing VM operation: RevokeBias
Event: 2.661 Executing VM operation: RevokeBias done
Event: 2.661 loading class org/gradle/tooling/internal/protocol/InternalPhasedAction
Event: 2.661 loading class org/gradle/tooling/internal/protocol/InternalPhasedAction done
Event: 2.661 loading class org/gradle/tooling/internal/protocol/InternalPhasedAction
Event: 2.661 loading class org/gradle/tooling/internal/protocol/InternalPhasedAction done


Dynamic libraries:
0x00007ff744250000 - 0x00007ff74425a000 	C:\Program Files\Android\Android Studio\jre\bin\java.exe
0x00007ffba4990000 - 0x00007ffba4b85000 	C:\Windows\SYSTEM32\ntdll.dll
0x00007ffba3b50000 - 0x00007ffba3c0e000 	C:\Windows\System32\KERNEL32.DLL
0x00007ffba2330000 - 0x00007ffba25f9000 	C:\Windows\System32\KERNELBASE.dll
0x00007ffba28e0000 - 0x00007ffba29e0000 	C:\Windows\System32\ucrtbase.dll
0x00007ffb8c7b0000 - 0x00007ffb8c7c9000 	C:\Program Files\Android\Android Studio\jre\bin\jli.dll
0x00007ffb88160000 - 0x00007ffb88177000 	C:\Program Files\Android\Android Studio\jre\bin\VCRUNTIME140.dll
0x00007ffba4430000 - 0x00007ffba45d1000 	C:\Windows\System32\USER32.dll
0x00007ffba2600000 - 0x00007ffba2622000 	C:\Windows\System32\win32u.dll
0x00007ffb8df80000 - 0x00007ffb8e21a000 	C:\Windows\WinSxS\amd64_microsoft.windows.common-controls_6595b64144ccf1df_6.0.19041.1110_none_60b5254171f9507e\COMCTL32.dll
0x00007ffba4260000 - 0x00007ffba42fe000 	C:\Windows\System32\msvcrt.dll
0x00007ffba4920000 - 0x00007ffba494b000 	C:\Windows\System32\GDI32.dll
0x00007ffba2720000 - 0x00007ffba282b000 	C:\Windows\System32\gdi32full.dll
0x00007ffba2630000 - 0x00007ffba26cd000 	C:\Windows\System32\msvcp_win.dll
0x00007ffba48f0000 - 0x00007ffba4920000 	C:\Windows\System32\IMM32.DLL
0x00007ffb56010000 - 0x00007ffb560ad000 	C:\Program Files\Android\Android Studio\jre\bin\msvcp140.dll
0x00007ffb38bb0000 - 0x00007ffb3967f000 	C:\Program Files\Android\Android Studio\jre\bin\server\jvm.dll
0x00007ffba2a80000 - 0x00007ffba2b2c000 	C:\Windows\System32\ADVAPI32.dll
0x00007ffba29e0000 - 0x00007ffba2a7b000 	C:\Windows\System32\sechost.dll
0x00007ffba4690000 - 0x00007ffba47ba000 	C:\Windows\System32\RPCRT4.dll
0x00007ffba4300000 - 0x00007ffba4308000 	C:\Windows\System32\PSAPI.DLL
0x00007ffb9db90000 - 0x00007ffb9db99000 	C:\Windows\SYSTEM32\WSOCK32.dll
0x00007ffb94860000 - 0x00007ffb94887000 	C:\Windows\SYSTEM32\WINMM.dll
0x00007ffba3570000 - 0x00007ffba35db000 	C:\Windows\System32\WS2_32.dll
0x00007ffb98260000 - 0x00007ffb9826a000 	C:\Windows\SYSTEM32\VERSION.dll
0x00007ffb9ffb0000 - 0x00007ffb9ffc2000 	C:\Windows\SYSTEM32\kernel.appcore.dll
0x00007ffb97ee0000 - 0x00007ffb97ef1000 	C:\Program Files\Android\Android Studio\jre\bin\verify.dll
0x00007ffb98270000 - 0x00007ffb98454000 	C:\Windows\SYSTEM32\DBGHELP.DLL
0x00007ffb91bf0000 - 0x00007ffb91c1c000 	C:\Windows\SYSTEM32\dbgcore.DLL
0x00007ffba2140000 - 0x00007ffba21c3000 	C:\Windows\System32\bcryptPrimitives.dll
0x00007ffb85300000 - 0x00007ffb85329000 	C:\Program Files\Android\Android Studio\jre\bin\java.dll
0x00007ffb9d170000 - 0x00007ffb9d17b000 	C:\Program Files\Android\Android Studio\jre\bin\jimage.dll
0x00007ffb92850000 - 0x00007ffb92868000 	C:\Program Files\Android\Android Studio\jre\bin\zip.dll
0x00007ffba2b30000 - 0x00007ffba326f000 	C:\Windows\System32\SHELL32.dll
0x00007ffba01b0000 - 0x00007ffba0940000 	C:\Windows\SYSTEM32\windows.storage.dll
0x00007ffba3db0000 - 0x00007ffba4105000 	C:\Windows\System32\combase.dll
0x00007ffba1a90000 - 0x00007ffba1abc000 	C:\Windows\SYSTEM32\Wldp.dll
0x00007ffba4110000 - 0x00007ffba41bd000 	C:\Windows\System32\SHCORE.dll
0x00007ffba3c70000 - 0x00007ffba3cc5000 	C:\Windows\System32\shlwapi.dll
0x00007ffba1ff0000 - 0x00007ffba200f000 	C:\Windows\SYSTEM32\profapi.dll
0x00007ffb8e340000 - 0x00007ffb8e35a000 	C:\Program Files\Android\Android Studio\jre\bin\net.dll
0x00007ffb94da0000 - 0x00007ffb94ea8000 	C:\Windows\SYSTEM32\WINHTTP.dll
0x00007ffba17f0000 - 0x00007ffba185a000 	C:\Windows\system32\mswsock.dll
0x00007ffb8d380000 - 0x00007ffb8d394000 	C:\Program Files\Android\Android Studio\jre\bin\nio.dll
0x00007ffb64700000 - 0x00007ffb64727000 	C:\Users\jep\.gradle\native\8bec1ad78214c89d9ad589b4d07fe93259594b29d510b10fafb7a158f7737e5d\windows-amd64\native-platform.dll
0x00007ffb41300000 - 0x00007ffb4143d000 	C:\Users\jep\.gradle\native\53dbd7edfb1c66fb8903c78663c9afc45aea4f116125fa6feffd364cf09443e8\windows-amd64\native-platform-file-events.dll
0x00007ffb97f80000 - 0x00007ffb97f8a000 	C:\Program Files\Android\Android Studio\jre\bin\management.dll
0x00007ffb97ed0000 - 0x00007ffb97edc000 	C:\Program Files\Android\Android Studio\jre\bin\management_ext.dll
0x00007ffba19e0000 - 0x00007ffba19f8000 	C:\Windows\SYSTEM32\CRYPTSP.dll
0x00007ffba1170000 - 0x00007ffba11a4000 	C:\Windows\system32\rsaenh.dll
0x00007ffba2110000 - 0x00007ffba2137000 	C:\Windows\System32\bcrypt.dll
0x00007ffba1fb0000 - 0x00007ffba1fde000 	C:\Windows\SYSTEM32\USERENV.dll
0x00007ffba1a00000 - 0x00007ffba1a0c000 	C:\Windows\SYSTEM32\CRYPTBASE.dll
0x00007ffba14e0000 - 0x00007ffba151b000 	C:\Windows\SYSTEM32\IPHLPAPI.DLL
0x00007ffba3270000 - 0x00007ffba3278000 	C:\Windows\System32\NSI.dll
0x00007ffb9bb30000 - 0x00007ffb9bb47000 	C:\Windows\SYSTEM32\dhcpcsvc6.DLL
0x00007ffb9bc00000 - 0x00007ffb9bc1d000 	C:\Windows\SYSTEM32\dhcpcsvc.DLL
0x00007ffba1520000 - 0x00007ffba15ec000 	C:\Windows\SYSTEM32\DNSAPI.dll

dbghelp: loaded successfully - version: 4.0.5 - missing functions: none
symbol engine: initialized successfully - sym options: 0x614 - pdb path: .;C:\Program Files\Android\Android Studio\jre\bin;C:\Windows\SYSTEM32;C:\Windows\WinSxS\amd64_microsoft.windows.common-controls_6595b64144ccf1df_6.0.19041.1110_none_60b5254171f9507e;C:\Program Files\Android\Android Studio\jre\bin\server;C:\Users\jep\.gradle\native\8bec1ad78214c89d9ad589b4d07fe93259594b29d510b10fafb7a158f7737e5d\windows-amd64;C:\Users\jep\.gradle\native\53dbd7edfb1c66fb8903c78663c9afc45aea4f116125fa6feffd364cf09443e8\windows-amd64

VM Arguments:
jvm_args: --add-opens=java.base/java.util=ALL-UNNAMED --add-opens=java.base/java.lang=ALL-UNNAMED --add-opens=java.base/java.lang.invoke=ALL-UNNAMED --add-opens=java.base/java.util=ALL-UNNAMED --add-opens=java.prefs/java.util.prefs=ALL-UNNAMED --add-opens=java.prefs/java.util.prefs=ALL-UNNAMED --add-opens=java.base/java.nio.charset=ALL-UNNAMED --add-opens=java.base/java.net=ALL-UNNAMED --add-opens=java.base/java.util.concurrent.atomic=ALL-UNNAMED -Xmx2048m -Dfile.encoding=UTF-8 -Duser.country=US -Duser.language=en -Duser.variant 
java_command: org.gradle.launcher.daemon.bootstrap.GradleDaemon 7.0.2
java_class_path (initial): C:\Users\jep\.gradle\wrapper\dists\gradle-7.0.2-bin\857tjihv64xamwrf0h14cai3r\gradle-7.0.2\lib\gradle-launcher-7.0.2.jar
Launcher Type: SUN_STANDARD

[Global flags]
     intx CICompilerCount                          = 4                                         {product} {ergonomic}
     uint ConcGCThreads                            = 2                                         {product} {ergonomic}
     uint G1ConcRefinementThreads                  = 8                                         {product} {ergonomic}
   size_t G1HeapRegionSize                         = 1048576                                   {product} {ergonomic}
    uintx GCDrainStackTargetSize                   = 64                                        {product} {ergonomic}
   size_t InitialHeapSize                          = 234881024                                 {product} {ergonomic}
   size_t MarkStackSize                            = 4194304                                   {product} {ergonomic}
   size_t MaxHeapSize                              = 2147483648                                {product} {command line}
   size_t MaxNewSize                               = 1287651328                                {product} {ergonomic}
   size_t MinHeapDeltaBytes                        = 1048576                                   {product} {ergonomic}
    uintx NonNMethodCodeHeapSize                   = 5836300                                {pd product} {ergonomic}
    uintx NonProfiledCodeHeapSize                  = 122910970                              {pd product} {ergonomic}
    uintx ProfiledCodeHeapSize                     = 122910970                              {pd product} {ergonomic}
    uintx ReservedCodeCacheSize                    = 251658240                              {pd product} {ergonomic}
     bool SegmentedCodeCache                       = true                                      {product} {ergonomic}
     bool UseCompressedClassPointers               = true                                 {lp64_product} {ergonomic}
     bool UseCompressedOops                        = true                                 {lp64_product} {ergonomic}
     bool UseG1GC                                  = true                                      {product} {ergonomic}
     bool UseLargePagesIndividualAllocation        = false                                  {pd product} {ergonomic}

Logging:
Log output configuration:
 #0: stdout all=warning uptime,level,tags
 #1: stderr all=off uptime,level,tags

Environment Variables:
PATH=C:\Windows\system32;C:\Windows;C:\Windows\System32\Wbem;C:\Windows\System32\WindowsPowerShell\v1.0\;C:\Windows\System32\OpenSSH\;C:\Users\jep\AppData\Local\Microsoft\WindowsApps;
USERNAME=jep
OS=Windows_NT
PROCESSOR_IDENTIFIER=AMD64 Family 23 Model 24 Stepping 1, AuthenticAMD



---------------  S Y S T E M  ---------------

OS: Windows 10 , 64 bit Build 19041 (10.0.19041.1202)
OS uptime: 0 days 1:59 hours

CPU:total 8 (initial active 8) (8 cores per cpu, 2 threads per core) family 23 model 24 stepping 1 microcode 0x0, cmov, cx8, fxsr, mmx, sse, sse2, sse3, ssse3, sse4.1, sse4.2, popcnt, avx, avx2, aes, clmul, mmxext, 3dnowpref, lzcnt, sse4a, ht, tsc, tscinvbit, tscinv, bmi1, bmi2, adx, s

Memory: 4k page, system-wide physical 14274M (7972M free)
TotalPageFile size 16962M (AvailPageFile size 7581M)
current process WorkingSet (physical memory assigned to process): 255M, peak: 255M
current process commit charge ("private bytes"): 390M, peak: 390M

vm_info: OpenJDK 64-Bit Server VM (11.0.10+0-b96-7249189) for windows-amd64 JRE (11.0.10+0-b96-7249189), built on Mar 31 2021 21:44:00 by "builder" with MS VC++ 14.0 (VS2015)

END.
