#
# A fatal error has been detected by the Java Runtime Environment:
#
#  EXCEPTION_ACCESS_VIOLATION (0xc0000005) at pc=0x00007ffb38f07db0, pid=1244, tid=6668
#
# JRE version: OpenJDK Runtime Environment (11.0.10) (build 11.0.10+0-b96-7249189)
# Java VM: OpenJDK 64-Bit Server VM (11.0.10+0-b96-7249189, mixed mode, tiered, compressed oops, g1 gc, windows-amd64)
# Problematic frame:
# V  [jvm.dll+0x357db0]
#
# No core dump will be written. Minidumps are not enabled by default on client versions of Windows
#
# If you would like to submit a bug report, please visit:
#   https://bugreport.java.com/bugreport/crash.jsp
#

---------------  S U M M A R Y ------------

Command Line: --add-opens=java.base/java.util=ALL-UNNAMED --add-opens=java.base/java.lang=ALL-UNNAMED --add-opens=java.base/java.lang.invoke=ALL-UNNAMED --add-opens=java.base/java.util=ALL-UNNAMED --add-opens=java.prefs/java.util.prefs=ALL-UNNAMED --add-opens=java.prefs/java.util.prefs=ALL-UNNAMED --add-opens=java.base/java.nio.charset=ALL-UNNAMED --add-opens=java.base/java.net=ALL-UNNAMED --add-opens=java.base/java.util.concurrent.atomic=ALL-UNNAMED -Xmx2048m -Dfile.encoding=UTF-8 -Duser.country=US -Duser.language=en -Duser.variant org.gradle.launcher.daemon.bootstrap.GradleDaemon 7.0.2

Host: AMD Ryzen 5 3550H with Radeon Vega Mobile Gfx  , 8 cores, 13G,  Windows 10 , 64 bit Build 19041 (10.0.19041.1202)
Time: Sun Jan 23 03:02:52 2022 Pacific Standard Time elapsed time: 74.170563 seconds (0d 0h 1m 14s)

---------------  T H R E A D  ---------------

Current thread (0x000001f953697000):  JavaThread "C2 CompilerThread2" daemon [_thread_in_native, id=6668, stack(0x0000007e78400000,0x0000007e78500000)]


Current CompileTask:
C2:  74170 10846       4       org.objectweb.asm.ClassReader::readMethod (1061 bytes)

Stack: [0x0000007e78400000,0x0000007e78500000],  sp=0x0000007e784fbcf0,  free space=1007k
Native frames: (J=compiled Java code, j=interpreted, Vv=VM code, C=native code)
V  [jvm.dll+0x357db0]
V  [jvm.dll+0x353330]
V  [jvm.dll+0x198517]
V  [jvm.dll+0x197ec3]
V  [jvm.dll+0x1fb70e]
V  [jvm.dll+0x1fa7f4]
V  [jvm.dll+0x18354c]
V  [jvm.dll+0x208ee7]
V  [jvm.dll+0x207731]
V  [jvm.dll+0x6eb1cf]
V  [jvm.dll+0x6e3d45]
V  [jvm.dll+0x5ebe96]
C  [ucrtbase.dll+0x21bb2]
C  [KERNEL32.DLL+0x17034]
C  [ntdll.dll+0x52651]


siginfo: EXCEPTION_ACCESS_VIOLATION (0xc0000005), reading address 0x00007dfb395a7c38


Register to memory mapping:

RIP=0x00007ffb38f07db0 jvm.dll
RAX=0x00007dfb395a7c38 is an unknown value
RBX=0x0000000000000118 is an unknown value
RCX=0x0000000000000002 is an unknown value
RDX=0x0 is NULL
RSP=0x0000007e784fbcf0 is pointing into the stack for thread: 0x000001f953697000
RBP=0x0000000000000008 is an unknown value
RSI=0x00007ffb395a7c38 jvm.dll
RDI=0x000001f95557f600 points into unknown readable memory: 0x000001f95669d570 | 70 d5 69 56 f9 01 00 00
R8 =0x000001f955c49820 points into unknown readable memory: 0x0000000000000000 | 00 00 00 00 00 00 00 00
R9 =0x0000007e784fbd40 is pointing into the stack for thread: 0x000001f953697000
R10=0x0000000000000023 is an unknown value
R11=0x0000000000000001 is an unknown value
R12=0x00007ffb38bb0000 jvm.dll
R13=0x0000000000007541 is an unknown value
R14=0x000000000000000f is an unknown value
R15=0x00007ffb395a7c38 jvm.dll


Registers:
RAX=0x00007dfb395a7c38, RBX=0x0000000000000118, RCX=0x0000000000000002, RDX=0x0000000000000000
RSP=0x0000007e784fbcf0, RBP=0x0000000000000008, RSI=0x00007ffb395a7c38, RDI=0x000001f95557f600
R8 =0x000001f955c49820, R9 =0x0000007e784fbd40, R10=0x0000000000000023, R11=0x0000000000000001
R12=0x00007ffb38bb0000, R13=0x0000000000007541, R14=0x000000000000000f, R15=0x00007ffb395a7c38
RIP=0x00007ffb38f07db0, EFLAGS=0x0000000000010246

Top of Stack: (sp=0x0000007e784fbcf0)
0x0000007e784fbcf0:   0000007e784fc2f0 00007ffb38d48c60
0x0000007e784fbd00:   0000000000000000 00007ffb38d4909f
0x0000007e784fbd10:   0000000000000fcf 00007ffb38f03330
0x0000007e784fbd20:   000001f9595bc110 0000007e784fbf50
0x0000007e784fbd30:   0000000000000000 0000000000000000
0x0000007e784fbd40:   00000fd300000000 0000000000000007
0x0000007e784fbd50:   00007dfb395a7c38 0000000000000010
0x0000007e784fbd60:   000001f9541f1260 00007ffb00000026
0x0000007e784fbd70:   000001f9595bc1b0 0000000000000000
0x0000007e784fbd80:   000000000009e160 ffffffffffffffff
0x0000007e784fbd90:   00007ffb38bb0000 00007ffb38d48517
0x0000007e784fbda0:   000001f95bd321b0 0000007e784fc2f0
0x0000007e784fbdb0:   0000000000000000 000001f95bd321a0
0x0000007e784fbdc0:   00000fd200000000 0000007e00000008
0x0000007e784fbdd0:   000001f955c497c0 00007ffb00000026
0x0000007e784fbde0:   000001f9541f1130 0000000000000026 

Instructions: (pc=0x00007ffb38f07db0)
0x00007ffb38f07cb0:   58 4c 8b 64 24 50 48 8b c3 48 83 c4 20 41 5f 5f
0x00007ffb38f07cc0:   5e 5d 5b c3 cc cc cc cc cc cc cc cc cc cc cc cc
0x00007ffb38f07cd0:   83 3a 00 4c 8b c2 c7 41 08 08 00 00 00 75 16 33
0x00007ffb38f07ce0:   d2 c7 41 18 01 00 00 00 89 11 48 8b c1 c7 41 28
0x00007ffb38f07cf0:   01 00 00 00 c3 33 d2 48 89 11 89 51 18 41 8b 80
0x00007ffb38f07d00:   90 00 00 00 89 41 28 48 89 51 10 49 8b 40 08 48
0x00007ffb38f07d10:   89 41 20 48 8b c1 4c 89 41 30 c3 cc cc cc cc cc
0x00007ffb38f07d20:   48 83 ec 28 8b 51 08 4c 8b c9 83 fa 08 73 18 4c
0x00007ffb38f07d30:   8b 41 10 8b c2 41 83 3c 80 00 0f 85 0d 01 00 00
0x00007ffb38f07d40:   ff c2 83 fa 08 72 ec 44 8b 51 18 48 89 5c 24 30
0x00007ffb38f07d50:   48 89 6c 24 38 48 89 74 24 40 48 89 7c 24 20 44
0x00007ffb38f07d60:   3b 51 28 0f 83 b9 00 00 00 8b 0d 0d ba 6d 00 48
0x00007ffb38f07d70:   8d 35 c2 fe 69 00 65 48 8b 04 25 58 00 00 00 bd
0x00007ffb38f07d80:   08 00 00 00 48 8d 3c c8 0f 1f 84 00 00 00 00 00
0x00007ffb38f07d90:   41 8b c2 48 8d 1c c5 00 00 00 00 49 8b 41 20 48
0x00007ffb38f07da0:   8b 04 03 48 3b c6 74 6d 49 89 41 10 33 d2 66 90
0x00007ffb38f07db0:   83 38 00 0f 85 c3 00 00 00 ff c2 48 83 c0 04 83
0x00007ffb38f07dc0:   fa 08 72 ec 4d 8b 59 30 4d 85 db 74 48 49 8b 43
0x00007ffb38f07dd0:   08 8b d5 48 03 17 4c 8b 04 03 48 8b 02 48 8b 88
0x00007ffb38f07de0:   d0 04 00 00 48 8b 81 88 00 00 00 48 8b 88 88 08
0x00007ffb38f07df0:   00 00 49 89 08 48 8b 02 48 8b 88 d0 04 00 00 48
0x00007ffb38f07e00:   8b 81 88 00 00 00 4c 89 80 88 08 00 00 49 8b 43
0x00007ffb38f07e10:   08 48 89 34 03 41 ff c2 45 3b 51 28 0f 82 6e ff
0x00007ffb38f07e20:   ff ff 41 8b 41 28 41 89 41 18 33 c0 41 c7 41 08
0x00007ffb38f07e30:   08 00 00 00 48 8b 74 24 40 48 8b 6c 24 38 48 8b
0x00007ffb38f07e40:   5c 24 30 48 8b 7c 24 20 48 83 c4 28 c3 8b 41 18
0x00007ffb38f07e50:   8d 0c c2 8b c2 c1 e1 05 81 e9 00 01 00 00 41 89
0x00007ffb38f07e60:   49 04 41 8b 0c 80 8d 42 01 41 89 09 49 8b c9 41
0x00007ffb38f07e70:   89 41 08 48 83 c4 28 e9 a4 33 e4 ff 42 8d 04 d2
0x00007ffb38f07e80:   c1 e0 05 41 89 41 04 49 8b 41 10 8b 0c 90 41 8d
0x00007ffb38f07e90:   42 01 41 89 41 18 8d 42 01 41 89 09 49 8b c9 41
0x00007ffb38f07ea0:   89 41 08 e8 78 33 e4 ff eb 8a cc cc cc cc cc cc 


Stack slot to memory mapping:
stack at sp + 0 slots: 0x0000007e784fc2f0 is pointing into the stack for thread: 0x000001f953697000
stack at sp + 1 slots: 0x00007ffb38d48c60 jvm.dll
stack at sp + 2 slots: 0x0 is NULL
stack at sp + 3 slots: 0x00007ffb38d4909f jvm.dll
stack at sp + 4 slots: 0x0000000000000fcf is an unknown value
stack at sp + 5 slots: 0x00007ffb38f03330 jvm.dll
stack at sp + 6 slots: 0x000001f9595bc110 points into unknown readable memory: 0x0000000000000015 | 15 00 00 00 00 00 00 00
stack at sp + 7 slots: 0x0000007e784fbf50 is pointing into the stack for thread: 0x000001f953697000


---------------  P R O C E S S  ---------------

Threads class SMR info:
_java_thread_list=0x000001f952814ab0, length=50, elements={
0x000001f93342a800, 0x000001f94f879000, 0x000001f94f87e800, 0x000001f94f88e800,
0x000001f950100800, 0x000001f950104000, 0x000001f95010f000, 0x000001f950113800,
0x000001f950117000, 0x000001f95027f800, 0x000001f952486000, 0x000001f952395800,
0x000001f952111800, 0x000001f95231e800, 0x000001f95247d800, 0x000001f952aeb000,
0x000001f9510c4800, 0x000001f952242000, 0x000001f952982800, 0x000001f952980000,
0x000001f95297f800, 0x000001f952981000, 0x000001f952983800, 0x000001f952982000,
0x000001f952984800, 0x000001f95297e800, 0x000001f952985000, 0x000001f953d52000,
0x000001f953d51800, 0x000001f953d58000, 0x000001f953d53000, 0x000001f953d55800,
0x000001f953d54000, 0x000001f953d54800, 0x000001f953d56800, 0x000001f953d57000,
0x000001f956295800, 0x000001f956295000, 0x000001f956296800, 0x000001f95629e000,
0x000001f95629c000, 0x000001f95629e800, 0x000001f956299000, 0x000001f95629b800,
0x000001f95629f800, 0x000001f956299800, 0x000001f95629d000, 0x000001f9562a0800,
0x000001f953692000, 0x000001f953697000
}

Java Threads: ( => current thread )
  0x000001f93342a800 JavaThread "main" [_thread_blocked, id=9512, stack(0x0000007e78600000,0x0000007e78700000)]
  0x000001f94f879000 JavaThread "Reference Handler" daemon [_thread_blocked, id=3036, stack(0x0000007e78d00000,0x0000007e78e00000)]
  0x000001f94f87e800 JavaThread "Finalizer" daemon [_thread_blocked, id=3780, stack(0x0000007e78e00000,0x0000007e78f00000)]
  0x000001f94f88e800 JavaThread "Signal Dispatcher" daemon [_thread_blocked, id=11280, stack(0x0000007e78f00000,0x0000007e79000000)]
  0x000001f950100800 JavaThread "Attach Listener" daemon [_thread_blocked, id=4648, stack(0x0000007e79000000,0x0000007e79100000)]
  0x000001f950104000 JavaThread "Service Thread" daemon [_thread_blocked, id=10580, stack(0x0000007e79100000,0x0000007e79200000)]
  0x000001f95010f000 JavaThread "C2 CompilerThread0" daemon [_thread_in_native, id=11064, stack(0x0000007e79200000,0x0000007e79300000)]
  0x000001f950113800 JavaThread "C1 CompilerThread0" daemon [_thread_blocked, id=4152, stack(0x0000007e79300000,0x0000007e79400000)]
  0x000001f950117000 JavaThread "Sweeper thread" daemon [_thread_blocked, id=6892, stack(0x0000007e79400000,0x0000007e79500000)]
  0x000001f95027f800 JavaThread "Common-Cleaner" daemon [_thread_blocked, id=8444, stack(0x0000007e79500000,0x0000007e79600000)]
  0x000001f952486000 JavaThread "Daemon health stats" [_thread_blocked, id=6872, stack(0x0000007e79d00000,0x0000007e79e00000)]
  0x000001f952395800 JavaThread "Incoming local TCP Connector on port 51310" [_thread_in_native, id=4348, stack(0x0000007e79700000,0x0000007e79800000)]
  0x000001f952111800 JavaThread "Daemon periodic checks" [_thread_blocked, id=12528, stack(0x0000007e79c00000,0x0000007e79d00000)]
  0x000001f95231e800 JavaThread "Daemon" [_thread_blocked, id=2108, stack(0x0000007e79e00000,0x0000007e79f00000)]
  0x000001f95247d800 JavaThread "Handler for socket connection from /127.0.0.1:51310 to /127.0.0.1:51311" [_thread_in_native, id=12784, stack(0x0000007e79f00000,0x0000007e7a000000)]
  0x000001f952aeb000 JavaThread "Cancel handler" [_thread_blocked, id=7748, stack(0x0000007e7a000000,0x0000007e7a100000)]
  0x000001f9510c4800 JavaThread "Daemon worker" [_thread_blocked, id=4104, stack(0x0000007e7a100000,0x0000007e7a200000)]
  0x000001f952242000 JavaThread "Asynchronous log dispatcher for DefaultDaemonConnection: socket connection from /127.0.0.1:51310 to /127.0.0.1:51311" [_thread_blocked, id=9808, stack(0x0000007e7a300000,0x0000007e7a400000)]
  0x000001f952982800 JavaThread "Daemon client event forwarder" [_thread_blocked, id=5288, stack(0x0000007e7a500000,0x0000007e7a600000)]
  0x000001f952980000 JavaThread "Cache worker for file hash cache (C:\Users\jep\.gradle\caches\7.0.2\fileHashes)" [_thread_blocked, id=11760, stack(0x0000007e7a600000,0x0000007e7a700000)]
  0x000001f95297f800 JavaThread "File lock request listener" [_thread_in_native, id=2880, stack(0x0000007e7a700000,0x0000007e7a800000)]
  0x000001f952981000 JavaThread "Cache worker for journal cache (C:\Users\jep\.gradle\caches\journal-1)" [_thread_blocked, id=9144, stack(0x0000007e7ac00000,0x0000007e7ad00000)]
  0x000001f952983800 JavaThread "Cache worker for file hash cache (C:\Users\jep\AndroidStudioProjects\FirstAidKit\.gradle\7.0.2\fileHashes)" [_thread_blocked, id=7396, stack(0x0000007e7ad00000,0x0000007e7ae00000)]
  0x000001f952982000 JavaThread "File watcher server" daemon [_thread_in_native, id=10604, stack(0x0000007e7ae00000,0x0000007e7af00000)]
  0x000001f952984800 JavaThread "File watcher consumer" daemon [_thread_blocked, id=9532, stack(0x0000007e7af00000,0x0000007e7b000000)]
  0x000001f95297e800 JavaThread "jar transforms" [_thread_in_Java, id=6940, stack(0x0000007e7b000000,0x0000007e7b100000)]
  0x000001f952985000 JavaThread "jar transforms Thread 2" [_thread_in_vm, id=10024, stack(0x0000007e7b100000,0x0000007e7b200000)]
  0x000001f953d52000 JavaThread "jar transforms Thread 3" [_thread_in_Java, id=3312, stack(0x0000007e7b200000,0x0000007e7b300000)]
  0x000001f953d51800 JavaThread "jar transforms Thread 4" [_thread_in_native, id=5668, stack(0x0000007e7b300000,0x0000007e7b400000)]
  0x000001f953d58000 JavaThread "jar transforms Thread 5" [_thread_in_Java, id=4140, stack(0x0000007e7b400000,0x0000007e7b500000)]
  0x000001f953d53000 JavaThread "jar transforms Thread 6" [_thread_in_Java, id=4856, stack(0x0000007e7b500000,0x0000007e7b600000)]
  0x000001f953d55800 JavaThread "jar transforms Thread 7" [_thread_in_Java, id=11120, stack(0x0000007e7b600000,0x0000007e7b700000)]
  0x000001f953d54000 JavaThread "jar transforms Thread 8" [_thread_in_Java, id=11412, stack(0x0000007e7b700000,0x0000007e7b800000)]
  0x000001f953d54800 JavaThread "Cache worker for checksums cache (C:\Users\jep\AndroidStudioProjects\FirstAidKit\.gradle\checksums)" [_thread_blocked, id=13308, stack(0x0000007e7b900000,0x0000007e7ba00000)]
  0x000001f953d56800 JavaThread "Cache worker for cache directory md-supplier (C:\Users\jep\.gradle\caches\7.0.2\md-supplier)" [_thread_blocked, id=12492, stack(0x0000007e7ba00000,0x0000007e7bb00000)]
  0x000001f953d57000 JavaThread "Cache worker for cache directory md-rule (C:\Users\jep\.gradle\caches\7.0.2\md-rule)" [_thread_blocked, id=8704, stack(0x0000007e7bb00000,0x0000007e7bc00000)]
  0x000001f956295800 JavaThread "Cache worker for execution history cache (C:\Users\jep\.gradle\caches\7.0.2\executionHistory)" [_thread_blocked, id=12972, stack(0x0000007e7bc00000,0x0000007e7bd00000)]
  0x000001f956295000 JavaThread "Cache worker for file content cache (C:\Users\jep\.gradle\caches\7.0.2\fileContent)" [_thread_blocked, id=12620, stack(0x0000007e7bd00000,0x0000007e7be00000)]
  0x000001f956296800 JavaThread "Cache worker for dependencies-accessors (C:\Users\jep\AndroidStudioProjects\FirstAidKit\.gradle\7.0.2\dependencies-accessors)" [_thread_blocked, id=9220, stack(0x0000007e7be00000,0x0000007e7bf00000)]
  0x000001f95629e000 JavaThread "Cache worker for Build Output Cleanup Cache (C:\Users\jep\AndroidStudioProjects\FirstAidKit\.gradle\buildOutputCleanup)" [_thread_blocked, id=10792, stack(0x0000007e7bf00000,0x0000007e7c000000)]
  0x000001f95629c000 JavaThread "Build operations" [_thread_blocked, id=12884, stack(0x0000007e7c100000,0x0000007e7c200000)]
  0x000001f95629e800 JavaThread "Build operations Thread 2" [_thread_blocked, id=12468, stack(0x0000007e7c200000,0x0000007e7c300000)]
  0x000001f956299000 JavaThread "Build operations Thread 3" [_thread_blocked, id=9472, stack(0x0000007e7c300000,0x0000007e7c400000)]
  0x000001f95629b800 JavaThread "Build operations Thread 4" [_thread_blocked, id=10724, stack(0x0000007e7c400000,0x0000007e7c500000)]
  0x000001f95629f800 JavaThread "Build operations Thread 5" [_thread_blocked, id=8456, stack(0x0000007e7c500000,0x0000007e7c600000)]
  0x000001f956299800 JavaThread "Build operations Thread 6" [_thread_blocked, id=2788, stack(0x0000007e7c600000,0x0000007e7c700000)]
  0x000001f95629d000 JavaThread "Build operations Thread 7" [_thread_blocked, id=8556, stack(0x0000007e7c700000,0x0000007e7c800000)]
  0x000001f9562a0800 JavaThread "Build operations Thread 8" [_thread_blocked, id=6088, stack(0x0000007e7c800000,0x0000007e7c900000)]
  0x000001f953692000 JavaThread "C2 CompilerThread1" daemon [_thread_in_native, id=2328, stack(0x0000007e78300000,0x0000007e78400000)]
=>0x000001f953697000 JavaThread "C2 CompilerThread2" daemon [_thread_in_native, id=6668, stack(0x0000007e78400000,0x0000007e78500000)]

Other Threads:
  0x000001f9500b5000 VMThread "VM Thread" [stack: 0x0000007e78c00000,0x0000007e78d00000] [id=12120]
  0x000001f950288800 WatcherThread [stack: 0x0000007e79600000,0x0000007e79700000] [id=13292]
  0x000001f933444000 GCTaskThread "GC Thread#0" [stack: 0x0000007e78700000,0x0000007e78800000] [id=11324]
  0x000001f9506e1800 GCTaskThread "GC Thread#1" [stack: 0x0000007e79800000,0x0000007e79900000] [id=12304]
  0x000001f951431800 GCTaskThread "GC Thread#2" [stack: 0x0000007e79900000,0x0000007e79a00000] [id=12648]
  0x000001f950cd0800 GCTaskThread "GC Thread#3" [stack: 0x0000007e79a00000,0x0000007e79b00000] [id=5576]
  0x000001f950cde000 GCTaskThread "GC Thread#4" [stack: 0x0000007e79b00000,0x0000007e79c00000] [id=13100]
  0x000001f9522be800 GCTaskThread "GC Thread#5" [stack: 0x0000007e7a800000,0x0000007e7a900000] [id=7252]
  0x000001f951705800 GCTaskThread "GC Thread#6" [stack: 0x0000007e7a900000,0x0000007e7aa00000] [id=5536]
  0x000001f95370a800 GCTaskThread "GC Thread#7" [stack: 0x0000007e7aa00000,0x0000007e7ab00000] [id=12944]
  0x000001f933476000 ConcurrentGCThread "G1 Main Marker" [stack: 0x0000007e78800000,0x0000007e78900000] [id=9564]
  0x000001f933477800 ConcurrentGCThread "G1 Conc#0" [stack: 0x0000007e78900000,0x0000007e78a00000] [id=4956]
  0x000001f950f32800 ConcurrentGCThread "G1 Conc#1" [stack: 0x0000007e7ab00000,0x0000007e7ac00000] [id=8004]
  0x000001f94f6ee800 ConcurrentGCThread "G1 Refine#0" [stack: 0x0000007e78a00000,0x0000007e78b00000] [id=6300]
  0x000001f94f6ef000 ConcurrentGCThread "G1 Young RemSet Sampling" [stack: 0x0000007e78b00000,0x0000007e78c00000] [id=10596]

Threads with active compile tasks:
C2 CompilerThread0  74372 10876       4       org.objectweb.asm.ClassReader::readCode (5109 bytes)
C2 CompilerThread1  74372 10871       4       org.objectweb.asm.MethodWriter::putMethodInfo (1274 bytes)
C2 CompilerThread2  74372 10846       4       org.objectweb.asm.ClassReader::readMethod (1061 bytes)

VM state:not at safepoint (normal execution)

VM Mutex/Monitor currently owned by a thread: None

Heap address: 0x0000000080000000, size: 2048 MB, Compressed Oops mode: 32-bit
Narrow klass base: 0x0000000000000000, Narrow klass shift: 3
Compressed class space size: 1073741824 Address: 0x0000000100000000

Heap:
 garbage-first heap   total 229376K, used 139210K [0x0000000080000000, 0x0000000100000000)
  region size 1024K, 73 young (74752K), 8 survivors (8192K)
 Metaspace       used 66274K, capacity 68182K, committed 68480K, reserved 1110016K
  class space    used 8157K, capacity 8764K, committed 8832K, reserved 1048576K
Heap Regions: E=young(eden), S=young(survivor), O=old, HS=humongous(starts), HC=humongous(continues), CS=collection set, F=free, A=archive, TAMS=top-at-mark-start (previous, next)
|   0|0x0000000080000000, 0x0000000080100000, 0x0000000080100000|100%|HS|  |TAMS 0x0000000080100000, 0x0000000080000000| Complete 
|   1|0x0000000080100000, 0x0000000080200000, 0x0000000080200000|100%|HC|  |TAMS 0x0000000080200000, 0x0000000080100000| Complete 
|   2|0x0000000080200000, 0x0000000080300000, 0x0000000080300000|100%| O|  |TAMS 0x0000000080300000, 0x0000000080200000| Untracked 
|   3|0x0000000080300000, 0x0000000080400000, 0x0000000080400000|100%|HS|  |TAMS 0x0000000080400000, 0x0000000080300000| Complete 
|   4|0x0000000080400000, 0x0000000080500000, 0x0000000080500000|100%|HC|  |TAMS 0x0000000080500000, 0x0000000080400000| Complete 
|   5|0x0000000080500000, 0x0000000080600000, 0x0000000080600000|100%|HC|  |TAMS 0x0000000080600000, 0x0000000080500000| Complete 
|   6|0x0000000080600000, 0x0000000080700000, 0x0000000080700000|100%| O|  |TAMS 0x0000000080700000, 0x0000000080600000| Untracked 
|   7|0x0000000080700000, 0x0000000080800000, 0x0000000080800000|100%| O|  |TAMS 0x0000000080800000, 0x0000000080700000| Untracked 
|   8|0x0000000080800000, 0x0000000080900000, 0x0000000080900000|100%| O|  |TAMS 0x0000000080900000, 0x0000000080800000| Untracked 
|   9|0x0000000080900000, 0x0000000080a00000, 0x0000000080a00000|100%|HS|  |TAMS 0x0000000080a00000, 0x0000000080900000| Complete 
|  10|0x0000000080a00000, 0x0000000080b00000, 0x0000000080b00000|100%|HC|  |TAMS 0x0000000080b00000, 0x0000000080a00000| Complete 
|  11|0x0000000080b00000, 0x0000000080c00000, 0x0000000080c00000|100%|HC|  |TAMS 0x0000000080c00000, 0x0000000080b00000| Complete 
|  12|0x0000000080c00000, 0x0000000080d00000, 0x0000000080d00000|100%|HS|  |TAMS 0x0000000080d00000, 0x0000000080c00000| Complete 
|  13|0x0000000080d00000, 0x0000000080e00000, 0x0000000080e00000|100%|HC|  |TAMS 0x0000000080e00000, 0x0000000080d00000| Complete 
|  14|0x0000000080e00000, 0x0000000080f00000, 0x0000000080f00000|100%|HC|  |TAMS 0x0000000080f00000, 0x0000000080e00000| Complete 
|  15|0x0000000080f00000, 0x0000000081000000, 0x0000000081000000|100%|HC|  |TAMS 0x0000000081000000, 0x0000000080f00000| Complete 
|  16|0x0000000081000000, 0x0000000081100000, 0x0000000081100000|100%|HC|  |TAMS 0x0000000081100000, 0x0000000081000000| Complete 
|  17|0x0000000081100000, 0x0000000081200000, 0x0000000081200000|100%| O|  |TAMS 0x0000000081200000, 0x0000000081100000| Untracked 
|  18|0x0000000081200000, 0x0000000081300000, 0x0000000081300000|100%| O|  |TAMS 0x0000000081300000, 0x0000000081200000| Untracked 
|  19|0x0000000081300000, 0x0000000081400000, 0x0000000081400000|100%| O|  |TAMS 0x0000000081400000, 0x0000000081300000| Untracked 
|  20|0x0000000081400000, 0x0000000081500000, 0x0000000081500000|100%| O|  |TAMS 0x0000000081500000, 0x0000000081400000| Untracked 
|  21|0x0000000081500000, 0x0000000081600000, 0x0000000081600000|100%| O|  |TAMS 0x0000000081600000, 0x0000000081500000| Untracked 
|  22|0x0000000081600000, 0x0000000081700000, 0x0000000081700000|100%| O|  |TAMS 0x0000000081700000, 0x0000000081600000| Untracked 
|  23|0x0000000081700000, 0x0000000081800000, 0x0000000081800000|100%| O|  |TAMS 0x0000000081800000, 0x0000000081700000| Untracked 
|  24|0x0000000081800000, 0x0000000081900000, 0x0000000081900000|100%| O|  |TAMS 0x0000000081900000, 0x0000000081800000| Untracked 
|  25|0x0000000081900000, 0x0000000081a00000, 0x0000000081a00000|100%| O|  |TAMS 0x00000000819afa00, 0x0000000081900000| Untracked 
|  26|0x0000000081a00000, 0x0000000081b00000, 0x0000000081b00000|100%| O|  |TAMS 0x0000000081a00000, 0x0000000081a00000| Untracked 
|  27|0x0000000081b00000, 0x0000000081c00000, 0x0000000081c00000|100%| O|  |TAMS 0x0000000081b00000, 0x0000000081b00000| Untracked 
|  28|0x0000000081c00000, 0x0000000081d00000, 0x0000000081d00000|100%| O|  |TAMS 0x0000000081c00000, 0x0000000081c00000| Untracked 
|  29|0x0000000081d00000, 0x0000000081e00000, 0x0000000081e00000|100%|HS|  |TAMS 0x0000000081e00000, 0x0000000081d00000| Complete 
|  30|0x0000000081e00000, 0x0000000081f00000, 0x0000000081f00000|100%|HC|  |TAMS 0x0000000081f00000, 0x0000000081e00000| Complete 
|  31|0x0000000081f00000, 0x0000000082000000, 0x0000000082000000|100%|HC|  |TAMS 0x0000000082000000, 0x0000000081f00000| Complete 
|  32|0x0000000082000000, 0x0000000082100000, 0x0000000082100000|100%|HC|  |TAMS 0x0000000082100000, 0x0000000082000000| Complete 
|  33|0x0000000082100000, 0x0000000082200000, 0x0000000082200000|100%|HC|  |TAMS 0x0000000082200000, 0x0000000082100000| Complete 
|  34|0x0000000082200000, 0x0000000082300000, 0x0000000082300000|100%| O|  |TAMS 0x0000000082200000, 0x0000000082200000| Untracked 
|  35|0x0000000082300000, 0x0000000082400000, 0x0000000082400000|100%| O|  |TAMS 0x0000000082300000, 0x0000000082300000| Untracked 
|  36|0x0000000082400000, 0x0000000082500000, 0x0000000082500000|100%| O|  |TAMS 0x0000000082400000, 0x0000000082400000| Untracked 
|  37|0x0000000082500000, 0x0000000082600000, 0x0000000082600000|100%|HS|  |TAMS 0x0000000082500000, 0x0000000082500000| Complete 
|  38|0x0000000082600000, 0x0000000082700000, 0x0000000082700000|100%|HC|  |TAMS 0x0000000082600000, 0x0000000082600000| Complete 
|  39|0x0000000082700000, 0x0000000082800000, 0x0000000082800000|100%|HC|  |TAMS 0x0000000082700000, 0x0000000082700000| Complete 
|  40|0x0000000082800000, 0x0000000082900000, 0x0000000082900000|100%| O|  |TAMS 0x0000000082800000, 0x0000000082800000| Untracked 
|  41|0x0000000082900000, 0x0000000082a00000, 0x0000000082a00000|100%| O|  |TAMS 0x0000000082900000, 0x0000000082900000| Untracked 
|  42|0x0000000082a00000, 0x0000000082b00000, 0x0000000082b00000|100%| O|  |TAMS 0x0000000082a00000, 0x0000000082a00000| Untracked 
|  43|0x0000000082b00000, 0x0000000082c00000, 0x0000000082c00000|100%| O|  |TAMS 0x0000000082b00000, 0x0000000082b00000| Untracked 
|  44|0x0000000082c00000, 0x0000000082d00000, 0x0000000082d00000|100%| O|  |TAMS 0x0000000082c00000, 0x0000000082c00000| Untracked 
|  45|0x0000000082d00000, 0x0000000082e00000, 0x0000000082e00000|100%| O|  |TAMS 0x0000000082d00000, 0x0000000082d00000| Untracked 
|  46|0x0000000082e00000, 0x0000000082f00000, 0x0000000082f00000|100%| O|  |TAMS 0x0000000082e00000, 0x0000000082e00000| Untracked 
|  47|0x0000000082f00000, 0x0000000083000000, 0x0000000083000000|100%| O|  |TAMS 0x0000000082f00000, 0x0000000082f00000| Untracked 
|  48|0x0000000083000000, 0x0000000083100000, 0x0000000083100000|100%| O|  |TAMS 0x0000000083000000, 0x0000000083000000| Untracked 
|  49|0x0000000083100000, 0x0000000083200000, 0x0000000083200000|100%| O|  |TAMS 0x0000000083100000, 0x0000000083100000| Untracked 
|  50|0x0000000083200000, 0x0000000083300000, 0x0000000083300000|100%| O|  |TAMS 0x0000000083200000, 0x0000000083200000| Untracked 
|  51|0x0000000083300000, 0x0000000083400000, 0x0000000083400000|100%| O|  |TAMS 0x0000000083300000, 0x0000000083300000| Untracked 
|  52|0x0000000083400000, 0x0000000083500000, 0x0000000083500000|100%| O|  |TAMS 0x0000000083400000, 0x0000000083400000| Untracked 
|  53|0x0000000083500000, 0x0000000083600000, 0x0000000083600000|100%| O|  |TAMS 0x0000000083500000, 0x0000000083500000| Untracked 
|  54|0x0000000083600000, 0x0000000083700000, 0x0000000083700000|100%| O|  |TAMS 0x0000000083600000, 0x0000000083600000| Untracked 
|  55|0x0000000083700000, 0x0000000083800000, 0x0000000083800000|100%| O|  |TAMS 0x0000000083700000, 0x0000000083700000| Untracked 
|  56|0x0000000083800000, 0x0000000083900000, 0x0000000083900000|100%| O|  |TAMS 0x0000000083800000, 0x0000000083800000| Untracked 
|  57|0x0000000083900000, 0x0000000083a00000, 0x0000000083a00000|100%| O|  |TAMS 0x0000000083900000, 0x0000000083900000| Untracked 
|  58|0x0000000083a00000, 0x0000000083b00000, 0x0000000083b00000|100%| O|  |TAMS 0x0000000083a00000, 0x0000000083a00000| Untracked 
|  59|0x0000000083b00000, 0x0000000083c00000, 0x0000000083c00000|100%| O|  |TAMS 0x0000000083b00000, 0x0000000083b00000| Untracked 
|  60|0x0000000083c00000, 0x0000000083d00000, 0x0000000083d00000|100%|HS|  |TAMS 0x0000000083c00000, 0x0000000083c00000| Complete 
|  61|0x0000000083d00000, 0x0000000083e00000, 0x0000000083e00000|100%|HS|  |TAMS 0x0000000083d00000, 0x0000000083d00000| Complete 
|  62|0x0000000083e00000, 0x0000000083f00000, 0x0000000083f00000|100%| O|  |TAMS 0x0000000083e00000, 0x0000000083e00000| Untracked 
|  63|0x0000000083f00000, 0x0000000084000000, 0x0000000084000000|100%| O|  |TAMS 0x0000000083f00000, 0x0000000083f00000| Untracked 
|  64|0x0000000084000000, 0x0000000084084e00, 0x0000000084100000| 51%| O|  |TAMS 0x0000000084000000, 0x0000000084000000| Untracked 
|  65|0x0000000084100000, 0x0000000084100000, 0x0000000084200000|  0%| F|  |TAMS 0x0000000084100000, 0x0000000084100000| Untracked 
|  66|0x0000000084200000, 0x0000000084200000, 0x0000000084300000|  0%| F|  |TAMS 0x0000000084200000, 0x0000000084200000| Untracked 
|  67|0x0000000084300000, 0x0000000084300000, 0x0000000084400000|  0%| F|  |TAMS 0x0000000084300000, 0x0000000084300000| Untracked 
|  68|0x0000000084400000, 0x0000000084400000, 0x0000000084500000|  0%| F|  |TAMS 0x0000000084400000, 0x0000000084400000| Untracked 
|  69|0x0000000084500000, 0x0000000084500000, 0x0000000084600000|  0%| F|  |TAMS 0x0000000084500000, 0x0000000084500000| Untracked 
|  70|0x0000000084600000, 0x0000000084600000, 0x0000000084700000|  0%| F|  |TAMS 0x0000000084600000, 0x0000000084600000| Untracked 
|  71|0x0000000084700000, 0x0000000084700000, 0x0000000084800000|  0%| F|  |TAMS 0x0000000084700000, 0x0000000084700000| Untracked 
|  72|0x0000000084800000, 0x0000000084800000, 0x0000000084900000|  0%| F|  |TAMS 0x0000000084800000, 0x0000000084800000| Untracked 
|  73|0x0000000084900000, 0x0000000084900000, 0x0000000084a00000|  0%| F|  |TAMS 0x0000000084900000, 0x0000000084900000| Untracked 
|  74|0x0000000084a00000, 0x0000000084a00000, 0x0000000084b00000|  0%| F|  |TAMS 0x0000000084a00000, 0x0000000084a00000| Untracked 
|  75|0x0000000084b00000, 0x0000000084b00000, 0x0000000084c00000|  0%| F|  |TAMS 0x0000000084b00000, 0x0000000084b00000| Untracked 
|  76|0x0000000084c00000, 0x0000000084c00000, 0x0000000084d00000|  0%| F|  |TAMS 0x0000000084c00000, 0x0000000084c00000| Untracked 
|  77|0x0000000084d00000, 0x0000000084d00000, 0x0000000084e00000|  0%| F|  |TAMS 0x0000000084d00000, 0x0000000084d00000| Untracked 
|  78|0x0000000084e00000, 0x0000000084e00000, 0x0000000084f00000|  0%| F|  |TAMS 0x0000000084e00000, 0x0000000084e00000| Untracked 
|  79|0x0000000084f00000, 0x0000000084f00000, 0x0000000085000000|  0%| F|  |TAMS 0x0000000084f00000, 0x0000000084f00000| Untracked 
|  80|0x0000000085000000, 0x0000000085000000, 0x0000000085100000|  0%| F|  |TAMS 0x0000000085000000, 0x0000000085000000| Untracked 
|  81|0x0000000085100000, 0x0000000085100000, 0x0000000085200000|  0%| F|  |TAMS 0x0000000085100000, 0x0000000085100000| Untracked 
|  82|0x0000000085200000, 0x0000000085200000, 0x0000000085300000|  0%| F|  |TAMS 0x0000000085200000, 0x0000000085200000| Untracked 
|  83|0x0000000085300000, 0x0000000085300000, 0x0000000085400000|  0%| F|  |TAMS 0x0000000085300000, 0x0000000085300000| Untracked 
|  84|0x0000000085400000, 0x0000000085400000, 0x0000000085500000|  0%| F|  |TAMS 0x0000000085400000, 0x0000000085400000| Untracked 
|  85|0x0000000085500000, 0x0000000085500000, 0x0000000085600000|  0%| F|  |TAMS 0x0000000085500000, 0x0000000085500000| Untracked 
|  86|0x0000000085600000, 0x0000000085600000, 0x0000000085700000|  0%| F|  |TAMS 0x0000000085600000, 0x0000000085600000| Untracked 
|  87|0x0000000085700000, 0x0000000085700000, 0x0000000085800000|  0%| F|  |TAMS 0x0000000085700000, 0x0000000085700000| Untracked 
|  88|0x0000000085800000, 0x0000000085800000, 0x0000000085900000|  0%| F|  |TAMS 0x0000000085800000, 0x0000000085800000| Untracked 
|  89|0x0000000085900000, 0x000000008596da40, 0x0000000085a00000| 42%| S|CS|TAMS 0x0000000085900000, 0x0000000085900000| Complete 
|  90|0x0000000085a00000, 0x0000000085b00000, 0x0000000085b00000|100%| S|CS|TAMS 0x0000000085a00000, 0x0000000085a00000| Complete 
|  91|0x0000000085b00000, 0x0000000085c00000, 0x0000000085c00000|100%| S|CS|TAMS 0x0000000085b00000, 0x0000000085b00000| Complete 
|  92|0x0000000085c00000, 0x0000000085d00000, 0x0000000085d00000|100%| S|CS|TAMS 0x0000000085c00000, 0x0000000085c00000| Complete 
|  93|0x0000000085d00000, 0x0000000085e00000, 0x0000000085e00000|100%| S|CS|TAMS 0x0000000085d00000, 0x0000000085d00000| Complete 
|  94|0x0000000085e00000, 0x0000000085f00000, 0x0000000085f00000|100%| S|CS|TAMS 0x0000000085e00000, 0x0000000085e00000| Complete 
|  95|0x0000000085f00000, 0x0000000085f00000, 0x0000000086000000|  0%| F|  |TAMS 0x0000000085f00000, 0x0000000085f00000| Untracked 
|  96|0x0000000086000000, 0x0000000086000000, 0x0000000086100000|  0%| F|  |TAMS 0x0000000086000000, 0x0000000086000000| Untracked 
|  97|0x0000000086100000, 0x0000000086100000, 0x0000000086200000|  0%| F|  |TAMS 0x0000000086100000, 0x0000000086100000| Untracked 
|  98|0x0000000086200000, 0x0000000086200000, 0x0000000086300000|  0%| F|  |TAMS 0x0000000086200000, 0x0000000086200000| Untracked 
|  99|0x0000000086300000, 0x0000000086300000, 0x0000000086400000|  0%| F|  |TAMS 0x0000000086300000, 0x0000000086300000| Untracked 
| 100|0x0000000086400000, 0x0000000086400000, 0x0000000086500000|  0%| F|  |TAMS 0x0000000086400000, 0x0000000086400000| Untracked 
| 101|0x0000000086500000, 0x0000000086500000, 0x0000000086600000|  0%| F|  |TAMS 0x0000000086500000, 0x0000000086500000| Untracked 
| 102|0x0000000086600000, 0x0000000086600000, 0x0000000086700000|  0%| F|  |TAMS 0x0000000086600000, 0x0000000086600000| Untracked 
| 103|0x0000000086700000, 0x0000000086700000, 0x0000000086800000|  0%| F|  |TAMS 0x0000000086700000, 0x0000000086700000| Untracked 
| 104|0x0000000086800000, 0x0000000086900000, 0x0000000086900000|100%| S|CS|TAMS 0x0000000086800000, 0x0000000086800000| Complete 
| 105|0x0000000086900000, 0x0000000086a00000, 0x0000000086a00000|100%| S|CS|TAMS 0x0000000086900000, 0x0000000086900000| Complete 
| 106|0x0000000086a00000, 0x0000000086a00000, 0x0000000086b00000|  0%| F|  |TAMS 0x0000000086a00000, 0x0000000086a00000| Untracked 
| 107|0x0000000086b00000, 0x0000000086b00000, 0x0000000086c00000|  0%| F|  |TAMS 0x0000000086b00000, 0x0000000086b00000| Untracked 
| 108|0x0000000086c00000, 0x0000000086c00000, 0x0000000086d00000|  0%| F|  |TAMS 0x0000000086c00000, 0x0000000086c00000| Untracked 
| 109|0x0000000086d00000, 0x0000000086d00000, 0x0000000086e00000|  0%| F|  |TAMS 0x0000000086d00000, 0x0000000086d00000| Untracked 
| 110|0x0000000086e00000, 0x0000000086e00000, 0x0000000086f00000|  0%| F|  |TAMS 0x0000000086e00000, 0x0000000086e00000| Untracked 
| 111|0x0000000086f00000, 0x0000000086f00000, 0x0000000087000000|  0%| F|  |TAMS 0x0000000086f00000, 0x0000000086f00000| Untracked 
| 112|0x0000000087000000, 0x0000000087000000, 0x0000000087100000|  0%| F|  |TAMS 0x0000000087000000, 0x0000000087000000| Untracked 
| 113|0x0000000087100000, 0x0000000087100000, 0x0000000087200000|  0%| F|  |TAMS 0x0000000087100000, 0x0000000087100000| Untracked 
| 114|0x0000000087200000, 0x0000000087200000, 0x0000000087300000|  0%| F|  |TAMS 0x0000000087200000, 0x0000000087200000| Untracked 
| 115|0x0000000087300000, 0x0000000087300000, 0x0000000087400000|  0%| F|  |TAMS 0x0000000087300000, 0x0000000087300000| Untracked 
| 116|0x0000000087400000, 0x0000000087400000, 0x0000000087500000|  0%| F|  |TAMS 0x0000000087400000, 0x0000000087400000| Untracked 
| 117|0x0000000087500000, 0x0000000087500000, 0x0000000087600000|  0%| F|  |TAMS 0x0000000087500000, 0x0000000087500000| Untracked 
| 118|0x0000000087600000, 0x0000000087600000, 0x0000000087700000|  0%| F|  |TAMS 0x0000000087600000, 0x0000000087600000| Untracked 
| 119|0x0000000087700000, 0x0000000087700000, 0x0000000087800000|  0%| F|  |TAMS 0x0000000087700000, 0x0000000087700000| Untracked 
| 120|0x0000000087800000, 0x0000000087800000, 0x0000000087900000|  0%| F|  |TAMS 0x0000000087800000, 0x0000000087800000| Untracked 
| 121|0x0000000087900000, 0x0000000087900000, 0x0000000087a00000|  0%| F|  |TAMS 0x0000000087900000, 0x0000000087900000| Untracked 
| 122|0x0000000087a00000, 0x0000000087a00000, 0x0000000087b00000|  0%| F|  |TAMS 0x0000000087a00000, 0x0000000087a00000| Untracked 
| 123|0x0000000087b00000, 0x0000000087b00000, 0x0000000087c00000|  0%| F|  |TAMS 0x0000000087b00000, 0x0000000087b00000| Untracked 
| 124|0x0000000087c00000, 0x0000000087c00000, 0x0000000087d00000|  0%| F|  |TAMS 0x0000000087c00000, 0x0000000087c00000| Untracked 
| 125|0x0000000087d00000, 0x0000000087d00000, 0x0000000087e00000|  0%| F|  |TAMS 0x0000000087d00000, 0x0000000087d00000| Untracked 
| 126|0x0000000087e00000, 0x0000000087e00000, 0x0000000087f00000|  0%| F|  |TAMS 0x0000000087e00000, 0x0000000087e00000| Untracked 
| 127|0x0000000087f00000, 0x0000000087f00000, 0x0000000088000000|  0%| F|  |TAMS 0x0000000087f00000, 0x0000000087f00000| Untracked 
| 128|0x0000000088000000, 0x0000000088000000, 0x0000000088100000|  0%| F|  |TAMS 0x0000000088000000, 0x0000000088000000| Untracked 
| 129|0x0000000088100000, 0x0000000088100000, 0x0000000088200000|  0%| F|  |TAMS 0x0000000088100000, 0x0000000088100000| Untracked 
| 130|0x0000000088200000, 0x0000000088200000, 0x0000000088300000|  0%| F|  |TAMS 0x0000000088200000, 0x0000000088200000| Untracked 
| 131|0x0000000088300000, 0x0000000088300000, 0x0000000088400000|  0%| F|  |TAMS 0x0000000088300000, 0x0000000088300000| Untracked 
| 132|0x0000000088400000, 0x0000000088400000, 0x0000000088500000|  0%| F|  |TAMS 0x0000000088400000, 0x0000000088400000| Untracked 
| 133|0x0000000088500000, 0x0000000088500000, 0x0000000088600000|  0%| F|  |TAMS 0x0000000088500000, 0x0000000088500000| Untracked 
| 134|0x0000000088600000, 0x0000000088600000, 0x0000000088700000|  0%| F|  |TAMS 0x0000000088600000, 0x0000000088600000| Untracked 
| 135|0x0000000088700000, 0x0000000088700000, 0x0000000088800000|  0%| F|  |TAMS 0x0000000088700000, 0x0000000088700000| Untracked 
| 136|0x0000000088800000, 0x0000000088800000, 0x0000000088900000|  0%| F|  |TAMS 0x0000000088800000, 0x0000000088800000| Untracked 
| 137|0x0000000088900000, 0x0000000088900000, 0x0000000088a00000|  0%| F|  |TAMS 0x0000000088900000, 0x0000000088900000| Untracked 
| 138|0x0000000088a00000, 0x0000000088a00000, 0x0000000088b00000|  0%| F|  |TAMS 0x0000000088a00000, 0x0000000088a00000| Untracked 
| 139|0x0000000088b00000, 0x0000000088b00000, 0x0000000088c00000|  0%| F|  |TAMS 0x0000000088b00000, 0x0000000088b00000| Untracked 
| 140|0x0000000088c00000, 0x0000000088c00000, 0x0000000088d00000|  0%| F|  |TAMS 0x0000000088c00000, 0x0000000088c00000| Untracked 
| 141|0x0000000088d00000, 0x0000000088d00000, 0x0000000088e00000|  0%| F|  |TAMS 0x0000000088d00000, 0x0000000088d00000| Untracked 
| 142|0x0000000088e00000, 0x0000000088e00000, 0x0000000088f00000|  0%| F|  |TAMS 0x0000000088e00000, 0x0000000088e00000| Untracked 
| 143|0x0000000088f00000, 0x0000000088f00000, 0x0000000089000000|  0%| F|  |TAMS 0x0000000088f00000, 0x0000000088f00000| Untracked 
| 144|0x0000000089000000, 0x0000000089000000, 0x0000000089100000|  0%| F|  |TAMS 0x0000000089000000, 0x0000000089000000| Untracked 
| 145|0x0000000089100000, 0x0000000089100000, 0x0000000089200000|  0%| F|  |TAMS 0x0000000089100000, 0x0000000089100000| Untracked 
| 146|0x0000000089200000, 0x0000000089200000, 0x0000000089300000|  0%| F|  |TAMS 0x0000000089200000, 0x0000000089200000| Untracked 
| 147|0x0000000089300000, 0x0000000089300000, 0x0000000089400000|  0%| F|  |TAMS 0x0000000089300000, 0x0000000089300000| Untracked 
| 148|0x0000000089400000, 0x0000000089400000, 0x0000000089500000|  0%| F|  |TAMS 0x0000000089400000, 0x0000000089400000| Untracked 
| 149|0x0000000089500000, 0x0000000089500000, 0x0000000089600000|  0%| F|  |TAMS 0x0000000089500000, 0x0000000089500000| Untracked 
| 150|0x0000000089600000, 0x0000000089600000, 0x0000000089700000|  0%| F|  |TAMS 0x0000000089600000, 0x0000000089600000| Untracked 
| 151|0x0000000089700000, 0x0000000089700000, 0x0000000089800000|  0%| F|  |TAMS 0x0000000089700000, 0x0000000089700000| Untracked 
| 152|0x0000000089800000, 0x0000000089800000, 0x0000000089900000|  0%| F|  |TAMS 0x0000000089800000, 0x0000000089800000| Untracked 
| 153|0x0000000089900000, 0x0000000089900000, 0x0000000089a00000|  0%| F|  |TAMS 0x0000000089900000, 0x0000000089900000| Untracked 
| 154|0x0000000089a00000, 0x0000000089a00000, 0x0000000089b00000|  0%| F|  |TAMS 0x0000000089a00000, 0x0000000089a00000| Untracked 
| 155|0x0000000089b00000, 0x0000000089c00000, 0x0000000089c00000|100%| E|  |TAMS 0x0000000089b00000, 0x0000000089b00000| Complete 
| 156|0x0000000089c00000, 0x0000000089d00000, 0x0000000089d00000|100%| E|CS|TAMS 0x0000000089c00000, 0x0000000089c00000| Complete 
| 157|0x0000000089d00000, 0x0000000089e00000, 0x0000000089e00000|100%| E|CS|TAMS 0x0000000089d00000, 0x0000000089d00000| Complete 
| 158|0x0000000089e00000, 0x0000000089f00000, 0x0000000089f00000|100%| E|CS|TAMS 0x0000000089e00000, 0x0000000089e00000| Complete 
| 159|0x0000000089f00000, 0x000000008a000000, 0x000000008a000000|100%| E|CS|TAMS 0x0000000089f00000, 0x0000000089f00000| Complete 
| 160|0x000000008a000000, 0x000000008a100000, 0x000000008a100000|100%| E|CS|TAMS 0x000000008a000000, 0x000000008a000000| Complete 
| 161|0x000000008a100000, 0x000000008a200000, 0x000000008a200000|100%| E|CS|TAMS 0x000000008a100000, 0x000000008a100000| Complete 
| 162|0x000000008a200000, 0x000000008a300000, 0x000000008a300000|100%| E|CS|TAMS 0x000000008a200000, 0x000000008a200000| Complete 
| 163|0x000000008a300000, 0x000000008a400000, 0x000000008a400000|100%| E|CS|TAMS 0x000000008a300000, 0x000000008a300000| Complete 
| 164|0x000000008a400000, 0x000000008a500000, 0x000000008a500000|100%| E|CS|TAMS 0x000000008a400000, 0x000000008a400000| Complete 
| 165|0x000000008a500000, 0x000000008a600000, 0x000000008a600000|100%| E|CS|TAMS 0x000000008a500000, 0x000000008a500000| Complete 
| 166|0x000000008a600000, 0x000000008a700000, 0x000000008a700000|100%| E|CS|TAMS 0x000000008a600000, 0x000000008a600000| Complete 
| 167|0x000000008a700000, 0x000000008a800000, 0x000000008a800000|100%| E|CS|TAMS 0x000000008a700000, 0x000000008a700000| Complete 
| 168|0x000000008a800000, 0x000000008a900000, 0x000000008a900000|100%| E|CS|TAMS 0x000000008a800000, 0x000000008a800000| Complete 
| 169|0x000000008a900000, 0x000000008aa00000, 0x000000008aa00000|100%| E|CS|TAMS 0x000000008a900000, 0x000000008a900000| Complete 
| 170|0x000000008aa00000, 0x000000008ab00000, 0x000000008ab00000|100%| E|CS|TAMS 0x000000008aa00000, 0x000000008aa00000| Complete 
| 171|0x000000008ab00000, 0x000000008ac00000, 0x000000008ac00000|100%| E|CS|TAMS 0x000000008ab00000, 0x000000008ab00000| Complete 
| 172|0x000000008ac00000, 0x000000008ad00000, 0x000000008ad00000|100%| E|CS|TAMS 0x000000008ac00000, 0x000000008ac00000| Complete 
| 173|0x000000008ad00000, 0x000000008ae00000, 0x000000008ae00000|100%| E|CS|TAMS 0x000000008ad00000, 0x000000008ad00000| Complete 
| 174|0x000000008ae00000, 0x000000008af00000, 0x000000008af00000|100%| E|CS|TAMS 0x000000008ae00000, 0x000000008ae00000| Complete 
| 175|0x000000008af00000, 0x000000008b000000, 0x000000008b000000|100%| E|CS|TAMS 0x000000008af00000, 0x000000008af00000| Complete 
| 176|0x000000008b000000, 0x000000008b100000, 0x000000008b100000|100%| E|CS|TAMS 0x000000008b000000, 0x000000008b000000| Complete 
| 177|0x000000008b100000, 0x000000008b200000, 0x000000008b200000|100%| E|CS|TAMS 0x000000008b100000, 0x000000008b100000| Complete 
| 178|0x000000008b200000, 0x000000008b300000, 0x000000008b300000|100%| E|CS|TAMS 0x000000008b200000, 0x000000008b200000| Complete 
| 179|0x000000008b300000, 0x000000008b400000, 0x000000008b400000|100%| E|CS|TAMS 0x000000008b300000, 0x000000008b300000| Complete 
| 180|0x000000008b400000, 0x000000008b500000, 0x000000008b500000|100%| E|CS|TAMS 0x000000008b400000, 0x000000008b400000| Complete 
| 181|0x000000008b500000, 0x000000008b600000, 0x000000008b600000|100%| E|CS|TAMS 0x000000008b500000, 0x000000008b500000| Complete 
| 182|0x000000008b600000, 0x000000008b700000, 0x000000008b700000|100%| E|CS|TAMS 0x000000008b600000, 0x000000008b600000| Complete 
| 183|0x000000008b700000, 0x000000008b800000, 0x000000008b800000|100%| E|CS|TAMS 0x000000008b700000, 0x000000008b700000| Complete 
| 184|0x000000008b800000, 0x000000008b900000, 0x000000008b900000|100%| E|CS|TAMS 0x000000008b800000, 0x000000008b800000| Complete 
| 185|0x000000008b900000, 0x000000008ba00000, 0x000000008ba00000|100%| E|CS|TAMS 0x000000008b900000, 0x000000008b900000| Complete 
| 186|0x000000008ba00000, 0x000000008bb00000, 0x000000008bb00000|100%| E|CS|TAMS 0x000000008ba00000, 0x000000008ba00000| Complete 
| 187|0x000000008bb00000, 0x000000008bc00000, 0x000000008bc00000|100%| E|CS|TAMS 0x000000008bb00000, 0x000000008bb00000| Complete 
| 188|0x000000008bc00000, 0x000000008bd00000, 0x000000008bd00000|100%| E|CS|TAMS 0x000000008bc00000, 0x000000008bc00000| Complete 
| 189|0x000000008bd00000, 0x000000008be00000, 0x000000008be00000|100%| E|CS|TAMS 0x000000008bd00000, 0x000000008bd00000| Complete 
| 190|0x000000008be00000, 0x000000008bf00000, 0x000000008bf00000|100%| E|CS|TAMS 0x000000008be00000, 0x000000008be00000| Complete 
| 191|0x000000008bf00000, 0x000000008c000000, 0x000000008c000000|100%| E|CS|TAMS 0x000000008bf00000, 0x000000008bf00000| Complete 
| 192|0x000000008c000000, 0x000000008c100000, 0x000000008c100000|100%| E|CS|TAMS 0x000000008c000000, 0x000000008c000000| Complete 
| 193|0x000000008c100000, 0x000000008c200000, 0x000000008c200000|100%| E|CS|TAMS 0x000000008c100000, 0x000000008c100000| Complete 
| 194|0x000000008c200000, 0x000000008c300000, 0x000000008c300000|100%| E|CS|TAMS 0x000000008c200000, 0x000000008c200000| Complete 
| 195|0x000000008c300000, 0x000000008c400000, 0x000000008c400000|100%| E|CS|TAMS 0x000000008c300000, 0x000000008c300000| Complete 
| 196|0x000000008c400000, 0x000000008c500000, 0x000000008c500000|100%| E|CS|TAMS 0x000000008c400000, 0x000000008c400000| Complete 
| 197|0x000000008c500000, 0x000000008c600000, 0x000000008c600000|100%| E|CS|TAMS 0x000000008c500000, 0x000000008c500000| Complete 
| 198|0x000000008c600000, 0x000000008c700000, 0x000000008c700000|100%| E|CS|TAMS 0x000000008c600000, 0x000000008c600000| Complete 
| 199|0x000000008c700000, 0x000000008c800000, 0x000000008c800000|100%| E|CS|TAMS 0x000000008c700000, 0x000000008c700000| Complete 
| 200|0x000000008c800000, 0x000000008c900000, 0x000000008c900000|100%| E|CS|TAMS 0x000000008c800000, 0x000000008c800000| Complete 
| 201|0x000000008c900000, 0x000000008ca00000, 0x000000008ca00000|100%| E|CS|TAMS 0x000000008c900000, 0x000000008c900000| Complete 
| 202|0x000000008ca00000, 0x000000008cb00000, 0x000000008cb00000|100%| E|CS|TAMS 0x000000008ca00000, 0x000000008ca00000| Complete 
| 203|0x000000008cb00000, 0x000000008cc00000, 0x000000008cc00000|100%| E|CS|TAMS 0x000000008cb00000, 0x000000008cb00000| Complete 
| 204|0x000000008cc00000, 0x000000008cd00000, 0x000000008cd00000|100%| E|CS|TAMS 0x000000008cc00000, 0x000000008cc00000| Complete 
| 205|0x000000008cd00000, 0x000000008ce00000, 0x000000008ce00000|100%| E|CS|TAMS 0x000000008cd00000, 0x000000008cd00000| Complete 
| 206|0x000000008ce00000, 0x000000008cf00000, 0x000000008cf00000|100%| E|CS|TAMS 0x000000008ce00000, 0x000000008ce00000| Complete 
| 207|0x000000008cf00000, 0x000000008d000000, 0x000000008d000000|100%| E|CS|TAMS 0x000000008cf00000, 0x000000008cf00000| Complete 
| 208|0x000000008d000000, 0x000000008d100000, 0x000000008d100000|100%| E|CS|TAMS 0x000000008d000000, 0x000000008d000000| Complete 
| 209|0x000000008d100000, 0x000000008d200000, 0x000000008d200000|100%| E|CS|TAMS 0x000000008d100000, 0x000000008d100000| Complete 
| 210|0x000000008d200000, 0x000000008d300000, 0x000000008d300000|100%| E|CS|TAMS 0x000000008d200000, 0x000000008d200000| Complete 
| 211|0x000000008d300000, 0x000000008d400000, 0x000000008d400000|100%| E|CS|TAMS 0x000000008d300000, 0x000000008d300000| Complete 
| 212|0x000000008d400000, 0x000000008d500000, 0x000000008d500000|100%| E|CS|TAMS 0x000000008d400000, 0x000000008d400000| Complete 
| 213|0x000000008d500000, 0x000000008d600000, 0x000000008d600000|100%| E|CS|TAMS 0x000000008d500000, 0x000000008d500000| Complete 
| 214|0x000000008d600000, 0x000000008d700000, 0x000000008d700000|100%| E|CS|TAMS 0x000000008d600000, 0x000000008d600000| Complete 
| 215|0x000000008d700000, 0x000000008d800000, 0x000000008d800000|100%| E|CS|TAMS 0x000000008d700000, 0x000000008d700000| Complete 
| 216|0x000000008d800000, 0x000000008d900000, 0x000000008d900000|100%| E|CS|TAMS 0x000000008d800000, 0x000000008d800000| Complete 
| 217|0x000000008d900000, 0x000000008da00000, 0x000000008da00000|100%| E|CS|TAMS 0x000000008d900000, 0x000000008d900000| Complete 
| 218|0x000000008da00000, 0x000000008db00000, 0x000000008db00000|100%| E|CS|TAMS 0x000000008da00000, 0x000000008da00000| Complete 
| 219|0x000000008db00000, 0x000000008dc00000, 0x000000008dc00000|100%| E|CS|TAMS 0x000000008db00000, 0x000000008db00000| Complete 
| 220|0x000000008dc00000, 0x000000008dd00000, 0x000000008dd00000|100%| E|CS|TAMS 0x000000008dc00000, 0x000000008dc00000| Complete 
| 221|0x000000008dd00000, 0x000000008de00000, 0x000000008de00000|100%| E|CS|TAMS 0x000000008dd00000, 0x000000008dd00000| Complete 
| 222|0x000000008de00000, 0x000000008df00000, 0x000000008df00000|100%| E|CS|TAMS 0x000000008de00000, 0x000000008de00000| Complete 
| 223|0x000000008df00000, 0x000000008e000000, 0x000000008e000000|100%| E|CS|TAMS 0x000000008df00000, 0x000000008df00000| Complete 

Card table byte_map: [0x000001f948580000,0x000001f948980000] _byte_map_base: 0x000001f948180000

Marking Bits (Prev, Next): (CMBitMap*) 0x000001f93346d430, (CMBitMap*) 0x000001f93346d3f8
 Prev Bits: [0x000001f94ad80000, 0x000001f94cd80000)
 Next Bits: [0x000001f948d80000, 0x000001f94ad80000)

Polling page: 0x000001f933510000

Metaspace:

Usage:
  Non-class:     58.03 MB capacity,    56.76 MB ( 98%) used,     1.09 MB (  2%) free+waste,   177.38 KB ( <1%) overhead. 
      Class:      8.56 MB capacity,     7.97 MB ( 93%) used,   525.16 KB (  6%) free+waste,    81.25 KB ( <1%) overhead. 
       Both:     66.58 MB capacity,    64.72 MB ( 97%) used,     1.61 MB (  2%) free+waste,   258.63 KB ( <1%) overhead. 

Virtual space:
  Non-class space:       60.00 MB reserved,      58.25 MB ( 97%) committed 
      Class space:        1.00 GB reserved,       8.63 MB ( <1%) committed 
             Both:        1.06 GB reserved,      66.88 MB (  6%) committed 

Chunk freelists:
   Non-Class:  38.00 KB
       Class:  4.00 KB
        Both:  42.00 KB

MaxMetaspaceSize: 17179869184.00 GB
CompressedClassSpaceSize: 1.00 GB

CodeHeap 'non-profiled nmethods': size=120000Kb used=9135Kb max_used=9135Kb free=110864Kb
 bounds [0x000001f9401f0000, 0x000001f940ae0000, 0x000001f947720000]
CodeHeap 'profiled nmethods': size=120000Kb used=25637Kb max_used=25637Kb free=94362Kb
 bounds [0x000001f938cc0000, 0x000001f93a5d0000, 0x000001f9401f0000]
CodeHeap 'non-nmethods': size=5760Kb used=2267Kb max_used=2349Kb free=3492Kb
 bounds [0x000001f938720000, 0x000001f938990000, 0x000001f938cc0000]
 total_blobs=11659 nmethods=10789 adapters=779
 compilation: enabled
              stopped_count=0, restarted_count=0
 full_count=0

Compilation events (20 events):
Event: 74.049 Thread 0x000001f950113800 10896       2       java.io.File$TempDirectory::generateFile (395 bytes)
Event: 74.051 Thread 0x000001f950113800 nmethod 10896 0x000001f93a5a6790 code [0x000001f93a5a6b20, 0x000001f93a5a7a18]
Event: 74.051 Thread 0x000001f950113800 10897       2       java.lang.Long::toUnsignedString (7 bytes)
Event: 74.051 Thread 0x000001f950113800 nmethod 10897 0x000001f93a5a8490 code [0x000001f93a5a8640, 0x000001f93a5a8728]
Event: 74.051 Thread 0x000001f950113800 10898       2       java.lang.Long::toUnsignedString (148 bytes)
Event: 74.052 Thread 0x000001f950113800 nmethod 10898 0x000001f93a5a8810 code [0x000001f93a5a8a80, 0x000001f93a5a9038]
Event: 74.052 Thread 0x000001f950113800 10899       2       sun.nio.fs.WindowsPath::getRoot (5 bytes)
Event: 74.052 Thread 0x000001f950113800 nmethod 10899 0x000001f93a5a9390 code [0x000001f93a5a9540, 0x000001f93a5a9648]
Event: 74.052 Thread 0x000001f950113800 10900       2       sun.nio.fs.WindowsPath::getRoot (36 bytes)
Event: 74.052 Thread 0x000001f950113800 nmethod 10900 0x000001f93a5a9710 code [0x000001f93a5a98e0, 0x000001f93a5a9bf8]
Event: 74.063 Thread 0x000001f950113800 10901       2       org.gradle.internal.snapshot.AbstractIncompleteFileSystemNode::getNode (10 bytes)
Event: 74.063 Thread 0x000001f950113800 nmethod 10901 0x000001f93a5a9d10 code [0x000001f93a5a9ee0, 0x000001f93a5aa108]
Event: 74.063 Thread 0x000001f950113800 10902       2       org.gradle.internal.snapshot.SnapshotUtil::getChild (20 bytes)
Event: 74.063 Thread 0x000001f950113800 nmethod 10902 0x000001f93a5aa210 code [0x000001f93a5aa3e0, 0x000001f93a5aa5e8]
Event: 74.063 Thread 0x000001f950113800 10903       2       org.gradle.internal.snapshot.SnapshotUtil$2::<init> (10 bytes)
Event: 74.064 Thread 0x000001f950113800 nmethod 10903 0x000001f93a5aa710 code [0x000001f93a5aa8c0, 0x000001f93a5aa9f8]
Event: 74.064 Thread 0x000001f950113800 10904       2       java.io.WinNTFileSystem::isAbsolute (36 bytes)
Event: 74.064 Thread 0x000001f950113800 nmethod 10904 0x000001f93a5aaa90 code [0x000001f93a5aac60, 0x000001f93a5aaf38]
Event: 74.127 Thread 0x000001f950113800 10905   !   2       org.gradle.internal.hash.DefaultStreamHasher::doHash (84 bytes)
Event: 74.129 Thread 0x000001f950113800 nmethod 10905 0x000001f93a5ab190 code [0x000001f93a5ab480, 0x000001f93a5ac248]

GC Heap History (20 events):
Event: 72.838 GC heap before
{Heap before GC invocations=23 (full 0):
 garbage-first heap   total 229376K, used 195326K [0x0000000080000000, 0x0000000100000000)
  region size 1024K, 132 young (135168K), 7 survivors (7168K)
 Metaspace       used 66166K, capacity 68049K, committed 68224K, reserved 1107968K
  class space    used 8154K, capacity 8764K, committed 8832K, reserved 1048576K
}
Event: 72.845 GC heap after
{Heap after GC invocations=24 (full 0):
 garbage-first heap   total 229376K, used 68170K [0x0000000080000000, 0x0000000100000000)
  region size 1024K, 8 young (8192K), 8 survivors (8192K)
 Metaspace       used 66166K, capacity 68049K, committed 68224K, reserved 1107968K
  class space    used 8154K, capacity 8764K, committed 8832K, reserved 1048576K
}
Event: 72.986 GC heap before
{Heap before GC invocations=24 (full 0):
 garbage-first heap   total 229376K, used 196170K [0x0000000080000000, 0x0000000100000000)
  region size 1024K, 133 young (136192K), 8 survivors (8192K)
 Metaspace       used 66166K, capacity 68049K, committed 68224K, reserved 1107968K
  class space    used 8154K, capacity 8764K, committed 8832K, reserved 1048576K
}
Event: 72.991 GC heap after
{Heap after GC invocations=25 (full 0):
 garbage-first heap   total 229376K, used 69994K [0x0000000080000000, 0x0000000100000000)
  region size 1024K, 8 young (8192K), 8 survivors (8192K)
 Metaspace       used 66166K, capacity 68049K, committed 68224K, reserved 1107968K
  class space    used 8154K, capacity 8764K, committed 8832K, reserved 1048576K
}
Event: 73.143 GC heap before
{Heap before GC invocations=25 (full 0):
 garbage-first heap   total 229376K, used 195946K [0x0000000080000000, 0x0000000100000000)
  region size 1024K, 132 young (135168K), 8 survivors (8192K)
 Metaspace       used 66175K, capacity 68049K, committed 68224K, reserved 1107968K
  class space    used 8154K, capacity 8764K, committed 8832K, reserved 1048576K
}
Event: 73.149 GC heap after
{Heap after GC invocations=26 (full 0):
 garbage-first heap   total 229376K, used 69910K [0x0000000080000000, 0x0000000100000000)
  region size 1024K, 8 young (8192K), 8 survivors (8192K)
 Metaspace       used 66175K, capacity 68049K, committed 68224K, reserved 1107968K
  class space    used 8154K, capacity 8764K, committed 8832K, reserved 1048576K
}
Event: 73.298 GC heap before
{Heap before GC invocations=26 (full 0):
 garbage-first heap   total 229376K, used 195862K [0x0000000080000000, 0x0000000100000000)
  region size 1024K, 133 young (136192K), 8 survivors (8192K)
 Metaspace       used 66205K, capacity 68052K, committed 68224K, reserved 1107968K
  class space    used 8154K, capacity 8764K, committed 8832K, reserved 1048576K
}
Event: 73.304 GC heap after
{Heap after GC invocations=27 (full 0):
 garbage-first heap   total 229376K, used 70396K [0x0000000080000000, 0x0000000100000000)
  region size 1024K, 9 young (9216K), 9 survivors (9216K)
 Metaspace       used 66205K, capacity 68052K, committed 68224K, reserved 1107968K
  class space    used 8154K, capacity 8764K, committed 8832K, reserved 1048576K
}
Event: 73.462 GC heap before
{Heap before GC invocations=27 (full 0):
 garbage-first heap   total 229376K, used 194300K [0x0000000080000000, 0x0000000100000000)
  region size 1024K, 132 young (135168K), 9 survivors (9216K)
 Metaspace       used 66227K, capacity 68052K, committed 68224K, reserved 1107968K
  class space    used 8156K, capacity 8764K, committed 8832K, reserved 1048576K
}
Event: 73.468 GC heap after
{Heap after GC invocations=28 (full 0):
 garbage-first heap   total 229376K, used 71842K [0x0000000080000000, 0x0000000100000000)
  region size 1024K, 10 young (10240K), 10 survivors (10240K)
 Metaspace       used 66227K, capacity 68052K, committed 68224K, reserved 1107968K
  class space    used 8156K, capacity 8764K, committed 8832K, reserved 1048576K
}
Event: 73.590 GC heap before
{Heap before GC invocations=28 (full 0):
 garbage-first heap   total 229376K, used 193698K [0x0000000080000000, 0x0000000100000000)
  region size 1024K, 130 young (133120K), 10 survivors (10240K)
 Metaspace       used 66229K, capacity 68052K, committed 68224K, reserved 1107968K
  class space    used 8156K, capacity 8764K, committed 8832K, reserved 1048576K
}
Event: 73.596 GC heap after
{Heap after GC invocations=29 (full 0):
 garbage-first heap   total 229376K, used 72211K [0x0000000080000000, 0x0000000100000000)
  region size 1024K, 6 young (6144K), 6 survivors (6144K)
 Metaspace       used 66229K, capacity 68052K, committed 68224K, reserved 1107968K
  class space    used 8156K, capacity 8764K, committed 8832K, reserved 1048576K
}
Event: 73.708 GC heap before
{Heap before GC invocations=29 (full 0):
 garbage-first heap   total 229376K, used 197139K [0x0000000080000000, 0x0000000100000000)
  region size 1024K, 130 young (133120K), 6 survivors (6144K)
 Metaspace       used 66230K, capacity 68052K, committed 68224K, reserved 1107968K
  class space    used 8156K, capacity 8764K, committed 8832K, reserved 1048576K
}
Event: 73.712 GC heap after
{Heap after GC invocations=30 (full 0):
 garbage-first heap   total 229376K, used 72211K [0x0000000080000000, 0x0000000100000000)
  region size 1024K, 6 young (6144K), 6 survivors (6144K)
 Metaspace       used 66230K, capacity 68052K, committed 68224K, reserved 1107968K
  class space    used 8156K, capacity 8764K, committed 8832K, reserved 1048576K
}
Event: 73.839 GC heap before
{Heap before GC invocations=30 (full 0):
 garbage-first heap   total 229376K, used 197139K [0x0000000080000000, 0x0000000100000000)
  region size 1024K, 129 young (132096K), 6 survivors (6144K)
 Metaspace       used 66241K, capacity 68118K, committed 68224K, reserved 1107968K
  class space    used 8157K, capacity 8764K, committed 8832K, reserved 1048576K
}
Event: 73.842 GC heap after
{Heap after GC invocations=31 (full 0):
 garbage-first heap   total 229376K, used 72807K [0x0000000080000000, 0x0000000100000000)
  region size 1024K, 7 young (7168K), 7 survivors (7168K)
 Metaspace       used 66241K, capacity 68118K, committed 68224K, reserved 1107968K
  class space    used 8157K, capacity 8764K, committed 8832K, reserved 1048576K
}
Event: 73.993 GC heap before
{Heap before GC invocations=31 (full 0):
 garbage-first heap   total 229376K, used 196711K [0x0000000080000000, 0x0000000100000000)
  region size 1024K, 130 young (133120K), 7 survivors (7168K)
 Metaspace       used 66251K, capacity 68118K, committed 68224K, reserved 1107968K
  class space    used 8157K, capacity 8764K, committed 8832K, reserved 1048576K
}
Event: 73.997 GC heap after
{Heap after GC invocations=32 (full 0):
 garbage-first heap   total 229376K, used 74062K [0x0000000080000000, 0x0000000100000000)
  region size 1024K, 8 young (8192K), 8 survivors (8192K)
 Metaspace       used 66251K, capacity 68118K, committed 68224K, reserved 1107968K
  class space    used 8157K, capacity 8764K, committed 8832K, reserved 1048576K
}
Event: 74.156 GC heap before
{Heap before GC invocations=32 (full 0):
 garbage-first heap   total 229376K, used 195918K [0x0000000080000000, 0x0000000100000000)
  region size 1024K, 128 young (131072K), 8 survivors (8192K)
 Metaspace       used 66265K, capacity 68182K, committed 68480K, reserved 1110016K
  class space    used 8157K, capacity 8764K, committed 8832K, reserved 1048576K
}
Event: 74.160 GC heap after
{Heap after GC invocations=33 (full 0):
 garbage-first heap   total 229376K, used 74764K [0x0000000080000000, 0x0000000100000000)
  region size 1024K, 9 young (9216K), 9 survivors (9216K)
 Metaspace       used 66265K, capacity 68182K, committed 68480K, reserved 1110016K
  class space    used 8157K, capacity 8764K, committed 8832K, reserved 1048576K
}

Deoptimization events (20 events):
Event: 73.933 Thread 0x000001f95297e800 DEOPT PACKING pc=0x000001f93a4afeee sp=0x0000007e7b0fe160
Event: 73.933 Thread 0x000001f95297e800 DEOPT UNPACKING pc=0x000001f9387476ce sp=0x0000007e7b0fd7d0 mode 0
Event: 73.934 Thread 0x000001f953d52000 DEOPT PACKING pc=0x000001f93a4b0eac sp=0x0000007e7b2fe560
Event: 73.934 Thread 0x000001f953d52000 DEOPT UNPACKING pc=0x000001f9387476ce sp=0x0000007e7b2fdbd0 mode 0
Event: 73.936 Thread 0x000001f953d52000 DEOPT PACKING pc=0x000001f93a4b0eac sp=0x0000007e7b2fe560
Event: 73.936 Thread 0x000001f953d52000 DEOPT UNPACKING pc=0x000001f9387476ce sp=0x0000007e7b2fdbd0 mode 0
Event: 73.974 Thread 0x000001f953d53000 DEOPT PACKING pc=0x000001f93a5756e9 sp=0x0000007e7b5fe0d0
Event: 73.974 Thread 0x000001f953d53000 DEOPT UNPACKING pc=0x000001f9387476ce sp=0x0000007e7b5fd610 mode 0
Event: 73.998 Thread 0x000001f952985000 Uncommon trap: trap_request=0xffffff6e fr.pc=0x000001f9405fb478 relative=0x0000000000000118
Event: 73.998 Thread 0x000001f952985000 Uncommon trap: reason=speculate_class_check action=maybe_recompile pc=0x000001f9405fb478 method=org.gradle.api.internal.file.archive.impl.JdkZipEntry.withInputStream(Lorg/gradle/api/internal/file/archive/ZipEntry$InputStreamAction;)Ljava/lang/Object; @ 41
Event: 73.998 Thread 0x000001f952985000 DEOPT PACKING pc=0x000001f9405fb478 sp=0x0000007e7b1fec60
Event: 73.998 Thread 0x000001f952985000 DEOPT UNPACKING pc=0x000001f9387478af sp=0x0000007e7b1febe8 mode 2
Event: 74.024 Thread 0x000001f95297e800 Uncommon trap: trap_request=0xffffff4d fr.pc=0x000001f940acdccc relative=0x00000000000041cc
Event: 74.024 Thread 0x000001f95297e800 Uncommon trap: reason=unstable_if action=reinterpret pc=0x000001f940acdccc method=org.objectweb.asm.AnnotationWriter.computeAnnotationsSize(Lorg/objectweb/asm/AnnotationWriter;Lorg/objectweb/asm/AnnotationWriter;Lorg/objectweb/asm/AnnotationWriter;Lorg/ob
Event: 74.024 Thread 0x000001f95297e800 DEOPT PACKING pc=0x000001f940acdccc sp=0x0000007e7b0fe700
Event: 74.024 Thread 0x000001f95297e800 DEOPT UNPACKING pc=0x000001f9387478af sp=0x0000007e7b0fe5c0 mode 2
Event: 74.067 Thread 0x000001f953d55800 DEOPT PACKING pc=0x000001f93a5756e9 sp=0x0000007e7b6fde00
Event: 74.067 Thread 0x000001f953d55800 DEOPT UNPACKING pc=0x000001f9387476ce sp=0x0000007e7b6fd340 mode 0
Event: 74.139 Thread 0x000001f953d54000 DEOPT PACKING pc=0x000001f93a5756e9 sp=0x0000007e7b7fdcb0
Event: 74.139 Thread 0x000001f953d54000 DEOPT UNPACKING pc=0x000001f9387476ce sp=0x0000007e7b7fd1f0 mode 0

Classes redefined (0 events):
No events

Internal exceptions (20 events):
Event: 73.812 Thread 0x000001f953d51800 Exception <a 'sun/nio/fs/WindowsException'{0x0000000089a736b0}> (0x0000000089a736b0) thrown at [./src/hotspot/share/prims/jni.cpp, line 615]
Event: 73.818 Thread 0x000001f953d51800 Exception <a 'sun/nio/fs/WindowsException'{0x0000000089a79608}> (0x0000000089a79608) thrown at [./src/hotspot/share/prims/jni.cpp, line 615]
Event: 73.820 Thread 0x000001f953d51800 Exception <a 'sun/nio/fs/WindowsException'{0x00000000872f9300}> (0x00000000872f9300) thrown at [./src/hotspot/share/prims/jni.cpp, line 615]
Event: 73.822 Thread 0x000001f953d51800 Exception <a 'sun/nio/fs/WindowsException'{0x00000000872f94b8}> (0x00000000872f94b8) thrown at [./src/hotspot/share/prims/jni.cpp, line 615]
Event: 73.826 Thread 0x000001f95297e800 Exception <a 'sun/nio/fs/WindowsException'{0x0000000086e93078}> (0x0000000086e93078) thrown at [./src/hotspot/share/prims/jni.cpp, line 615]
Event: 73.827 Thread 0x000001f95297e800 Exception <a 'sun/nio/fs/WindowsException'{0x0000000086e93228}> (0x0000000086e93228) thrown at [./src/hotspot/share/prims/jni.cpp, line 615]
Event: 73.827 Thread 0x000001f953d51800 Exception <a 'sun/nio/fs/WindowsException'{0x0000000086d111a0}> (0x0000000086d111a0) thrown at [./src/hotspot/share/prims/jni.cpp, line 615]
Event: 73.833 Thread 0x000001f95297e800 Exception <a 'sun/nio/fs/WindowsException'{0x0000000086af63f8}> (0x0000000086af63f8) thrown at [./src/hotspot/share/prims/jni.cpp, line 615]
Event: 73.899 Thread 0x000001f953d51800 Exception <a 'sun/nio/fs/WindowsException'{0x000000008b632bc8}> (0x000000008b632bc8) thrown at [./src/hotspot/share/prims/jni.cpp, line 615]
Event: 73.900 Thread 0x000001f953d51800 Exception <a 'sun/nio/fs/WindowsException'{0x000000008b632d50}> (0x000000008b632d50) thrown at [./src/hotspot/share/prims/jni.cpp, line 615]
Event: 73.908 Thread 0x000001f953d51800 Exception <a 'sun/nio/fs/WindowsException'{0x000000008b158008}> (0x000000008b158008) thrown at [./src/hotspot/share/prims/jni.cpp, line 615]
Event: 73.992 Thread 0x000001f952985000 Exception <a 'sun/nio/fs/WindowsException'{0x000000008c509b38}> (0x000000008c509b38) thrown at [./src/hotspot/share/prims/jni.cpp, line 615]
Event: 74.004 Thread 0x000001f953d52000 Exception <a 'sun/nio/fs/WindowsException'{0x000000008da29e30}> (0x000000008da29e30) thrown at [./src/hotspot/share/prims/jni.cpp, line 615]
Event: 74.006 Thread 0x000001f952985000 Exception <a 'sun/nio/fs/WindowsException'{0x000000008dbf6f68}> (0x000000008dbf6f68) thrown at [./src/hotspot/share/prims/jni.cpp, line 615]
Event: 74.008 Thread 0x000001f953d52000 Exception <a 'sun/nio/fs/WindowsException'{0x000000008da29fd0}> (0x000000008da29fd0) thrown at [./src/hotspot/share/prims/jni.cpp, line 615]
Event: 74.009 Thread 0x000001f952985000 Exception <a 'sun/nio/fs/WindowsException'{0x000000008dbf70f0}> (0x000000008dbf70f0) thrown at [./src/hotspot/share/prims/jni.cpp, line 615]
Event: 74.078 Thread 0x000001f952985000 Exception <a 'sun/nio/fs/WindowsException'{0x000000008cf06ee0}> (0x000000008cf06ee0) thrown at [./src/hotspot/share/prims/jni.cpp, line 615]
Event: 74.087 Thread 0x000001f953d52000 Exception <a 'sun/nio/fs/WindowsException'{0x000000008da2fa28}> (0x000000008da2fa28) thrown at [./src/hotspot/share/prims/jni.cpp, line 615]
Event: 74.108 Thread 0x000001f953d52000 Exception <a 'sun/nio/fs/WindowsException'{0x0000000088dda428}> (0x0000000088dda428) thrown at [./src/hotspot/share/prims/jni.cpp, line 615]
Event: 74.109 Thread 0x000001f953d52000 Exception <a 'sun/nio/fs/WindowsException'{0x0000000088dda5b0}> (0x0000000088dda5b0) thrown at [./src/hotspot/share/prims/jni.cpp, line 615]

Events (20 events):
Event: 73.707 Executing VM operation: G1CollectForAllocation
Event: 73.707 Executing VM operation: G1CollectForAllocation done
Event: 73.708 Executing VM operation: G1CollectForAllocation
Event: 73.712 Executing VM operation: G1CollectForAllocation done
Event: 73.837 loading class org/objectweb/asm/TypeReference
Event: 73.837 loading class org/objectweb/asm/TypeReference done
Event: 73.837 loading class org/objectweb/asm/TypePath
Event: 73.837 loading class org/objectweb/asm/TypePath done
Event: 73.838 Executing VM operation: G1CollectForAllocation
Event: 73.838 Executing VM operation: G1CollectForAllocation done
Event: 73.838 Executing VM operation: G1CollectForAllocation
Event: 73.842 Executing VM operation: G1CollectForAllocation done
Event: 73.993 Executing VM operation: G1CollectForAllocation
Event: 73.993 Executing VM operation: G1CollectForAllocation done
Event: 73.993 Executing VM operation: G1CollectForAllocation
Event: 73.997 Executing VM operation: G1CollectForAllocation done
Event: 74.155 Executing VM operation: G1CollectForAllocation
Event: 74.156 Executing VM operation: G1CollectForAllocation done
Event: 74.156 Executing VM operation: G1CollectForAllocation
Event: 74.160 Executing VM operation: G1CollectForAllocation done


Dynamic libraries:
0x00007ff744250000 - 0x00007ff74425a000 	C:\Program Files\Android\Android Studio\jre\bin\java.exe
0x00007ffba4990000 - 0x00007ffba4b85000 	C:\Windows\SYSTEM32\ntdll.dll
0x00007ffba3b50000 - 0x00007ffba3c0e000 	C:\Windows\System32\KERNEL32.DLL
0x00007ffba2330000 - 0x00007ffba25f9000 	C:\Windows\System32\KERNELBASE.dll
0x00007ffba28e0000 - 0x00007ffba29e0000 	C:\Windows\System32\ucrtbase.dll
0x00007ffb8c7b0000 - 0x00007ffb8c7c9000 	C:\Program Files\Android\Android Studio\jre\bin\jli.dll
0x00007ffb88160000 - 0x00007ffb88177000 	C:\Program Files\Android\Android Studio\jre\bin\VCRUNTIME140.dll
0x00007ffba4430000 - 0x00007ffba45d1000 	C:\Windows\System32\USER32.dll
0x00007ffb8df80000 - 0x00007ffb8e21a000 	C:\Windows\WinSxS\amd64_microsoft.windows.common-controls_6595b64144ccf1df_6.0.19041.1110_none_60b5254171f9507e\COMCTL32.dll
0x00007ffba2600000 - 0x00007ffba2622000 	C:\Windows\System32\win32u.dll
0x00007ffba4260000 - 0x00007ffba42fe000 	C:\Windows\System32\msvcrt.dll
0x00007ffba4920000 - 0x00007ffba494b000 	C:\Windows\System32\GDI32.dll
0x00007ffba2720000 - 0x00007ffba282b000 	C:\Windows\System32\gdi32full.dll
0x00007ffba2630000 - 0x00007ffba26cd000 	C:\Windows\System32\msvcp_win.dll
0x00007ffba48f0000 - 0x00007ffba4920000 	C:\Windows\System32\IMM32.DLL
0x00007ffb56010000 - 0x00007ffb560ad000 	C:\Program Files\Android\Android Studio\jre\bin\msvcp140.dll
0x00007ffb38bb0000 - 0x00007ffb3967f000 	C:\Program Files\Android\Android Studio\jre\bin\server\jvm.dll
0x00007ffba2a80000 - 0x00007ffba2b2c000 	C:\Windows\System32\ADVAPI32.dll
0x00007ffba29e0000 - 0x00007ffba2a7b000 	C:\Windows\System32\sechost.dll
0x00007ffba4690000 - 0x00007ffba47ba000 	C:\Windows\System32\RPCRT4.dll
0x00007ffba4300000 - 0x00007ffba4308000 	C:\Windows\System32\PSAPI.DLL
0x00007ffb9db90000 - 0x00007ffb9db99000 	C:\Windows\SYSTEM32\WSOCK32.dll
0x00007ffb94860000 - 0x00007ffb94887000 	C:\Windows\SYSTEM32\WINMM.dll
0x00007ffb98260000 - 0x00007ffb9826a000 	C:\Windows\SYSTEM32\VERSION.dll
0x00007ffba3570000 - 0x00007ffba35db000 	C:\Windows\System32\WS2_32.dll
0x00007ffb9ffb0000 - 0x00007ffb9ffc2000 	C:\Windows\SYSTEM32\kernel.appcore.dll
0x00007ffb97ee0000 - 0x00007ffb97ef1000 	C:\Program Files\Android\Android Studio\jre\bin\verify.dll
0x00007ffb98270000 - 0x00007ffb98454000 	C:\Windows\SYSTEM32\DBGHELP.DLL
0x00007ffb91bf0000 - 0x00007ffb91c1c000 	C:\Windows\SYSTEM32\dbgcore.DLL
0x00007ffba2140000 - 0x00007ffba21c3000 	C:\Windows\System32\bcryptPrimitives.dll
0x00007ffb85300000 - 0x00007ffb85329000 	C:\Program Files\Android\Android Studio\jre\bin\java.dll
0x00007ffb9d170000 - 0x00007ffb9d17b000 	C:\Program Files\Android\Android Studio\jre\bin\jimage.dll
0x00007ffb92850000 - 0x00007ffb92868000 	C:\Program Files\Android\Android Studio\jre\bin\zip.dll
0x00007ffba2b30000 - 0x00007ffba326f000 	C:\Windows\System32\SHELL32.dll
0x00007ffba01b0000 - 0x00007ffba0940000 	C:\Windows\SYSTEM32\windows.storage.dll
0x00007ffba3db0000 - 0x00007ffba4105000 	C:\Windows\System32\combase.dll
0x00007ffba1a90000 - 0x00007ffba1abc000 	C:\Windows\SYSTEM32\Wldp.dll
0x00007ffba4110000 - 0x00007ffba41bd000 	C:\Windows\System32\SHCORE.dll
0x00007ffba3c70000 - 0x00007ffba3cc5000 	C:\Windows\System32\shlwapi.dll
0x00007ffba1ff0000 - 0x00007ffba200f000 	C:\Windows\SYSTEM32\profapi.dll
0x00007ffb8e340000 - 0x00007ffb8e35a000 	C:\Program Files\Android\Android Studio\jre\bin\net.dll
0x00007ffb94da0000 - 0x00007ffb94ea8000 	C:\Windows\SYSTEM32\WINHTTP.dll
0x00007ffba17f0000 - 0x00007ffba185a000 	C:\Windows\system32\mswsock.dll
0x00007ffb8d380000 - 0x00007ffb8d394000 	C:\Program Files\Android\Android Studio\jre\bin\nio.dll
0x00007ffb64700000 - 0x00007ffb64727000 	C:\Users\jep\.gradle\native\8bec1ad78214c89d9ad589b4d07fe93259594b29d510b10fafb7a158f7737e5d\windows-amd64\native-platform.dll
0x00007ffb41300000 - 0x00007ffb4143d000 	C:\Users\jep\.gradle\native\53dbd7edfb1c66fb8903c78663c9afc45aea4f116125fa6feffd364cf09443e8\windows-amd64\native-platform-file-events.dll
0x00007ffb97f80000 - 0x00007ffb97f8a000 	C:\Program Files\Android\Android Studio\jre\bin\management.dll
0x00007ffb97ed0000 - 0x00007ffb97edc000 	C:\Program Files\Android\Android Studio\jre\bin\management_ext.dll
0x00007ffba19e0000 - 0x00007ffba19f8000 	C:\Windows\SYSTEM32\CRYPTSP.dll
0x00007ffba1170000 - 0x00007ffba11a4000 	C:\Windows\system32\rsaenh.dll
0x00007ffba2110000 - 0x00007ffba2137000 	C:\Windows\System32\bcrypt.dll
0x00007ffba1fb0000 - 0x00007ffba1fde000 	C:\Windows\SYSTEM32\USERENV.dll
0x00007ffba1a00000 - 0x00007ffba1a0c000 	C:\Windows\SYSTEM32\CRYPTBASE.dll
0x00007ffba14e0000 - 0x00007ffba151b000 	C:\Windows\SYSTEM32\IPHLPAPI.DLL
0x00007ffba3270000 - 0x00007ffba3278000 	C:\Windows\System32\NSI.dll
0x00007ffb9bb30000 - 0x00007ffb9bb47000 	C:\Windows\SYSTEM32\dhcpcsvc6.DLL
0x00007ffb9bc00000 - 0x00007ffb9bc1d000 	C:\Windows\SYSTEM32\dhcpcsvc.DLL
0x00007ffba1520000 - 0x00007ffba15ec000 	C:\Windows\SYSTEM32\DNSAPI.dll
0x00007ffb6f7a0000 - 0x00007ffb6f7c7000 	C:\Program Files\Android\Android Studio\jre\bin\sunec.dll
0x00007ffb94d00000 - 0x00007ffb94d0a000 	C:\Windows\System32\rasadhlp.dll
0x00007ffb94d20000 - 0x00007ffb94d9f000 	C:\Windows\System32\fwpuclnt.dll

dbghelp: loaded successfully - version: 4.0.5 - missing functions: none
symbol engine: initialized successfully - sym options: 0x614 - pdb path: .;C:\Program Files\Android\Android Studio\jre\bin;C:\Windows\SYSTEM32;C:\Windows\WinSxS\amd64_microsoft.windows.common-controls_6595b64144ccf1df_6.0.19041.1110_none_60b5254171f9507e;C:\Program Files\Android\Android Studio\jre\bin\server;C:\Users\jep\.gradle\native\8bec1ad78214c89d9ad589b4d07fe93259594b29d510b10fafb7a158f7737e5d\windows-amd64;C:\Users\jep\.gradle\native\53dbd7edfb1c66fb8903c78663c9afc45aea4f116125fa6feffd364cf09443e8\windows-amd64

VM Arguments:
jvm_args: --add-opens=java.base/java.util=ALL-UNNAMED --add-opens=java.base/java.lang=ALL-UNNAMED --add-opens=java.base/java.lang.invoke=ALL-UNNAMED --add-opens=java.base/java.util=ALL-UNNAMED --add-opens=java.prefs/java.util.prefs=ALL-UNNAMED --add-opens=java.prefs/java.util.prefs=ALL-UNNAMED --add-opens=java.base/java.nio.charset=ALL-UNNAMED --add-opens=java.base/java.net=ALL-UNNAMED --add-opens=java.base/java.util.concurrent.atomic=ALL-UNNAMED -Xmx2048m -Dfile.encoding=UTF-8 -Duser.country=US -Duser.language=en -Duser.variant 
java_command: org.gradle.launcher.daemon.bootstrap.GradleDaemon 7.0.2
java_class_path (initial): C:\Users\jep\.gradle\wrapper\dists\gradle-7.0.2-bin\857tjihv64xamwrf0h14cai3r\gradle-7.0.2\lib\gradle-launcher-7.0.2.jar
Launcher Type: SUN_STANDARD

[Global flags]
     intx CICompilerCount                          = 4                                         {product} {ergonomic}
     uint ConcGCThreads                            = 2                                         {product} {ergonomic}
     uint G1ConcRefinementThreads                  = 8                                         {product} {ergonomic}
   size_t G1HeapRegionSize                         = 1048576                                   {product} {ergonomic}
    uintx GCDrainStackTargetSize                   = 64                                        {product} {ergonomic}
   size_t InitialHeapSize                          = 234881024                                 {product} {ergonomic}
   size_t MarkStackSize                            = 4194304                                   {product} {ergonomic}
   size_t MaxHeapSize                              = 2147483648                                {product} {command line}
   size_t MaxNewSize                               = 1287651328                                {product} {ergonomic}
   size_t MinHeapDeltaBytes                        = 1048576                                   {product} {ergonomic}
    uintx NonNMethodCodeHeapSize                   = 5836300                                {pd product} {ergonomic}
    uintx NonProfiledCodeHeapSize                  = 122910970                              {pd product} {ergonomic}
    uintx ProfiledCodeHeapSize                     = 122910970                              {pd product} {ergonomic}
    uintx ReservedCodeCacheSize                    = 251658240                              {pd product} {ergonomic}
     bool SegmentedCodeCache                       = true                                      {product} {ergonomic}
     bool UseCompressedClassPointers               = true                                 {lp64_product} {ergonomic}
     bool UseCompressedOops                        = true                                 {lp64_product} {ergonomic}
     bool UseG1GC                                  = true                                      {product} {ergonomic}
     bool UseLargePagesIndividualAllocation        = false                                  {pd product} {ergonomic}

Logging:
Log output configuration:
 #0: stdout all=warning uptime,level,tags
 #1: stderr all=off uptime,level,tags

Environment Variables:
PATH=C:\Windows\system32;C:\Windows;C:\Windows\System32\Wbem;C:\Windows\System32\WindowsPowerShell\v1.0\;C:\Windows\System32\OpenSSH\;C:\Users\jep\AppData\Local\Microsoft\WindowsApps;
USERNAME=jep
OS=Windows_NT
PROCESSOR_IDENTIFIER=AMD64 Family 23 Model 24 Stepping 1, AuthenticAMD



---------------  S Y S T E M  ---------------

OS: Windows 10 , 64 bit Build 19041 (10.0.19041.1202)
OS uptime: 0 days 1:58 hours

CPU:total 8 (initial active 8) (8 cores per cpu, 2 threads per core) family 23 model 24 stepping 1 microcode 0x0, cmov, cx8, fxsr, mmx, sse, sse2, sse3, ssse3, sse4.1, sse4.2, popcnt, avx, avx2, aes, clmul, mmxext, 3dnowpref, lzcnt, sse4a, ht, tsc, tscinvbit, tscinv, bmi1, bmi2, adx, s

Memory: 4k page, system-wide physical 14274M (7709M free)
TotalPageFile size 16962M (AvailPageFile size 7450M)
current process WorkingSet (physical memory assigned to process): 473M, peak: 473M
current process commit charge ("private bytes"): 520M, peak: 520M

vm_info: OpenJDK 64-Bit Server VM (11.0.10+0-b96-7249189) for windows-amd64 JRE (11.0.10+0-b96-7249189), built on Mar 31 2021 21:44:00 by "builder" with MS VC++ 14.0 (VS2015)

END.
