#
# A fatal error has been detected by the Java Runtime Environment:
#
#  EXCEPTION_ACCESS_VIOLATION (0xc0000005) at pc=0x00007ffb3907e8b7, pid=8980, tid=7348
#
# JRE version: OpenJDK Runtime Environment (11.0.10) (build 11.0.10+0-b96-7249189)
# Java VM: OpenJDK 64-Bit Server VM (11.0.10+0-b96-7249189, mixed mode, tiered, compressed oops, g1 gc, windows-amd64)
# Problematic frame:
# V  [jvm.dll+0x4ce8b7]
#
# No core dump will be written. Minidumps are not enabled by default on client versions of Windows
#
# If you would like to submit a bug report, please visit:
#   https://bugreport.java.com/bugreport/crash.jsp
#

---------------  S U M M A R Y ------------

Command Line: --add-opens=java.base/java.util=ALL-UNNAMED --add-opens=java.base/java.lang=ALL-UNNAMED --add-opens=java.base/java.lang.invoke=ALL-UNNAMED --add-opens=java.base/java.util=ALL-UNNAMED --add-opens=java.prefs/java.util.prefs=ALL-UNNAMED --add-opens=java.prefs/java.util.prefs=ALL-UNNAMED --add-opens=java.base/java.nio.charset=ALL-UNNAMED --add-opens=java.base/java.net=ALL-UNNAMED --add-opens=java.base/java.util.concurrent.atomic=ALL-UNNAMED -Xmx2048m -Dfile.encoding=UTF-8 -Duser.country=US -Duser.language=en -Duser.variant org.gradle.launcher.daemon.bootstrap.GradleDaemon 7.0.2

Host: AMD Ryzen 5 3550H with Radeon Vega Mobile Gfx  , 8 cores, 13G,  Windows 10 , 64 bit Build 19041 (10.0.19041.1202)
Time: Sun Jan 23 03:04:30 2022 Pacific Standard Time elapsed time: 4.062687 seconds (0d 0h 0m 4s)

---------------  T H R E A D  ---------------

Current thread (0x0000022cc7ce8000):  JavaThread "C2 CompilerThread1" daemon [_thread_in_native, id=7348, stack(0x0000008d7b100000,0x0000008d7b200000)]


Current CompileTask:
C2:   4062 3294       4       jdk.internal.jimage.ImageLocation::getAttributeString (54 bytes)

Stack: [0x0000008d7b100000,0x0000008d7b200000],  sp=0x0000008d7b1fbca0,  free space=1007k
Native frames: (J=compiled Java code, j=interpreted, Vv=VM code, C=native code)
V  [jvm.dll+0x4ce8b7]
V  [jvm.dll+0x320c00]
V  [jvm.dll+0x31ffca]
V  [jvm.dll+0x1fb602]
V  [jvm.dll+0x1fa7f4]
V  [jvm.dll+0x18354c]
V  [jvm.dll+0x208ee7]
V  [jvm.dll+0x207731]
V  [jvm.dll+0x6eb1cf]
V  [jvm.dll+0x6e3d45]
V  [jvm.dll+0x5ebe96]
C  [ucrtbase.dll+0x21bb2]
C  [KERNEL32.DLL+0x17034]
C  [ntdll.dll+0x52651]


siginfo: EXCEPTION_ACCESS_VIOLATION (0xc0000005), reading address 0x0000002cc6e529c0


Register to memory mapping:

RIP=0x00007ffb3907e8b7 jvm.dll
RAX=0x0000022cc576b0f0 points into unknown readable memory: 0x0000022cc576f0f0 | f0 f0 76 c5 2c 02 00 00
RBX=0x0000008d7b1fc2f0 is pointing into the stack for thread: 0x0000022cc7ce8000
RCX=0x00000000000003c1 is an unknown value
RDX=0x0000002cc6e52998 is an unknown value
RSP=0x0000008d7b1fbca0 is pointing into the stack for thread: 0x0000022cc7ce8000
RBP=0x0000008d7b1fbda0 is pointing into the stack for thread: 0x0000022cc7ce8000
RSI=0x0000000000000004 is an unknown value
RDI=0x0000022cc6e4d978 points into unknown readable memory: 0x0000002cc6e52998 | 98 29 e5 c6 2c 00 00 00
R8 =0x000000000000013f is an unknown value
R9 =0x0000000000000020 is an unknown value
R10=0x000000000000018e is an unknown value
R11=0x0000000000000020 is an unknown value
R12=0x000000000000000d is an unknown value
R13=0x0000022cc576f0f0 points into unknown readable memory: 0x00007ffb39398568 | 68 85 39 39 fb 7f 00 00
R14=0x0000008d7b1fbe20 is pointing into the stack for thread: 0x0000022cc7ce8000
R15=0x0000000000001000 is an unknown value


Registers:
RAX=0x0000022cc576b0f0, RBX=0x0000008d7b1fc2f0, RCX=0x00000000000003c1, RDX=0x0000002cc6e52998
RSP=0x0000008d7b1fbca0, RBP=0x0000008d7b1fbda0, RSI=0x0000000000000004, RDI=0x0000022cc6e4d978
R8 =0x000000000000013f, R9 =0x0000000000000020, R10=0x000000000000018e, R11=0x0000000000000020
R12=0x000000000000000d, R13=0x0000022cc576f0f0, R14=0x0000008d7b1fbe20, R15=0x0000000000001000
RIP=0x00007ffb3907e8b7, EFLAGS=0x0000000000010287

Top of Stack: (sp=0x0000008d7b1fbca0)
0x0000008d7b1fbca0:   0000022ca91c9a20 00007ffb38c6c864
0x0000008d7b1fbcb0:   0000022cc6b18b00 00007ffb39099d1f
0x0000008d7b1fbcc0:   0000008d7b1fc0b0 00007ffb395a7c38
0x0000008d7b1fbcd0:   000000000000001d 0000000000000001
0x0000008d7b1fbce0:   0000000d00000008 000000000000000a
0x0000008d7b1fbcf0:   0000022cc7139c80 00007ffba239257d
0x0000008d7b1fbd00:   0000022cc7a70e98 0000008d00000001
0x0000008d7b1fbd10:   0000000000000001 00000000000000e0
0x0000008d7b1fbd20:   0000022cc7139c80 00007ffb38c6c69c
0x0000008d7b1fbd30:   0000022ca91c9a20 0000008d7b1fc0b0
0x0000008d7b1fbd40:   00000000000000e0 0000022cc6b19210
0x0000008d7b1fbd50:   0000022cc63155e8 0000022cc5499320
0x0000008d7b1fbd60:   0000022cc7139c80 0000022cc713fa10
0x0000008d7b1fbd70:   00000000000954a8 0000022cc7141c68
0x0000008d7b1fbd80:   00007ffb39397918 0000022cc5499320
0x0000008d7b1fbd90:   0000000000000008 0000022cc6b1a6c0 

Instructions: (pc=0x00007ffb3907e8b7)
0x00007ffb3907e7b7:   8b 44 24 10 49 89 3c 07 8b 7c 24 40 41 3b 7c 24
0x00007ffb3907e7c7:   08 72 0a 8b d7 49 8b cc e8 ec db 0f 00 49 8b 44
0x00007ffb3907e7d7:   24 10 48 89 1c f8 ff c7 80 3d b9 23 4c 00 00 89
0x00007ffb3907e7e7:   7c 24 40 74 10 83 7c 24 44 0a 76 09 b8 00 10 00
0x00007ffb3907e7f7:   00 66 09 43 30 41 ff c6 49 83 c7 08 44 3b f6 0f
0x00007ffb3907e807:   82 34 fe ff ff 48 8b 5d 50 45 33 ff 45 3b 75 28
0x00007ffb3907e817:   73 38 48 8b 5d 60 0f 1f 00 45 3b 74 24 08 73 0e
0x00007ffb3907e827:   49 8b 44 24 10 41 8b ce 48 8b 14 c8 eb 03 49 8b
0x00007ffb3907e837:   d7 48 63 4a 28 41 ff c6 48 8b 43 18 44 89 3c 88
0x00007ffb3907e847:   45 3b 75 28 72 d3 48 8b 5d 50 41 8b f7 85 ff 0f
0x00007ffb3907e857:   84 c0 00 00 00 44 8b 74 24 40 4d 8b df 41 3b 74
0x00007ffb3907e867:   24 08 73 0b 49 8b 44 24 10 49 8b 0c 03 eb 03 49
0x00007ffb3907e877:   8b cf 8b 41 20 4d 8b c7 48 8b 79 10 4c 8d 14 c5
0x00007ffb3907e887:   07 00 00 00 49 c1 ea 03 48 8d 0c c7 48 3b f9 4d
0x00007ffb3907e897:   0f 47 d7 4d 85 d2 74 6e 4c 8b 75 60 41 bf 00 10
0x00007ffb3907e8a7:   00 00 44 8b 64 24 44 66 90 48 8b 17 48 8b 43 78
0x00007ffb3907e8b7:   8b 4a 28 4c 39 2c c8 75 35 48 63 c1 4c 8d 0c 85
0x00007ffb3907e8c7:   00 00 00 00 49 8b 46 18 42 8b 0c 08 ff c9 80 3d
0x00007ffb3907e8d7:   c3 22 4c 00 00 74 0f 41 83 fc 0a 76 09 85 c9 79
0x00007ffb3907e8e7:   05 66 44 09 7a 30 49 8b 46 18 41 89 0c 01 48 83
0x00007ffb3907e8f7:   c7 08 49 ff c0 4d 3b c2 72 af 44 8b 74 24 40 4d
0x00007ffb3907e907:   8d 65 10 45 33 ff ff c6 49 83 c3 08 41 3b f6 0f
0x00007ffb3907e917:   82 48 ff ff ff 65 48 8b 04 25 58 00 00 00 8b 0d
0x00007ffb3907e927:   51 4e 56 00 ba 08 00 00 00 48 8b 1c c8 48 03 da
0x00007ffb3907e937:   48 89 5d 90 48 8b 03 48 8b b8 78 02 00 00 48 89
0x00007ffb3907e947:   7c 24 70 c7 44 24 78 04 00 00 00 48 83 7f 18 df
0x00007ffb3907e957:   76 14 4c 8d 05 d0 f9 30 00 ba 20 00 00 00 48 8b
0x00007ffb3907e967:   cf e8 83 e4 be ff 48 8b 47 18 48 8d 48 20 48 3b
0x00007ffb3907e977:   4f 20 76 11 45 33 c0 48 8b cf 41 8d 50 20 e8 46
0x00007ffb3907e987:   e0 be ff eb 04 48 89 4f 18 48 89 45 80 4c 89 38
0x00007ffb3907e997:   48 8b 45 80 4c 89 78 08 48 8b 45 80 4c 89 78 10
0x00007ffb3907e9a7:   48 8b 45 80 4c 89 78 18 48 8b 03 44 89 7d 88 48 


Stack slot to memory mapping:
stack at sp + 0 slots: 0x0000022ca91c9a20 points into unknown readable memory: 0x0000022cc7f4ecd0 | d0 ec f4 c7 2c 02 00 00
stack at sp + 1 slots: 0x00007ffb38c6c864 jvm.dll
stack at sp + 2 slots: 0x0000022cc6b18b00 points into unknown readable memory: 0x0000000000000000 | 00 00 00 00 00 00 00 00
stack at sp + 3 slots: 0x00007ffb39099d1f jvm.dll
stack at sp + 4 slots: 0x0000008d7b1fc0b0 is pointing into the stack for thread: 0x0000022cc7ce8000
stack at sp + 5 slots: 0x00007ffb395a7c38 jvm.dll
stack at sp + 6 slots: 0x000000000000001d is an unknown value
stack at sp + 7 slots: 0x0000000000000001 is an unknown value


---------------  P R O C E S S  ---------------

Threads class SMR info:
_java_thread_list=0x0000022cc77a4880, length=41, elements={
0x0000022ca91da800, 0x0000022cc3e45800, 0x0000022cc3e53000, 0x0000022cc3e59800,
0x0000022cc3e5c000, 0x0000022cc3e5e000, 0x0000022cc46db800, 0x0000022cc46df800,
0x0000022cc46e5800, 0x0000022cc4843000, 0x0000022cc5d78800, 0x0000022cc6e34800,
0x0000022cc492d800, 0x0000022cc6d32000, 0x0000022cc5997000, 0x0000022cc61f3800,
0x0000022cc69bb800, 0x0000022cc7758800, 0x0000022cc7ce8000, 0x0000022cc6766800,
0x0000022cc6fc7000, 0x0000022cc6fc9800, 0x0000022cc6fca800, 0x0000022cc6fc4800,
0x0000022cc6fc8000, 0x0000022cc6fc8800, 0x0000022cc6fc5800, 0x0000022cc6fcb000,
0x0000022cc6fc6000, 0x0000022cc8568800, 0x0000022cc8563800, 0x0000022cc8562800,
0x0000022cc8565000, 0x0000022cc8564800, 0x0000022cc8569800, 0x0000022cc80bb000,
0x0000022cc856a000, 0x0000022cc856b000, 0x0000022cc8567000, 0x0000022cc856b800,
0x0000022cc8567800
}

Java Threads: ( => current thread )
  0x0000022ca91da800 JavaThread "main" [_thread_blocked, id=3888, stack(0x0000008d79400000,0x0000008d79500000)]
  0x0000022cc3e45800 JavaThread "Reference Handler" daemon [_thread_blocked, id=11440, stack(0x0000008d79b00000,0x0000008d79c00000)]
  0x0000022cc3e53000 JavaThread "Finalizer" daemon [_thread_blocked, id=7928, stack(0x0000008d79c00000,0x0000008d79d00000)]
  0x0000022cc3e59800 JavaThread "Signal Dispatcher" daemon [_thread_blocked, id=10720, stack(0x0000008d79d00000,0x0000008d79e00000)]
  0x0000022cc3e5c000 JavaThread "Attach Listener" daemon [_thread_blocked, id=6536, stack(0x0000008d79e00000,0x0000008d79f00000)]
  0x0000022cc3e5e000 JavaThread "Service Thread" daemon [_thread_blocked, id=9716, stack(0x0000008d79f00000,0x0000008d7a000000)]
  0x0000022cc46db800 JavaThread "C2 CompilerThread0" daemon [_thread_in_native, id=4148, stack(0x0000008d7a000000,0x0000008d7a100000)]
  0x0000022cc46df800 JavaThread "C1 CompilerThread0" daemon [_thread_blocked, id=9992, stack(0x0000008d7a100000,0x0000008d7a200000)]
  0x0000022cc46e5800 JavaThread "Sweeper thread" daemon [_thread_blocked, id=10572, stack(0x0000008d7a200000,0x0000008d7a300000)]
  0x0000022cc4843000 JavaThread "Common-Cleaner" daemon [_thread_blocked, id=6492, stack(0x0000008d7a300000,0x0000008d7a400000)]
  0x0000022cc5d78800 JavaThread "Daemon health stats" [_thread_blocked, id=696, stack(0x0000008d7ab00000,0x0000008d7ac00000)]
  0x0000022cc6e34800 JavaThread "Incoming local TCP Connector on port 51345" [_thread_in_native, id=12964, stack(0x0000008d7a500000,0x0000008d7a600000)]
  0x0000022cc492d800 JavaThread "Daemon periodic checks" [_thread_blocked, id=11868, stack(0x0000008d7aa00000,0x0000008d7ab00000)]
  0x0000022cc6d32000 JavaThread "Daemon" [_thread_blocked, id=376, stack(0x0000008d7ac00000,0x0000008d7ad00000)]
  0x0000022cc5997000 JavaThread "Handler for socket connection from /127.0.0.1:51345 to /127.0.0.1:51346" [_thread_in_native, id=8252, stack(0x0000008d7ad00000,0x0000008d7ae00000)]
  0x0000022cc61f3800 JavaThread "Cancel handler" [_thread_blocked, id=11964, stack(0x0000008d7ae00000,0x0000008d7af00000)]
  0x0000022cc69bb800 JavaThread "Daemon worker" [_thread_in_vm, id=13024, stack(0x0000008d7af00000,0x0000008d7b000000)]
  0x0000022cc7758800 JavaThread "Asynchronous log dispatcher for DefaultDaemonConnection: socket connection from /127.0.0.1:51345 to /127.0.0.1:51346" [_thread_blocked, id=5148, stack(0x0000008d7b000000,0x0000008d7b100000)]
=>0x0000022cc7ce8000 JavaThread "C2 CompilerThread1" daemon [_thread_in_native, id=7348, stack(0x0000008d7b100000,0x0000008d7b200000)]
  0x0000022cc6766800 JavaThread "Stdin handler" [_thread_blocked, id=8856, stack(0x0000008d7b200000,0x0000008d7b300000)]
  0x0000022cc6fc7000 JavaThread "Daemon client event forwarder" [_thread_blocked, id=7208, stack(0x0000008d7b300000,0x0000008d7b400000)]
  0x0000022cc6fc9800 JavaThread "Cache worker for file hash cache (C:\Users\jep\.gradle\caches\7.0.2\fileHashes)" [_thread_blocked, id=12816, stack(0x0000008d7b400000,0x0000008d7b500000)]
  0x0000022cc6fca800 JavaThread "File lock request listener" [_thread_in_native, id=10676, stack(0x0000008d7b500000,0x0000008d7b600000)]
  0x0000022cc6fc4800 JavaThread "Cache worker for journal cache (C:\Users\jep\.gradle\caches\journal-1)" [_thread_blocked, id=6480, stack(0x0000008d7ba00000,0x0000008d7bb00000)]
  0x0000022cc6fc8000 JavaThread "Cache worker for file hash cache (C:\Users\jep\AndroidStudioProjects\FirstAidKit\.gradle\7.0.2\fileHashes)" [_thread_blocked, id=13224, stack(0x0000008d7bb00000,0x0000008d7bc00000)]
  0x0000022cc6fc8800 JavaThread "File watcher server" daemon [_thread_in_native, id=720, stack(0x0000008d7bc00000,0x0000008d7bd00000)]
  0x0000022cc6fc5800 JavaThread "File watcher consumer" daemon [_thread_blocked, id=12272, stack(0x0000008d7bd00000,0x0000008d7be00000)]
  0x0000022cc6fcb000 JavaThread "jar transforms" [_thread_blocked, id=3964, stack(0x0000008d7be00000,0x0000008d7bf00000)]
  0x0000022cc6fc6000 JavaThread "jar transforms Thread 2" [_thread_blocked, id=9520, stack(0x0000008d7bf00000,0x0000008d7c000000)]
  0x0000022cc8568800 JavaThread "jar transforms Thread 3" [_thread_blocked, id=10300, stack(0x0000008d7c000000,0x0000008d7c100000)]
  0x0000022cc8563800 JavaThread "jar transforms Thread 4" [_thread_blocked, id=8348, stack(0x0000008d7c100000,0x0000008d7c200000)]
  0x0000022cc8562800 JavaThread "jar transforms Thread 5" [_thread_blocked, id=11216, stack(0x0000008d7c200000,0x0000008d7c300000)]
  0x0000022cc8565000 JavaThread "jar transforms Thread 6" [_thread_blocked, id=10652, stack(0x0000008d7c300000,0x0000008d7c400000)]
  0x0000022cc8564800 JavaThread "jar transforms Thread 7" [_thread_blocked, id=5200, stack(0x0000008d7c400000,0x0000008d7c500000)]
  0x0000022cc8569800 JavaThread "jar transforms Thread 8" [_thread_blocked, id=9836, stack(0x0000008d7c500000,0x0000008d7c600000)]
  0x0000022cc80bb000 JavaThread "C2 CompilerThread2" daemon [_thread_blocked, id=6248, stack(0x0000008d7c600000,0x0000008d7c700000)]
  0x0000022cc856a000 JavaThread "Cache worker for checksums cache (C:\Users\jep\AndroidStudioProjects\FirstAidKit\.gradle\checksums)" [_thread_blocked, id=10752, stack(0x0000008d7c700000,0x0000008d7c800000)]
  0x0000022cc856b000 JavaThread "Cache worker for cache directory md-supplier (C:\Users\jep\.gradle\caches\7.0.2\md-supplier)" [_thread_blocked, id=10860, stack(0x0000008d7c800000,0x0000008d7c900000)]
  0x0000022cc8567000 JavaThread "Cache worker for cache directory md-rule (C:\Users\jep\.gradle\caches\7.0.2\md-rule)" [_thread_blocked, id=8952, stack(0x0000008d7c900000,0x0000008d7ca00000)]
  0x0000022cc856b800 JavaThread "Cache worker for execution history cache (C:\Users\jep\.gradle\caches\7.0.2\executionHistory)" [_thread_blocked, id=10968, stack(0x0000008d7ca00000,0x0000008d7cb00000)]
  0x0000022cc8567800 JavaThread "Cache worker for file content cache (C:\Users\jep\.gradle\caches\7.0.2\fileContent)" [_thread_blocked, id=6508, stack(0x0000008d7cb00000,0x0000008d7cc00000)]

Other Threads:
  0x0000022cc4688800 VMThread "VM Thread" [stack: 0x0000008d79a00000,0x0000008d79b00000] [id=10912]
  0x0000022cc4881800 WatcherThread [stack: 0x0000008d7a400000,0x0000008d7a500000] [id=8372]
  0x0000022ca91f4800 GCTaskThread "GC Thread#0" [stack: 0x0000008d79500000,0x0000008d79600000] [id=10772]
  0x0000022cc5445000 GCTaskThread "GC Thread#1" [stack: 0x0000008d7a600000,0x0000008d7a700000] [id=2148]
  0x0000022cc5255800 GCTaskThread "GC Thread#2" [stack: 0x0000008d7a700000,0x0000008d7a800000] [id=12504]
  0x0000022cc5604800 GCTaskThread "GC Thread#3" [stack: 0x0000008d7a800000,0x0000008d7a900000] [id=13120]
  0x0000022cc5605000 GCTaskThread "GC Thread#4" [stack: 0x0000008d7a900000,0x0000008d7aa00000] [id=12480]
  0x0000022cc734a800 GCTaskThread "GC Thread#5" [stack: 0x0000008d7b600000,0x0000008d7b700000] [id=6068]
  0x0000022cc734f800 GCTaskThread "GC Thread#6" [stack: 0x0000008d7b700000,0x0000008d7b800000] [id=7572]
  0x0000022cc734c000 GCTaskThread "GC Thread#7" [stack: 0x0000008d7b800000,0x0000008d7b900000] [id=11712]
  0x0000022ca9226800 ConcurrentGCThread "G1 Main Marker" [stack: 0x0000008d79600000,0x0000008d79700000] [id=11220]
  0x0000022ca9227800 ConcurrentGCThread "G1 Conc#0" [stack: 0x0000008d79700000,0x0000008d79800000] [id=11572]
  0x0000022cc734b000 ConcurrentGCThread "G1 Conc#1" [stack: 0x0000008d7b900000,0x0000008d7ba00000] [id=7108]
  0x0000022ca92be800 ConcurrentGCThread "G1 Refine#0" [stack: 0x0000008d79800000,0x0000008d79900000] [id=4068]
  0x0000022cc3cbe800 ConcurrentGCThread "G1 Young RemSet Sampling" [stack: 0x0000008d79900000,0x0000008d79a00000] [id=9672]

Threads with active compile tasks:
C2 CompilerThread0   4099 3405       4       java.net.URLStreamHandler::toExternalForm (156 bytes)
C2 CompilerThread1   4099 3294       4       jdk.internal.jimage.ImageLocation::getAttributeString (54 bytes)
C2 CompilerThread2   4099 3410       4       org.codehaus.groovy.reflection.CachedMethod::getModifiers (8 bytes)

VM state:not at safepoint (normal execution)

VM Mutex/Monitor currently owned by a thread: None

Heap address: 0x0000000080000000, size: 2048 MB, Compressed Oops mode: 32-bit
Narrow klass base: 0x0000000000000000, Narrow klass shift: 3
Compressed class space size: 1073741824 Address: 0x0000000100000000

Heap:
 garbage-first heap   total 229376K, used 68695K [0x0000000080000000, 0x0000000100000000)
  region size 1024K, 43 young (44032K), 8 survivors (8192K)
 Metaspace       used 37820K, capacity 38812K, committed 39040K, reserved 1083392K
  class space    used 4911K, capacity 5244K, committed 5248K, reserved 1048576K
Heap Regions: E=young(eden), S=young(survivor), O=old, HS=humongous(starts), HC=humongous(continues), CS=collection set, F=free, A=archive, TAMS=top-at-mark-start (previous, next)
|   0|0x0000000080000000, 0x0000000080100000, 0x0000000080100000|100%| O|  |TAMS 0x0000000080100000, 0x0000000080000000| Untracked 
|   1|0x0000000080100000, 0x0000000080200000, 0x0000000080200000|100%| O|  |TAMS 0x0000000080200000, 0x0000000080100000| Untracked 
|   2|0x0000000080200000, 0x0000000080300000, 0x0000000080300000|100%| O|  |TAMS 0x0000000080300000, 0x0000000080200000| Untracked 
|   3|0x0000000080300000, 0x0000000080400000, 0x0000000080400000|100%|HS|  |TAMS 0x0000000080400000, 0x0000000080300000| Complete 
|   4|0x0000000080400000, 0x0000000080500000, 0x0000000080500000|100%|HC|  |TAMS 0x0000000080500000, 0x0000000080400000| Complete 
|   5|0x0000000080500000, 0x0000000080600000, 0x0000000080600000|100%|HC|  |TAMS 0x0000000080600000, 0x0000000080500000| Complete 
|   6|0x0000000080600000, 0x0000000080700000, 0x0000000080700000|100%| O|  |TAMS 0x0000000080700000, 0x0000000080600000| Untracked 
|   7|0x0000000080700000, 0x0000000080800000, 0x0000000080800000|100%| O|  |TAMS 0x0000000080800000, 0x0000000080700000| Untracked 
|   8|0x0000000080800000, 0x0000000080900000, 0x0000000080900000|100%| O|  |TAMS 0x0000000080900000, 0x0000000080800000| Untracked 
|   9|0x0000000080900000, 0x0000000080a00000, 0x0000000080a00000|100%| O|  |TAMS 0x0000000080a00000, 0x0000000080900000| Untracked 
|  10|0x0000000080a00000, 0x0000000080b00000, 0x0000000080b00000|100%| O|  |TAMS 0x0000000080b00000, 0x0000000080a00000| Untracked 
|  11|0x0000000080b00000, 0x0000000080c00000, 0x0000000080c00000|100%| O|  |TAMS 0x0000000080c00000, 0x0000000080b00000| Untracked 
|  12|0x0000000080c00000, 0x0000000080d00000, 0x0000000080d00000|100%| O|  |TAMS 0x0000000080d00000, 0x0000000080c00000| Untracked 
|  13|0x0000000080d00000, 0x0000000080e00000, 0x0000000080e00000|100%| O|  |TAMS 0x0000000080e00000, 0x0000000080d00000| Untracked 
|  14|0x0000000080e00000, 0x0000000080f00000, 0x0000000080f00000|100%| O|  |TAMS 0x0000000080f00000, 0x0000000080e00000| Untracked 
|  15|0x0000000080f00000, 0x0000000081000000, 0x0000000081000000|100%| O|  |TAMS 0x0000000081000000, 0x0000000080f00000| Untracked 
|  16|0x0000000081000000, 0x0000000081015c00, 0x0000000081100000|  8%| O|  |TAMS 0x0000000081015c00, 0x0000000081000000| Untracked 
|  17|0x0000000081100000, 0x0000000081200000, 0x0000000081200000|100%|HS|  |TAMS 0x0000000081200000, 0x0000000081100000| Complete 
|  18|0x0000000081200000, 0x0000000081300000, 0x0000000081300000|100%|HC|  |TAMS 0x0000000081300000, 0x0000000081200000| Complete 
|  19|0x0000000081300000, 0x0000000081400000, 0x0000000081400000|100%|HS|  |TAMS 0x0000000081400000, 0x0000000081300000| Complete 
|  20|0x0000000081400000, 0x0000000081500000, 0x0000000081500000|100%|HC|  |TAMS 0x0000000081500000, 0x0000000081400000| Complete 
|  21|0x0000000081500000, 0x0000000081600000, 0x0000000081600000|100%|HC|  |TAMS 0x0000000081600000, 0x0000000081500000| Complete 
|  22|0x0000000081600000, 0x0000000081700000, 0x0000000081700000|100%|HS|  |TAMS 0x0000000081700000, 0x0000000081600000| Complete 
|  23|0x0000000081700000, 0x0000000081800000, 0x0000000081800000|100%|HC|  |TAMS 0x0000000081800000, 0x0000000081700000| Complete 
|  24|0x0000000081800000, 0x0000000081900000, 0x0000000081900000|100%|HC|  |TAMS 0x0000000081900000, 0x0000000081800000| Complete 
|  25|0x0000000081900000, 0x0000000081a00000, 0x0000000081a00000|100%|HC|  |TAMS 0x0000000081a00000, 0x0000000081900000| Complete 
|  26|0x0000000081a00000, 0x0000000081b00000, 0x0000000081b00000|100%|HC|  |TAMS 0x0000000081b00000, 0x0000000081a00000| Complete 
|  27|0x0000000081b00000, 0x0000000081b00000, 0x0000000081c00000|  0%| F|  |TAMS 0x0000000081b00000, 0x0000000081b00000| Untracked 
|  28|0x0000000081c00000, 0x0000000081c00000, 0x0000000081d00000|  0%| F|  |TAMS 0x0000000081c00000, 0x0000000081c00000| Untracked 
|  29|0x0000000081d00000, 0x0000000081d00000, 0x0000000081e00000|  0%| F|  |TAMS 0x0000000081d00000, 0x0000000081d00000| Untracked 
|  30|0x0000000081e00000, 0x0000000081e00000, 0x0000000081f00000|  0%| F|  |TAMS 0x0000000081e00000, 0x0000000081e00000| Untracked 
|  31|0x0000000081f00000, 0x0000000081f00000, 0x0000000082000000|  0%| F|  |TAMS 0x0000000081f00000, 0x0000000081f00000| Untracked 
|  32|0x0000000082000000, 0x0000000082000000, 0x0000000082100000|  0%| F|  |TAMS 0x0000000082000000, 0x0000000082000000| Untracked 
|  33|0x0000000082100000, 0x0000000082100000, 0x0000000082200000|  0%| F|  |TAMS 0x0000000082100000, 0x0000000082100000| Untracked 
|  34|0x0000000082200000, 0x0000000082200000, 0x0000000082300000|  0%| F|  |TAMS 0x0000000082200000, 0x0000000082200000| Untracked 
|  35|0x0000000082300000, 0x0000000082300000, 0x0000000082400000|  0%| F|  |TAMS 0x0000000082300000, 0x0000000082300000| Untracked 
|  36|0x0000000082400000, 0x0000000082400000, 0x0000000082500000|  0%| F|  |TAMS 0x0000000082400000, 0x0000000082400000| Untracked 
|  37|0x0000000082500000, 0x0000000082500000, 0x0000000082600000|  0%| F|  |TAMS 0x0000000082500000, 0x0000000082500000| Untracked 
|  38|0x0000000082600000, 0x0000000082600000, 0x0000000082700000|  0%| F|  |TAMS 0x0000000082600000, 0x0000000082600000| Untracked 
|  39|0x0000000082700000, 0x0000000082700000, 0x0000000082800000|  0%| F|  |TAMS 0x0000000082700000, 0x0000000082700000| Untracked 
|  40|0x0000000082800000, 0x0000000082800000, 0x0000000082900000|  0%| F|  |TAMS 0x0000000082800000, 0x0000000082800000| Untracked 
|  41|0x0000000082900000, 0x0000000082900000, 0x0000000082a00000|  0%| F|  |TAMS 0x0000000082900000, 0x0000000082900000| Untracked 
|  42|0x0000000082a00000, 0x0000000082a00000, 0x0000000082b00000|  0%| F|  |TAMS 0x0000000082a00000, 0x0000000082a00000| Untracked 
|  43|0x0000000082b00000, 0x0000000082b00000, 0x0000000082c00000|  0%| F|  |TAMS 0x0000000082b00000, 0x0000000082b00000| Untracked 
|  44|0x0000000082c00000, 0x0000000082c00000, 0x0000000082d00000|  0%| F|  |TAMS 0x0000000082c00000, 0x0000000082c00000| Untracked 
|  45|0x0000000082d00000, 0x0000000082d00000, 0x0000000082e00000|  0%| F|  |TAMS 0x0000000082d00000, 0x0000000082d00000| Untracked 
|  46|0x0000000082e00000, 0x0000000082e00000, 0x0000000082f00000|  0%| F|  |TAMS 0x0000000082e00000, 0x0000000082e00000| Untracked 
|  47|0x0000000082f00000, 0x0000000082f00000, 0x0000000083000000|  0%| F|  |TAMS 0x0000000082f00000, 0x0000000082f00000| Untracked 
|  48|0x0000000083000000, 0x0000000083000000, 0x0000000083100000|  0%| F|  |TAMS 0x0000000083000000, 0x0000000083000000| Untracked 
|  49|0x0000000083100000, 0x0000000083100000, 0x0000000083200000|  0%| F|  |TAMS 0x0000000083100000, 0x0000000083100000| Untracked 
|  50|0x0000000083200000, 0x0000000083200000, 0x0000000083300000|  0%| F|  |TAMS 0x0000000083200000, 0x0000000083200000| Untracked 
|  51|0x0000000083300000, 0x0000000083300000, 0x0000000083400000|  0%| F|  |TAMS 0x0000000083300000, 0x0000000083300000| Untracked 
|  52|0x0000000083400000, 0x0000000083400000, 0x0000000083500000|  0%| F|  |TAMS 0x0000000083400000, 0x0000000083400000| Untracked 
|  53|0x0000000083500000, 0x0000000083500000, 0x0000000083600000|  0%| F|  |TAMS 0x0000000083500000, 0x0000000083500000| Untracked 
|  54|0x0000000083600000, 0x0000000083600000, 0x0000000083700000|  0%| F|  |TAMS 0x0000000083600000, 0x0000000083600000| Untracked 
|  55|0x0000000083700000, 0x0000000083700000, 0x0000000083800000|  0%| F|  |TAMS 0x0000000083700000, 0x0000000083700000| Untracked 
|  56|0x0000000083800000, 0x0000000083800000, 0x0000000083900000|  0%| F|  |TAMS 0x0000000083800000, 0x0000000083800000| Untracked 
|  57|0x0000000083900000, 0x0000000083900000, 0x0000000083a00000|  0%| F|  |TAMS 0x0000000083900000, 0x0000000083900000| Untracked 
|  58|0x0000000083a00000, 0x0000000083a00000, 0x0000000083b00000|  0%| F|  |TAMS 0x0000000083a00000, 0x0000000083a00000| Untracked 
|  59|0x0000000083b00000, 0x0000000083b00000, 0x0000000083c00000|  0%| F|  |TAMS 0x0000000083b00000, 0x0000000083b00000| Untracked 
|  60|0x0000000083c00000, 0x0000000083c00000, 0x0000000083d00000|  0%| F|  |TAMS 0x0000000083c00000, 0x0000000083c00000| Untracked 
|  61|0x0000000083d00000, 0x0000000083d00000, 0x0000000083e00000|  0%| F|  |TAMS 0x0000000083d00000, 0x0000000083d00000| Untracked 
|  62|0x0000000083e00000, 0x0000000083e00000, 0x0000000083f00000|  0%| F|  |TAMS 0x0000000083e00000, 0x0000000083e00000| Untracked 
|  63|0x0000000083f00000, 0x0000000083f00000, 0x0000000084000000|  0%| F|  |TAMS 0x0000000083f00000, 0x0000000083f00000| Untracked 
|  64|0x0000000084000000, 0x0000000084000000, 0x0000000084100000|  0%| F|  |TAMS 0x0000000084000000, 0x0000000084000000| Untracked 
|  65|0x0000000084100000, 0x0000000084100000, 0x0000000084200000|  0%| F|  |TAMS 0x0000000084100000, 0x0000000084100000| Untracked 
|  66|0x0000000084200000, 0x0000000084200000, 0x0000000084300000|  0%| F|  |TAMS 0x0000000084200000, 0x0000000084200000| Untracked 
|  67|0x0000000084300000, 0x0000000084300000, 0x0000000084400000|  0%| F|  |TAMS 0x0000000084300000, 0x0000000084300000| Untracked 
|  68|0x0000000084400000, 0x0000000084400000, 0x0000000084500000|  0%| F|  |TAMS 0x0000000084400000, 0x0000000084400000| Untracked 
|  69|0x0000000084500000, 0x0000000084500000, 0x0000000084600000|  0%| F|  |TAMS 0x0000000084500000, 0x0000000084500000| Untracked 
|  70|0x0000000084600000, 0x0000000084600000, 0x0000000084700000|  0%| F|  |TAMS 0x0000000084600000, 0x0000000084600000| Untracked 
|  71|0x0000000084700000, 0x0000000084700000, 0x0000000084800000|  0%| F|  |TAMS 0x0000000084700000, 0x0000000084700000| Untracked 
|  72|0x0000000084800000, 0x0000000084800000, 0x0000000084900000|  0%| F|  |TAMS 0x0000000084800000, 0x0000000084800000| Untracked 
|  73|0x0000000084900000, 0x0000000084900000, 0x0000000084a00000|  0%| F|  |TAMS 0x0000000084900000, 0x0000000084900000| Untracked 
|  74|0x0000000084a00000, 0x0000000084a00000, 0x0000000084b00000|  0%| F|  |TAMS 0x0000000084a00000, 0x0000000084a00000| Untracked 
|  75|0x0000000084b00000, 0x0000000084b00000, 0x0000000084c00000|  0%| F|  |TAMS 0x0000000084b00000, 0x0000000084b00000| Untracked 
|  76|0x0000000084c00000, 0x0000000084c00000, 0x0000000084d00000|  0%| F|  |TAMS 0x0000000084c00000, 0x0000000084c00000| Untracked 
|  77|0x0000000084d00000, 0x0000000084d00000, 0x0000000084e00000|  0%| F|  |TAMS 0x0000000084d00000, 0x0000000084d00000| Untracked 
|  78|0x0000000084e00000, 0x0000000084e00000, 0x0000000084f00000|  0%| F|  |TAMS 0x0000000084e00000, 0x0000000084e00000| Untracked 
|  79|0x0000000084f00000, 0x0000000084f00000, 0x0000000085000000|  0%| F|  |TAMS 0x0000000084f00000, 0x0000000084f00000| Untracked 
|  80|0x0000000085000000, 0x0000000085000000, 0x0000000085100000|  0%| F|  |TAMS 0x0000000085000000, 0x0000000085000000| Untracked 
|  81|0x0000000085100000, 0x0000000085100000, 0x0000000085200000|  0%| F|  |TAMS 0x0000000085100000, 0x0000000085100000| Untracked 
|  82|0x0000000085200000, 0x0000000085200000, 0x0000000085300000|  0%| F|  |TAMS 0x0000000085200000, 0x0000000085200000| Untracked 
|  83|0x0000000085300000, 0x0000000085300000, 0x0000000085400000|  0%| F|  |TAMS 0x0000000085300000, 0x0000000085300000| Untracked 
|  84|0x0000000085400000, 0x0000000085400000, 0x0000000085500000|  0%| F|  |TAMS 0x0000000085400000, 0x0000000085400000| Untracked 
|  85|0x0000000085500000, 0x0000000085500000, 0x0000000085600000|  0%| F|  |TAMS 0x0000000085500000, 0x0000000085500000| Untracked 
|  86|0x0000000085600000, 0x0000000085600000, 0x0000000085700000|  0%| F|  |TAMS 0x0000000085600000, 0x0000000085600000| Untracked 
|  87|0x0000000085700000, 0x0000000085700000, 0x0000000085800000|  0%| F|  |TAMS 0x0000000085700000, 0x0000000085700000| Untracked 
|  88|0x0000000085800000, 0x0000000085800000, 0x0000000085900000|  0%| F|  |TAMS 0x0000000085800000, 0x0000000085800000| Untracked 
|  89|0x0000000085900000, 0x0000000085900000, 0x0000000085a00000|  0%| F|  |TAMS 0x0000000085900000, 0x0000000085900000| Untracked 
|  90|0x0000000085a00000, 0x0000000085a00000, 0x0000000085b00000|  0%| F|  |TAMS 0x0000000085a00000, 0x0000000085a00000| Untracked 
|  91|0x0000000085b00000, 0x0000000085b00000, 0x0000000085c00000|  0%| F|  |TAMS 0x0000000085b00000, 0x0000000085b00000| Untracked 
|  92|0x0000000085c00000, 0x0000000085c00000, 0x0000000085d00000|  0%| F|  |TAMS 0x0000000085c00000, 0x0000000085c00000| Untracked 
|  93|0x0000000085d00000, 0x0000000085d00000, 0x0000000085e00000|  0%| F|  |TAMS 0x0000000085d00000, 0x0000000085d00000| Untracked 
|  94|0x0000000085e00000, 0x0000000085e00000, 0x0000000085f00000|  0%| F|  |TAMS 0x0000000085e00000, 0x0000000085e00000| Untracked 
|  95|0x0000000085f00000, 0x0000000085f00000, 0x0000000086000000|  0%| F|  |TAMS 0x0000000085f00000, 0x0000000085f00000| Untracked 
|  96|0x0000000086000000, 0x0000000086000000, 0x0000000086100000|  0%| F|  |TAMS 0x0000000086000000, 0x0000000086000000| Untracked 
|  97|0x0000000086100000, 0x0000000086100000, 0x0000000086200000|  0%| F|  |TAMS 0x0000000086100000, 0x0000000086100000| Untracked 
|  98|0x0000000086200000, 0x0000000086200000, 0x0000000086300000|  0%| F|  |TAMS 0x0000000086200000, 0x0000000086200000| Untracked 
|  99|0x0000000086300000, 0x0000000086300000, 0x0000000086400000|  0%| F|  |TAMS 0x0000000086300000, 0x0000000086300000| Untracked 
| 100|0x0000000086400000, 0x0000000086400000, 0x0000000086500000|  0%| F|  |TAMS 0x0000000086400000, 0x0000000086400000| Untracked 
| 101|0x0000000086500000, 0x0000000086500000, 0x0000000086600000|  0%| F|  |TAMS 0x0000000086500000, 0x0000000086500000| Untracked 
| 102|0x0000000086600000, 0x0000000086600000, 0x0000000086700000|  0%| F|  |TAMS 0x0000000086600000, 0x0000000086600000| Untracked 
| 103|0x0000000086700000, 0x0000000086700000, 0x0000000086800000|  0%| F|  |TAMS 0x0000000086700000, 0x0000000086700000| Untracked 
| 104|0x0000000086800000, 0x0000000086800000, 0x0000000086900000|  0%| F|  |TAMS 0x0000000086800000, 0x0000000086800000| Untracked 
| 105|0x0000000086900000, 0x0000000086900000, 0x0000000086a00000|  0%| F|  |TAMS 0x0000000086900000, 0x0000000086900000| Untracked 
| 106|0x0000000086a00000, 0x0000000086a00000, 0x0000000086b00000|  0%| F|  |TAMS 0x0000000086a00000, 0x0000000086a00000| Untracked 
| 107|0x0000000086b00000, 0x0000000086b00000, 0x0000000086c00000|  0%| F|  |TAMS 0x0000000086b00000, 0x0000000086b00000| Untracked 
| 108|0x0000000086c00000, 0x0000000086c00000, 0x0000000086d00000|  0%| F|  |TAMS 0x0000000086c00000, 0x0000000086c00000| Untracked 
| 109|0x0000000086d00000, 0x0000000086d00000, 0x0000000086e00000|  0%| F|  |TAMS 0x0000000086d00000, 0x0000000086d00000| Untracked 
| 110|0x0000000086e00000, 0x0000000086e00000, 0x0000000086f00000|  0%| F|  |TAMS 0x0000000086e00000, 0x0000000086e00000| Untracked 
| 111|0x0000000086f00000, 0x0000000086f00000, 0x0000000087000000|  0%| F|  |TAMS 0x0000000086f00000, 0x0000000086f00000| Untracked 
| 112|0x0000000087000000, 0x0000000087000000, 0x0000000087100000|  0%| F|  |TAMS 0x0000000087000000, 0x0000000087000000| Untracked 
| 113|0x0000000087100000, 0x0000000087100000, 0x0000000087200000|  0%| F|  |TAMS 0x0000000087100000, 0x0000000087100000| Untracked 
| 114|0x0000000087200000, 0x0000000087200000, 0x0000000087300000|  0%| F|  |TAMS 0x0000000087200000, 0x0000000087200000| Untracked 
| 115|0x0000000087300000, 0x0000000087300000, 0x0000000087400000|  0%| F|  |TAMS 0x0000000087300000, 0x0000000087300000| Untracked 
| 116|0x0000000087400000, 0x0000000087400000, 0x0000000087500000|  0%| F|  |TAMS 0x0000000087400000, 0x0000000087400000| Untracked 
| 117|0x0000000087500000, 0x0000000087500000, 0x0000000087600000|  0%| F|  |TAMS 0x0000000087500000, 0x0000000087500000| Untracked 
| 118|0x0000000087600000, 0x0000000087600000, 0x0000000087700000|  0%| F|  |TAMS 0x0000000087600000, 0x0000000087600000| Untracked 
| 119|0x0000000087700000, 0x0000000087700000, 0x0000000087800000|  0%| F|  |TAMS 0x0000000087700000, 0x0000000087700000| Untracked 
| 120|0x0000000087800000, 0x0000000087800000, 0x0000000087900000|  0%| F|  |TAMS 0x0000000087800000, 0x0000000087800000| Untracked 
| 121|0x0000000087900000, 0x0000000087900000, 0x0000000087a00000|  0%| F|  |TAMS 0x0000000087900000, 0x0000000087900000| Untracked 
| 122|0x0000000087a00000, 0x0000000087a00000, 0x0000000087b00000|  0%| F|  |TAMS 0x0000000087a00000, 0x0000000087a00000| Untracked 
| 123|0x0000000087b00000, 0x0000000087b00000, 0x0000000087c00000|  0%| F|  |TAMS 0x0000000087b00000, 0x0000000087b00000| Untracked 
| 124|0x0000000087c00000, 0x0000000087c00000, 0x0000000087d00000|  0%| F|  |TAMS 0x0000000087c00000, 0x0000000087c00000| Untracked 
| 125|0x0000000087d00000, 0x0000000087d00000, 0x0000000087e00000|  0%| F|  |TAMS 0x0000000087d00000, 0x0000000087d00000| Untracked 
| 126|0x0000000087e00000, 0x0000000087e00000, 0x0000000087f00000|  0%| F|  |TAMS 0x0000000087e00000, 0x0000000087e00000| Untracked 
| 127|0x0000000087f00000, 0x0000000087f00000, 0x0000000088000000|  0%| F|  |TAMS 0x0000000087f00000, 0x0000000087f00000| Untracked 
| 128|0x0000000088000000, 0x0000000088000000, 0x0000000088100000|  0%| F|  |TAMS 0x0000000088000000, 0x0000000088000000| Untracked 
| 129|0x0000000088100000, 0x0000000088100000, 0x0000000088200000|  0%| F|  |TAMS 0x0000000088100000, 0x0000000088100000| Untracked 
| 130|0x0000000088200000, 0x0000000088200000, 0x0000000088300000|  0%| F|  |TAMS 0x0000000088200000, 0x0000000088200000| Untracked 
| 131|0x0000000088300000, 0x0000000088300000, 0x0000000088400000|  0%| F|  |TAMS 0x0000000088300000, 0x0000000088300000| Untracked 
| 132|0x0000000088400000, 0x0000000088400000, 0x0000000088500000|  0%| F|  |TAMS 0x0000000088400000, 0x0000000088400000| Untracked 
| 133|0x0000000088500000, 0x0000000088500000, 0x0000000088600000|  0%| F|  |TAMS 0x0000000088500000, 0x0000000088500000| Untracked 
| 134|0x0000000088600000, 0x0000000088600000, 0x0000000088700000|  0%| F|  |TAMS 0x0000000088600000, 0x0000000088600000| Untracked 
| 135|0x0000000088700000, 0x0000000088700000, 0x0000000088800000|  0%| F|  |TAMS 0x0000000088700000, 0x0000000088700000| Untracked 
| 136|0x0000000088800000, 0x0000000088800000, 0x0000000088900000|  0%| F|  |TAMS 0x0000000088800000, 0x0000000088800000| Untracked 
| 137|0x0000000088900000, 0x0000000088900000, 0x0000000088a00000|  0%| F|  |TAMS 0x0000000088900000, 0x0000000088900000| Untracked 
| 138|0x0000000088a00000, 0x0000000088a00000, 0x0000000088b00000|  0%| F|  |TAMS 0x0000000088a00000, 0x0000000088a00000| Untracked 
| 139|0x0000000088b00000, 0x0000000088b00000, 0x0000000088c00000|  0%| F|  |TAMS 0x0000000088b00000, 0x0000000088b00000| Untracked 
| 140|0x0000000088c00000, 0x0000000088c00000, 0x0000000088d00000|  0%| F|  |TAMS 0x0000000088c00000, 0x0000000088c00000| Untracked 
| 141|0x0000000088d00000, 0x0000000088d00000, 0x0000000088e00000|  0%| F|  |TAMS 0x0000000088d00000, 0x0000000088d00000| Untracked 
| 142|0x0000000088e00000, 0x0000000088f00000, 0x0000000088f00000|100%| S|CS|TAMS 0x0000000088e00000, 0x0000000088e00000| Complete 
| 143|0x0000000088f00000, 0x0000000089000000, 0x0000000089000000|100%| S|CS|TAMS 0x0000000088f00000, 0x0000000088f00000| Complete 
| 144|0x0000000089000000, 0x0000000089100000, 0x0000000089100000|100%| S|CS|TAMS 0x0000000089000000, 0x0000000089000000| Complete 
| 145|0x0000000089100000, 0x0000000089200000, 0x0000000089200000|100%| S|CS|TAMS 0x0000000089100000, 0x0000000089100000| Complete 
| 146|0x0000000089200000, 0x0000000089300000, 0x0000000089300000|100%| S|CS|TAMS 0x0000000089200000, 0x0000000089200000| Complete 
| 147|0x0000000089300000, 0x0000000089400000, 0x0000000089400000|100%| S|CS|TAMS 0x0000000089300000, 0x0000000089300000| Complete 
| 148|0x0000000089400000, 0x0000000089500000, 0x0000000089500000|100%| S|CS|TAMS 0x0000000089400000, 0x0000000089400000| Complete 
| 149|0x0000000089500000, 0x0000000089600000, 0x0000000089600000|100%| S|CS|TAMS 0x0000000089500000, 0x0000000089500000| Complete 
| 150|0x0000000089600000, 0x0000000089600000, 0x0000000089700000|  0%| F|  |TAMS 0x0000000089600000, 0x0000000089600000| Untracked 
| 151|0x0000000089700000, 0x0000000089700000, 0x0000000089800000|  0%| F|  |TAMS 0x0000000089700000, 0x0000000089700000| Untracked 
| 152|0x0000000089800000, 0x0000000089800000, 0x0000000089900000|  0%| F|  |TAMS 0x0000000089800000, 0x0000000089800000| Untracked 
| 153|0x0000000089900000, 0x0000000089900000, 0x0000000089a00000|  0%| F|  |TAMS 0x0000000089900000, 0x0000000089900000| Untracked 
| 154|0x0000000089a00000, 0x0000000089a00000, 0x0000000089b00000|  0%| F|  |TAMS 0x0000000089a00000, 0x0000000089a00000| Untracked 
| 155|0x0000000089b00000, 0x0000000089b00000, 0x0000000089c00000|  0%| F|  |TAMS 0x0000000089b00000, 0x0000000089b00000| Untracked 
| 156|0x0000000089c00000, 0x0000000089c00000, 0x0000000089d00000|  0%| F|  |TAMS 0x0000000089c00000, 0x0000000089c00000| Untracked 
| 157|0x0000000089d00000, 0x0000000089d00000, 0x0000000089e00000|  0%| F|  |TAMS 0x0000000089d00000, 0x0000000089d00000| Untracked 
| 158|0x0000000089e00000, 0x0000000089e00000, 0x0000000089f00000|  0%| F|  |TAMS 0x0000000089e00000, 0x0000000089e00000| Untracked 
| 159|0x0000000089f00000, 0x0000000089f00000, 0x000000008a000000|  0%| F|  |TAMS 0x0000000089f00000, 0x0000000089f00000| Untracked 
| 160|0x000000008a000000, 0x000000008a000000, 0x000000008a100000|  0%| F|  |TAMS 0x000000008a000000, 0x000000008a000000| Untracked 
| 161|0x000000008a100000, 0x000000008a100000, 0x000000008a200000|  0%| F|  |TAMS 0x000000008a100000, 0x000000008a100000| Untracked 
| 162|0x000000008a200000, 0x000000008a200000, 0x000000008a300000|  0%| F|  |TAMS 0x000000008a200000, 0x000000008a200000| Untracked 
| 163|0x000000008a300000, 0x000000008a300000, 0x000000008a400000|  0%| F|  |TAMS 0x000000008a300000, 0x000000008a300000| Untracked 
| 164|0x000000008a400000, 0x000000008a400000, 0x000000008a500000|  0%| F|  |TAMS 0x000000008a400000, 0x000000008a400000| Untracked 
| 165|0x000000008a500000, 0x000000008a500000, 0x000000008a600000|  0%| F|  |TAMS 0x000000008a500000, 0x000000008a500000| Untracked 
| 166|0x000000008a600000, 0x000000008a600000, 0x000000008a700000|  0%| F|  |TAMS 0x000000008a600000, 0x000000008a600000| Untracked 
| 167|0x000000008a700000, 0x000000008a700000, 0x000000008a800000|  0%| F|  |TAMS 0x000000008a700000, 0x000000008a700000| Untracked 
| 168|0x000000008a800000, 0x000000008a800000, 0x000000008a900000|  0%| F|  |TAMS 0x000000008a800000, 0x000000008a800000| Untracked 
| 169|0x000000008a900000, 0x000000008a900000, 0x000000008aa00000|  0%| F|  |TAMS 0x000000008a900000, 0x000000008a900000| Untracked 
| 170|0x000000008aa00000, 0x000000008aa00000, 0x000000008ab00000|  0%| F|  |TAMS 0x000000008aa00000, 0x000000008aa00000| Untracked 
| 171|0x000000008ab00000, 0x000000008ab00000, 0x000000008ac00000|  0%| F|  |TAMS 0x000000008ab00000, 0x000000008ab00000| Untracked 
| 172|0x000000008ac00000, 0x000000008ac00000, 0x000000008ad00000|  0%| F|  |TAMS 0x000000008ac00000, 0x000000008ac00000| Untracked 
| 173|0x000000008ad00000, 0x000000008ad00000, 0x000000008ae00000|  0%| F|  |TAMS 0x000000008ad00000, 0x000000008ad00000| Untracked 
| 174|0x000000008ae00000, 0x000000008ae00000, 0x000000008af00000|  0%| F|  |TAMS 0x000000008ae00000, 0x000000008ae00000| Untracked 
| 175|0x000000008af00000, 0x000000008af00000, 0x000000008b000000|  0%| F|  |TAMS 0x000000008af00000, 0x000000008af00000| Untracked 
| 176|0x000000008b000000, 0x000000008b000000, 0x000000008b100000|  0%| F|  |TAMS 0x000000008b000000, 0x000000008b000000| Untracked 
| 177|0x000000008b100000, 0x000000008b100000, 0x000000008b200000|  0%| F|  |TAMS 0x000000008b100000, 0x000000008b100000| Untracked 
| 178|0x000000008b200000, 0x000000008b200000, 0x000000008b300000|  0%| F|  |TAMS 0x000000008b200000, 0x000000008b200000| Untracked 
| 179|0x000000008b300000, 0x000000008b300000, 0x000000008b400000|  0%| F|  |TAMS 0x000000008b300000, 0x000000008b300000| Untracked 
| 180|0x000000008b400000, 0x000000008b400000, 0x000000008b500000|  0%| F|  |TAMS 0x000000008b400000, 0x000000008b400000| Untracked 
| 181|0x000000008b500000, 0x000000008b500000, 0x000000008b600000|  0%| F|  |TAMS 0x000000008b500000, 0x000000008b500000| Untracked 
| 182|0x000000008b600000, 0x000000008b600000, 0x000000008b700000|  0%| F|  |TAMS 0x000000008b600000, 0x000000008b600000| Untracked 
| 183|0x000000008b700000, 0x000000008b700000, 0x000000008b800000|  0%| F|  |TAMS 0x000000008b700000, 0x000000008b700000| Untracked 
| 184|0x000000008b800000, 0x000000008b800000, 0x000000008b900000|  0%| F|  |TAMS 0x000000008b800000, 0x000000008b800000| Untracked 
| 185|0x000000008b900000, 0x000000008b900000, 0x000000008ba00000|  0%| F|  |TAMS 0x000000008b900000, 0x000000008b900000| Untracked 
| 186|0x000000008ba00000, 0x000000008ba00000, 0x000000008bb00000|  0%| F|  |TAMS 0x000000008ba00000, 0x000000008ba00000| Untracked 
| 187|0x000000008bb00000, 0x000000008bb00000, 0x000000008bc00000|  0%| F|  |TAMS 0x000000008bb00000, 0x000000008bb00000| Untracked 
| 188|0x000000008bc00000, 0x000000008bc00000, 0x000000008bd00000|  0%| F|  |TAMS 0x000000008bc00000, 0x000000008bc00000| Untracked 
| 189|0x000000008bd00000, 0x000000008be00000, 0x000000008be00000|100%| E|  |TAMS 0x000000008bd00000, 0x000000008bd00000| Complete 
| 190|0x000000008be00000, 0x000000008bf00000, 0x000000008bf00000|100%| E|CS|TAMS 0x000000008be00000, 0x000000008be00000| Complete 
| 191|0x000000008bf00000, 0x000000008c000000, 0x000000008c000000|100%| E|CS|TAMS 0x000000008bf00000, 0x000000008bf00000| Complete 
| 192|0x000000008c000000, 0x000000008c100000, 0x000000008c100000|100%| E|CS|TAMS 0x000000008c000000, 0x000000008c000000| Complete 
| 193|0x000000008c100000, 0x000000008c200000, 0x000000008c200000|100%| E|CS|TAMS 0x000000008c100000, 0x000000008c100000| Complete 
| 194|0x000000008c200000, 0x000000008c300000, 0x000000008c300000|100%| E|CS|TAMS 0x000000008c200000, 0x000000008c200000| Complete 
| 195|0x000000008c300000, 0x000000008c400000, 0x000000008c400000|100%| E|CS|TAMS 0x000000008c300000, 0x000000008c300000| Complete 
| 196|0x000000008c400000, 0x000000008c500000, 0x000000008c500000|100%| E|CS|TAMS 0x000000008c400000, 0x000000008c400000| Complete 
| 197|0x000000008c500000, 0x000000008c600000, 0x000000008c600000|100%| E|CS|TAMS 0x000000008c500000, 0x000000008c500000| Complete 
| 198|0x000000008c600000, 0x000000008c700000, 0x000000008c700000|100%| E|CS|TAMS 0x000000008c600000, 0x000000008c600000| Complete 
| 199|0x000000008c700000, 0x000000008c800000, 0x000000008c800000|100%| E|CS|TAMS 0x000000008c700000, 0x000000008c700000| Complete 
| 200|0x000000008c800000, 0x000000008c900000, 0x000000008c900000|100%| E|CS|TAMS 0x000000008c800000, 0x000000008c800000| Complete 
| 201|0x000000008c900000, 0x000000008ca00000, 0x000000008ca00000|100%| E|CS|TAMS 0x000000008c900000, 0x000000008c900000| Complete 
| 202|0x000000008ca00000, 0x000000008cb00000, 0x000000008cb00000|100%| E|CS|TAMS 0x000000008ca00000, 0x000000008ca00000| Complete 
| 203|0x000000008cb00000, 0x000000008cc00000, 0x000000008cc00000|100%| E|CS|TAMS 0x000000008cb00000, 0x000000008cb00000| Complete 
| 204|0x000000008cc00000, 0x000000008cd00000, 0x000000008cd00000|100%| E|CS|TAMS 0x000000008cc00000, 0x000000008cc00000| Complete 
| 205|0x000000008cd00000, 0x000000008ce00000, 0x000000008ce00000|100%| E|CS|TAMS 0x000000008cd00000, 0x000000008cd00000| Complete 
| 206|0x000000008ce00000, 0x000000008cf00000, 0x000000008cf00000|100%| E|CS|TAMS 0x000000008ce00000, 0x000000008ce00000| Complete 
| 207|0x000000008cf00000, 0x000000008d000000, 0x000000008d000000|100%| E|CS|TAMS 0x000000008cf00000, 0x000000008cf00000| Complete 
| 208|0x000000008d000000, 0x000000008d100000, 0x000000008d100000|100%| E|CS|TAMS 0x000000008d000000, 0x000000008d000000| Complete 
| 209|0x000000008d100000, 0x000000008d200000, 0x000000008d200000|100%| E|CS|TAMS 0x000000008d100000, 0x000000008d100000| Complete 
| 210|0x000000008d200000, 0x000000008d300000, 0x000000008d300000|100%| E|CS|TAMS 0x000000008d200000, 0x000000008d200000| Complete 
| 211|0x000000008d300000, 0x000000008d400000, 0x000000008d400000|100%| E|CS|TAMS 0x000000008d300000, 0x000000008d300000| Complete 
| 212|0x000000008d400000, 0x000000008d500000, 0x000000008d500000|100%| E|CS|TAMS 0x000000008d400000, 0x000000008d400000| Complete 
| 213|0x000000008d500000, 0x000000008d600000, 0x000000008d600000|100%| E|CS|TAMS 0x000000008d500000, 0x000000008d500000| Complete 
| 214|0x000000008d600000, 0x000000008d700000, 0x000000008d700000|100%| E|CS|TAMS 0x000000008d600000, 0x000000008d600000| Complete 
| 215|0x000000008d700000, 0x000000008d800000, 0x000000008d800000|100%| E|  |TAMS 0x000000008d700000, 0x000000008d700000| Complete 
| 216|0x000000008d800000, 0x000000008d900000, 0x000000008d900000|100%| E|CS|TAMS 0x000000008d800000, 0x000000008d800000| Complete 
| 217|0x000000008d900000, 0x000000008da00000, 0x000000008da00000|100%| E|CS|TAMS 0x000000008d900000, 0x000000008d900000| Complete 
| 218|0x000000008da00000, 0x000000008db00000, 0x000000008db00000|100%| E|CS|TAMS 0x000000008da00000, 0x000000008da00000| Complete 
| 219|0x000000008db00000, 0x000000008dc00000, 0x000000008dc00000|100%| E|CS|TAMS 0x000000008db00000, 0x000000008db00000| Complete 
| 220|0x000000008dc00000, 0x000000008dd00000, 0x000000008dd00000|100%| E|CS|TAMS 0x000000008dc00000, 0x000000008dc00000| Complete 
| 221|0x000000008dd00000, 0x000000008de00000, 0x000000008de00000|100%| E|CS|TAMS 0x000000008dd00000, 0x000000008dd00000| Complete 
| 222|0x000000008de00000, 0x000000008df00000, 0x000000008df00000|100%| E|CS|TAMS 0x000000008de00000, 0x000000008de00000| Complete 
| 223|0x000000008df00000, 0x000000008e000000, 0x000000008e000000|100%| E|CS|TAMS 0x000000008df00000, 0x000000008df00000| Complete 

Card table byte_map: [0x0000022cbcb50000,0x0000022cbcf50000] _byte_map_base: 0x0000022cbc750000

Marking Bits (Prev, Next): (CMBitMap*) 0x0000022ca921d7a8, (CMBitMap*) 0x0000022ca921d7e0
 Prev Bits: [0x0000022cbd350000, 0x0000022cbf350000)
 Next Bits: [0x0000022cbf350000, 0x0000022cc1350000)

Polling page: 0x0000022ca79a0000

Metaspace:

Usage:
  Non-class:     32.79 MB capacity,    32.16 MB ( 98%) used,   550.09 KB (  2%) free+waste,    91.63 KB ( <1%) overhead. 
      Class:      5.16 MB capacity,     4.80 MB ( 93%) used,   320.21 KB (  6%) free+waste,    44.63 KB ( <1%) overhead. 
       Both:     37.95 MB capacity,    36.96 MB ( 97%) used,   870.30 KB (  2%) free+waste,   136.25 KB ( <1%) overhead. 

Virtual space:
  Non-class space:       34.00 MB reserved,      33.00 MB ( 97%) committed 
      Class space:        1.00 GB reserved,       5.25 MB ( <1%) committed 
             Both:        1.03 GB reserved,      38.25 MB (  4%) committed 

Chunk freelists:
   Non-Class:  22.00 KB
       Class:  0 bytes
        Both:  22.00 KB

MaxMetaspaceSize: 17179869184.00 GB
CompressedClassSpaceSize: 1.00 GB

CodeHeap 'non-profiled nmethods': size=120000Kb used=1693Kb max_used=1693Kb free=118306Kb
 bounds [0x0000022cb47a0000, 0x0000022cb4a10000, 0x0000022cbbcd0000]
CodeHeap 'profiled nmethods': size=120000Kb used=7024Kb max_used=7024Kb free=112975Kb
 bounds [0x0000022cad270000, 0x0000022cad950000, 0x0000022cb47a0000]
CodeHeap 'non-nmethods': size=5760Kb used=1517Kb max_used=1600Kb free=4242Kb
 bounds [0x0000022caccd0000, 0x0000022cacf40000, 0x0000022cad270000]
 total_blobs=4042 nmethods=3413 adapters=540
 compilation: enabled
              stopped_count=0, restarted_count=0
 full_count=0

Compilation events (20 events):
Event: 4.050 Thread 0x0000022cc46df800 3349       3       groovy.lang.MetaClassImpl::checkIfGroovyObjectMethod (57 bytes)
Event: 4.051 Thread 0x0000022cc46df800 nmethod 3349 0x0000022cad920290 code [0x0000022cad920520, 0x0000022cad921258]
Event: 4.051 Thread 0x0000022cc46df800 3351       3       groovy.lang.MetaMethod::getMopName (105 bytes)
Event: 4.052 Thread 0x0000022cc46df800 nmethod 3351 0x0000022cad921510 code [0x0000022cad9218c0, 0x0000022cad922ea8]
Event: 4.052 Thread 0x0000022cc46df800 3352   !   2       jdk.internal.loader.URLClassPath$JarLoader::getResource (353 bytes)
Event: 4.054 Thread 0x0000022cc46df800 nmethod 3352 0x0000022cad923510 code [0x0000022cad9238a0, 0x0000022cad924898]
Event: 4.054 Thread 0x0000022cc46df800 3350       3       groovy.lang.MetaClassImpl::isGenericGetMethod (44 bytes)
Event: 4.055 Thread 0x0000022cc46df800 nmethod 3350 0x0000022cad925890 code [0x0000022cad925a80, 0x0000022cad925f08]
Event: 4.055 Thread 0x0000022cc46df800 3348       3       groovy.lang.MetaClassImpl::addToAllMethodsIfPublic (22 bytes)
Event: 4.055 Thread 0x0000022cc46df800 nmethod 3348 0x0000022cad926090 code [0x0000022cad926260, 0x0000022cad9265d8]
Event: 4.055 Thread 0x0000022cc46df800 3354       3       java.lang.CharacterDataLatin1::isUpperCase (20 bytes)
Event: 4.055 Thread 0x0000022cc46df800 nmethod 3354 0x0000022cad926710 code [0x0000022cad9268e0, 0x0000022cad926ad8]
Event: 4.055 Thread 0x0000022cc46df800 3355       3       java.lang.CharacterDataLatin1::isOtherUppercase (18 bytes)
Event: 4.055 Thread 0x0000022cc46df800 nmethod 3355 0x0000022cad926c10 code [0x0000022cad926de0, 0x0000022cad926fd8]
Event: 4.055 Thread 0x0000022cc46df800 3356       3       java.lang.CharacterDataLatin1::getPropertiesEx (11 bytes)
Event: 4.055 Thread 0x0000022cc46df800 nmethod 3356 0x0000022cad927110 code [0x0000022cad9272c0, 0x0000022cad9273f8]
Event: 4.055 Thread 0x0000022cc46df800 3358       3       org.codehaus.groovy.util.LockableObject::lock (25 bytes)
Event: 4.056 Thread 0x0000022cc46df800 nmethod 3358 0x0000022cad927510 code [0x0000022cad927780, 0x0000022cad928178]
Event: 4.056 Thread 0x0000022cc46df800 3357       1       org.codehaus.groovy.util.ComplexKeyHashMap$Entry::getValue (5 bytes)
Event: 4.056 Thread 0x0000022cc46df800 nmethod 3357 0x0000022cb493cd90 code [0x0000022cb493cf40, 0x0000022cb493cff8]

GC Heap History (8 events):
Event: 0.661 GC heap before
{Heap before GC invocations=0 (full 0):
 garbage-first heap   total 229376K, used 29696K [0x0000000080000000, 0x0000000100000000)
  region size 1024K, 24 young (24576K), 0 survivors (0K)
 Metaspace       used 9822K, capacity 9986K, committed 10112K, reserved 1058816K
  class space    used 1022K, capacity 1102K, committed 1152K, reserved 1048576K
}
Event: 0.666 GC heap after
{Heap after GC invocations=1 (full 0):
 garbage-first heap   total 229376K, used 9005K [0x0000000080000000, 0x0000000100000000)
  region size 1024K, 3 young (3072K), 3 survivors (3072K)
 Metaspace       used 9822K, capacity 9986K, committed 10112K, reserved 1058816K
  class space    used 1022K, capacity 1102K, committed 1152K, reserved 1048576K
}
Event: 2.265 GC heap before
{Heap before GC invocations=1 (full 0):
 garbage-first heap   total 229376K, used 104237K [0x0000000080000000, 0x0000000100000000)
  region size 1024K, 97 young (99328K), 3 survivors (3072K)
 Metaspace       used 20615K, capacity 21117K, committed 21248K, reserved 1067008K
  class space    used 2526K, capacity 2731K, committed 2816K, reserved 1048576K
}
Event: 2.273 GC heap after
{Heap after GC invocations=2 (full 0):
 garbage-first heap   total 229376K, used 16625K [0x0000000080000000, 0x0000000100000000)
  region size 1024K, 11 young (11264K), 11 survivors (11264K)
 Metaspace       used 20615K, capacity 21117K, committed 21248K, reserved 1067008K
  class space    used 2526K, capacity 2731K, committed 2816K, reserved 1048576K
}
Event: 2.718 GC heap before
{Heap before GC invocations=3 (full 0):
 garbage-first heap   total 229376K, used 61681K [0x0000000080000000, 0x0000000100000000)
  region size 1024K, 55 young (56320K), 11 survivors (11264K)
 Metaspace       used 25230K, capacity 25832K, committed 26112K, reserved 1071104K
  class space    used 3288K, capacity 3498K, committed 3584K, reserved 1048576K
}
Event: 2.726 GC heap after
{Heap after GC invocations=4 (full 0):
 garbage-first heap   total 229376K, used 18519K [0x0000000080000000, 0x0000000100000000)
  region size 1024K, 2 young (2048K), 2 survivors (2048K)
 Metaspace       used 25230K, capacity 25832K, committed 26112K, reserved 1071104K
  class space    used 3288K, capacity 3498K, committed 3584K, reserved 1048576K
}
Event: 3.746 GC heap before
{Heap before GC invocations=4 (full 0):
 garbage-first heap   total 229376K, used 100439K [0x0000000080000000, 0x0000000100000000)
  region size 1024K, 74 young (75776K), 2 survivors (2048K)
 Metaspace       used 34785K, capacity 35715K, committed 35840K, reserved 1081344K
  class space    used 4560K, capacity 4897K, committed 4992K, reserved 1048576K
}
Event: 3.758 GC heap after
{Heap after GC invocations=5 (full 0):
 garbage-first heap   total 229376K, used 34903K [0x0000000080000000, 0x0000000100000000)
  region size 1024K, 8 young (8192K), 8 survivors (8192K)
 Metaspace       used 34785K, capacity 35715K, committed 35840K, reserved 1081344K
  class space    used 4560K, capacity 4897K, committed 4992K, reserved 1048576K
}

Deoptimization events (20 events):
Event: 3.901 Thread 0x0000022cc69bb800 Uncommon trap: trap_request=0xffffff4d fr.pc=0x0000022cb47b7edc relative=0x000000000000003c
Event: 3.901 Thread 0x0000022cc69bb800 Uncommon trap: reason=unstable_if action=reinterpret pc=0x0000022cb47b7edc method=sun.nio.fs.WindowsPathParser.isSlash(C)Z @ 9 c2
Event: 3.901 Thread 0x0000022cc69bb800 DEOPT PACKING pc=0x0000022cb47b7edc sp=0x0000008d7aff8a20
Event: 3.901 Thread 0x0000022cc69bb800 DEOPT UNPACKING pc=0x0000022caccf78af sp=0x0000008d7aff89a8 mode 2
Event: 3.909 Thread 0x0000022cc69bb800 Uncommon trap: trap_request=0xffffffc6 fr.pc=0x0000022cb48ed1f4 relative=0x00000000000051b4
Event: 3.909 Thread 0x0000022cc69bb800 Uncommon trap: reason=bimorphic_or_optimized_type_check action=maybe_recompile pc=0x0000022cb48ed1f4 method=java.net.URL.<init>(Ljava/net/URL;Ljava/lang/String;Ljava/net/URLStreamHandler;)V @ 504 c2
Event: 3.909 Thread 0x0000022cc69bb800 DEOPT PACKING pc=0x0000022cb48ed1f4 sp=0x0000008d7aff6cc0
Event: 3.909 Thread 0x0000022cc69bb800 DEOPT UNPACKING pc=0x0000022caccf78af sp=0x0000008d7aff6c60 mode 2
Event: 3.948 Thread 0x0000022cc69bb800 Uncommon trap: trap_request=0xffffff4d fr.pc=0x0000022cb4911878 relative=0x0000000000000778
Event: 3.948 Thread 0x0000022cc69bb800 Uncommon trap: reason=unstable_if action=reinterpret pc=0x0000022cb4911878 method=java.lang.StringCoding.decode(Ljava/nio/charset/Charset;[BII)Ljava/lang/StringCoding$Result; @ 4 c2
Event: 3.948 Thread 0x0000022cc69bb800 DEOPT PACKING pc=0x0000022cb4911878 sp=0x0000008d7aff8a00
Event: 3.948 Thread 0x0000022cc69bb800 DEOPT UNPACKING pc=0x0000022caccf78af sp=0x0000008d7aff8928 mode 2
Event: 3.971 Thread 0x0000022cc69bb800 Uncommon trap: trap_request=0xffffff7e fr.pc=0x0000022cb4908c20 relative=0x0000000000000320
Event: 3.971 Thread 0x0000022cc69bb800 Uncommon trap: reason=predicate action=maybe_recompile pc=0x0000022cb4908c20 method=java.util.stream.ReferencePipeline.forEachWithCancel(Ljava/util/Spliterator;Ljava/util/stream/Sink;)Z @ 8 c2
Event: 3.971 Thread 0x0000022cc69bb800 DEOPT PACKING pc=0x0000022cb4908c20 sp=0x0000008d7aff8770
Event: 3.971 Thread 0x0000022cc69bb800 DEOPT UNPACKING pc=0x0000022caccf78af sp=0x0000008d7aff8710 mode 2
Event: 4.054 Thread 0x0000022cc69bb800 Uncommon trap: trap_request=0xffffffbe fr.pc=0x0000022cb4936a0c relative=0x0000000000003c8c
Event: 4.054 Thread 0x0000022cc69bb800 Uncommon trap: reason=profile_predicate action=maybe_recompile pc=0x0000022cb4936a0c method=java.util.AbstractCollection.addAll(Ljava/util/Collection;)Z @ 15 c2
Event: 4.054 Thread 0x0000022cc69bb800 DEOPT PACKING pc=0x0000022cb4936a0c sp=0x0000008d7affa060
Event: 4.054 Thread 0x0000022cc69bb800 DEOPT UNPACKING pc=0x0000022caccf78af sp=0x0000008d7affa078 mode 2

Classes redefined (0 events):
No events

Internal exceptions (20 events):
Event: 3.516 Thread 0x0000022cc8562800 Exception <a 'sun/nio/fs/WindowsException'{0x000000008a184ca8}> (0x000000008a184ca8) thrown at [./src/hotspot/share/prims/jni.cpp, line 615]
Event: 3.539 Thread 0x0000022cc69bb800 Exception <a 'java/lang/NoSuchMethodError'{0x000000008a0a0dc8}: 'void java.lang.invoke.DirectMethodHandle$Holder.invokeStaticInit(java.lang.Object, java.lang.Object, java.lang.Object, java.lang.Object)'> (0x000000008a0a0dc8) thrown at [./src/hotspot/share/interpreter/linkResolver.cpp, line 773]
Event: 3.602 Thread 0x0000022cc69bb800 Exception <a 'java/lang/NoSuchMethodError'{0x0000000089cb4700}: 'void java.lang.invoke.DirectMethodHandle$Holder.invokeStaticInit(java.lang.Object, java.lang.Object, java.lang.Object)'> (0x0000000089cb4700) thrown at [./src/hotspot/share/interpreter/linkResolver.cpp, line 773]
Event: 3.605 Thread 0x0000022cc69bb800 Exception <a 'java/lang/NoSuchMethodError'{0x0000000089cd9f10}: 'void java.lang.invoke.DirectMethodHandle$Holder.invokeStaticInit(java.lang.Object, java.lang.Object, java.lang.Object, java.lang.Object, java.lang.Object)'> (0x0000000089cd9f10) thrown at [./src/hotspot/share/interpreter/linkResolver.cpp, line 773]
Event: 3.639 Thread 0x0000022cc69bb800 Exception <a 'java/lang/NoSuchMethodError'{0x0000000089b505c8}: 'int java.lang.invoke.DirectMethodHandle$Holder.invokeStaticInit(java.lang.Object, java.lang.Object, java.lang.Object, java.lang.Object)'> (0x0000000089b505c8) thrown at [./src/hotspot/share/interpreter/linkResolver.cpp, line 773]
Event: 3.640 Thread 0x0000022cc69bb800 Exception <a 'java/lang/IncompatibleClassChangeError'{0x0000000089b59dd0}: Found class java.lang.Object, but interface was expected> (0x0000000089b59dd0) thrown at [./src/hotspot/share/interpreter/linkResolver.cpp, line 839]
Event: 3.828 Thread 0x0000022cc69bb800 Exception <a 'java/lang/NoSuchMethodError'{0x000000008dc8e040}: 'java.lang.Object java.lang.invoke.DirectMethodHandle$Holder.invokeStatic(java.lang.Object, java.lang.Object, java.lang.Object, java.lang.Object, java.lang.Object, java.lang.Object, java.lang.Object, java.lang.Object, java.lang.Object, java.lang.Object, java.lang.Object, int)'> (0x000000008dc8e040) thrown at [./src/hotspot/share/interpreter/linkResolver.cpp, line 773]
Event: 3.830 Thread 0x0000022cc69bb800 Exception <a 'java/lang/NoSuchMethodError'{0x000000008dcac9e0}: 'java.lang.Object java.lang.invoke.DirectMethodHandle$Holder.invokeStatic(java.lang.Object, java.lang.Object, java.lang.Object, java.lang.Object, java.lang.Object, java.lang.Object, java.lang.Object, java.lang.Object, java.lang.Object, java.lang.Object, java.lang.Object, int, int)'> (0x000000008dcac9e0) thrown at [./src/hotspot/share/interpreter/linkResolver.cpp, line 773]
Event: 3.832 Thread 0x0000022cc69bb800 Exception <a 'java/lang/NoSuchMethodError'{0x000000008dccc210}: 'java.lang.Object java.lang.invoke.DirectMethodHandle$Holder.invokeStatic(java.lang.Object, java.lang.Object, java.lang.Object, java.lang.Object, java.lang.Object, java.lang.Object, java.lang.Object, java.lang.Object, java.lang.Object, java.lang.Object, java.lang.Object, int, int, java.lang.Object)'> (0x000000008dccc210) thrown at [./src/hotspot/share/interpreter/linkResolver.cpp, line 773]
Event: 3.834 Thread 0x0000022cc69bb800 Exception <a 'java/lang/NoSuchMethodError'{0x000000008dced308}: 'java.lang.Object java.lang.invoke.DirectMethodHandle$Holder.invokeStatic(java.lang.Object, java.lang.Object, java.lang.Object, java.lang.Object, java.lang.Object, java.lang.Object, java.lang.Object, java.lang.Object, java.lang.Object, java.lang.Object, java.lang.Object, int, int, java.lang.Object, java.lang.Object)'> (0x000000008dced308) thrown at [./src/hotspot/share/interpreter/linkResolver.cpp, line 773]
Event: 3.836 Thread 0x0000022cc69bb800 Exception <a 'java/lang/ClassNotFoundException'{0x000000008db1d8a0}: groovy/lang/ExpandoMetaClassBeanInfo> (0x000000008db1d8a0) thrown at [./src/hotspot/share/classfile/systemDictionary.cpp, line 231]
Event: 3.837 Thread 0x0000022cc69bb800 Exception <a 'java/lang/ClassNotFoundException'{0x000000008db3da28}: groovy/lang/MetaClassImplBeanInfo> (0x000000008db3da28) thrown at [./src/hotspot/share/classfile/systemDictionary.cpp, line 231]
Event: 3.837 Thread 0x0000022cc69bb800 Exception <a 'java/lang/ClassNotFoundException'{0x000000008db46c70}: java/lang/ObjectBeanInfo> (0x000000008db46c70) thrown at [./src/hotspot/share/classfile/systemDictionary.cpp, line 231]
Event: 3.838 Thread 0x0000022cc69bb800 Exception <a 'java/lang/ClassNotFoundException'{0x000000008db522f0}: java/lang/ObjectCustomizer> (0x000000008db522f0) thrown at [./src/hotspot/share/classfile/systemDictionary.cpp, line 231]
Event: 3.843 Thread 0x0000022cc69bb800 Exception <a 'java/lang/ClassNotFoundException'{0x000000008db791d8}: groovy/lang/MetaClassImplCustomizer> (0x000000008db791d8) thrown at [./src/hotspot/share/classfile/systemDictionary.cpp, line 231]
Event: 3.846 Thread 0x0000022cc69bb800 Exception <a 'java/lang/ClassNotFoundException'{0x000000008dbb8f60}: groovy/lang/ExpandoMetaClassCustomizer> (0x000000008dbb8f60) thrown at [./src/hotspot/share/classfile/systemDictionary.cpp, line 231]
Event: 4.051 Thread 0x0000022cc69bb800 Exception <a 'java/lang/ClassNotFoundException'{0x000000008c240bb0}: groovy/lang/BindingBeanInfo> (0x000000008c240bb0) thrown at [./src/hotspot/share/classfile/systemDictionary.cpp, line 231]
Event: 4.052 Thread 0x0000022cc69bb800 Exception <a 'java/lang/ClassNotFoundException'{0x000000008c261f50}: groovy/lang/GroovyObjectSupportBeanInfo> (0x000000008c261f50) thrown at [./src/hotspot/share/classfile/systemDictionary.cpp, line 231]
Event: 4.052 Thread 0x0000022cc69bb800 Exception <a 'java/lang/ClassNotFoundException'{0x000000008c283350}: groovy/lang/GroovyObjectSupportCustomizer> (0x000000008c283350) thrown at [./src/hotspot/share/classfile/systemDictionary.cpp, line 231]
Event: 4.054 Thread 0x0000022cc69bb800 Exception <a 'java/lang/ClassNotFoundException'{0x000000008c2a6948}: groovy/lang/BindingCustomizer> (0x000000008c2a6948) thrown at [./src/hotspot/share/classfile/systemDictionary.cpp, line 231]

Events (20 events):
Event: 4.051 loading class groovy/lang/GroovyObjectSupportBeanInfo
Event: 4.051 loading class groovy/lang/GroovyObjectSupportBeanInfo done
Event: 4.052 loading class groovy/lang/GroovyObjectSupportBeanInfo
Event: 4.052 loading class groovy/lang/GroovyObjectSupportBeanInfo done
Event: 4.052 loading class groovy/lang/GroovyObjectSupportBeanInfo
Event: 4.052 loading class groovy/lang/GroovyObjectSupportBeanInfo done
Event: 4.052 loading class groovy/lang/GroovyObjectSupportCustomizer
Event: 4.052 loading class groovy/lang/GroovyObjectSupportCustomizer done
Event: 4.052 loading class groovy/lang/GroovyObjectSupportCustomizer
Event: 4.052 loading class groovy/lang/GroovyObjectSupportCustomizer done
Event: 4.052 loading class groovy/lang/GroovyObjectSupportCustomizer
Event: 4.052 loading class groovy/lang/GroovyObjectSupportCustomizer done
Event: 4.053 loading class groovy/lang/BindingCustomizer
Event: 4.053 loading class groovy/lang/BindingCustomizer done
Event: 4.054 loading class groovy/lang/BindingCustomizer
Event: 4.054 loading class groovy/lang/BindingCustomizer done
Event: 4.054 loading class groovy/lang/BindingCustomizer
Event: 4.054 loading class groovy/lang/BindingCustomizer done
Event: 4.055 loading class groovy/runtime/metaclass/sync_studio_tooling11_c17ibxceo6bgnl7tuu976beutMetaClass
Event: 4.055 loading class groovy/runtime/metaclass/sync_studio_tooling11_c17ibxceo6bgnl7tuu976beutMetaClass done


Dynamic libraries:
0x00007ff744250000 - 0x00007ff74425a000 	C:\Program Files\Android\Android Studio\jre\bin\java.exe
0x00007ffba4990000 - 0x00007ffba4b85000 	C:\Windows\SYSTEM32\ntdll.dll
0x00007ffba3b50000 - 0x00007ffba3c0e000 	C:\Windows\System32\KERNEL32.DLL
0x00007ffba2330000 - 0x00007ffba25f9000 	C:\Windows\System32\KERNELBASE.dll
0x00007ffba28e0000 - 0x00007ffba29e0000 	C:\Windows\System32\ucrtbase.dll
0x00007ffb8c9d0000 - 0x00007ffb8c9e9000 	C:\Program Files\Android\Android Studio\jre\bin\jli.dll
0x00007ffb8c7b0000 - 0x00007ffb8c7c7000 	C:\Program Files\Android\Android Studio\jre\bin\VCRUNTIME140.dll
0x00007ffba4430000 - 0x00007ffba45d1000 	C:\Windows\System32\USER32.dll
0x00007ffb8df80000 - 0x00007ffb8e21a000 	C:\Windows\WinSxS\amd64_microsoft.windows.common-controls_6595b64144ccf1df_6.0.19041.1110_none_60b5254171f9507e\COMCTL32.dll
0x00007ffba2600000 - 0x00007ffba2622000 	C:\Windows\System32\win32u.dll
0x00007ffba4260000 - 0x00007ffba42fe000 	C:\Windows\System32\msvcrt.dll
0x00007ffba4920000 - 0x00007ffba494b000 	C:\Windows\System32\GDI32.dll
0x00007ffba2720000 - 0x00007ffba282b000 	C:\Windows\System32\gdi32full.dll
0x00007ffba2630000 - 0x00007ffba26cd000 	C:\Windows\System32\msvcp_win.dll
0x00007ffba48f0000 - 0x00007ffba4920000 	C:\Windows\System32\IMM32.DLL
0x00007ffb56010000 - 0x00007ffb560ad000 	C:\Program Files\Android\Android Studio\jre\bin\msvcp140.dll
0x00007ffb38bb0000 - 0x00007ffb3967f000 	C:\Program Files\Android\Android Studio\jre\bin\server\jvm.dll
0x00007ffba2a80000 - 0x00007ffba2b2c000 	C:\Windows\System32\ADVAPI32.dll
0x00007ffba29e0000 - 0x00007ffba2a7b000 	C:\Windows\System32\sechost.dll
0x00007ffba4690000 - 0x00007ffba47ba000 	C:\Windows\System32\RPCRT4.dll
0x00007ffba4300000 - 0x00007ffba4308000 	C:\Windows\System32\PSAPI.DLL
0x00007ffb94860000 - 0x00007ffb94887000 	C:\Windows\SYSTEM32\WINMM.dll
0x00007ffb98260000 - 0x00007ffb9826a000 	C:\Windows\SYSTEM32\VERSION.dll
0x00007ffb9db90000 - 0x00007ffb9db99000 	C:\Windows\SYSTEM32\WSOCK32.dll
0x00007ffba3570000 - 0x00007ffba35db000 	C:\Windows\System32\WS2_32.dll
0x00007ffb9ffb0000 - 0x00007ffb9ffc2000 	C:\Windows\SYSTEM32\kernel.appcore.dll
0x00007ffb97ee0000 - 0x00007ffb97ef1000 	C:\Program Files\Android\Android Studio\jre\bin\verify.dll
0x00007ffb98270000 - 0x00007ffb98454000 	C:\Windows\SYSTEM32\DBGHELP.DLL
0x00007ffb91bf0000 - 0x00007ffb91c1c000 	C:\Windows\SYSTEM32\dbgcore.DLL
0x00007ffba2140000 - 0x00007ffba21c3000 	C:\Windows\System32\bcryptPrimitives.dll
0x00007ffb85300000 - 0x00007ffb85329000 	C:\Program Files\Android\Android Studio\jre\bin\java.dll
0x00007ffb9d170000 - 0x00007ffb9d17b000 	C:\Program Files\Android\Android Studio\jre\bin\jimage.dll
0x00007ffb92850000 - 0x00007ffb92868000 	C:\Program Files\Android\Android Studio\jre\bin\zip.dll
0x00007ffba2b30000 - 0x00007ffba326f000 	C:\Windows\System32\SHELL32.dll
0x00007ffba01b0000 - 0x00007ffba0940000 	C:\Windows\SYSTEM32\windows.storage.dll
0x00007ffba3db0000 - 0x00007ffba4105000 	C:\Windows\System32\combase.dll
0x00007ffba1a90000 - 0x00007ffba1abc000 	C:\Windows\SYSTEM32\Wldp.dll
0x00007ffba4110000 - 0x00007ffba41bd000 	C:\Windows\System32\SHCORE.dll
0x00007ffba3c70000 - 0x00007ffba3cc5000 	C:\Windows\System32\shlwapi.dll
0x00007ffba1ff0000 - 0x00007ffba200f000 	C:\Windows\SYSTEM32\profapi.dll
0x00007ffb8e340000 - 0x00007ffb8e35a000 	C:\Program Files\Android\Android Studio\jre\bin\net.dll
0x00007ffb94da0000 - 0x00007ffb94ea8000 	C:\Windows\SYSTEM32\WINHTTP.dll
0x00007ffba17f0000 - 0x00007ffba185a000 	C:\Windows\system32\mswsock.dll
0x00007ffb8d380000 - 0x00007ffb8d394000 	C:\Program Files\Android\Android Studio\jre\bin\nio.dll
0x00007ffb64700000 - 0x00007ffb64727000 	C:\Users\jep\.gradle\native\8bec1ad78214c89d9ad589b4d07fe93259594b29d510b10fafb7a158f7737e5d\windows-amd64\native-platform.dll
0x00007ffb41300000 - 0x00007ffb4143d000 	C:\Users\jep\.gradle\native\53dbd7edfb1c66fb8903c78663c9afc45aea4f116125fa6feffd364cf09443e8\windows-amd64\native-platform-file-events.dll
0x00007ffb97f80000 - 0x00007ffb97f8a000 	C:\Program Files\Android\Android Studio\jre\bin\management.dll
0x00007ffb97ed0000 - 0x00007ffb97edc000 	C:\Program Files\Android\Android Studio\jre\bin\management_ext.dll
0x00007ffba19e0000 - 0x00007ffba19f8000 	C:\Windows\SYSTEM32\CRYPTSP.dll
0x00007ffba1170000 - 0x00007ffba11a4000 	C:\Windows\system32\rsaenh.dll
0x00007ffba2110000 - 0x00007ffba2137000 	C:\Windows\System32\bcrypt.dll
0x00007ffba1fb0000 - 0x00007ffba1fde000 	C:\Windows\SYSTEM32\USERENV.dll
0x00007ffba1a00000 - 0x00007ffba1a0c000 	C:\Windows\SYSTEM32\CRYPTBASE.dll
0x00007ffba14e0000 - 0x00007ffba151b000 	C:\Windows\SYSTEM32\IPHLPAPI.DLL
0x00007ffba3270000 - 0x00007ffba3278000 	C:\Windows\System32\NSI.dll
0x00007ffb9bb30000 - 0x00007ffb9bb47000 	C:\Windows\SYSTEM32\dhcpcsvc6.DLL
0x00007ffb9bc00000 - 0x00007ffb9bc1d000 	C:\Windows\SYSTEM32\dhcpcsvc.DLL
0x00007ffba1520000 - 0x00007ffba15ec000 	C:\Windows\SYSTEM32\DNSAPI.dll

dbghelp: loaded successfully - version: 4.0.5 - missing functions: none
symbol engine: initialized successfully - sym options: 0x614 - pdb path: .;C:\Program Files\Android\Android Studio\jre\bin;C:\Windows\SYSTEM32;C:\Windows\WinSxS\amd64_microsoft.windows.common-controls_6595b64144ccf1df_6.0.19041.1110_none_60b5254171f9507e;C:\Program Files\Android\Android Studio\jre\bin\server;C:\Users\jep\.gradle\native\8bec1ad78214c89d9ad589b4d07fe93259594b29d510b10fafb7a158f7737e5d\windows-amd64;C:\Users\jep\.gradle\native\53dbd7edfb1c66fb8903c78663c9afc45aea4f116125fa6feffd364cf09443e8\windows-amd64

VM Arguments:
jvm_args: --add-opens=java.base/java.util=ALL-UNNAMED --add-opens=java.base/java.lang=ALL-UNNAMED --add-opens=java.base/java.lang.invoke=ALL-UNNAMED --add-opens=java.base/java.util=ALL-UNNAMED --add-opens=java.prefs/java.util.prefs=ALL-UNNAMED --add-opens=java.prefs/java.util.prefs=ALL-UNNAMED --add-opens=java.base/java.nio.charset=ALL-UNNAMED --add-opens=java.base/java.net=ALL-UNNAMED --add-opens=java.base/java.util.concurrent.atomic=ALL-UNNAMED -Xmx2048m -Dfile.encoding=UTF-8 -Duser.country=US -Duser.language=en -Duser.variant 
java_command: org.gradle.launcher.daemon.bootstrap.GradleDaemon 7.0.2
java_class_path (initial): C:\Users\jep\.gradle\wrapper\dists\gradle-7.0.2-bin\857tjihv64xamwrf0h14cai3r\gradle-7.0.2\lib\gradle-launcher-7.0.2.jar
Launcher Type: SUN_STANDARD

[Global flags]
     intx CICompilerCount                          = 4                                         {product} {ergonomic}
     uint ConcGCThreads                            = 2                                         {product} {ergonomic}
     uint G1ConcRefinementThreads                  = 8                                         {product} {ergonomic}
   size_t G1HeapRegionSize                         = 1048576                                   {product} {ergonomic}
    uintx GCDrainStackTargetSize                   = 64                                        {product} {ergonomic}
   size_t InitialHeapSize                          = 234881024                                 {product} {ergonomic}
   size_t MarkStackSize                            = 4194304                                   {product} {ergonomic}
   size_t MaxHeapSize                              = 2147483648                                {product} {command line}
   size_t MaxNewSize                               = 1287651328                                {product} {ergonomic}
   size_t MinHeapDeltaBytes                        = 1048576                                   {product} {ergonomic}
    uintx NonNMethodCodeHeapSize                   = 5836300                                {pd product} {ergonomic}
    uintx NonProfiledCodeHeapSize                  = 122910970                              {pd product} {ergonomic}
    uintx ProfiledCodeHeapSize                     = 122910970                              {pd product} {ergonomic}
    uintx ReservedCodeCacheSize                    = 251658240                              {pd product} {ergonomic}
     bool SegmentedCodeCache                       = true                                      {product} {ergonomic}
     bool UseCompressedClassPointers               = true                                 {lp64_product} {ergonomic}
     bool UseCompressedOops                        = true                                 {lp64_product} {ergonomic}
     bool UseG1GC                                  = true                                      {product} {ergonomic}
     bool UseLargePagesIndividualAllocation        = false                                  {pd product} {ergonomic}

Logging:
Log output configuration:
 #0: stdout all=warning uptime,level,tags
 #1: stderr all=off uptime,level,tags

Environment Variables:
PATH=C:\Windows\system32;C:\Windows;C:\Windows\System32\Wbem;C:\Windows\System32\WindowsPowerShell\v1.0\;C:\Windows\System32\OpenSSH\;C:\Users\jep\AppData\Local\Microsoft\WindowsApps;
USERNAME=jep
OS=Windows_NT
PROCESSOR_IDENTIFIER=AMD64 Family 23 Model 24 Stepping 1, AuthenticAMD



---------------  S Y S T E M  ---------------

OS: Windows 10 , 64 bit Build 19041 (10.0.19041.1202)
OS uptime: 0 days 2:00 hours

CPU:total 8 (initial active 8) (8 cores per cpu, 2 threads per core) family 23 model 24 stepping 1 microcode 0x0, cmov, cx8, fxsr, mmx, sse, sse2, sse3, ssse3, sse4.1, sse4.2, popcnt, avx, avx2, aes, clmul, mmxext, 3dnowpref, lzcnt, sse4a, ht, tsc, tscinvbit, tscinv, bmi1, bmi2, adx, s

Memory: 4k page, system-wide physical 14274M (8043M free)
TotalPageFile size 16962M (AvailPageFile size 7560M)
current process WorkingSet (physical memory assigned to process): 288M, peak: 296M
current process commit charge ("private bytes"): 417M, peak: 426M

vm_info: OpenJDK 64-Bit Server VM (11.0.10+0-b96-7249189) for windows-amd64 JRE (11.0.10+0-b96-7249189), built on Mar 31 2021 21:44:00 by "builder" with MS VC++ 14.0 (VS2015)

END.
