#
# A fatal error has been detected by the Java Runtime Environment:
#
#  EXCEPTION_ACCESS_VIOLATION (0xc0000005) at pc=0x00007ffb3909a004, pid=3892, tid=12828
#
# JRE version: OpenJDK Runtime Environment (11.0.10) (build 11.0.10+0-b96-7249189)
# Java VM: OpenJDK 64-Bit Server VM (11.0.10+0-b96-7249189, mixed mode, tiered, compressed oops, g1 gc, windows-amd64)
# Problematic frame:
# V  [jvm.dll+0x4ea004]
#
# No core dump will be written. Minidumps are not enabled by default on client versions of Windows
#
# If you would like to submit a bug report, please visit:
#   https://bugreport.java.com/bugreport/crash.jsp
#

---------------  S U M M A R Y ------------

Command Line: --add-opens=java.base/java.util=ALL-UNNAMED --add-opens=java.base/java.lang=ALL-UNNAMED --add-opens=java.base/java.lang.invoke=ALL-UNNAMED --add-opens=java.base/java.util=ALL-UNNAMED --add-opens=java.prefs/java.util.prefs=ALL-UNNAMED --add-opens=java.prefs/java.util.prefs=ALL-UNNAMED --add-opens=java.base/java.nio.charset=ALL-UNNAMED --add-opens=java.base/java.net=ALL-UNNAMED --add-opens=java.base/java.util.concurrent.atomic=ALL-UNNAMED -Xmx2048m -Dfile.encoding=UTF-8 -Duser.country=US -Duser.language=en -Duser.variant org.gradle.launcher.daemon.bootstrap.GradleDaemon 7.0.2

Host: AMD Ryzen 5 3550H with Radeon Vega Mobile Gfx  , 8 cores, 13G,  Windows 10 , 64 bit Build 19041 (10.0.19041.1202)
Time: Sun Jan 23 03:54:08 2022 Pacific Standard Time elapsed time: 6.437860 seconds (0d 0h 0m 6s)

---------------  T H R E A D  ---------------

Current thread (0x0000024c8207f000):  JavaThread "C2 CompilerThread0" daemon [_thread_in_native, id=12828, stack(0x000000ed89800000,0x000000ed89900000)]


Current CompileTask:
C2:   6437 5286       4       org.codehaus.groovy.reflection.CachedMethod::compareToCachedMethod (160 bytes)

Stack: [0x000000ed89800000,0x000000ed89900000],  sp=0x000000ed898fb730,  free space=1005k
Native frames: (J=compiled Java code, j=interpreted, Vv=VM code, C=native code)
V  [jvm.dll+0x4ea004]
V  [jvm.dll+0x4ea6e6]
V  [jvm.dll+0x320b02]
V  [jvm.dll+0x31ffca]
V  [jvm.dll+0x1fb602]
V  [jvm.dll+0x1fa7f4]
V  [jvm.dll+0x18354c]
V  [jvm.dll+0x208ee7]
V  [jvm.dll+0x207731]
V  [jvm.dll+0x6eb1cf]
V  [jvm.dll+0x6e3d45]
V  [jvm.dll+0x5ebe96]
C  [ucrtbase.dll+0x21bb2]
C  [KERNEL32.DLL+0x17034]
C  [ntdll.dll+0x52651]


siginfo: EXCEPTION_ACCESS_VIOLATION (0xc0000005), reading address 0x0000004c8347dbf0


Register to memory mapping:

RIP=0x00007ffb3909a004 jvm.dll
RAX=0x0000004c8347dbf0 is an unknown value
RBX=0x000000000000000b is an unknown value
RCX=0x0 is NULL
RDX=0x0 is NULL
RSP=0x000000ed898fb730 is pointing into the stack for thread: 0x0000024c8207f000
RBP=0x0000024c85252620 points into unknown readable memory: 0x0000000000000000 | 00 00 00 00 00 00 00 00
RSI=0x0000024c8973afb0 points into unknown readable memory: 0x0000000000000001 | 01 00 00 00 00 00 00 00
RDI=0x0 is NULL
R8 =0x0000024c854cd4e0 points into unknown readable memory: 0x0000000000000800 | 00 08 00 00 00 00 00 00
R9 =0x0000000000000800 is an unknown value
R10=0x00007ffb38bb0000 jvm.dll
R11=0x00000000000005bb is an unknown value
R12=0x00007ffb395a7c38 jvm.dll
R13=0x0000024c897e7f70 points into unknown readable memory: 0x0000000000000000 | 00 00 00 00 00 00 00 00
R14=0x00007ffb38bb0000 jvm.dll
R15=0x0000000000000001 is an unknown value


Registers:
RAX=0x0000004c8347dbf0, RBX=0x000000000000000b, RCX=0x0000000000000000, RDX=0x0000000000000000
RSP=0x000000ed898fb730, RBP=0x0000024c85252620, RSI=0x0000024c8973afb0, RDI=0x0000000000000000
R8 =0x0000024c854cd4e0, R9 =0x0000000000000800, R10=0x00007ffb38bb0000, R11=0x00000000000005bb
R12=0x00007ffb395a7c38, R13=0x0000024c897e7f70, R14=0x00007ffb38bb0000, R15=0x0000000000000001
RIP=0x00007ffb3909a004, EFLAGS=0x0000000000010246

Top of Stack: (sp=0x000000ed898fb730)
0x000000ed898fb730:   000000000000000b 0000024c85252620
0x000000ed898fb740:   0000024c8973afb0 00007ffb38f07f34
0x000000ed898fb750:   0000024c897e7f70 0000000000000000
0x000000ed898fb760:   0000000e0000000b 00007ffb00000001
0x000000ed898fb770:   0000024c854cd580 00007ffb00000001
0x000000ed898fb780:   0000024c82499b88 0000000000000035
0x000000ed898fb790:   0000024c8447a718 0000000000000008
0x000000ed898fb7a0:   0000000000000000 0000024c8447a718
0x000000ed898fb7b0:   0000024c83748418 0000024c82ca0798
0x000000ed898fb7c0:   0000000000000001 0000000000000008
0x000000ed898fb7d0:   000000ed898fbb60 00007ffb3909a6e6
0x000000ed898fb7e0:   000000ed898fbb60 0000024c83748418
0x000000ed898fb7f0:   0000000000000001 000000ed898fb830
0x000000ed898fb800:   0000024c820288b8 0000024c8207b3b0
0x000000ed898fb810:   0000024c82c10850 0000024c82c108a0
0x000000ed898fb820:   000000000033a8e8 0000024c82c18838 

Instructions: (pc=0x00007ffb3909a004)
0x00007ffb39099f04:   4d 85 e4 74 05 49 8b ec eb 08 e8 6d 0b 00 00 48
0x00007ffb39099f14:   8b e8 48 8b d3 48 8d 4c 24 30 e8 ad dd e6 ff 4c
0x00007ffb39099f24:   8b 6c 24 20 4c 8d 35 d1 60 b1 ff 4c 8d 25 02 dd
0x00007ffb39099f34:   50 00 48 89 7c 24 70 41 bf 01 00 00 00 8b 54 24
0x00007ffb39099f44:   30 85 d2 74 42 44 8b 4c 24 34 f6 c2 1f 75 0c c1
0x00007ffb39099f54:   ea 05 41 83 c1 05 f6 c2 1f 74 f4 44 8b c2 41 83
0x00007ffb39099f64:   e0 1f 43 0f b6 8c 30 40 cd 82 00 43 0f b6 9c 30
0x00007ffb39099f74:   20 cd 82 00 d3 ea 89 54 24 30 41 03 d9 42 8d 04
0x00007ffb39099f84:   09 89 44 24 34 eb 0c 48 8d 4c 24 30 e8 8b dd e6
0x00007ffb39099f94:   ff 8b d8 85 db 0f 84 82 00 00 00 48 8b 4e 08 8b
0x00007ffb39099fa4:   d3 48 c1 ea 08 8b fb 4c 8b 04 d1 4d 3b c4 75 0d
0x00007ffb39099fb4:   8b d3 48 8b ce e8 62 df e6 ff 4c 8b c0 8b cb 45
0x00007ffb39099fc4:   8b cf 83 e1 1f 41 d3 e1 48 8b cf 48 c1 e9 05 83
0x00007ffb39099fd4:   e1 07 41 8b 14 88 8b c2 41 0b c1 41 89 04 88 41
0x00007ffb39099fe4:   23 d1 75 02 ff 06 85 d2 0f 85 4f ff ff ff 49 8b
0x00007ffb39099ff4:   45 08 48 8b cf 48 c1 e9 08 48 c1 ef 05 83 e7 07
0x00007ffb3909a004:   48 8b 04 c8 44 85 0c b8 0f 85 2f ff ff ff 8b d3
0x00007ffb3909a014:   48 8b cd e8 94 0e cb ff e9 20 ff ff ff 83 7d 00
0x00007ffb3909a024:   00 48 8b b4 24 c0 00 00 00 4c 8b b4 24 b0 00 00
0x00007ffb3909a034:   00 4c 8b ac 24 b8 00 00 00 4c 8b 64 24 28 74 63
0x00007ffb3909a044:   41 8b 4d 4c 49 8b 46 28 ff c9 48 89 2c c8 4d 85
0x00007ffb3909a054:   e4 75 5f 41 8b 4d 4c 8b c1 4c 8b 84 24 c8 00 00
0x00007ffb3909a064:   00 c1 e8 05 41 3b 40 10 73 48 8b d0 83 e1 1f 49
0x00007ffb3909a074:   8b 40 18 41 d3 e7 8b 04 90 41 23 c7 74 34 49 8b
0x00007ffb3909a084:   5e 38 8b 7b 18 8d 47 01 89 43 18 3b 3b 72 0a 8b
0x00007ffb3909a094:   d7 48 8b cb e8 b3 66 c2 ff 48 8b 43 10 4c 89 2c
0x00007ffb3909a0a4:   f8 eb 0f 49 8b 46 30 48 89 85 98 00 00 00 49 89
0x00007ffb3909a0b4:   6e 30 48 8b 7c 24 70 48 83 c4 78 41 5f 41 5e 41
0x00007ffb3909a0c4:   5d 41 5c 5d 5b c3 cc cc cc cc cc cc 40 53 55 56
0x00007ffb3909a0d4:   57 41 54 41 55 41 56 41 57 48 83 ec 78 89 51 50
0x00007ffb3909a0e4:   48 8b d9 48 8b 51 58 b9 20 00 00 00 e8 db 95 bc
0x00007ffb3909a0f4:   ff 8b 2d 81 96 54 00 48 8b f8 41 be 08 00 00 00 


Stack slot to memory mapping:
stack at sp + 0 slots: 0x000000000000000b is an unknown value
stack at sp + 1 slots: 0x0000024c85252620 points into unknown readable memory: 0x0000000000000000 | 00 00 00 00 00 00 00 00
stack at sp + 2 slots: 0x0000024c8973afb0 points into unknown readable memory: 0x0000000000000001 | 01 00 00 00 00 00 00 00
stack at sp + 3 slots: 0x00007ffb38f07f34 jvm.dll
stack at sp + 4 slots: 0x0000024c897e7f70 points into unknown readable memory: 0x0000000000000000 | 00 00 00 00 00 00 00 00
stack at sp + 5 slots: 0x0 is NULL
stack at sp + 6 slots: 0x0000000e0000000b is an unknown value
stack at sp + 7 slots: 0x00007ffb00000001 is an unknown value


---------------  P R O C E S S  ---------------

Threads class SMR info:
_java_thread_list=0x0000024c87eea030, length=42, elements={
0x0000024ce50c9000, 0x0000024cff532800, 0x0000024cff535800, 0x0000024c82077800,
0x0000024c8207a000, 0x0000024c8207c000, 0x0000024c8207f000, 0x0000024c8208d000,
0x0000024c82090000, 0x0000024c821e9000, 0x0000024c822c8000, 0x0000024c831e7800,
0x0000024c84032800, 0x0000024c843fb800, 0x0000024c84b08000, 0x0000024c84815000,
0x0000024c85092800, 0x0000024c84275000, 0x0000024c84b18000, 0x0000024c84c5f000,
0x0000024c840df800, 0x0000024c840dc800, 0x0000024c840db000, 0x0000024c840dd000,
0x0000024c840de000, 0x0000024c840df000, 0x0000024c840e0800, 0x0000024c840e1800,
0x0000024c840db800, 0x0000024c85b6e800, 0x0000024c85b6c800, 0x0000024c85b6d800,
0x0000024c85b6f000, 0x0000024c85b70000, 0x0000024c85b6a000, 0x0000024c8760b800,
0x0000024c85b71000, 0x0000024c85b6b000, 0x0000024c85b6c000, 0x0000024c846bc000,
0x0000024c846ba800, 0x0000024c846bd800
}

Java Threads: ( => current thread )
  0x0000024ce50c9000 JavaThread "main" [_thread_blocked, id=11408, stack(0x000000ed88c00000,0x000000ed88d00000)]
  0x0000024cff532800 JavaThread "Reference Handler" daemon [_thread_blocked, id=11512, stack(0x000000ed89300000,0x000000ed89400000)]
  0x0000024cff535800 JavaThread "Finalizer" daemon [_thread_blocked, id=4352, stack(0x000000ed89400000,0x000000ed89500000)]
  0x0000024c82077800 JavaThread "Signal Dispatcher" daemon [_thread_blocked, id=13284, stack(0x000000ed89500000,0x000000ed89600000)]
  0x0000024c8207a000 JavaThread "Attach Listener" daemon [_thread_blocked, id=11792, stack(0x000000ed89600000,0x000000ed89700000)]
  0x0000024c8207c000 JavaThread "Service Thread" daemon [_thread_blocked, id=13176, stack(0x000000ed89700000,0x000000ed89800000)]
=>0x0000024c8207f000 JavaThread "C2 CompilerThread0" daemon [_thread_in_native, id=12828, stack(0x000000ed89800000,0x000000ed89900000)]
  0x0000024c8208d000 JavaThread "C1 CompilerThread0" daemon [_thread_blocked, id=8920, stack(0x000000ed89900000,0x000000ed89a00000)]
  0x0000024c82090000 JavaThread "Sweeper thread" daemon [_thread_blocked, id=12940, stack(0x000000ed89a00000,0x000000ed89b00000)]
  0x0000024c821e9000 JavaThread "Common-Cleaner" daemon [_thread_blocked, id=7316, stack(0x000000ed89b00000,0x000000ed89c00000)]
  0x0000024c822c8000 JavaThread "C2 CompilerThread1" daemon [_thread_in_native, id=8628, stack(0x000000ed89d00000,0x000000ed89e00000)]
  0x0000024c831e7800 JavaThread "Daemon health stats" [_thread_blocked, id=8488, stack(0x000000ed8a300000,0x000000ed8a400000)]
  0x0000024c84032800 JavaThread "Incoming local TCP Connector on port 51851" [_thread_in_native, id=1260, stack(0x000000ed8a200000,0x000000ed8a300000)]
  0x0000024c843fb800 JavaThread "Daemon periodic checks" [_thread_blocked, id=10248, stack(0x000000ed8a400000,0x000000ed8a500000)]
  0x0000024c84b08000 JavaThread "Daemon" [_thread_blocked, id=12800, stack(0x000000ed8a500000,0x000000ed8a600000)]
  0x0000024c84815000 JavaThread "Handler for socket connection from /127.0.0.1:51851 to /127.0.0.1:51852" [_thread_in_native, id=12852, stack(0x000000ed8a600000,0x000000ed8a700000)]
  0x0000024c85092800 JavaThread "Cancel handler" [_thread_blocked, id=11800, stack(0x000000ed8a700000,0x000000ed8a800000)]
  0x0000024c84275000 JavaThread "Daemon worker" [_thread_in_Java, id=12292, stack(0x000000ed8a800000,0x000000ed8a900000)]
  0x0000024c84b18000 JavaThread "Asynchronous log dispatcher for DefaultDaemonConnection: socket connection from /127.0.0.1:51851 to /127.0.0.1:51852" [_thread_blocked, id=4796, stack(0x000000ed8a900000,0x000000ed8aa00000)]
  0x0000024c84c5f000 JavaThread "Stdin handler" [_thread_blocked, id=13224, stack(0x000000ed8aa00000,0x000000ed8ab00000)]
  0x0000024c840df800 JavaThread "Daemon client event forwarder" [_thread_blocked, id=2920, stack(0x000000ed8ab00000,0x000000ed8ac00000)]
  0x0000024c840dc800 JavaThread "Cache worker for file hash cache (C:\Users\jep\.gradle\caches\7.0.2\fileHashes)" [_thread_blocked, id=7892, stack(0x000000ed8ac00000,0x000000ed8ad00000)]
  0x0000024c840db000 JavaThread "File lock request listener" [_thread_in_native, id=10492, stack(0x000000ed8ad00000,0x000000ed8ae00000)]
  0x0000024c840dd000 JavaThread "Cache worker for journal cache (C:\Users\jep\.gradle\caches\journal-1)" [_thread_blocked, id=12236, stack(0x000000ed8b200000,0x000000ed8b300000)]
  0x0000024c840de000 JavaThread "Cache worker for file hash cache (C:\Users\jep\AndroidStudioProjects\FirstAidKit\.gradle\7.0.2\fileHashes)" [_thread_blocked, id=12624, stack(0x000000ed8b300000,0x000000ed8b400000)]
  0x0000024c840df000 JavaThread "File watcher server" daemon [_thread_in_native, id=6928, stack(0x000000ed8b400000,0x000000ed8b500000)]
  0x0000024c840e0800 JavaThread "File watcher consumer" daemon [_thread_blocked, id=8600, stack(0x000000ed8b500000,0x000000ed8b600000)]
  0x0000024c840e1800 JavaThread "jar transforms" [_thread_blocked, id=12808, stack(0x000000ed8b600000,0x000000ed8b700000)]
  0x0000024c840db800 JavaThread "jar transforms Thread 2" [_thread_blocked, id=4128, stack(0x000000ed8b700000,0x000000ed8b800000)]
  0x0000024c85b6e800 JavaThread "jar transforms Thread 3" [_thread_blocked, id=11336, stack(0x000000ed8b800000,0x000000ed8b900000)]
  0x0000024c85b6c800 JavaThread "jar transforms Thread 4" [_thread_blocked, id=11340, stack(0x000000ed8b900000,0x000000ed8ba00000)]
  0x0000024c85b6d800 JavaThread "jar transforms Thread 5" [_thread_blocked, id=5440, stack(0x000000ed8ba00000,0x000000ed8bb00000)]
  0x0000024c85b6f000 JavaThread "jar transforms Thread 6" [_thread_blocked, id=3068, stack(0x000000ed8bb00000,0x000000ed8bc00000)]
  0x0000024c85b70000 JavaThread "jar transforms Thread 7" [_thread_blocked, id=5792, stack(0x000000ed8bc00000,0x000000ed8bd00000)]
  0x0000024c85b6a000 JavaThread "jar transforms Thread 8" [_thread_blocked, id=5392, stack(0x000000ed8bd00000,0x000000ed8be00000)]
  0x0000024c8760b800 JavaThread "C2 CompilerThread2" daemon [_thread_in_native, id=12436, stack(0x000000ed8be00000,0x000000ed8bf00000)]
  0x0000024c85b71000 JavaThread "Cache worker for checksums cache (C:\Users\jep\AndroidStudioProjects\FirstAidKit\.gradle\checksums)" [_thread_blocked, id=1648, stack(0x000000ed8bf00000,0x000000ed8c000000)]
  0x0000024c85b6b000 JavaThread "Cache worker for cache directory md-supplier (C:\Users\jep\.gradle\caches\7.0.2\md-supplier)" [_thread_blocked, id=8780, stack(0x000000ed8c000000,0x000000ed8c100000)]
  0x0000024c85b6c000 JavaThread "Cache worker for cache directory md-rule (C:\Users\jep\.gradle\caches\7.0.2\md-rule)" [_thread_blocked, id=9984, stack(0x000000ed8c100000,0x000000ed8c200000)]
  0x0000024c846bc000 JavaThread "Cache worker for execution history cache (C:\Users\jep\.gradle\caches\7.0.2\executionHistory)" [_thread_blocked, id=8144, stack(0x000000ed8c200000,0x000000ed8c300000)]
  0x0000024c846ba800 JavaThread "Cache worker for file content cache (C:\Users\jep\.gradle\caches\7.0.2\fileContent)" [_thread_blocked, id=11932, stack(0x000000ed8c300000,0x000000ed8c400000)]
  0x0000024c846bd800 JavaThread "Cache worker for dependencies-accessors (C:\Users\jep\AndroidStudioProjects\FirstAidKit\.gradle\7.0.2\dependencies-accessors)" [_thread_blocked, id=12816, stack(0x000000ed8c400000,0x000000ed8c500000)]

Other Threads:
  0x0000024cff530800 VMThread "VM Thread" [stack: 0x000000ed89200000,0x000000ed89300000] [id=9168]
  0x0000024c8223e000 WatcherThread [stack: 0x000000ed89c00000,0x000000ed89d00000] [id=8200]
  0x0000024ce50e3800 GCTaskThread "GC Thread#0" [stack: 0x000000ed88d00000,0x000000ed88e00000] [id=10024]
  0x0000024c82c70000 GCTaskThread "GC Thread#1" [stack: 0x000000ed89e00000,0x000000ed89f00000] [id=8064]
  0x0000024c82fb9800 GCTaskThread "GC Thread#2" [stack: 0x000000ed89f00000,0x000000ed8a000000] [id=7408]
  0x0000024c835c3000 GCTaskThread "GC Thread#3" [stack: 0x000000ed8a000000,0x000000ed8a100000] [id=7220]
  0x0000024c835c4000 GCTaskThread "GC Thread#4" [stack: 0x000000ed8a100000,0x000000ed8a200000] [id=9780]
  0x0000024c8426a800 GCTaskThread "GC Thread#5" [stack: 0x000000ed8ae00000,0x000000ed8af00000] [id=5292]
  0x0000024c84c02800 GCTaskThread "GC Thread#6" [stack: 0x000000ed8af00000,0x000000ed8b000000] [id=10152]
  0x0000024c84728800 GCTaskThread "GC Thread#7" [stack: 0x000000ed8b000000,0x000000ed8b100000] [id=13128]
  0x0000024ce5115800 ConcurrentGCThread "G1 Main Marker" [stack: 0x000000ed88e00000,0x000000ed88f00000] [id=11044]
  0x0000024ce5116800 ConcurrentGCThread "G1 Conc#0" [stack: 0x000000ed88f00000,0x000000ed89000000] [id=12264]
  0x0000024c84cad800 ConcurrentGCThread "G1 Conc#1" [stack: 0x000000ed8b100000,0x000000ed8b200000] [id=6520]
  0x0000024ce51ae000 ConcurrentGCThread "G1 Refine#0" [stack: 0x000000ed89000000,0x000000ed89100000] [id=4928]
  0x0000024cff3a0800 ConcurrentGCThread "G1 Young RemSet Sampling" [stack: 0x000000ed89100000,0x000000ed89200000] [id=13148]

Threads with active compile tasks:
C2 CompilerThread0   6472 5286       4       org.codehaus.groovy.reflection.CachedMethod::compareToCachedMethod (160 bytes)
C2 CompilerThread1   6472 5339       4       java.lang.PublicMethods::merge (81 bytes)
C2 CompilerThread2   6472 5065       4       org.codehaus.groovy.reflection.CachedMethod::compareTo (25 bytes)

VM state:not at safepoint (normal execution)

VM Mutex/Monitor currently owned by a thread: None

Heap address: 0x0000000080000000, size: 2048 MB, Compressed Oops mode: 32-bit
Narrow klass base: 0x0000000000000000, Narrow klass shift: 3
Compressed class space size: 1073741824 Address: 0x0000000100000000

Heap:
 garbage-first heap   total 229376K, used 109511K [0x0000000080000000, 0x0000000100000000)
  region size 1024K, 66 young (67584K), 12 survivors (12288K)
 Metaspace       used 51436K, capacity 52878K, committed 52992K, reserved 1095680K
  class space    used 6574K, capacity 7107K, committed 7168K, reserved 1048576K
Heap Regions: E=young(eden), S=young(survivor), O=old, HS=humongous(starts), HC=humongous(continues), CS=collection set, F=free, A=archive, TAMS=top-at-mark-start (previous, next)
|   0|0x0000000080000000, 0x0000000080100000, 0x0000000080100000|100%|HS|  |TAMS 0x0000000080100000, 0x0000000080000000| Complete 
|   1|0x0000000080100000, 0x0000000080200000, 0x0000000080200000|100%|HC|  |TAMS 0x0000000080200000, 0x0000000080100000| Complete 
|   2|0x0000000080200000, 0x0000000080300000, 0x0000000080300000|100%| O|  |TAMS 0x0000000080300000, 0x0000000080200000| Untracked 
|   3|0x0000000080300000, 0x0000000080400000, 0x0000000080400000|100%|HS|  |TAMS 0x0000000080400000, 0x0000000080300000| Complete 
|   4|0x0000000080400000, 0x0000000080500000, 0x0000000080500000|100%|HC|  |TAMS 0x0000000080500000, 0x0000000080400000| Complete 
|   5|0x0000000080500000, 0x0000000080600000, 0x0000000080600000|100%|HC|  |TAMS 0x0000000080600000, 0x0000000080500000| Complete 
|   6|0x0000000080600000, 0x0000000080700000, 0x0000000080700000|100%| O|  |TAMS 0x0000000080700000, 0x0000000080600000| Untracked 
|   7|0x0000000080700000, 0x0000000080800000, 0x0000000080800000|100%| O|  |TAMS 0x0000000080800000, 0x0000000080700000| Untracked 
|   8|0x0000000080800000, 0x0000000080900000, 0x0000000080900000|100%| O|  |TAMS 0x0000000080900000, 0x0000000080800000| Untracked 
|   9|0x0000000080900000, 0x0000000080a00000, 0x0000000080a00000|100%|HS|  |TAMS 0x0000000080a00000, 0x0000000080900000| Complete 
|  10|0x0000000080a00000, 0x0000000080b00000, 0x0000000080b00000|100%|HC|  |TAMS 0x0000000080b00000, 0x0000000080a00000| Complete 
|  11|0x0000000080b00000, 0x0000000080c00000, 0x0000000080c00000|100%|HC|  |TAMS 0x0000000080c00000, 0x0000000080b00000| Complete 
|  12|0x0000000080c00000, 0x0000000080d00000, 0x0000000080d00000|100%|HS|  |TAMS 0x0000000080d00000, 0x0000000080c00000| Complete 
|  13|0x0000000080d00000, 0x0000000080e00000, 0x0000000080e00000|100%|HC|  |TAMS 0x0000000080e00000, 0x0000000080d00000| Complete 
|  14|0x0000000080e00000, 0x0000000080f00000, 0x0000000080f00000|100%|HC|  |TAMS 0x0000000080f00000, 0x0000000080e00000| Complete 
|  15|0x0000000080f00000, 0x0000000081000000, 0x0000000081000000|100%|HC|  |TAMS 0x0000000081000000, 0x0000000080f00000| Complete 
|  16|0x0000000081000000, 0x0000000081100000, 0x0000000081100000|100%|HC|  |TAMS 0x0000000081100000, 0x0000000081000000| Complete 
|  17|0x0000000081100000, 0x0000000081200000, 0x0000000081200000|100%| O|  |TAMS 0x0000000081200000, 0x0000000081100000| Untracked 
|  18|0x0000000081200000, 0x0000000081300000, 0x0000000081300000|100%| O|  |TAMS 0x0000000081300000, 0x0000000081200000| Untracked 
|  19|0x0000000081300000, 0x0000000081400000, 0x0000000081400000|100%| O|  |TAMS 0x0000000081400000, 0x0000000081300000| Untracked 
|  20|0x0000000081400000, 0x0000000081500000, 0x0000000081500000|100%| O|  |TAMS 0x0000000081500000, 0x0000000081400000| Untracked 
|  21|0x0000000081500000, 0x0000000081600000, 0x0000000081600000|100%| O|  |TAMS 0x0000000081600000, 0x0000000081500000| Untracked 
|  22|0x0000000081600000, 0x0000000081700000, 0x0000000081700000|100%| O|  |TAMS 0x0000000081700000, 0x0000000081600000| Untracked 
|  23|0x0000000081700000, 0x0000000081800000, 0x0000000081800000|100%| O|  |TAMS 0x0000000081800000, 0x0000000081700000| Untracked 
|  24|0x0000000081800000, 0x0000000081900000, 0x0000000081900000|100%| O|  |TAMS 0x0000000081900000, 0x0000000081800000| Untracked 
|  25|0x0000000081900000, 0x0000000081a00000, 0x0000000081a00000|100%| O|  |TAMS 0x0000000081a00000, 0x0000000081900000| Untracked 
|  26|0x0000000081a00000, 0x0000000081b00000, 0x0000000081b00000|100%|HS|  |TAMS 0x0000000081a00000, 0x0000000081a00000| Complete 
|  27|0x0000000081b00000, 0x0000000081c00000, 0x0000000081c00000|100%|HC|  |TAMS 0x0000000081b00000, 0x0000000081b00000| Complete 
|  28|0x0000000081c00000, 0x0000000081d00000, 0x0000000081d00000|100%|HC|  |TAMS 0x0000000081c00000, 0x0000000081c00000| Complete 
|  29|0x0000000081d00000, 0x0000000081e00000, 0x0000000081e00000|100%|HS|  |TAMS 0x0000000081e00000, 0x0000000081d00000| Complete 
|  30|0x0000000081e00000, 0x0000000081f00000, 0x0000000081f00000|100%|HC|  |TAMS 0x0000000081f00000, 0x0000000081e00000| Complete 
|  31|0x0000000081f00000, 0x0000000082000000, 0x0000000082000000|100%|HC|  |TAMS 0x0000000082000000, 0x0000000081f00000| Complete 
|  32|0x0000000082000000, 0x0000000082100000, 0x0000000082100000|100%|HC|  |TAMS 0x0000000082100000, 0x0000000082000000| Complete 
|  33|0x0000000082100000, 0x0000000082200000, 0x0000000082200000|100%|HC|  |TAMS 0x0000000082200000, 0x0000000082100000| Complete 
|  34|0x0000000082200000, 0x0000000082300000, 0x0000000082300000|100%| O|  |TAMS 0x00000000822a5600, 0x0000000082200000| Untracked 
|  35|0x0000000082300000, 0x0000000082400000, 0x0000000082400000|100%| O|  |TAMS 0x0000000082300000, 0x0000000082300000| Untracked 
|  36|0x0000000082400000, 0x0000000082500000, 0x0000000082500000|100%| O|  |TAMS 0x0000000082400000, 0x0000000082400000| Untracked 
|  37|0x0000000082500000, 0x0000000082600000, 0x0000000082600000|100%| O|  |TAMS 0x0000000082500000, 0x0000000082500000| Untracked 
|  38|0x0000000082600000, 0x0000000082700000, 0x0000000082700000|100%| O|  |TAMS 0x0000000082600000, 0x0000000082600000| Untracked 
|  39|0x0000000082700000, 0x0000000082800000, 0x0000000082800000|100%| O|  |TAMS 0x0000000082700000, 0x0000000082700000| Untracked 
|  40|0x0000000082800000, 0x0000000082900000, 0x0000000082900000|100%| O|  |TAMS 0x0000000082800000, 0x0000000082800000| Untracked 
|  41|0x0000000082900000, 0x00000000829f4600, 0x0000000082a00000| 95%| O|  |TAMS 0x0000000082900000, 0x0000000082900000| Untracked 
|  42|0x0000000082a00000, 0x0000000082b00000, 0x0000000082b00000|100%|HS|  |TAMS 0x0000000082a00000, 0x0000000082a00000| Complete 
|  43|0x0000000082b00000, 0x0000000082b00000, 0x0000000082c00000|  0%| F|  |TAMS 0x0000000082b00000, 0x0000000082b00000| Untracked 
|  44|0x0000000082c00000, 0x0000000082c00000, 0x0000000082d00000|  0%| F|  |TAMS 0x0000000082c00000, 0x0000000082c00000| Untracked 
|  45|0x0000000082d00000, 0x0000000082d00000, 0x0000000082e00000|  0%| F|  |TAMS 0x0000000082d00000, 0x0000000082d00000| Untracked 
|  46|0x0000000082e00000, 0x0000000082e00000, 0x0000000082f00000|  0%| F|  |TAMS 0x0000000082e00000, 0x0000000082e00000| Untracked 
|  47|0x0000000082f00000, 0x0000000082f00000, 0x0000000083000000|  0%| F|  |TAMS 0x0000000082f00000, 0x0000000082f00000| Untracked 
|  48|0x0000000083000000, 0x0000000083000000, 0x0000000083100000|  0%| F|  |TAMS 0x0000000083000000, 0x0000000083000000| Untracked 
|  49|0x0000000083100000, 0x0000000083100000, 0x0000000083200000|  0%| F|  |TAMS 0x0000000083100000, 0x0000000083100000| Untracked 
|  50|0x0000000083200000, 0x0000000083200000, 0x0000000083300000|  0%| F|  |TAMS 0x0000000083200000, 0x0000000083200000| Untracked 
|  51|0x0000000083300000, 0x0000000083300000, 0x0000000083400000|  0%| F|  |TAMS 0x0000000083300000, 0x0000000083300000| Untracked 
|  52|0x0000000083400000, 0x0000000083400000, 0x0000000083500000|  0%| F|  |TAMS 0x0000000083400000, 0x0000000083400000| Untracked 
|  53|0x0000000083500000, 0x0000000083500000, 0x0000000083600000|  0%| F|  |TAMS 0x0000000083500000, 0x0000000083500000| Untracked 
|  54|0x0000000083600000, 0x0000000083600000, 0x0000000083700000|  0%| F|  |TAMS 0x0000000083600000, 0x0000000083600000| Untracked 
|  55|0x0000000083700000, 0x0000000083700000, 0x0000000083800000|  0%| F|  |TAMS 0x0000000083700000, 0x0000000083700000| Untracked 
|  56|0x0000000083800000, 0x0000000083800000, 0x0000000083900000|  0%| F|  |TAMS 0x0000000083800000, 0x0000000083800000| Untracked 
|  57|0x0000000083900000, 0x0000000083900000, 0x0000000083a00000|  0%| F|  |TAMS 0x0000000083900000, 0x0000000083900000| Untracked 
|  58|0x0000000083a00000, 0x0000000083a00000, 0x0000000083b00000|  0%| F|  |TAMS 0x0000000083a00000, 0x0000000083a00000| Untracked 
|  59|0x0000000083b00000, 0x0000000083b00000, 0x0000000083c00000|  0%| F|  |TAMS 0x0000000083b00000, 0x0000000083b00000| Untracked 
|  60|0x0000000083c00000, 0x0000000083c00000, 0x0000000083d00000|  0%| F|  |TAMS 0x0000000083c00000, 0x0000000083c00000| Untracked 
|  61|0x0000000083d00000, 0x0000000083d00000, 0x0000000083e00000|  0%| F|  |TAMS 0x0000000083d00000, 0x0000000083d00000| Untracked 
|  62|0x0000000083e00000, 0x0000000083e00000, 0x0000000083f00000|  0%| F|  |TAMS 0x0000000083e00000, 0x0000000083e00000| Untracked 
|  63|0x0000000083f00000, 0x0000000083f00000, 0x0000000084000000|  0%| F|  |TAMS 0x0000000083f00000, 0x0000000083f00000| Untracked 
|  64|0x0000000084000000, 0x0000000084000000, 0x0000000084100000|  0%| F|  |TAMS 0x0000000084000000, 0x0000000084000000| Untracked 
|  65|0x0000000084100000, 0x0000000084100000, 0x0000000084200000|  0%| F|  |TAMS 0x0000000084100000, 0x0000000084100000| Untracked 
|  66|0x0000000084200000, 0x0000000084200000, 0x0000000084300000|  0%| F|  |TAMS 0x0000000084200000, 0x0000000084200000| Untracked 
|  67|0x0000000084300000, 0x0000000084300000, 0x0000000084400000|  0%| F|  |TAMS 0x0000000084300000, 0x0000000084300000| Untracked 
|  68|0x0000000084400000, 0x0000000084400000, 0x0000000084500000|  0%| F|  |TAMS 0x0000000084400000, 0x0000000084400000| Untracked 
|  69|0x0000000084500000, 0x0000000084500000, 0x0000000084600000|  0%| F|  |TAMS 0x0000000084500000, 0x0000000084500000| Untracked 
|  70|0x0000000084600000, 0x0000000084600000, 0x0000000084700000|  0%| F|  |TAMS 0x0000000084600000, 0x0000000084600000| Untracked 
|  71|0x0000000084700000, 0x0000000084700000, 0x0000000084800000|  0%| F|  |TAMS 0x0000000084700000, 0x0000000084700000| Untracked 
|  72|0x0000000084800000, 0x0000000084800000, 0x0000000084900000|  0%| F|  |TAMS 0x0000000084800000, 0x0000000084800000| Untracked 
|  73|0x0000000084900000, 0x0000000084900000, 0x0000000084a00000|  0%| F|  |TAMS 0x0000000084900000, 0x0000000084900000| Untracked 
|  74|0x0000000084a00000, 0x0000000084a00000, 0x0000000084b00000|  0%| F|  |TAMS 0x0000000084a00000, 0x0000000084a00000| Untracked 
|  75|0x0000000084b00000, 0x0000000084b00000, 0x0000000084c00000|  0%| F|  |TAMS 0x0000000084b00000, 0x0000000084b00000| Untracked 
|  76|0x0000000084c00000, 0x0000000084c00000, 0x0000000084d00000|  0%| F|  |TAMS 0x0000000084c00000, 0x0000000084c00000| Untracked 
|  77|0x0000000084d00000, 0x0000000084d00000, 0x0000000084e00000|  0%| F|  |TAMS 0x0000000084d00000, 0x0000000084d00000| Untracked 
|  78|0x0000000084e00000, 0x0000000084e00000, 0x0000000084f00000|  0%| F|  |TAMS 0x0000000084e00000, 0x0000000084e00000| Untracked 
|  79|0x0000000084f00000, 0x0000000084f00000, 0x0000000085000000|  0%| F|  |TAMS 0x0000000084f00000, 0x0000000084f00000| Untracked 
|  80|0x0000000085000000, 0x0000000085000000, 0x0000000085100000|  0%| F|  |TAMS 0x0000000085000000, 0x0000000085000000| Untracked 
|  81|0x0000000085100000, 0x0000000085100000, 0x0000000085200000|  0%| F|  |TAMS 0x0000000085100000, 0x0000000085100000| Untracked 
|  82|0x0000000085200000, 0x00000000852fd780, 0x0000000085300000| 99%| S|CS|TAMS 0x0000000085200000, 0x0000000085200000| Complete 
|  83|0x0000000085300000, 0x0000000085400000, 0x0000000085400000|100%| S|CS|TAMS 0x0000000085300000, 0x0000000085300000| Complete 
|  84|0x0000000085400000, 0x0000000085500000, 0x0000000085500000|100%| S|CS|TAMS 0x0000000085400000, 0x0000000085400000| Complete 
|  85|0x0000000085500000, 0x0000000085600000, 0x0000000085600000|100%| S|CS|TAMS 0x0000000085500000, 0x0000000085500000| Complete 
|  86|0x0000000085600000, 0x0000000085700000, 0x0000000085700000|100%| S|CS|TAMS 0x0000000085600000, 0x0000000085600000| Complete 
|  87|0x0000000085700000, 0x0000000085800000, 0x0000000085800000|100%| S|CS|TAMS 0x0000000085700000, 0x0000000085700000| Complete 
|  88|0x0000000085800000, 0x0000000085900000, 0x0000000085900000|100%| S|CS|TAMS 0x0000000085800000, 0x0000000085800000| Complete 
|  89|0x0000000085900000, 0x0000000085900000, 0x0000000085a00000|  0%| F|  |TAMS 0x0000000085900000, 0x0000000085900000| Untracked 
|  90|0x0000000085a00000, 0x0000000085a00000, 0x0000000085b00000|  0%| F|  |TAMS 0x0000000085a00000, 0x0000000085a00000| Untracked 
|  91|0x0000000085b00000, 0x0000000085b00000, 0x0000000085c00000|  0%| F|  |TAMS 0x0000000085b00000, 0x0000000085b00000| Untracked 
|  92|0x0000000085c00000, 0x0000000085c00000, 0x0000000085d00000|  0%| F|  |TAMS 0x0000000085c00000, 0x0000000085c00000| Untracked 
|  93|0x0000000085d00000, 0x0000000085d00000, 0x0000000085e00000|  0%| F|  |TAMS 0x0000000085d00000, 0x0000000085d00000| Untracked 
|  94|0x0000000085e00000, 0x0000000085e00000, 0x0000000085f00000|  0%| F|  |TAMS 0x0000000085e00000, 0x0000000085e00000| Untracked 
|  95|0x0000000085f00000, 0x0000000085f00000, 0x0000000086000000|  0%| F|  |TAMS 0x0000000085f00000, 0x0000000085f00000| Untracked 
|  96|0x0000000086000000, 0x0000000086000000, 0x0000000086100000|  0%| F|  |TAMS 0x0000000086000000, 0x0000000086000000| Untracked 
|  97|0x0000000086100000, 0x0000000086100000, 0x0000000086200000|  0%| F|  |TAMS 0x0000000086100000, 0x0000000086100000| Untracked 
|  98|0x0000000086200000, 0x0000000086200000, 0x0000000086300000|  0%| F|  |TAMS 0x0000000086200000, 0x0000000086200000| Untracked 
|  99|0x0000000086300000, 0x0000000086300000, 0x0000000086400000|  0%| F|  |TAMS 0x0000000086300000, 0x0000000086300000| Untracked 
| 100|0x0000000086400000, 0x0000000086400000, 0x0000000086500000|  0%| F|  |TAMS 0x0000000086400000, 0x0000000086400000| Untracked 
| 101|0x0000000086500000, 0x0000000086500000, 0x0000000086600000|  0%| F|  |TAMS 0x0000000086500000, 0x0000000086500000| Untracked 
| 102|0x0000000086600000, 0x0000000086600000, 0x0000000086700000|  0%| F|  |TAMS 0x0000000086600000, 0x0000000086600000| Untracked 
| 103|0x0000000086700000, 0x0000000086700000, 0x0000000086800000|  0%| F|  |TAMS 0x0000000086700000, 0x0000000086700000| Untracked 
| 104|0x0000000086800000, 0x0000000086900000, 0x0000000086900000|100%| S|CS|TAMS 0x0000000086800000, 0x0000000086800000| Complete 
| 105|0x0000000086900000, 0x0000000086a00000, 0x0000000086a00000|100%| S|CS|TAMS 0x0000000086900000, 0x0000000086900000| Complete 
| 106|0x0000000086a00000, 0x0000000086b00000, 0x0000000086b00000|100%| S|CS|TAMS 0x0000000086a00000, 0x0000000086a00000| Complete 
| 107|0x0000000086b00000, 0x0000000086c00000, 0x0000000086c00000|100%| S|CS|TAMS 0x0000000086b00000, 0x0000000086b00000| Complete 
| 108|0x0000000086c00000, 0x0000000086d00000, 0x0000000086d00000|100%| S|CS|TAMS 0x0000000086c00000, 0x0000000086c00000| Complete 
| 109|0x0000000086d00000, 0x0000000086d00000, 0x0000000086e00000|  0%| F|  |TAMS 0x0000000086d00000, 0x0000000086d00000| Untracked 
| 110|0x0000000086e00000, 0x0000000086e00000, 0x0000000086f00000|  0%| F|  |TAMS 0x0000000086e00000, 0x0000000086e00000| Untracked 
| 111|0x0000000086f00000, 0x0000000086f00000, 0x0000000087000000|  0%| F|  |TAMS 0x0000000086f00000, 0x0000000086f00000| Untracked 
| 112|0x0000000087000000, 0x0000000087000000, 0x0000000087100000|  0%| F|  |TAMS 0x0000000087000000, 0x0000000087000000| Untracked 
| 113|0x0000000087100000, 0x0000000087100000, 0x0000000087200000|  0%| F|  |TAMS 0x0000000087100000, 0x0000000087100000| Untracked 
| 114|0x0000000087200000, 0x0000000087200000, 0x0000000087300000|  0%| F|  |TAMS 0x0000000087200000, 0x0000000087200000| Untracked 
| 115|0x0000000087300000, 0x0000000087300000, 0x0000000087400000|  0%| F|  |TAMS 0x0000000087300000, 0x0000000087300000| Untracked 
| 116|0x0000000087400000, 0x0000000087400000, 0x0000000087500000|  0%| F|  |TAMS 0x0000000087400000, 0x0000000087400000| Untracked 
| 117|0x0000000087500000, 0x0000000087500000, 0x0000000087600000|  0%| F|  |TAMS 0x0000000087500000, 0x0000000087500000| Untracked 
| 118|0x0000000087600000, 0x0000000087600000, 0x0000000087700000|  0%| F|  |TAMS 0x0000000087600000, 0x0000000087600000| Untracked 
| 119|0x0000000087700000, 0x0000000087700000, 0x0000000087800000|  0%| F|  |TAMS 0x0000000087700000, 0x0000000087700000| Untracked 
| 120|0x0000000087800000, 0x0000000087800000, 0x0000000087900000|  0%| F|  |TAMS 0x0000000087800000, 0x0000000087800000| Untracked 
| 121|0x0000000087900000, 0x0000000087900000, 0x0000000087a00000|  0%| F|  |TAMS 0x0000000087900000, 0x0000000087900000| Untracked 
| 122|0x0000000087a00000, 0x0000000087a00000, 0x0000000087b00000|  0%| F|  |TAMS 0x0000000087a00000, 0x0000000087a00000| Untracked 
| 123|0x0000000087b00000, 0x0000000087b00000, 0x0000000087c00000|  0%| F|  |TAMS 0x0000000087b00000, 0x0000000087b00000| Untracked 
| 124|0x0000000087c00000, 0x0000000087c00000, 0x0000000087d00000|  0%| F|  |TAMS 0x0000000087c00000, 0x0000000087c00000| Untracked 
| 125|0x0000000087d00000, 0x0000000087d00000, 0x0000000087e00000|  0%| F|  |TAMS 0x0000000087d00000, 0x0000000087d00000| Untracked 
| 126|0x0000000087e00000, 0x0000000087e00000, 0x0000000087f00000|  0%| F|  |TAMS 0x0000000087e00000, 0x0000000087e00000| Untracked 
| 127|0x0000000087f00000, 0x0000000087f00000, 0x0000000088000000|  0%| F|  |TAMS 0x0000000087f00000, 0x0000000087f00000| Untracked 
| 128|0x0000000088000000, 0x0000000088000000, 0x0000000088100000|  0%| F|  |TAMS 0x0000000088000000, 0x0000000088000000| Untracked 
| 129|0x0000000088100000, 0x0000000088100000, 0x0000000088200000|  0%| F|  |TAMS 0x0000000088100000, 0x0000000088100000| Untracked 
| 130|0x0000000088200000, 0x0000000088200000, 0x0000000088300000|  0%| F|  |TAMS 0x0000000088200000, 0x0000000088200000| Untracked 
| 131|0x0000000088300000, 0x0000000088300000, 0x0000000088400000|  0%| F|  |TAMS 0x0000000088300000, 0x0000000088300000| Untracked 
| 132|0x0000000088400000, 0x0000000088400000, 0x0000000088500000|  0%| F|  |TAMS 0x0000000088400000, 0x0000000088400000| Untracked 
| 133|0x0000000088500000, 0x0000000088500000, 0x0000000088600000|  0%| F|  |TAMS 0x0000000088500000, 0x0000000088500000| Untracked 
| 134|0x0000000088600000, 0x0000000088600000, 0x0000000088700000|  0%| F|  |TAMS 0x0000000088600000, 0x0000000088600000| Untracked 
| 135|0x0000000088700000, 0x0000000088700000, 0x0000000088800000|  0%| F|  |TAMS 0x0000000088700000, 0x0000000088700000| Untracked 
| 136|0x0000000088800000, 0x0000000088800000, 0x0000000088900000|  0%| F|  |TAMS 0x0000000088800000, 0x0000000088800000| Untracked 
| 137|0x0000000088900000, 0x0000000088900000, 0x0000000088a00000|  0%| F|  |TAMS 0x0000000088900000, 0x0000000088900000| Untracked 
| 138|0x0000000088a00000, 0x0000000088a00000, 0x0000000088b00000|  0%| F|  |TAMS 0x0000000088a00000, 0x0000000088a00000| Untracked 
| 139|0x0000000088b00000, 0x0000000088b00000, 0x0000000088c00000|  0%| F|  |TAMS 0x0000000088b00000, 0x0000000088b00000| Untracked 
| 140|0x0000000088c00000, 0x0000000088c00000, 0x0000000088d00000|  0%| F|  |TAMS 0x0000000088c00000, 0x0000000088c00000| Untracked 
| 141|0x0000000088d00000, 0x0000000088d00000, 0x0000000088e00000|  0%| F|  |TAMS 0x0000000088d00000, 0x0000000088d00000| Untracked 
| 142|0x0000000088e00000, 0x0000000088e00000, 0x0000000088f00000|  0%| F|  |TAMS 0x0000000088e00000, 0x0000000088e00000| Untracked 
| 143|0x0000000088f00000, 0x0000000088f00000, 0x0000000089000000|  0%| F|  |TAMS 0x0000000088f00000, 0x0000000088f00000| Untracked 
| 144|0x0000000089000000, 0x0000000089000000, 0x0000000089100000|  0%| F|  |TAMS 0x0000000089000000, 0x0000000089000000| Untracked 
| 145|0x0000000089100000, 0x0000000089100000, 0x0000000089200000|  0%| F|  |TAMS 0x0000000089100000, 0x0000000089100000| Untracked 
| 146|0x0000000089200000, 0x0000000089200000, 0x0000000089300000|  0%| F|  |TAMS 0x0000000089200000, 0x0000000089200000| Untracked 
| 147|0x0000000089300000, 0x0000000089300000, 0x0000000089400000|  0%| F|  |TAMS 0x0000000089300000, 0x0000000089300000| Untracked 
| 148|0x0000000089400000, 0x0000000089400000, 0x0000000089500000|  0%| F|  |TAMS 0x0000000089400000, 0x0000000089400000| Untracked 
| 149|0x0000000089500000, 0x0000000089500000, 0x0000000089600000|  0%| F|  |TAMS 0x0000000089500000, 0x0000000089500000| Untracked 
| 150|0x0000000089600000, 0x0000000089600000, 0x0000000089700000|  0%| F|  |TAMS 0x0000000089600000, 0x0000000089600000| Untracked 
| 151|0x0000000089700000, 0x0000000089700000, 0x0000000089800000|  0%| F|  |TAMS 0x0000000089700000, 0x0000000089700000| Untracked 
| 152|0x0000000089800000, 0x0000000089800000, 0x0000000089900000|  0%| F|  |TAMS 0x0000000089800000, 0x0000000089800000| Untracked 
| 153|0x0000000089900000, 0x0000000089900000, 0x0000000089a00000|  0%| F|  |TAMS 0x0000000089900000, 0x0000000089900000| Untracked 
| 154|0x0000000089a00000, 0x0000000089a00000, 0x0000000089b00000|  0%| F|  |TAMS 0x0000000089a00000, 0x0000000089a00000| Untracked 
| 155|0x0000000089b00000, 0x0000000089b00000, 0x0000000089c00000|  0%| F|  |TAMS 0x0000000089b00000, 0x0000000089b00000| Untracked 
| 156|0x0000000089c00000, 0x0000000089c00000, 0x0000000089d00000|  0%| F|  |TAMS 0x0000000089c00000, 0x0000000089c00000| Untracked 
| 157|0x0000000089d00000, 0x0000000089d00000, 0x0000000089e00000|  0%| F|  |TAMS 0x0000000089d00000, 0x0000000089d00000| Untracked 
| 158|0x0000000089e00000, 0x0000000089e00000, 0x0000000089f00000|  0%| F|  |TAMS 0x0000000089e00000, 0x0000000089e00000| Untracked 
| 159|0x0000000089f00000, 0x0000000089f00000, 0x000000008a000000|  0%| F|  |TAMS 0x0000000089f00000, 0x0000000089f00000| Untracked 
| 160|0x000000008a000000, 0x000000008a000000, 0x000000008a100000|  0%| F|  |TAMS 0x000000008a000000, 0x000000008a000000| Untracked 
| 161|0x000000008a100000, 0x000000008a100000, 0x000000008a200000|  0%| F|  |TAMS 0x000000008a100000, 0x000000008a100000| Untracked 
| 162|0x000000008a200000, 0x000000008a200000, 0x000000008a300000|  0%| F|  |TAMS 0x000000008a200000, 0x000000008a200000| Untracked 
| 163|0x000000008a300000, 0x000000008a300000, 0x000000008a400000|  0%| F|  |TAMS 0x000000008a300000, 0x000000008a300000| Untracked 
| 164|0x000000008a400000, 0x000000008a400000, 0x000000008a500000|  0%| F|  |TAMS 0x000000008a400000, 0x000000008a400000| Untracked 
| 165|0x000000008a500000, 0x000000008a500000, 0x000000008a600000|  0%| F|  |TAMS 0x000000008a500000, 0x000000008a500000| Untracked 
| 166|0x000000008a600000, 0x000000008a600000, 0x000000008a700000|  0%| F|  |TAMS 0x000000008a600000, 0x000000008a600000| Untracked 
| 167|0x000000008a700000, 0x000000008a700000, 0x000000008a800000|  0%| F|  |TAMS 0x000000008a700000, 0x000000008a700000| Untracked 
| 168|0x000000008a800000, 0x000000008a800000, 0x000000008a900000|  0%| F|  |TAMS 0x000000008a800000, 0x000000008a800000| Untracked 
| 169|0x000000008a900000, 0x000000008a900000, 0x000000008aa00000|  0%| F|  |TAMS 0x000000008a900000, 0x000000008a900000| Untracked 
| 170|0x000000008aa00000, 0x000000008ab00000, 0x000000008ab00000|100%| E|  |TAMS 0x000000008aa00000, 0x000000008aa00000| Complete 
| 171|0x000000008ab00000, 0x000000008ac00000, 0x000000008ac00000|100%| E|CS|TAMS 0x000000008ab00000, 0x000000008ab00000| Complete 
| 172|0x000000008ac00000, 0x000000008ad00000, 0x000000008ad00000|100%| E|CS|TAMS 0x000000008ac00000, 0x000000008ac00000| Complete 
| 173|0x000000008ad00000, 0x000000008ae00000, 0x000000008ae00000|100%| E|CS|TAMS 0x000000008ad00000, 0x000000008ad00000| Complete 
| 174|0x000000008ae00000, 0x000000008af00000, 0x000000008af00000|100%| E|CS|TAMS 0x000000008ae00000, 0x000000008ae00000| Complete 
| 175|0x000000008af00000, 0x000000008b000000, 0x000000008b000000|100%| E|CS|TAMS 0x000000008af00000, 0x000000008af00000| Complete 
| 176|0x000000008b000000, 0x000000008b100000, 0x000000008b100000|100%| E|CS|TAMS 0x000000008b000000, 0x000000008b000000| Complete 
| 177|0x000000008b100000, 0x000000008b200000, 0x000000008b200000|100%| E|CS|TAMS 0x000000008b100000, 0x000000008b100000| Complete 
| 178|0x000000008b200000, 0x000000008b300000, 0x000000008b300000|100%| E|CS|TAMS 0x000000008b200000, 0x000000008b200000| Complete 
| 179|0x000000008b300000, 0x000000008b400000, 0x000000008b400000|100%| E|CS|TAMS 0x000000008b300000, 0x000000008b300000| Complete 
| 180|0x000000008b400000, 0x000000008b500000, 0x000000008b500000|100%| E|CS|TAMS 0x000000008b400000, 0x000000008b400000| Complete 
| 181|0x000000008b500000, 0x000000008b600000, 0x000000008b600000|100%| E|CS|TAMS 0x000000008b500000, 0x000000008b500000| Complete 
| 182|0x000000008b600000, 0x000000008b700000, 0x000000008b700000|100%| E|CS|TAMS 0x000000008b600000, 0x000000008b600000| Complete 
| 183|0x000000008b700000, 0x000000008b800000, 0x000000008b800000|100%| E|CS|TAMS 0x000000008b700000, 0x000000008b700000| Complete 
| 184|0x000000008b800000, 0x000000008b900000, 0x000000008b900000|100%| E|CS|TAMS 0x000000008b800000, 0x000000008b800000| Complete 
| 185|0x000000008b900000, 0x000000008ba00000, 0x000000008ba00000|100%| E|CS|TAMS 0x000000008b900000, 0x000000008b900000| Complete 
| 186|0x000000008ba00000, 0x000000008bb00000, 0x000000008bb00000|100%| E|CS|TAMS 0x000000008ba00000, 0x000000008ba00000| Complete 
| 187|0x000000008bb00000, 0x000000008bc00000, 0x000000008bc00000|100%| E|CS|TAMS 0x000000008bb00000, 0x000000008bb00000| Complete 
| 188|0x000000008bc00000, 0x000000008bd00000, 0x000000008bd00000|100%| E|CS|TAMS 0x000000008bc00000, 0x000000008bc00000| Complete 
| 189|0x000000008bd00000, 0x000000008be00000, 0x000000008be00000|100%| E|CS|TAMS 0x000000008bd00000, 0x000000008bd00000| Complete 
| 190|0x000000008be00000, 0x000000008bf00000, 0x000000008bf00000|100%| E|CS|TAMS 0x000000008be00000, 0x000000008be00000| Complete 
| 191|0x000000008bf00000, 0x000000008c000000, 0x000000008c000000|100%| E|CS|TAMS 0x000000008bf00000, 0x000000008bf00000| Complete 
| 192|0x000000008c000000, 0x000000008c100000, 0x000000008c100000|100%| E|CS|TAMS 0x000000008c000000, 0x000000008c000000| Complete 
| 193|0x000000008c100000, 0x000000008c200000, 0x000000008c200000|100%| E|CS|TAMS 0x000000008c100000, 0x000000008c100000| Complete 
| 194|0x000000008c200000, 0x000000008c300000, 0x000000008c300000|100%| E|CS|TAMS 0x000000008c200000, 0x000000008c200000| Complete 
| 195|0x000000008c300000, 0x000000008c400000, 0x000000008c400000|100%| E|CS|TAMS 0x000000008c300000, 0x000000008c300000| Complete 
| 196|0x000000008c400000, 0x000000008c500000, 0x000000008c500000|100%| E|CS|TAMS 0x000000008c400000, 0x000000008c400000| Complete 
| 197|0x000000008c500000, 0x000000008c600000, 0x000000008c600000|100%| E|CS|TAMS 0x000000008c500000, 0x000000008c500000| Complete 
| 198|0x000000008c600000, 0x000000008c700000, 0x000000008c700000|100%| E|CS|TAMS 0x000000008c600000, 0x000000008c600000| Complete 
| 199|0x000000008c700000, 0x000000008c800000, 0x000000008c800000|100%| E|CS|TAMS 0x000000008c700000, 0x000000008c700000| Complete 
| 200|0x000000008c800000, 0x000000008c900000, 0x000000008c900000|100%| E|CS|TAMS 0x000000008c800000, 0x000000008c800000| Complete 
| 201|0x000000008c900000, 0x000000008ca00000, 0x000000008ca00000|100%| E|CS|TAMS 0x000000008c900000, 0x000000008c900000| Complete 
| 202|0x000000008ca00000, 0x000000008cb00000, 0x000000008cb00000|100%| E|CS|TAMS 0x000000008ca00000, 0x000000008ca00000| Complete 
| 203|0x000000008cb00000, 0x000000008cc00000, 0x000000008cc00000|100%| E|CS|TAMS 0x000000008cb00000, 0x000000008cb00000| Complete 
| 204|0x000000008cc00000, 0x000000008cd00000, 0x000000008cd00000|100%| E|CS|TAMS 0x000000008cc00000, 0x000000008cc00000| Complete 
| 205|0x000000008cd00000, 0x000000008ce00000, 0x000000008ce00000|100%| E|CS|TAMS 0x000000008cd00000, 0x000000008cd00000| Complete 
| 206|0x000000008ce00000, 0x000000008cf00000, 0x000000008cf00000|100%| E|CS|TAMS 0x000000008ce00000, 0x000000008ce00000| Complete 
| 207|0x000000008cf00000, 0x000000008d000000, 0x000000008d000000|100%| E|CS|TAMS 0x000000008cf00000, 0x000000008cf00000| Complete 
| 208|0x000000008d000000, 0x000000008d100000, 0x000000008d100000|100%| E|CS|TAMS 0x000000008d000000, 0x000000008d000000| Complete 
| 209|0x000000008d100000, 0x000000008d200000, 0x000000008d200000|100%| E|CS|TAMS 0x000000008d100000, 0x000000008d100000| Complete 
| 210|0x000000008d200000, 0x000000008d300000, 0x000000008d300000|100%| E|CS|TAMS 0x000000008d200000, 0x000000008d200000| Complete 
| 211|0x000000008d300000, 0x000000008d400000, 0x000000008d400000|100%| E|CS|TAMS 0x000000008d300000, 0x000000008d300000| Complete 
| 212|0x000000008d400000, 0x000000008d500000, 0x000000008d500000|100%| E|CS|TAMS 0x000000008d400000, 0x000000008d400000| Complete 
| 213|0x000000008d500000, 0x000000008d600000, 0x000000008d600000|100%| E|CS|TAMS 0x000000008d500000, 0x000000008d500000| Complete 
| 214|0x000000008d600000, 0x000000008d700000, 0x000000008d700000|100%| E|CS|TAMS 0x000000008d600000, 0x000000008d600000| Complete 
| 215|0x000000008d700000, 0x000000008d800000, 0x000000008d800000|100%| E|  |TAMS 0x000000008d700000, 0x000000008d700000| Complete 
| 216|0x000000008d800000, 0x000000008d900000, 0x000000008d900000|100%| E|CS|TAMS 0x000000008d800000, 0x000000008d800000| Complete 
| 217|0x000000008d900000, 0x000000008da00000, 0x000000008da00000|100%| E|CS|TAMS 0x000000008d900000, 0x000000008d900000| Complete 
| 218|0x000000008da00000, 0x000000008db00000, 0x000000008db00000|100%| E|CS|TAMS 0x000000008da00000, 0x000000008da00000| Complete 
| 219|0x000000008db00000, 0x000000008dc00000, 0x000000008dc00000|100%| E|CS|TAMS 0x000000008db00000, 0x000000008db00000| Complete 
| 220|0x000000008dc00000, 0x000000008dd00000, 0x000000008dd00000|100%| E|CS|TAMS 0x000000008dc00000, 0x000000008dc00000| Complete 
| 221|0x000000008dd00000, 0x000000008de00000, 0x000000008de00000|100%| E|CS|TAMS 0x000000008dd00000, 0x000000008dd00000| Complete 
| 222|0x000000008de00000, 0x000000008df00000, 0x000000008df00000|100%| E|CS|TAMS 0x000000008de00000, 0x000000008de00000| Complete 
| 223|0x000000008df00000, 0x000000008e000000, 0x000000008e000000|100%| E|CS|TAMS 0x000000008df00000, 0x000000008df00000| Complete 

Card table byte_map: [0x0000024cfa230000,0x0000024cfa630000] _byte_map_base: 0x0000024cf9e30000

Marking Bits (Prev, Next): (CMBitMap*) 0x0000024ce510c8e0, (CMBitMap*) 0x0000024ce510c8a8
 Prev Bits: [0x0000024cfca30000, 0x0000024cfea30000)
 Next Bits: [0x0000024cfaa30000, 0x0000024cfca30000)

Polling page: 0x0000024ce51b0000

Metaspace:

Usage:
  Non-class:     44.76 MB capacity,    43.83 MB ( 98%) used,   816.22 KB (  2%) free+waste,   133.00 KB ( <1%) overhead. 
      Class:      6.94 MB capacity,     6.43 MB ( 93%) used,   463.18 KB (  7%) free+waste,    63.81 KB ( <1%) overhead. 
       Both:     51.70 MB capacity,    50.26 MB ( 97%) used,     1.25 MB (  2%) free+waste,   196.81 KB ( <1%) overhead. 

Virtual space:
  Non-class space:       46.00 MB reserved,      45.00 MB ( 98%) committed 
      Class space:        1.00 GB reserved,       7.00 MB ( <1%) committed 
             Both:        1.04 GB reserved,      52.00 MB (  5%) committed 

Chunk freelists:
   Non-Class:  53.00 KB
       Class:  29.00 KB
        Both:  82.00 KB

MaxMetaspaceSize: 17179869184.00 GB
CompressedClassSpaceSize: 1.00 GB

CodeHeap 'non-profiled nmethods': size=120000Kb used=3043Kb max_used=3043Kb free=116956Kb
 bounds [0x0000024cf1e60000, 0x0000024cf2160000, 0x0000024cf9390000]
CodeHeap 'profiled nmethods': size=120000Kb used=11531Kb max_used=11531Kb free=108469Kb
 bounds [0x0000024cea930000, 0x0000024ceb480000, 0x0000024cf1e60000]
CodeHeap 'non-nmethods': size=5760Kb used=2271Kb max_used=2271Kb free=3488Kb
 bounds [0x0000024cea390000, 0x0000024cea600000, 0x0000024cea930000]
 total_blobs=6125 nmethods=5322 adapters=712
 compilation: enabled
              stopped_count=0, restarted_count=0
 full_count=0

Compilation events (20 events):
Event: 6.410 Thread 0x0000024c8208d000 5330       3       org.gradle.internal.instantiation.generator.AbstractClassGenerator$ServicesPropertyHandler::claimPropertyImplementation (40 bytes)
Event: 6.410 Thread 0x0000024c822c8000 nmethod 5332 0x0000024cf2157410 code [0x0000024cf21575c0, 0x0000024cf2157768]
Event: 6.410 Thread 0x0000024c822c8000 5334       4       org.objectweb.asm.MethodWriter::visitEnd (1 bytes)
Event: 6.411 Thread 0x0000024c822c8000 nmethod 5334 0x0000024cf2157910 code [0x0000024cf2157aa0, 0x0000024cf2157af8]
Event: 6.411 Thread 0x0000024c8208d000 nmethod 5330 0x0000024ceb45fa90 code [0x0000024ceb45fce0, 0x0000024ceb460558]
Event: 6.411 Thread 0x0000024c8208d000 5331       3       org.gradle.internal.instantiation.generator.AbstractClassGenerator$NamePropertyHandler::claimPropertyImplementation (16 bytes)
Event: 6.411 Thread 0x0000024c8208d000 nmethod 5331 0x0000024ceb460890 code [0x0000024ceb460a60, 0x0000024ceb460ca8]
Event: 6.411 Thread 0x0000024c8208d000 5333       1       com.google.common.collect.LinkedHashMultimap$ValueEntry::getSuccessorInValueSet (5 bytes)
Event: 6.411 Thread 0x0000024c8208d000 nmethod 5333 0x0000024cf2157b90 code [0x0000024cf2157d40, 0x0000024cf2157df8]
Event: 6.411 Thread 0x0000024c8208d000 5335       1       com.google.common.collect.ImmutableEntry::getValue (5 bytes)
Event: 6.412 Thread 0x0000024c8208d000 nmethod 5335 0x0000024cf2157e90 code [0x0000024cf2158040, 0x0000024cf21580f8]
Event: 6.416 Thread 0x0000024c8208d000 5336       3       org.gradle.internal.service.DefaultServiceRegistry$OwnServices::getAll (46 bytes)
Event: 6.416 Thread 0x0000024c822c8000 5337       4       org.gradle.internal.service.DefaultServiceRegistry::unwrap (75 bytes)
Event: 6.417 Thread 0x0000024c8208d000 nmethod 5336 0x0000024ceb460d90 code [0x0000024ceb460fc0, 0x0000024ceb461868]
Event: 6.418 Thread 0x0000024c822c8000 nmethod 5337 0x0000024cf2158190 code [0x0000024cf2158340, 0x0000024cf2158438]
Event: 6.420 Thread 0x0000024c822c8000 5338       4       java.lang.PublicMethods$MethodList::merge (192 bytes)
Event: 6.426 Thread 0x0000024c8208d000 5341       3       java.util.HashSet::remove (20 bytes)
Event: 6.426 Thread 0x0000024c8208d000 nmethod 5341 0x0000024ceb461b10 code [0x0000024ceb461ce0, 0x0000024ceb461f08]
Event: 6.428 Thread 0x0000024c822c8000 nmethod 5338 0x0000024cf2158590 code [0x0000024cf2158740, 0x0000024cf2158cb8]
Event: 6.428 Thread 0x0000024c822c8000 5339       4       java.lang.PublicMethods::merge (81 bytes)

GC Heap History (12 events):
Event: 0.657 GC heap before
{Heap before GC invocations=0 (full 0):
 garbage-first heap   total 229376K, used 29696K [0x0000000080000000, 0x0000000100000000)
  region size 1024K, 24 young (24576K), 0 survivors (0K)
 Metaspace       used 9799K, capacity 9986K, committed 10112K, reserved 1058816K
  class space    used 1021K, capacity 1102K, committed 1152K, reserved 1048576K
}
Event: 0.663 GC heap after
{Heap after GC invocations=1 (full 0):
 garbage-first heap   total 229376K, used 9080K [0x0000000080000000, 0x0000000100000000)
  region size 1024K, 3 young (3072K), 3 survivors (3072K)
 Metaspace       used 9799K, capacity 9986K, committed 10112K, reserved 1058816K
  class space    used 1021K, capacity 1102K, committed 1152K, reserved 1048576K
}
Event: 2.209 GC heap before
{Heap before GC invocations=1 (full 0):
 garbage-first heap   total 229376K, used 105336K [0x0000000080000000, 0x0000000100000000)
  region size 1024K, 98 young (100352K), 3 survivors (3072K)
 Metaspace       used 20602K, capacity 21117K, committed 21248K, reserved 1067008K
  class space    used 2523K, capacity 2731K, committed 2816K, reserved 1048576K
}
Event: 2.216 GC heap after
{Heap after GC invocations=2 (full 0):
 garbage-first heap   total 229376K, used 16386K [0x0000000080000000, 0x0000000100000000)
  region size 1024K, 11 young (11264K), 11 survivors (11264K)
 Metaspace       used 20602K, capacity 21117K, committed 21248K, reserved 1067008K
  class space    used 2523K, capacity 2731K, committed 2816K, reserved 1048576K
}
Event: 2.916 GC heap before
{Heap before GC invocations=3 (full 0):
 garbage-first heap   total 229376K, used 91138K [0x0000000080000000, 0x0000000100000000)
  region size 1024K, 74 young (75776K), 11 survivors (11264K)
 Metaspace       used 26724K, capacity 27460K, committed 27648K, reserved 1073152K
  class space    used 3529K, capacity 3805K, committed 3840K, reserved 1048576K
}
Event: 2.922 GC heap after
{Heap after GC invocations=4 (full 0):
 garbage-first heap   total 229376K, used 31835K [0x0000000080000000, 0x0000000100000000)
  region size 1024K, 6 young (6144K), 6 survivors (6144K)
 Metaspace       used 26724K, capacity 27460K, committed 27648K, reserved 1073152K
  class space    used 3529K, capacity 3805K, committed 3840K, reserved 1048576K
}
Event: 3.660 GC heap before
{Heap before GC invocations=4 (full 0):
 garbage-first heap   total 229376K, used 84059K [0x0000000080000000, 0x0000000100000000)
  region size 1024K, 58 young (59392K), 6 survivors (6144K)
 Metaspace       used 34817K, capacity 35721K, committed 35840K, reserved 1081344K
  class space    used 4555K, capacity 4898K, committed 4992K, reserved 1048576K
}
Event: 3.669 GC heap after
{Heap after GC invocations=5 (full 0):
 garbage-first heap   total 229376K, used 34762K [0x0000000080000000, 0x0000000100000000)
  region size 1024K, 8 young (8192K), 8 survivors (8192K)
 Metaspace       used 34817K, capacity 35721K, committed 35840K, reserved 1081344K
  class space    used 4555K, capacity 4898K, committed 4992K, reserved 1048576K
}
Event: 5.023 GC heap before
{Heap before GC invocations=6 (full 0):
 garbage-first heap   total 229376K, used 156618K [0x0000000080000000, 0x0000000100000000)
  region size 1024K, 120 young (122880K), 8 survivors (8192K)
 Metaspace       used 44886K, capacity 45960K, committed 46080K, reserved 1089536K
  class space    used 5870K, capacity 6288K, committed 6400K, reserved 1048576K
}
Event: 5.047 GC heap after
{Heap after GC invocations=7 (full 0):
 garbage-first heap   total 229376K, used 47765K [0x0000000080000000, 0x0000000100000000)
  region size 1024K, 15 young (15360K), 15 survivors (15360K)
 Metaspace       used 44886K, capacity 45960K, committed 46080K, reserved 1089536K
  class space    used 5870K, capacity 6288K, committed 6400K, reserved 1048576K
}
Event: 5.925 GC heap before
{Heap before GC invocations=8 (full 0):
 garbage-first heap   total 229376K, used 167573K [0x0000000080000000, 0x0000000100000000)
  region size 1024K, 130 young (133120K), 15 survivors (15360K)
 Metaspace       used 47912K, capacity 49305K, committed 49536K, reserved 1091584K
  class space    used 6189K, capacity 6707K, committed 6784K, reserved 1048576K
}
Event: 5.936 GC heap after
{Heap after GC invocations=9 (full 0):
 garbage-first heap   total 229376K, used 55239K [0x0000000080000000, 0x0000000100000000)
  region size 1024K, 12 young (12288K), 12 survivors (12288K)
 Metaspace       used 47912K, capacity 49305K, committed 49536K, reserved 1091584K
  class space    used 6189K, capacity 6707K, committed 6784K, reserved 1048576K
}

Deoptimization events (20 events):
Event: 5.984 Thread 0x0000024c84275000 Uncommon trap: trap_request=0xffffff4d fr.pc=0x0000024cf206887c relative=0x0000000000000dbc
Event: 5.984 Thread 0x0000024c84275000 Uncommon trap: reason=unstable_if action=reinterpret pc=0x0000024cf206887c method=java.lang.ClassLoader.checkCerts(Ljava/lang/String;Ljava/security/CodeSource;)V @ 29 c2
Event: 5.984 Thread 0x0000024c84275000 DEOPT PACKING pc=0x0000024cf206887c sp=0x000000ed8a8f7b00
Event: 5.984 Thread 0x0000024c84275000 DEOPT UNPACKING pc=0x0000024cea3b78af sp=0x000000ed8a8f7a58 mode 2
Event: 6.056 Thread 0x0000024c84275000 DEOPT PACKING pc=0x0000024ceab7b597 sp=0x000000ed8a8f81c0
Event: 6.056 Thread 0x0000024c84275000 DEOPT UNPACKING pc=0x0000024cea3b76ce sp=0x000000ed8a8f7748 mode 0
Event: 6.253 Thread 0x0000024c84275000 Uncommon trap: trap_request=0xffffffde fr.pc=0x0000024cf1fc6434 relative=0x00000000000009d4
Event: 6.253 Thread 0x0000024c84275000 Uncommon trap: reason=class_check action=maybe_recompile pc=0x0000024cf1fc6434 method=java.util.WeakHashMap.eq(Ljava/lang/Object;Ljava/lang/Object;)Z @ 7 c2
Event: 6.253 Thread 0x0000024c84275000 DEOPT PACKING pc=0x0000024cf1fc6434 sp=0x000000ed8a8f3da0
Event: 6.253 Thread 0x0000024c84275000 DEOPT UNPACKING pc=0x0000024cea3b78af sp=0x000000ed8a8f3d10 mode 2
Event: 6.255 Thread 0x0000024c84275000 Uncommon trap: trap_request=0xffffffde fr.pc=0x0000024cf1fc6434 relative=0x00000000000009d4
Event: 6.255 Thread 0x0000024c84275000 Uncommon trap: reason=class_check action=maybe_recompile pc=0x0000024cf1fc6434 method=java.util.WeakHashMap.eq(Ljava/lang/Object;Ljava/lang/Object;)Z @ 7 c2
Event: 6.256 Thread 0x0000024c84275000 DEOPT PACKING pc=0x0000024cf1fc6434 sp=0x000000ed8a8f3f50
Event: 6.256 Thread 0x0000024c84275000 DEOPT UNPACKING pc=0x0000024cea3b78af sp=0x000000ed8a8f3ec0 mode 2
Event: 6.357 Thread 0x0000024c84275000 Uncommon trap: trap_request=0xffffff4d fr.pc=0x0000024cf203a384 relative=0x0000000000000dc4
Event: 6.357 Thread 0x0000024c84275000 Uncommon trap: reason=unstable_if action=reinterpret pc=0x0000024cf203a384 method=org.objectweb.asm.Frame.execute(IILorg/objectweb/asm/Symbol;Lorg/objectweb/asm/SymbolTable;)V @ 1 c2
Event: 6.357 Thread 0x0000024c84275000 DEOPT PACKING pc=0x0000024cf203a384 sp=0x000000ed8a8fb440
Event: 6.357 Thread 0x0000024c84275000 DEOPT UNPACKING pc=0x0000024cea3b78af sp=0x000000ed8a8fb3e8 mode 2
Event: 6.418 Thread 0x0000024c84275000 DEOPT PACKING pc=0x0000024ceaf38b79 sp=0x000000ed8a8fbcc0
Event: 6.418 Thread 0x0000024c84275000 DEOPT UNPACKING pc=0x0000024cea3b76ce sp=0x000000ed8a8fb190 mode 0

Classes redefined (0 events):
No events

Internal exceptions (20 events):
Event: 6.224 Thread 0x0000024c84275000 Exception <a 'java/lang/ClassNotFoundException'{0x000000008c5b21b0}: org/gradle/api/internal/provider/AbstractMinimalProviderBeanInfo> (0x000000008c5b21b0) thrown at [./src/hotspot/share/classfile/systemDictionary.cpp, line 231]
Event: 6.225 Thread 0x0000024c84275000 Exception <a 'java/lang/ClassNotFoundException'{0x000000008c5daec0}: org/gradle/api/internal/provider/AbstractMinimalProviderCustomizer> (0x000000008c5daec0) thrown at [./src/hotspot/share/classfile/systemDictionary.cpp, line 231]
Event: 6.228 Thread 0x0000024c84275000 Exception <a 'java/lang/ClassNotFoundException'{0x000000008c43b718}: org/gradle/api/internal/provider/AbstractPropertyCustomizer> (0x000000008c43b718) thrown at [./src/hotspot/share/classfile/systemDictionary.cpp, line 231]
Event: 6.230 Thread 0x0000024c84275000 Exception <a 'java/lang/ClassNotFoundException'{0x000000008c46deb0}: org/gradle/api/internal/provider/DefaultPropertyCustomizer> (0x000000008c46deb0) thrown at [./src/hotspot/share/classfile/systemDictionary.cpp, line 231]
Event: 6.248 Thread 0x0000024c84275000 Exception <a 'java/lang/ClassNotFoundException'{0x000000008c0d7ed0}: org/gradle/api/internal/artifacts/dsl/DefaultRepositoryHandler_DecoratedBeanInfo> (0x000000008c0d7ed0) thrown at [./src/hotspot/share/classfile/systemDictionary.cpp, line 231]
Event: 6.249 Thread 0x0000024c84275000 Exception <a 'java/lang/ClassNotFoundException'{0x000000008bf11060}: org/gradle/api/internal/artifacts/dsl/DefaultRepositoryHandlerBeanInfo> (0x000000008bf11060) thrown at [./src/hotspot/share/classfile/systemDictionary.cpp, line 231]
Event: 6.250 Thread 0x0000024c84275000 Exception <a 'java/lang/ClassNotFoundException'{0x000000008bf4c2b0}: org/gradle/api/internal/artifacts/DefaultArtifactRepositoryContainerBeanInfo> (0x000000008bf4c2b0) thrown at [./src/hotspot/share/classfile/systemDictionary.cpp, line 231]
Event: 6.251 Thread 0x0000024c84275000 Exception <a 'java/lang/ClassNotFoundException'{0x000000008bf76340}: org/gradle/api/internal/DefaultNamedDomainObjectListBeanInfo> (0x000000008bf76340) thrown at [./src/hotspot/share/classfile/systemDictionary.cpp, line 231]
Event: 6.252 Thread 0x0000024c84275000 Exception <a 'java/lang/ClassNotFoundException'{0x000000008bfa20d8}: org/gradle/api/internal/DefaultNamedDomainObjectCollectionBeanInfo> (0x000000008bfa20d8) thrown at [./src/hotspot/share/classfile/systemDictionary.cpp, line 231]
Event: 6.253 Thread 0x0000024c84275000 Exception <a 'java/lang/ClassNotFoundException'{0x000000008bfcd288}: org/gradle/api/internal/DefaultDomainObjectCollectionBeanInfo> (0x000000008bfcd288) thrown at [./src/hotspot/share/classfile/systemDictionary.cpp, line 231]
Event: 6.253 Thread 0x0000024c84275000 Exception <a 'java/lang/ClassNotFoundException'{0x000000008bfd34c0}: java/util/AbstractCollectionBeanInfo> (0x000000008bfd34c0) thrown at [./src/hotspot/share/classfile/systemDictionary.cpp, line 231]
Event: 6.253 Thread 0x0000024c84275000 Exception <a 'java/lang/ClassNotFoundException'{0x000000008bfd9970}: java/util/AbstractCollectionCustomizer> (0x000000008bfd9970) thrown at [./src/hotspot/share/classfile/systemDictionary.cpp, line 231]
Event: 6.255 Thread 0x0000024c84275000 Exception <a 'java/lang/ClassNotFoundException'{0x000000008be0e1d8}: org/gradle/api/internal/DefaultDomainObjectCollectionCustomizer> (0x000000008be0e1d8) thrown at [./src/hotspot/share/classfile/systemDictionary.cpp, line 231]
Event: 6.258 Thread 0x0000024c84275000 Exception <a 'java/lang/ClassNotFoundException'{0x000000008be57040}: org/gradle/api/internal/DefaultNamedDomainObjectCollectionCustomizer> (0x000000008be57040) thrown at [./src/hotspot/share/classfile/systemDictionary.cpp, line 231]
Event: 6.263 Thread 0x0000024c84275000 Exception <a 'java/lang/ClassNotFoundException'{0x000000008bec6068}: org/gradle/api/internal/DefaultNamedDomainObjectListCustomizer> (0x000000008bec6068) thrown at [./src/hotspot/share/classfile/systemDictionary.cpp, line 231]
Event: 6.264 Thread 0x0000024c84275000 Exception <a 'java/lang/ClassNotFoundException'{0x000000008bd1ac20}: org/gradle/api/internal/artifacts/DefaultArtifactRepositoryContainerCustomizer> (0x000000008bd1ac20) thrown at [./src/hotspot/share/classfile/systemDictionary.cpp, line 231]
Event: 6.266 Thread 0x0000024c84275000 Exception <a 'java/lang/ClassNotFoundException'{0x000000008bd64de8}: org/gradle/api/internal/artifacts/dsl/DefaultRepositoryHandlerCustomizer> (0x000000008bd64de8) thrown at [./src/hotspot/share/classfile/systemDictionary.cpp, line 231]
Event: 6.268 Thread 0x0000024c84275000 Exception <a 'java/lang/ClassNotFoundException'{0x000000008bdc2418}: org/gradle/api/internal/artifacts/dsl/DefaultRepositoryHandler_DecoratedCustomizer> (0x000000008bdc2418) thrown at [./src/hotspot/share/classfile/systemDictionary.cpp, line 231]
Event: 6.313 Thread 0x0000024c84275000 Exception <a 'java/lang/ClassNotFoundException'{0x000000008b8772e0}: org/gradle/initialization/DefaultProjectDescriptorBeanInfo> (0x000000008b8772e0) thrown at [./src/hotspot/share/classfile/systemDictionary.cpp, line 231]
Event: 6.313 Thread 0x0000024c84275000 Exception <a 'java/lang/ClassNotFoundException'{0x000000008b89c7e0}: org/gradle/initialization/DefaultProjectDescriptorCustomizer> (0x000000008b89c7e0) thrown at [./src/hotspot/share/classfile/systemDictionary.cpp, line 231]

Events (20 events):
Event: 6.429 loading class org/gradle/internal/work/DefaultWorkerLeaseService$2
Event: 6.429 loading class org/gradle/internal/work/DefaultWorkerLeaseService$2 done
Event: 6.430 loading class org/gradle/api/internal/project/BuildOperationCrossProjectConfigurator$2
Event: 6.430 loading class org/gradle/api/internal/project/BuildOperationCrossProjectConfigurator$2 done
Event: 6.430 loading class org/gradle/api/internal/project/BuildOperationCrossProjectConfigurator$CrossConfigureProjectBuildOperation
Event: 6.430 loading class org/gradle/api/internal/project/BuildOperationCrossProjectConfigurator$CrossConfigureProjectBuildOperation done
Event: 6.430 loading class org/gradle/api/internal/DefaultMutationGuard$2
Event: 6.430 loading class org/gradle/api/internal/DefaultMutationGuard$2 done
Event: 6.430 loading class org/gradle/configuration/internal/DefaultListenerBuildOperationDecorator$BuildOperationEmittingAction$1
Event: 6.430 loading class org/gradle/configuration/internal/DefaultListenerBuildOperationDecorator$BuildOperationEmittingAction$1 done
Event: 6.431 loading class org/gradle/configuration/internal/DefaultListenerBuildOperationDecorator$Operation
Event: 6.431 loading class org/gradle/configuration/internal/DefaultListenerBuildOperationDecorator$Operation done
Event: 6.431 loading class org/gradle/configuration/internal/ExecuteListenerBuildOperationType$DetailsImpl
Event: 6.431 loading class org/gradle/configuration/internal/ExecuteListenerBuildOperationType$DetailsImpl done
Event: 6.431 loading class org/gradle/internal/Factory
Event: 6.431 loading class org/gradle/internal/Factory done
Event: 6.432 loading class com/android/ide/gradle/model/builder/AndroidStudioToolingPlugin
Event: 6.432 loading class com/android/ide/gradle/model/builder/AndroidStudioToolingPlugin done
Event: 6.433 loading class groovy/runtime/metaclass/org/gradle/api/internal/project/DefaultProject_DecoratedMetaClass
Event: 6.433 loading class groovy/runtime/metaclass/org/gradle/api/internal/project/DefaultProject_DecoratedMetaClass done


Dynamic libraries:
0x00007ff744250000 - 0x00007ff74425a000 	C:\Program Files\Android\Android Studio\jre\bin\java.exe
0x00007ffba4990000 - 0x00007ffba4b85000 	C:\Windows\SYSTEM32\ntdll.dll
0x00007ffba3b50000 - 0x00007ffba3c0e000 	C:\Windows\System32\KERNEL32.DLL
0x00007ffba2330000 - 0x00007ffba25f9000 	C:\Windows\System32\KERNELBASE.dll
0x00007ffba28e0000 - 0x00007ffba29e0000 	C:\Windows\System32\ucrtbase.dll
0x00007ffb8d010000 - 0x00007ffb8d029000 	C:\Program Files\Android\Android Studio\jre\bin\jli.dll
0x00007ffb8c9d0000 - 0x00007ffb8c9e7000 	C:\Program Files\Android\Android Studio\jre\bin\VCRUNTIME140.dll
0x00007ffba4430000 - 0x00007ffba45d1000 	C:\Windows\System32\USER32.dll
0x00007ffba2600000 - 0x00007ffba2622000 	C:\Windows\System32\win32u.dll
0x00007ffb8df80000 - 0x00007ffb8e21a000 	C:\Windows\WinSxS\amd64_microsoft.windows.common-controls_6595b64144ccf1df_6.0.19041.1110_none_60b5254171f9507e\COMCTL32.dll
0x00007ffba4920000 - 0x00007ffba494b000 	C:\Windows\System32\GDI32.dll
0x00007ffba4260000 - 0x00007ffba42fe000 	C:\Windows\System32\msvcrt.dll
0x00007ffba2720000 - 0x00007ffba282b000 	C:\Windows\System32\gdi32full.dll
0x00007ffba2630000 - 0x00007ffba26cd000 	C:\Windows\System32\msvcp_win.dll
0x00007ffba48f0000 - 0x00007ffba4920000 	C:\Windows\System32\IMM32.DLL
0x00007ffb56010000 - 0x00007ffb560ad000 	C:\Program Files\Android\Android Studio\jre\bin\msvcp140.dll
0x00007ffb38bb0000 - 0x00007ffb3967f000 	C:\Program Files\Android\Android Studio\jre\bin\server\jvm.dll
0x00007ffba2a80000 - 0x00007ffba2b2c000 	C:\Windows\System32\ADVAPI32.dll
0x00007ffba29e0000 - 0x00007ffba2a7b000 	C:\Windows\System32\sechost.dll
0x00007ffba4690000 - 0x00007ffba47ba000 	C:\Windows\System32\RPCRT4.dll
0x00007ffba4300000 - 0x00007ffba4308000 	C:\Windows\System32\PSAPI.DLL
0x00007ffb9dba0000 - 0x00007ffb9dba9000 	C:\Windows\SYSTEM32\WSOCK32.dll
0x00007ffb94860000 - 0x00007ffb94887000 	C:\Windows\SYSTEM32\WINMM.dll
0x00007ffb98260000 - 0x00007ffb9826a000 	C:\Windows\SYSTEM32\VERSION.dll
0x00007ffba3570000 - 0x00007ffba35db000 	C:\Windows\System32\WS2_32.dll
0x00007ffb9ffb0000 - 0x00007ffb9ffc2000 	C:\Windows\SYSTEM32\kernel.appcore.dll
0x00007ffb97fb0000 - 0x00007ffb97fc1000 	C:\Program Files\Android\Android Studio\jre\bin\verify.dll
0x00007ffb98270000 - 0x00007ffb98454000 	C:\Windows\SYSTEM32\DBGHELP.DLL
0x00007ffb91bf0000 - 0x00007ffb91c1c000 	C:\Windows\SYSTEM32\dbgcore.DLL
0x00007ffba2140000 - 0x00007ffba21c3000 	C:\Windows\System32\bcryptPrimitives.dll
0x00007ffb97f80000 - 0x00007ffb97fa9000 	C:\Program Files\Android\Android Studio\jre\bin\java.dll
0x00007ffb9db90000 - 0x00007ffb9db9b000 	C:\Program Files\Android\Android Studio\jre\bin\jimage.dll
0x00007ffb97ee0000 - 0x00007ffb97ef8000 	C:\Program Files\Android\Android Studio\jre\bin\zip.dll
0x00007ffba2b30000 - 0x00007ffba326f000 	C:\Windows\System32\SHELL32.dll
0x00007ffba01b0000 - 0x00007ffba0940000 	C:\Windows\SYSTEM32\windows.storage.dll
0x00007ffba3db0000 - 0x00007ffba4105000 	C:\Windows\System32\combase.dll
0x00007ffba1a90000 - 0x00007ffba1abc000 	C:\Windows\SYSTEM32\Wldp.dll
0x00007ffba4110000 - 0x00007ffba41bd000 	C:\Windows\System32\SHCORE.dll
0x00007ffba3c70000 - 0x00007ffba3cc5000 	C:\Windows\System32\shlwapi.dll
0x00007ffba1ff0000 - 0x00007ffba200f000 	C:\Windows\SYSTEM32\profapi.dll
0x00007ffb92850000 - 0x00007ffb9286a000 	C:\Program Files\Android\Android Studio\jre\bin\net.dll
0x00007ffb94da0000 - 0x00007ffb94ea8000 	C:\Windows\SYSTEM32\WINHTTP.dll
0x00007ffba17f0000 - 0x00007ffba185a000 	C:\Windows\system32\mswsock.dll
0x00007ffb8e340000 - 0x00007ffb8e354000 	C:\Program Files\Android\Android Studio\jre\bin\nio.dll
0x00007ffb85300000 - 0x00007ffb85327000 	C:\Users\jep\.gradle\native\8bec1ad78214c89d9ad589b4d07fe93259594b29d510b10fafb7a158f7737e5d\windows-amd64\native-platform.dll
0x00007ffb55400000 - 0x00007ffb5553d000 	C:\Users\jep\.gradle\native\53dbd7edfb1c66fb8903c78663c9afc45aea4f116125fa6feffd364cf09443e8\windows-amd64\native-platform-file-events.dll
0x00007ffb9d170000 - 0x00007ffb9d17a000 	C:\Program Files\Android\Android Studio\jre\bin\management.dll
0x00007ffb97ed0000 - 0x00007ffb97edc000 	C:\Program Files\Android\Android Studio\jre\bin\management_ext.dll
0x00007ffba19e0000 - 0x00007ffba19f8000 	C:\Windows\SYSTEM32\CRYPTSP.dll
0x00007ffba1170000 - 0x00007ffba11a4000 	C:\Windows\system32\rsaenh.dll
0x00007ffba2110000 - 0x00007ffba2137000 	C:\Windows\System32\bcrypt.dll
0x00007ffba1fb0000 - 0x00007ffba1fde000 	C:\Windows\SYSTEM32\USERENV.dll
0x00007ffba1a00000 - 0x00007ffba1a0c000 	C:\Windows\SYSTEM32\CRYPTBASE.dll
0x00007ffba14e0000 - 0x00007ffba151b000 	C:\Windows\SYSTEM32\IPHLPAPI.DLL
0x00007ffba3270000 - 0x00007ffba3278000 	C:\Windows\System32\NSI.dll
0x00007ffb9bb30000 - 0x00007ffb9bb47000 	C:\Windows\SYSTEM32\dhcpcsvc6.DLL
0x00007ffb9bc00000 - 0x00007ffb9bc1d000 	C:\Windows\SYSTEM32\dhcpcsvc.DLL
0x00007ffba1520000 - 0x00007ffba15ec000 	C:\Windows\SYSTEM32\DNSAPI.dll

dbghelp: loaded successfully - version: 4.0.5 - missing functions: none
symbol engine: initialized successfully - sym options: 0x614 - pdb path: .;C:\Program Files\Android\Android Studio\jre\bin;C:\Windows\SYSTEM32;C:\Windows\WinSxS\amd64_microsoft.windows.common-controls_6595b64144ccf1df_6.0.19041.1110_none_60b5254171f9507e;C:\Program Files\Android\Android Studio\jre\bin\server;C:\Users\jep\.gradle\native\8bec1ad78214c89d9ad589b4d07fe93259594b29d510b10fafb7a158f7737e5d\windows-amd64;C:\Users\jep\.gradle\native\53dbd7edfb1c66fb8903c78663c9afc45aea4f116125fa6feffd364cf09443e8\windows-amd64

VM Arguments:
jvm_args: --add-opens=java.base/java.util=ALL-UNNAMED --add-opens=java.base/java.lang=ALL-UNNAMED --add-opens=java.base/java.lang.invoke=ALL-UNNAMED --add-opens=java.base/java.util=ALL-UNNAMED --add-opens=java.prefs/java.util.prefs=ALL-UNNAMED --add-opens=java.prefs/java.util.prefs=ALL-UNNAMED --add-opens=java.base/java.nio.charset=ALL-UNNAMED --add-opens=java.base/java.net=ALL-UNNAMED --add-opens=java.base/java.util.concurrent.atomic=ALL-UNNAMED -Xmx2048m -Dfile.encoding=UTF-8 -Duser.country=US -Duser.language=en -Duser.variant 
java_command: org.gradle.launcher.daemon.bootstrap.GradleDaemon 7.0.2
java_class_path (initial): C:\Users\jep\.gradle\wrapper\dists\gradle-7.0.2-bin\857tjihv64xamwrf0h14cai3r\gradle-7.0.2\lib\gradle-launcher-7.0.2.jar
Launcher Type: SUN_STANDARD

[Global flags]
     intx CICompilerCount                          = 4                                         {product} {ergonomic}
     uint ConcGCThreads                            = 2                                         {product} {ergonomic}
     uint G1ConcRefinementThreads                  = 8                                         {product} {ergonomic}
   size_t G1HeapRegionSize                         = 1048576                                   {product} {ergonomic}
    uintx GCDrainStackTargetSize                   = 64                                        {product} {ergonomic}
   size_t InitialHeapSize                          = 234881024                                 {product} {ergonomic}
   size_t MarkStackSize                            = 4194304                                   {product} {ergonomic}
   size_t MaxHeapSize                              = 2147483648                                {product} {command line}
   size_t MaxNewSize                               = 1287651328                                {product} {ergonomic}
   size_t MinHeapDeltaBytes                        = 1048576                                   {product} {ergonomic}
    uintx NonNMethodCodeHeapSize                   = 5836300                                {pd product} {ergonomic}
    uintx NonProfiledCodeHeapSize                  = 122910970                              {pd product} {ergonomic}
    uintx ProfiledCodeHeapSize                     = 122910970                              {pd product} {ergonomic}
    uintx ReservedCodeCacheSize                    = 251658240                              {pd product} {ergonomic}
     bool SegmentedCodeCache                       = true                                      {product} {ergonomic}
     bool UseCompressedClassPointers               = true                                 {lp64_product} {ergonomic}
     bool UseCompressedOops                        = true                                 {lp64_product} {ergonomic}
     bool UseG1GC                                  = true                                      {product} {ergonomic}
     bool UseLargePagesIndividualAllocation        = false                                  {pd product} {ergonomic}

Logging:
Log output configuration:
 #0: stdout all=warning uptime,level,tags
 #1: stderr all=off uptime,level,tags

Environment Variables:
PATH=C:\Program Files\Common Files\Oracle\Java\javapath;C:\Windows\system32;C:\Windows;C:\Windows\System32\Wbem;C:\Windows\System32\WindowsPowerShell\v1.0\;C:\Windows\System32\OpenSSH\;C:\Program Files\Java\jdk-17.0.2\bin;C:\Users\jep\AppData\Local\Microsoft\WindowsApps;
USERNAME=jep
OS=Windows_NT
PROCESSOR_IDENTIFIER=AMD64 Family 23 Model 24 Stepping 1, AuthenticAMD



---------------  S Y S T E M  ---------------

OS: Windows 10 , 64 bit Build 19041 (10.0.19041.1202)
OS uptime: 0 days 2:50 hours

CPU:total 8 (initial active 8) (8 cores per cpu, 2 threads per core) family 23 model 24 stepping 1 microcode 0x0, cmov, cx8, fxsr, mmx, sse, sse2, sse3, ssse3, sse4.1, sse4.2, popcnt, avx, avx2, aes, clmul, mmxext, 3dnowpref, lzcnt, sse4a, ht, tsc, tscinvbit, tscinv, bmi1, bmi2, adx, s

Memory: 4k page, system-wide physical 14274M (8534M free)
TotalPageFile size 16962M (AvailPageFile size 8099M)
current process WorkingSet (physical memory assigned to process): 380M, peak: 383M
current process commit charge ("private bytes"): 458M, peak: 460M

vm_info: OpenJDK 64-Bit Server VM (11.0.10+0-b96-7249189) for windows-amd64 JRE (11.0.10+0-b96-7249189), built on Mar 31 2021 21:44:00 by "builder" with MS VC++ 14.0 (VS2015)

END.
